<testsuites>
<testsuite name="Rollup logicmoo.base.examples.fol in /var/lib/jenkins/workspace/logicmoo_workspace@2/packs_sys/logicmoo_base/t/examples/fol" package="logicmoo.base.examples.fol" tests="0" failures="0" errors="0"  skipped="0">

<!-- Running Matching Tests: /var/lib/jenkins/workspace/logicmoo_workspace@2/bin/lmoo=junit=minor =k *f*_01.p*  -->

<!-- FileTestCase=logicmoo.base.examples.fol.MAKE_TYPES_WFF_01@Test_9999_Line_9999__Exitcode_7  -->

<!-- CMD=timeout ==foreground ==preserve=status =s SIGKILL =k 10s 10s lmoo=clif make_types_wff_01.pfc.pl  -->

<!--  (cd /var/lib/jenkins/workspace/logicmoo_workspace@2/packs_sys/logicmoo_base/t/examples/fol ; timeout ==foreground ==preserve=status =s SIGKILL =k 10s 10s lmoo=clif make_types_wff_01.pfc.pl)  -->

<!--  (cd /var/lib/jenkins/workspace/logicmoo_workspace@2/packs_sys/logicmoo_base/t/examples/fol ; timeout ==foreground ==preserve=status =s SIGKILL =k 10s 10s lmoo=clif make_types_wff_01.pfc.pl)  -->

<testcase name="logicmoo.base.examples.fol.MAKE_TYPES_WFF_01@Test_9999_Line_9999__Exitcode_7" classname='logicmoo.base.examples.fol.MAKE_TYPES_WFF_01' time='3'>

 <failure message='FAILED: /var/lib/jenkins/workspace/logicmoo_workspace@2/bin/lmoo-junit-minor -k make_types_wff_01.pfc.pl (returned 9)'/>

<system-err><![CDATA[%
running('/var/lib/jenkins/workspace/logicmoo_workspace@2/packs_sys/logicmoo_base/t/examples/fol/make_types_wff_01.pfc.pl'),
%~ this_test_might_need( :-( use_module( library(logicmoo_plarkc))))


% =================================================================================
% Set our engine up
% =================================================================================

:- expects_dialect(clif).
% deduce instances from usages in args having the effect of deducing human,dwelling,beverage_class are classes

% deduce instances from usages in args having the effect of deducing human,dwelling,beverage_class are classes
==> feature_setting(make_wff,true).

==> feature_setting(add_admitted_arguments,true).
% set truth maintainance system to remove previous assertions that new assertions disagree with 

% set truth maintainance system to remove previous assertions that new assertions disagree with 
==> feature_setting(tms_mode,remove_conflicting).

:- set_prolog_flag(runtime_debug,3). % mention it when we remove previous assertions
 % mention it when we remove previous assertions
:- set_prolog_flag_until_eof(do_renames,mpred_expansion).
%:- set_prolog_flag_until_eof(runtime_speed,0). % but dont gripe about speed

%:- set_prolog_flag_until_eof(runtime_speed,0). % but dont gripe about speed
:- kif_compile.

% =================================================================================
% Define a couple classes
% =================================================================================

% this creates the servant datatype


% =================================================================================
% Define a couple classes
% =================================================================================

% this creates the servant datatype
==> all(X, if(isa(X,servant),livesAt(X, green_house))).

% this creates the human datatype as well as functions that in the future that are create to accept humans must also accept servants 


% this creates the human datatype as well as functions that in the future that are create to accept humans must also accept servants 
==> all(X, if(livesAt(X, green_house),isa(X,human))).

% =================================================================================
% Test 1
% =================================================================================



% =================================================================================
% Test 1
% =================================================================================

:- mpred_trace_exec.


% ?- mpred_test(all(X,if(isa(X,servant),isa(X,human)))).




% ?- mpred_test(all(X,if(isa(X,servant),isa(X,human)))).

==> isa(fred,servant).  

%~ message_hook_type(error)
%~ /var/lib/jenkins/workspace/logicmoo_workspace@2/packs_sys/logicmoo_base/t/examples/fol/make_types_wff_01.pfc.pl:39 
%~ message_hook(
%~    error( syntax_error(operator_clash),
%~      file('/var/lib/jenkins/workspace/logicmoo_workspace@2/packs_sys/logicmoo_base/t/examples/fol/make_types_wff_01.pfc.pl',39,2,1585)),
%~    error,
%~    [ '~w:~d:~d: '-['/var/lib/jenkins/workspace/logicmoo_workspace@2/packs_sys/logicmoo_base/t/examples/fol/make_types_wff_01.pfc.pl',39,2], 'Syntax error: ','Operator priority clash'])
%~ source_location('/var/lib/jenkins/workspace/logicmoo_workspace@2/packs_sys/logicmoo_base/t/examples/fol/make_types_wff_01.pfc.pl',39)
/*~
/var/lib/jenkins/workspace/logicmoo_workspace@2/packs_sys/logicmoo_base/t/examples/fol/make_types_wff_01.pfc.pl:39:2: Syntax error: Operator priority clash
ERROR: /var/lib/jenkins/workspace/logicmoo_workspace@2/packs_sys/logicmoo_base/t/examples/fol/make_types_wff_01.pfc.pl:39:2: Syntax error: Operator priority clash
~*/
  

:- mpred_test(isa(fred,human))

%?- all(X,t(OP,isa(X,human),~isa(X,servant))).
%OP = {A,B}/( if(~A,B) ).

:- mpred_test(all(X,if(isa(X,servant),isa(X,human)))). 

%~ mpred_test("Test_0001_Line_0000__human_1",baseKB:all(_19610,if(~human(_19610),~servant(_19610))))
:- mpred_test(all(X,if(~isa(X,human),~isa(X,servant)))). /*~
%~ mpred_test("Test_0001_Line_0000__human_1",baseKB:all(_19610,if(~human(_19610),~servant(_19610))))
   Call: (68) [baseKB] baseKB:all(_19610, if(~human(_19610), ~servant(_19610)))
   Fail: (68) [baseKB] baseKB:all(_19610, if(~human(_19610), ~servant(_19610)))
^  Call: (68) [must_sanity] must_sanity:mquietly_if(true, rtrace:tAt_normal)
^  Unify: (68) [must_sanity] must_sanity:mquietly_if(true, rtrace:tAt_normal)
failure=info((why_was_true(baseKB:(\+all(_19610,if(~human(_19610),~servant(_19610))))),rtrace(baseKB:all(_19610,if(~human(_19610),~servant(_19610))))))
no_proof_for(\+all(X,if(~human(X),~servant(X)))).

no_proof_for(\+all(X,if(~human(X),~servant(X)))).

no_proof_for(\+all(X,if(~human(X),~servant(X)))).

	name	='logicmoo.base.examples.fol.MAKE_TYPES_WFF_01-Test_0001_Line_0000__human_1'.
	JUNIT_CLASSNAME	='logicmoo.base.examples.fol.MAKE_TYPES_WFF_01'.
	JUNIT_CMD	='timeout --foreground --preserve-status -s SIGKILL -k 10s 10s lmoo-clif make_types_wff_01.pfc.pl'.
% saving_junit: /var/lib/jenkins/workspace/logicmoo_workspace@2/test_results/jenkins/Report-logicmoo-junit-examples-fol-vSTARvfvSTARv_01vDOTvpvSTARv-Units-logicmoo.base.examples.fol.MAKE_TYPES_WFF_01-Test_0001_Line_0000__human_1-junit.xml
~*/
%~ unused(save_junit_results)
%~ /var/lib/jenkins/workspace/logicmoo_workspace@2/packs_sys/logicmoo_base/t/examples/fol/make_types_wff_01.pfc.pl:45 
%~ test_completed_exit(9)
:- dynamic junit_prop/3.


:- dynamic junit_prop/3.


:- dynamic junit_prop/3.

junit_prop('logicmoo.base.examples.fol.MAKE_TYPES_WFF_01@Test_9999_Line_9999__Exitcode_7', error, "/var/lib/jenkins/workspace/logicmoo_workspace@2/packs_sys/logicmoo_base/t/examples/fol/make_types_wff_01.pfc.pl:39:2: Syntax error: Operator priority clash").]]></system-err>


</testcase>

<!-- FAILED: /var/lib/jenkins/workspace/logicmoo_workspace@2/bin/lmoo=junit=minor =k make_types_wff_01.pfc.pl (returned 9)  -->

<!-- FileTestCase=logicmoo.base.examples.fol.KIF_SANITY_01@Test_9999_Line_9999__Exitcode_7  -->

<!-- CMD=timeout ==foreground ==preserve=status =s SIGKILL =k 10s 10s lmoo=clif kif_sanity_01.pfc.pl  -->

<!--  (cd /var/lib/jenkins/workspace/logicmoo_workspace@2/packs_sys/logicmoo_base/t/examples/fol ; timeout ==foreground ==preserve=status =s SIGKILL =k 10s 10s lmoo=clif kif_sanity_01.pfc.pl)  -->

<!--  (cd /var/lib/jenkins/workspace/logicmoo_workspace@2/packs_sys/logicmoo_base/t/examples/fol ; timeout ==foreground ==preserve=status =s SIGKILL =k 10s 10s lmoo=clif kif_sanity_01.pfc.pl)  -->

<testcase name="logicmoo.base.examples.fol.KIF_SANITY_01@Test_9999_Line_9999__Exitcode_7" classname='logicmoo.base.examples.fol.KIF_SANITY_01' time='1'>

 <failure message='FAILED: /var/lib/jenkins/workspace/logicmoo_workspace@2/bin/lmoo-junit-minor -k kif_sanity_01.pfc.pl (returned 1)'/>

<system-err><![CDATA[%
running('/var/lib/jenkins/workspace/logicmoo_workspace@2/packs_sys/logicmoo_base/t/examples/fol/kif_sanity_01.pfc.pl'),
%~ this_test_might_need( :-( use_module( library(logicmoo_plarkc))))



:- discontiguous kif_sanity_test_0/0.





kif_sanity_test_0:- kif_test(
"
% )
tell.

all(R,room(R) => exists(D, (door(D) & has(R,D)))).
room(room1).

ask.

room(What).

door(What).

:- kif_add(a(XX) & b(XX) => c(XX)).
:- kif_add(all(R,room(R) => exists(D, (door(D) & has(R,D))))).
:- kif_add(loves(Child,fatherFn(Child))).
:- kif_add((p => q)).
:- kif_add(~p <=> ~q).
:- kif_add(p <=> q).
:- kif_add(all(P, person(P) => -exists(D, dollar(D) & has(P,D)))).

:- kif_add(go(sam) & (go(bill) v go(sally) ) & go(nancy)).

:- kif_add(rains_tuesday => wear_rain_gear xor carry_umbrella).
:- kif_add(exists(P, (person(P) & all(C, car(C) => ~has(P,C))))).

/*
:- kif_add(room(R) => exists(D, (door(D) & has(R,D)))).
:- kif_add((goes(jane) xor goes(sandra) => goes(bill))).
:- kif_add(exists(P, exists(C, (person(P) & car(C) & has(P,C))))).
:- kif_add(~all(P,person(P) => exists(C, car(C) & has(P,C)))).
:- kif_add((go(sam) & go(bill)) v (go(sally) & go(nancy))).
:- kif_add(go(sam) & (go(bill) v go(sally) ) & go(nancy)).
:- kif_add(exists(C, course(C) & exists(MT1, midterm(C,MT1) & exists(MT2, midterm(C,MT2) & different(MT1,MT2))))).
:- kif_add(exists(C, course(C) & ~exists(MT3, midterm(C,MT3)))).
*/

"
).


%~ message_hook_type(error)
%~ message_hook(
%~    initialization_exception( must_sanity : e( must_sanity : e( error(
%~                                                                   permission_error(modify,static_procedure,baseKB:kif_sanity_test_0/0),
%~                                                                   context(system:assertz/1,Context_Kw)),
%~                                                                baseKB : assert_to_mu( kif_sanity_test_0 :- kif_test("
% )
tell.

all(R,room(R) => exists(D, (door(D) & has(R,D)))).
room(room1).

ask.

room(What).

door(What).

:- kif_add(a(XX) & b(XX) => c(XX)).
:- kif_add(all(R,room(R) => exists(D, (door(D) & has(R,D))))).
:- kif_add(loves(Child,fatherFn(Child))).
:- kif_add((p => q)).
:- kif_add(~p <=> ~q).
:- kif_add(p <=> q).
:- kif_add(all(P, person(P) => -exists(D, dollar(D) & has(P,D)))).

:- kif_add(go(sam) & (go(bill) v go(sally) ) & go(nancy)).

:- kif_add(rains_tuesday => wear_rain_gear xor carry_umbrella).
:- kif_add(exists(P, (person(P) & all(C, car(C) => ~has(P,C))))).

/*
:- kif_add(room(R) => exists(D, (door(D) & has(R,D)))).
:- kif_add((goes(jane) xor goes(sandra) => goes(bill))).
:- kif_add(exists(P, exists(C, (person(P) & car(C) & has(P,C))))).
:- kif_add(~all(P,person(P) => exists(C, car(C) & has(P,C)))).
:- kif_add((go(sam) & go(bill)) v (go(sally) & go(nancy))).
:- kif_add(go(sam) & (go(bill) v go(sally) ) & go(nancy)).
:- kif_add(exists(C, course(C) & exists(MT1, midterm(C,MT1) & exists(MT2, midterm(C,MT2) & different(MT1,MT2))))).
:- kif_add(exists(C, course(C) & ~exists(MT3, midterm(C,MT3)))).
*/

"))),
%~                                               baseKB : ain_fast(
%~                                                           baseKB : kif_sanity_test_0 :- kif_test("
% )
tell.

all(R,room(R) => exists(D, (door(D) & has(R,D)))).
room(room1).

ask.

room(What).

door(What).

:- kif_add(a(XX) & b(XX) => c(XX)).
:- kif_add(all(R,room(R) => exists(D, (door(D) & has(R,D))))).
:- kif_add(loves(Child,fatherFn(Child))).
:- kif_add((p => q)).
:- kif_add(~p <=> ~q).
:- kif_add(p <=> q).
:- kif_add(all(P, person(P) => -exists(D, dollar(D) & has(P,D)))).

:- kif_add(go(sam) & (go(bill) v go(sally) ) & go(nancy)).

:- kif_add(rains_tuesday => wear_rain_gear xor carry_umbrella).
:- kif_add(exists(P, (person(P) & all(C, car(C) => ~has(P,C))))).

/*
:- kif_add(room(R) => exists(D, (door(D) & has(R,D)))).
:- kif_add((goes(jane) xor goes(sandra) => goes(bill))).
:- kif_add(exists(P, exists(C, (person(P) & car(C) & has(P,C))))).
:- kif_add(~all(P,person(P) => exists(C, car(C) & has(P,C)))).
:- kif_add((go(sam) & go(bill)) v (go(sally) & go(nancy))).
:- kif_add(go(sam) & (go(bill) v go(sally) ) & go(nancy)).
:- kif_add(exists(C, course(C) & exists(MT1, midterm(C,MT1) & exists(MT2, midterm(C,MT2) & different(MT1,MT2))))).
:- kif_add(exists(C, course(C) & ~exists(MT3, midterm(C,MT3)))).
*/

"),
%~                                                           ( mfl4(BaseKB,baseKB,'/var/lib/jenkins/workspace/logicmoo_workspace@2/packs_sys/logicmoo_base/t/examples/fol/kif_sanity_01.pfc.pl',46) ,
%~                                                             ax)))),
%~    error,
%~    [ 'Prolog initialisation failed:',
%~      nl,
%~      'Unknown message: ~p' - [ must_sanity : e( must_sanity : e( error(
%~                                                                     permission_error(modify,static_procedure,baseKB:kif_sanity_test_0/0),
%~                                                                     context(system:assertz/1,Context_Kw)),
%~                                                                  baseKB : assert_to_mu( kif_sanity_test_0 :- kif_test("
% )
tell.

all(R,room(R) => exists(D, (door(D) & has(R,D)))).
room(room1).

ask.

room(What).

door(What).

:- kif_add(a(XX) & b(XX) => c(XX)).
:- kif_add(all(R,room(R) => exists(D, (door(D) & has(R,D))))).
:- kif_add(loves(Child,fatherFn(Child))).
:- kif_add((p => q)).
:- kif_add(~p <=> ~q).
:- kif_add(p <=> q).
:- kif_add(all(P, person(P) => -exists(D, dollar(D) & has(P,D)))).

:- kif_add(go(sam) & (go(bill) v go(sally) ) & go(nancy)).

:- kif_add(rains_tuesday => wear_rain_gear xor carry_umbrella).
:- kif_add(exists(P, (person(P) & all(C, car(C) => ~has(P,C))))).

/*
:- kif_add(room(R) => exists(D, (door(D) & has(R,D)))).
:- kif_add((goes(jane) xor goes(sandra) => goes(bill))).
:- kif_add(exists(P, exists(C, (person(P) & car(C) & has(P,C))))).
:- kif_add(~all(P,person(P) => exists(C, car(C) & has(P,C)))).
:- kif_add((go(sam) & go(bill)) v (go(sally) & go(nancy))).
:- kif_add(go(sam) & (go(bill) v go(sally) ) & go(nancy)).
:- kif_add(exists(C, course(C) & exists(MT1, midterm(C,MT1) & exists(MT2, midterm(C,MT2) & different(MT1,MT2))))).
:- kif_add(exists(C, course(C) & ~exists(MT3, midterm(C,MT3)))).
*/

"))),
%~                                                 baseKB : ain_fast(
%~                                                             baseKB : kif_sanity_test_0 :- kif_test("
% )
tell.

all(R,room(R) => exists(D, (door(D) & has(R,D)))).
room(room1).

ask.

room(What).

door(What).

:- kif_add(a(XX) & b(XX) => c(XX)).
:- kif_add(all(R,room(R) => exists(D, (door(D) & has(R,D))))).
:- kif_add(loves(Child,fatherFn(Child))).
:- kif_add((p => q)).
:- kif_add(~p <=> ~q).
:- kif_add(p <=> q).
:- kif_add(all(P, person(P) => -exists(D, dollar(D) & has(P,D)))).

:- kif_add(go(sam) & (go(bill) v go(sally) ) & go(nancy)).

:- kif_add(rains_tuesday => wear_rain_gear xor carry_umbrella).
:- kif_add(exists(P, (person(P) & all(C, car(C) => ~has(P,C))))).

/*
:- kif_add(room(R) => exists(D, (door(D) & has(R,D)))).
:- kif_add((goes(jane) xor goes(sandra) => goes(bill))).
:- kif_add(exists(P, exists(C, (person(P) & car(C) & has(P,C))))).
:- kif_add(~all(P,person(P) => exists(C, car(C) & has(P,C)))).
:- kif_add((go(sam) & go(bill)) v (go(sally) & go(nancy))).
:- kif_add(go(sam) & (go(bill) v go(sally) ) & go(nancy)).
:- kif_add(exists(C, course(C) & exists(MT1, midterm(C,MT1) & exists(MT2, midterm(C,MT2) & different(MT1,MT2))))).
:- kif_add(exists(C, course(C) & ~exists(MT3, midterm(C,MT3)))).
*/

"),
%~                                                             ( mfl4(BaseKB,baseKB,'/var/lib/jenkins/workspace/logicmoo_workspace@2/packs_sys/logicmoo_base/t/examples/fol/kif_sanity_01.pfc.pl',46) ,
%~                                                               ax)))]])
%~ unused(save_junit_results)]]></system-err>


</testcase>

<!-- FAILED: /var/lib/jenkins/workspace/logicmoo_workspace@2/bin/lmoo=junit=minor =k kif_sanity_01.pfc.pl (returned 1)  -->

<!-- ans=y  -->

<!-- FileTestCase=logicmoo.base.examples.fol.KIF_IO_TEST_01@Test_9999_Line_9999__Exitcode_7  -->

<!-- CMD=timeout ==foreground ==preserve=status =s SIGKILL =k 10s 10s lmoo=clif kif_io_test_01.pl  -->

<!--  (cd /var/lib/jenkins/workspace/logicmoo_workspace@2/packs_sys/logicmoo_base/t/examples/fol ; timeout ==foreground ==preserve=status =s SIGKILL =k 10s 10s lmoo=clif kif_io_test_01.pl)  -->

<!--  (cd /var/lib/jenkins/workspace/logicmoo_workspace@2/packs_sys/logicmoo_base/t/examples/fol ; timeout ==foreground ==preserve=status =s SIGKILL =k 10s 10s lmoo=clif kif_io_test_01.pl)  -->

<testcase name="logicmoo.base.examples.fol.KIF_IO_TEST_01@Test_9999_Line_9999__Exitcode_7" classname='logicmoo.base.examples.fol.KIF_IO_TEST_01' time='3'>

<system-out><![CDATA[%
running('/var/lib/jenkins/workspace/logicmoo_workspace@2/packs_sys/logicmoo_base/t/examples/fol/kif_io_test_01.pl'),
%~ this_test_might_need( :-( use_module( library(logicmoo_plarkc))))
%~ this_test_might_need( :-( expects_dialect(pfc)))


% 
% Alternatively..
% :- prolog_load_context(stream,Stream), load_clif(Stream).
:- kif_io.

%~ comment("; Module - Test Puzzle in CLIF for SWI-Prolog")
%~ comment("; Maintainer: Douglas Miles")
%~ comment("; Load with  ?- load_clif(pack(logicmoo_base/t/examples/fol/'exactly_01.clif'))")
%~ comment("; causes deduction of argument types")
%~ comment("; (:- (ensure_loaded (library logicmoo_clif)))")
%~ 'set-kif-option'('assume-wff')

%~ /var/lib/jenkins/workspace/logicmoo_workspace@2/packs_sys/logicmoo_base/t/examples/fol/kif_io_test_01.pl:88 
%~ debugm( common_logic_loader,
%~   show_success( common_logic_loader,
%~     common_logic_loader : ain( clif( call-prolog( '$STRING'("

:- dbreq(retractall(clif(_))).

"))))))
%~ azzert_rename('call-prolog',callProlog)
%~ kifi = callProlog( '$STRING'("

:- dbreq(retractall(clif(_))).

")).
%~ kifm = nesc( callProlog( '$STRING'("

:- dbreq(retractall(clif(_))).

"))).

%~ debugm( common_logic_loader,
%~   show_success(common_logic_loader,common_logic_loader:ain(clif(domain(hasName,1,tAgent)))))
%~ kifi = argIsa(hasName,1,tAgent).
%~ kifm = nesc( argIsa(hasName,1,tAgent)).

%~ debugm(common_logic_loader,show_success(common_logic_loader,common_logic_loader:ain(clif(domain(hasName,2,tName)))))
%~ kifi = argIsa(hasName,2,tName).
%~ kifm = nesc( argIsa(hasName,2,tName)).

%~ debugm( common_logic_loader,
%~   show_success(common_logic_loader,common_logic_loader:ain(clif(argQuotedIsa(hasName,2,ftString)))))
%~ kifi = argQuotedIsa(hasName,2,ftString).
%~ kifm = nesc( argQuotedIsa(hasName,2,ftString)).

%~ debugm( common_logic_loader,
%~   show_success(common_logic_loader,common_logic_loader:ain(clif(domain(address,1,tHouse)))))
%~ kifi = argIsa(address,1,tHouse).
%~ kifm = nesc( argIsa(address,1,tHouse)).

%~ debugm( common_logic_loader,
%~   show_success(common_logic_loader,common_logic_loader:ain(clif(domain(address,2,tAddress)))))
%~ kifi = argIsa(address,2,tAddress).
%~ kifm = nesc( argIsa(address,2,tAddress)).

%~ comment("; Special Logicmoo operator specific to forward chaining")
%~ comment("; (==> (and (domain ?P ?n ?c) (admittedArgument ?p ?n ?i)) (instance ?i ?c))")
%~ comment(" ============================================================")
%~ comment(" Devil has exactly one name")
%~ comment(" ============================================================")
%~ debugm( common_logic_loader,
%~   show_success( common_logic_loader,
%~     common_logic_loader : ain( clif( exactly(1,[[Name,tName]],hasName('Devil',Name))))))
%~ correct_special_quantifiers :- quant( exactly(1),
%~                                  Name,
%~                                  hasName('Devil',Name)&isa(Name,tName)).
%~ kifi = exactly(1,[[Name,tName]],hasName('Devil',Name)).
%~ kifm = nesc( quant(exactly(1),Name,hasName('Devil',Name)&isa(Name,tName))).
%~ w_o_c(
%~    error = error(uninstantiation_error(Name),context(put_attr/3,'1-st argument')),
%~    common_logic_loader : kif_to_boxlog(
%~                             exactly(1,[[Name,tName]],hasName('Devil',Name)), KB,rule7:0,
%~                             _984))
%~ FIlE: * https://logicmoo.org:2082/gitlab/logicmoo/logicmoo_workspace/-/blob/master@2/packs_sys/logicmoo_base/t/examples/fol/kif_io_test_01.pl#L88  
%~ w_o_c(
%~    error = error(uninstantiation_error(Name),context(put_attr/3,'1-st argument')),
%~    common_logic_loader : kif_to_boxlog(
%~                             exactly(1,[[Name,tName]],hasName('Devil',Name)), KB,rule7:0,
%~                             _984))
%~ correct_special_quantifiers :- quant( exactly(1),%~                                  Name,%~                                  hasName('Devil',Name)&isa(Name,tName)).%~ kifi = exactly(1,[[Name,tName]],hasName('Devil',Name)).%~ kifm = nesc( quant(exactly(1),Name,hasName('Devil',Name)&isa(Name,tName))).%~ as_sigma :- necessary( quant(exactly(1),Name,and(hasName('Devil',Name),isa(Name,tName)))).%~ as_dlog :- ( nesc( ( nesc( ~( quant(exactly(1),Name,isa(Name,tName)))) v%~                      quant(exactly(1),Name,hasName('Devil',Name)))) &%~              nesc( ( nesc( ~( quant(exactly(1),Name,hasName('Devil',Name)))) v%~                      quant(exactly(1),Name,isa(Name,tName))))).
%~ debugm(common_logic_loader,show_success(common_logic_loader,common_logic_loader:ain(clif(if(and(a,b),c)))))
%~ kifi = if(and(a,b),c).
%~ kifm = nesc( (a&b)=>c).

%~ kifi = if(and(a,b),c).
%~ kifm = nesc( (a&b)=>c).
%~ comment(" ============================================================")
%~ comment(" if a and be then c")
%~ comment(" ============================================================")
%~ comment(" ============================================================")
%~ comment(" Exactly 1 - CYCL")
%~ comment(" ============================================================")
%~ debugm( common_logic_loader,
%~   show_success( common_logic_loader,
%~     common_logic_loader : ain( clif( thereExistExactly(1,H1,and(isa(H1,tHouse),memberOf(H1,tOneHouseSet)))))))
%~ kifi = thereExistExactly(1,H1,and(tHouse(H1),memberOf(H1,tOneHouseSet))).
%~ kifm = nesc( thereExistExactly(1,H1,tHouse(H1)&memberOf(H1,tOneHouseSet))).

%~ comment(" ============================================================")
%~ comment(" Exactly 1 - KIF")
%~ comment(" ============================================================")
%~ debugm( common_logic_loader,
%~   show_success( common_logic_loader,
%~     common_logic_loader : ain( clif( exactly(1,[[H1,tHouse]],memberOf(H1,tOneHouseSet))))))
%~ correct_special_quantifiers :- quant( exactly(1),
%~                                  H1,
%~                                  memberOf(H1,tOneHouseSet)&isa(H1,tHouse)).
%~ kifi = exactly(1,[[H1,tHouse]],memberOf(H1,tOneHouseSet)).
%~ kifm = nesc( quant(exactly(1),H1,memberOf(H1,tOneHouseSet)&isa(H1,tHouse))).
%~ w_o_c(
%~    error = error(uninstantiation_error(H1),context(put_attr/3,'1-st argument')),
%~    common_logic_loader : kif_to_boxlog(
%~                             exactly(1,[[H1,tHouse]],memberOf(H1,tOneHouseSet)), KB,rule11:0,
%~                             _1116))
%~ FILE: * https://logicmoo.org:2082/gitlab/logicmoo/logicmoo_workspace/-/blob/master@2/packs_sys/logicmoo_base/t/examples/fol/kif_io_test_01.pl#L88  
%~ w_o_c(
%~    error = error(uninstantiation_error(H1),context(put_attr/3,'1-st argument')),
%~    common_logic_loader : kif_to_boxlog(
%~                             exactly(1,[[H1,tHouse]],memberOf(H1,tOneHouseSet)), KB,rule11:0,
%~                             _1116))
%~ correct_special_quantifiers :- quant( exactly(1),%~                                  H1,%~                                  memberOf(H1,tOneHouseSet)&isa(H1,tHouse)).%~ kifi = exactly(1,[[H1,tHouse]],memberOf(H1,tOneHouseSet)).%~ kifm = nesc( quant(exactly(1),H1,memberOf(H1,tOneHouseSet)&isa(H1,tHouse))).%~ as_sigma :- necessary( quant(exactly(1),H1,and(memberOf(H1,tOneHouseSet),isa(H1,tHouse)))).%~ as_dlog :- ( nesc( ( nesc( ~( quant(exactly(1),H1,isa(H1,tHouse)))) v%~                      quant(exactly(1),H1,memberOf(H1,tOneHouseSet)))) &%~              nesc( ( nesc( ~( quant(exactly(1),H1,memberOf(H1,tOneHouseSet)))) v%~                      quant(exactly(1),H1,isa(H1,tHouse))))).
%~ debugm( common_logic_loader,
%~   show_success( common_logic_loader,
%~     common_logic_loader : ain( clif( exactly(2,[[H1,tHouse]],memberOf(H1,tTwoHouseSet))))))
%~ correct_special_quantifiers :- quant( exactly(2),
%~                                  H1,
%~                                  memberOf(H1,tTwoHouseSet)&isa(H1,tHouse)).
%~ kifi = exactly(2,[[H1,tHouse]],memberOf(H1,tTwoHouseSet)).
%~ kifm = nesc( quant(exactly(2),H1,memberOf(H1,tTwoHouseSet)&isa(H1,tHouse))).
%~ w_o_c(
%~    error = error(uninstantiation_error(H1),context(put_attr/3,'1-st argument')),
%~    common_logic_loader : kif_to_boxlog(
%~                             exactly(2,[[H1,tHouse]],memberOf(H1,tTwoHouseSet)), KB,rule12:0,
%~                             _1821166))
%~ FIlE: * https://logicmoo.org:2082/gitlab/logicmoo/logicmoo_workspace/-/blob/master@2/packs_sys/logicmoo_base/t/examples/fol/kif_io_test_01.pl#L88  
%~ w_o_c(
%~    error = error(uninstantiation_error(H1),context(put_attr/3,'1-st argument')),
%~    common_logic_loader : kif_to_boxlog(
%~                             exactly(2,[[H1,tHouse]],memberOf(H1,tTwoHouseSet)), KB,rule12:0,
%~                             _1821166))
%~ correct_special_quantifiers :- quant( exactly(2),%~                                  H1,%~                                  memberOf(H1,tTwoHouseSet)&isa(H1,tHouse)).%~ kifi = exactly(2,[[H1,tHouse]],memberOf(H1,tTwoHouseSet)).%~ kifm = nesc( quant(exactly(2),H1,memberOf(H1,tTwoHouseSet)&isa(H1,tHouse))).%~ as_sigma :- necessary( quant(exactly(2),H1,and(memberOf(H1,tTwoHouseSet),isa(H1,tHouse)))).%~ as_dlog :- ( nesc( ( nesc( ~( quant(exactly(2),H1,isa(H1,tHouse)))) v%~                      quant(exactly(2),H1,memberOf(H1,tTwoHouseSet)))) &%~              nesc( ( nesc( ~( quant(exactly(2),H1,memberOf(H1,tTwoHouseSet)))) v%~                      quant(exactly(2),H1,isa(H1,tHouse))))).
%~ debugm( common_logic_loader,
%~   show_success( common_logic_loader,
%~     common_logic_loader : ain( clif( exactly(5,[[H1,tHouse]],memberOf(H1,tFiveHouseSet))))))
%~ correct_special_quantifiers :- quant( exactly(5),
%~                                  H1,
%~                                  memberOf(H1,tFiveHouseSet)&isa(H1,tHouse)).
%~ kifi = exactly(5,[[H1,tHouse]],memberOf(H1,tFiveHouseSet)).
%~ kifm = nesc( quant(exactly(5),H1,memberOf(H1,tFiveHouseSet)&isa(H1,tHouse))).
%~ w_o_c(
%~    error = error(uninstantiation_error(H1),context(put_attr/3,'1-st argument')),
%~    common_logic_loader : kif_to_boxlog(
%~                             exactly(5,[[H1,tHouse]],memberOf(H1,tFiveHouseSet)), KB,rule13:0,
%~                             _4141584))
%~ FILE: * https://logicmoo.org:2082/gitlab/logicmoo/logicmoo_workspace/-/blob/master@2/packs_sys/logicmoo_base/t/examples/fol/kif_io_test_01.pl#L88  
%~ w_o_c(
%~    error = error(uninstantiation_error(H1),context(put_attr/3,'1-st argument')),
%~    common_logic_loader : kif_to_boxlog(
%~                             exactly(5,[[H1,tHouse]],memberOf(H1,tFiveHouseSet)), KB,rule13:0,
%~                             _4141584))
%~ correct_special_quantifiers :- quant( exactly(5),%~                                  H1,%~                                  memberOf(H1,tFiveHouseSet)&isa(H1,tHouse)).%~ kifi = exactly(5,[[H1,tHouse]],memberOf(H1,tFiveHouseSet)).%~ kifm = nesc( quant(exactly(5),H1,memberOf(H1,tFiveHouseSet)&isa(H1,tHouse))).%~ as_sigma :- necessary( quant(exactly(5),H1,and(memberOf(H1,tFiveHouseSet),isa(H1,tHouse)))).%~ as_dlog :- ( nesc( ( nesc( ~( quant(exactly(5),H1,isa(H1,tHouse)))) v%~                      quant(exactly(5),H1,memberOf(H1,tFiveHouseSet)))) &%~              nesc( ( nesc( ~( quant(exactly(5),H1,memberOf(H1,tFiveHouseSet)))) v%~                      quant(exactly(5),H1,isa(H1,tHouse))))).
%~ debugm( common_logic_loader,
%~   show_success( common_logic_loader,
%~     common_logic_loader : ain( clif( comment( 'ThisFile666',
%~                                        '$STRING'("

There should be at most 8 houses with assertions about them.
And at least 5 houses.


(isa ?X tHouse)



"))))))
%~ kifm = comment( 'ThisFile666',
%~          '$STRING'("

There should be at most 8 houses with assertions about them.
And at least 5 houses.


(isa ?X tHouse)



")).

%~ comment(" ============================================================")
%~ comment(" Exactly 2")
%~ comment(" ============================================================")
%~ comment(" ============================================================")
%~ comment(" Exactly 5")
%~ comment(" ============================================================")
/*~
t_l:kif_action_mode(tell)




=======================================================
'call-prolog'('$STRING'("

:- dbreq(retractall(clif(_))).

"))
============================================


?- kif_to_boxlog( 'call-prolog'('$STRING'("

:- dbreq(retractall(clif(_))).

")) ).



% In English: 
%~ %%%%%%%%%%%%%%%%%%%%%%%%%%%%%%%%%%%%%%%%
%~  "

:- dbreq(retractall(clif(_))).

" isa '$STRING' isa 'call-prolog'
%~ 
%~ %%%%%%%%%%%%%%%%%%%%%%%%%%%%%%%%%%%%%%%%
%~ kifi=callProlog('$STRING'("

:- dbreq(retractall(clif(_))).

"))
%~ kifm=nesc(callProlog('$STRING'("

:- dbreq(retractall(clif(_))).

")))
%~ kif_to_boxlog_attvars2 = necessary(callProlog('$STRING'("

:- dbreq(retractall(clif(_))).

")))

%%%%%%%%%%%%%%%%%%%%%%%%%%%%%%%%%%%%%%%%
% Results in the following 1 entailment(s): 
nesc(callProlog('$STRING'("

:- dbreq(retractall(clif(_))).

"))).

%%%%%%%%%%%%%%%%%%%%%%%%%%%%%%%%%%%%%%%%
%~ %%%%%%%%%%%%%%%%%%%%%%%%%%%%%%%%%%%%%%%%
%~  it is necessarily true that "

:- dbreq(retractall(clif(_))).

" isa '$STRING' isa callProlog
%~ 
%~ %%%%%%%%%%%%%%%%%%%%%%%%%%%%%%%%%%%%%%%%

nesc( callProlog( '$STRING'("

:- dbreq(retractall(clif(_))).

"))).

============================================



=======================================================
domain(hasName,1,tAgent)
============================================


?- kif_to_boxlog( domain(hasName,1,tAgent) ).



% In English: 
%~ %%%%%%%%%%%%%%%%%%%%%%%%%%%%%%%%%%%%%%%%
%~  domain(hasName,1,tAgent)
%~ 
%~ %%%%%%%%%%%%%%%%%%%%%%%%%%%%%%%%%%%%%%%%
%~ kifi=argIsa(hasName,1,tAgent)
%~ kifm=nesc(argIsa(hasName,1,tAgent))
%~ kif_to_boxlog_attvars2 = necessary(argIsa(hasName,1,tAgent))

%%%%%%%%%%%%%%%%%%%%%%%%%%%%%%%%%%%%%%%%
% Results in the following 1 entailment(s): 
nesc(argIsa(hasName,1,tAgent)).

%%%%%%%%%%%%%%%%%%%%%%%%%%%%%%%%%%%%%%%%
%~ %%%%%%%%%%%%%%%%%%%%%%%%%%%%%%%%%%%%%%%%
%~  it is necessarily true that argIsa(hasName,1,tAgent)
%~ 
%~ %%%%%%%%%%%%%%%%%%%%%%%%%%%%%%%%%%%%%%%%

nesc( argIsa(hasName,1,tAgent)).

============================================



=======================================================
domain(hasName,2,tName)
============================================


?- kif_to_boxlog( domain(hasName,2,tName) ).



% In English: 
%~ %%%%%%%%%%%%%%%%%%%%%%%%%%%%%%%%%%%%%%%%
%~  domain(hasName,2,tName)
%~ 
%~ %%%%%%%%%%%%%%%%%%%%%%%%%%%%%%%%%%%%%%%%
%~ kifi=argIsa(hasName,2,tName)
%~ kifm=nesc(argIsa(hasName,2,tName))
%~ kif_to_boxlog_attvars2 = necessary(argIsa(hasName,2,tName))

%%%%%%%%%%%%%%%%%%%%%%%%%%%%%%%%%%%%%%%%
% Results in the following 1 entailment(s): 
nesc(argIsa(hasName,2,tName)).

%%%%%%%%%%%%%%%%%%%%%%%%%%%%%%%%%%%%%%%%
%~ %%%%%%%%%%%%%%%%%%%%%%%%%%%%%%%%%%%%%%%%
%~  it is necessarily true that argIsa(hasName,2,tName)
%~ 
%~ %%%%%%%%%%%%%%%%%%%%%%%%%%%%%%%%%%%%%%%%

nesc( argIsa(hasName,2,tName)).

============================================



=======================================================
argQuotedIsa(hasName,2,ftString)
============================================


?- kif_to_boxlog( argQuotedIsa(hasName,2,ftString) ).



% In English: 
%~ %%%%%%%%%%%%%%%%%%%%%%%%%%%%%%%%%%%%%%%%
%~  argQuotedIsa(hasName,2,ftString)
%~ 
%~ %%%%%%%%%%%%%%%%%%%%%%%%%%%%%%%%%%%%%%%%
%~ kifi=argQuotedIsa(hasName,2,ftString)
%~ kifm=nesc(argQuotedIsa(hasName,2,ftString))
%~ kif_to_boxlog_attvars2 = necessary(argQuotedIsa(hasName,2,ftString))

%%%%%%%%%%%%%%%%%%%%%%%%%%%%%%%%%%%%%%%%
% Results in the following 1 entailment(s): 
nesc(argQuotedIsa(hasName,2,ftString)).

%%%%%%%%%%%%%%%%%%%%%%%%%%%%%%%%%%%%%%%%
%~ %%%%%%%%%%%%%%%%%%%%%%%%%%%%%%%%%%%%%%%%
%~  it is necessarily true that argQuotedIsa(hasName,2,ftString)
%~ 
%~ %%%%%%%%%%%%%%%%%%%%%%%%%%%%%%%%%%%%%%%%

nesc( argQuotedIsa(hasName,2,ftString)).

============================================



=======================================================
domain(address,1,tHouse)
============================================


?- kif_to_boxlog( domain(address,1,tHouse) ).



% In English: 
%~ %%%%%%%%%%%%%%%%%%%%%%%%%%%%%%%%%%%%%%%%
%~  domain(address,1,tHouse)
%~ 
%~ %%%%%%%%%%%%%%%%%%%%%%%%%%%%%%%%%%%%%%%%
%~ kifi=argIsa(address,1,tHouse)
%~ kifm=nesc(argIsa(address,1,tHouse))
%~ kif_to_boxlog_attvars2 = necessary(argIsa(address,1,tHouse))

%%%%%%%%%%%%%%%%%%%%%%%%%%%%%%%%%%%%%%%%
% Results in the following 1 entailment(s): 
nesc(argIsa(address,1,tHouse)).

%%%%%%%%%%%%%%%%%%%%%%%%%%%%%%%%%%%%%%%%
%~ %%%%%%%%%%%%%%%%%%%%%%%%%%%%%%%%%%%%%%%%
%~  it is necessarily true that argIsa(address,1,tHouse)
%~ 
%~ %%%%%%%%%%%%%%%%%%%%%%%%%%%%%%%%%%%%%%%%

nesc( argIsa(address,1,tHouse)).

============================================



=======================================================
domain(address,2,tAddress)
============================================


?- kif_to_boxlog( domain(address,2,tAddress) ).



% In English: 
%~ %%%%%%%%%%%%%%%%%%%%%%%%%%%%%%%%%%%%%%%%
%~  domain(address,2,tAddress)
%~ 
%~ %%%%%%%%%%%%%%%%%%%%%%%%%%%%%%%%%%%%%%%%
%~ kifi=argIsa(address,2,tAddress)
%~ kifm=nesc(argIsa(address,2,tAddress))
%~ kif_to_boxlog_attvars2 = necessary(argIsa(address,2,tAddress))

%%%%%%%%%%%%%%%%%%%%%%%%%%%%%%%%%%%%%%%%
% Results in the following 1 entailment(s): 
nesc(argIsa(address,2,tAddress)).

%%%%%%%%%%%%%%%%%%%%%%%%%%%%%%%%%%%%%%%%
%~ %%%%%%%%%%%%%%%%%%%%%%%%%%%%%%%%%%%%%%%%
%~  it is necessarily true that argIsa(address,2,tAddress)
%~ 
%~ %%%%%%%%%%%%%%%%%%%%%%%%%%%%%%%%%%%%%%%%

nesc( argIsa(address,2,tAddress)).

============================================



=======================================================
exactly(1,'[|]'('[|]'('$VAR'('Name'),'[|]'(tName,[])),[]),hasName('Devil','$VAR'('Name')))
============================================


?- kif_to_boxlog( exactly(1,[[Name,tName]],hasName('Devil',Name)) ).



% In English: 
%~ %%%%%%%%%%%%%%%%%%%%%%%%%%%%%%%%%%%%%%%%
%~  exactly(1,[[Name,tName]],hasName('Devil',Name))
%~ 
%~ %%%%%%%%%%%%%%%%%%%%%%%%%%%%%%%%%%%%%%%%
%~ %~ correct_special_quantifiers:-quant(exactly(1),Name,hasName('Devil',Name)&isa(Name,tName))
%~ kifi=exactly(1,[[Name,tName]],hasName('Devil',Name))
%~ kifm=nesc(quant(exactly(1),Name,hasName('Devil',Name)&isa(Name,tName)))
%~ kif_to_boxlog_attvars2 = necessary(quant(exactly(1),'$VAR'('Name'),and(hasName('Devil','$VAR'('Name')),isa('$VAR'('Name'),tName))))
%~ w_o_c(error=error(uninstantiation_error(Name),context(put_attr/3,'1-st argument')),common_logic_loader:kif_to_boxlog(exactly(1,[[Name,tName]],hasName('Devil',Name)),KB,rule7:0,_984))
(0)$[system] '$c_call_prolog'.  no(clause) 
(2)$[system] catch('$toplevel':initialise_prolog,A,'$toplevel':initialise_error(A)).   %  init.pl:546: 
(3)[$toplevel] initialise_prolog.   %  toplevel.pl:495: 
(4)<*>$[$toplevel] load_associated_files('<garbage_collected>').   %  toplevel.pl:450: 
(8)$[system] '$load_file'('kif_io_test_01.pl',user,'<garbage_collected>').   %  init.pl:2353: 
(11)$[system]# '$sig_atomic'(setup_call_cleanup(with_mutex('$load_file','$mt_start_load'('* https://logicmoo.org:2082/gitlab/logicmoo/logicmoo_workspace/-/blob/master@2/packs_sys/logicmoo_base/t/examples/fol/kif_io_test_01.pl ',<clause>(0x56060120d580),[expand(false)])),'$mt_do_load'(<clause>(0x56060120d580),'kif_io_test_01.pl','* https://logicmoo.org:2082/gitlab/logicmoo/logicmoo_workspace/-/blob/master@2/packs_sys/logicmoo_base/t/examples/fol/kif_io_test_01.pl ',user,[expand(false)]),'$mt_end_load'(<clause>(0x56060120d580)))).  no(clause) 
(12)$[system] '$c_call_prolog'.  no(clause) 
(14)$[system]# setup_call_catcher_cleanup(system:with_mutex('$load_file','$mt_start_load'('* https://logicmoo.org:2082/gitlab/logicmoo/logicmoo_workspace/-/blob/master@2/packs_sys/logicmoo_base/t/examples/fol/kif_io_test_01.pl ',<clause>(0x56060120d580),[expand(false)])),system:'$mt_do_load'(<clause>(0x56060120d580),'kif_io_test_01.pl','* https://logicmoo.org:2082/gitlab/logicmoo/logicmoo_workspace/-/blob/master@2/packs_sys/logicmoo_base/t/examples/fol/kif_io_test_01.pl ',user,[expand(false)]),A,system:'$mt_end_load'(<clause>(0x56060120d580))).   %  init.pl:646: 
(16)$[system]# '$qdo_load_file'('kif_io_test_01.pl','* https://logicmoo.org:2082/gitlab/logicmoo/logicmoo_workspace/-/blob/master@2/packs_sys/logicmoo_base/t/examples/fol/kif_io_test_01.pl ',user,[expand(false)]).   %  init.pl:2546: 
(19)<*>$[system]# '$do_load_file_2'('kif_io_test_01.pl','* https://logicmoo.org:2082/gitlab/logicmoo/logicmoo_workspace/-/blob/master@2/packs_sys/logicmoo_base/t/examples/fol/kif_io_test_01.pl ',user,compiled,[expand(false)]).   %  init.pl:2592: 
(23)$[system]# setup_call_catcher_cleanup(system:'$start_consult'('* https://logicmoo.org:2082/gitlab/logicmoo/logicmoo_workspace/-/blob/master@2/packs_sys/logicmoo_base/t/examples/fol/kif_io_test_01.pl ',1631494506.7323513),system:'$load_file'('* https://logicmoo.org:2082/gitlab/logicmoo/logicmoo_workspace/-/blob/master@2/packs_sys/logicmoo_base/t/examples/fol/kif_io_test_01.pl ','* https://logicmoo.org:2082/gitlab/logicmoo/logicmoo_workspace/-/blob/master@2/packs_sys/logicmoo_base/t/examples/fol/kif_io_test_01.pl ',A,[expand(false)]),B,system:'$end_consult'('* https://logicmoo.org:2082/gitlab/logicmoo/logicmoo_workspace/-/blob/master@2/packs_sys/logicmoo_base/t/examples/fol/kif_io_test_01.pl ',lexstate(202,swi),user)).   %  init.pl:646: 
(24)<*>$[system]# '$load_file'('* https://logicmoo.org:2082/gitlab/logicmoo/logicmoo_workspace/-/blob/master@2/packs_sys/logicmoo_base/t/examples/fol/kif_io_test_01.pl ','* https://logicmoo.org:2082/gitlab/logicmoo/logicmoo_workspace/-/blob/master@2/packs_sys/logicmoo_base/t/examples/fol/kif_io_test_01.pl ',A,[expand(false)]).   %  init.pl:3007: 
(30)<*>$[system] '$execute_directive_3'(kif_io).   %  init.pl:3574: 
(31)$[system] catch(baseKB:kif_io,error(A,B),system:'$exception_in_directive'(error(A,B))).   %  init.pl:546: 
(33)[baseKB] common_logic_loader:kif_io('<garbage_collected>','<garbage_collected>').   %  common_logic_loader.pl:228: 
(34)[baseKB] with_output_to(<stream>(0x5606001f6900),load_clif(<stream>(0x560612bbce00))).  no(clause) 
(35)$[system] '$c_call_prolog'.  no(clause) 
(42)$[locally_each] locally_each:wtl_how('<garbage_collected>','<garbage_collected>','<garbage_collected>','<garbage_collected>','<garbage_collected>').   %  redo_locally.pl:217: 
(46)$[system] setup_call_catcher_cleanup(locally_each:key_asserta(t_l,t_l:sreader_options(logicmoo_read_kif,true)),each_call_cleanup:((baseKB:with_lisp_translation(<stream>(0x560612bbce00),kif_process_once),deterministic(A)),(notrace(A==true)->!;mquietly(locally_each:key_erase(t_l)),notrace(nb_setarg(1,mquietly(locally_each:key_erase(t_l)),true));locally_each:key_asserta(t_l,t_l:sreader_options(logicmoo_read_kif,true)),notrace(nb_setarg(1,mquietly(locally_each:key_erase(t_l)),locally_each:key_erase(t_l))),notrace(fail))),B,each_call_cleanup:mquietly(locally_each:key_erase(t_l))).   %  init.pl:646: 
(47)$[each_call_cleanup] '<meta-call>'('<garbage_collected>').  no(clause) 
(49)[s3xpr] s3xpr:with_lisp_translation_stream(<stream>(0x560612bbce00),baseKB:kif_process_once).   %  sreader.pl:109: 
(50)$[dcg_meta] dcg_meta:zalwayz('<garbage_collected>').   %  dcg_meta.pl:514: 
(51)$[dcg_meta] notrace(catch(s3xpr:call_proc(baseKB:kif_process_once,[exactly,1,[[Name,tName]],[hasName,'Devil',Name]]),A,fail)).  no(clause) 
(52)$[system] '$c_call_prolog'.  no(clause) 
(53)$[system] catch(s3xpr:call_proc(baseKB:kif_process_once,[exactly,1,[[Name,tName]],[hasName,'Devil',Name]]),A,dcg_meta:fail).   %  init.pl:546: 
(54)[s3xpr] s3xpr:call_proc(baseKB:kif_process_once,'<garbage_collected>').   %  sreader.pl:116: 
(56)<*>[must_sanity]# must_sanity:baseKB:once(kif_process([exactly,1,[[Name,tName]],[hasName,'Devil',Name]])).   %  must_sanity.pl:65: 
(57)$[system] once('<garbage_collected>').   %  init.pl:519: 
(58)<*>$[common_logic_loader] common_logic_loader:kif_process('<garbage_collected>').   %  common_logic_loader.pl:107: 
(61)<*>[ucatch] ucatch:one_must('<garbage_collected>',bugger:(nop(dumpST),debugm1(common_logic_loader,show_failed(common_logic_loader,common_logic_loader:kif_process(tell,[exactly,1,[[Name,tName]],[hasName,'Devil',Name]]))),nop(break),!,fail)).   %  ucatch.pl:1713: 
(62)$[bugger] bugger:dcall0('<garbage_collected>').   %  bugger.pl:1399: 
(63)<*>$[common_logic_loader] common_logic_loader:kif_process(tell,'<garbage_collected>').   %  common_logic_loader.pl:146: 
(66)<*>[ucatch] ucatch:one_must('<garbage_collected>',bugger:(nop(dumpST),debugm1(common_logic_loader,show_failed(common_logic_loader,common_logic_loader:kif_process(tell,exactly(1,[[Name,tName]],hasName('Devil',Name))))),nop(break),!,fail)).   %  ucatch.pl:1713: 
(67)$[bugger] bugger:dcall0('<garbage_collected>').   %  bugger.pl:1399: 
(72)<*>[ucatch] ucatch:one_must('<garbage_collected>',bugger:(nop(dumpST),debugm1(common_logic_loader,show_failed(common_logic_loader,common_logic_loader:kif_add(exactly(1,[[Name,tName]],hasName('Devil',Name))))),nop(break),!,fail)).   %  ucatch.pl:1713: 
(73)$[bugger] bugger:dcall0('<garbage_collected>').   %  bugger.pl:1399: 
(74)[common_logic_loader] common_logic_snark:kif_add(exactly(1,[[Name,tName]],hasName('Devil',Name))).   %  common_logic_snark.pl:1664: 
(75)[common_logic_loader] common_logic_snark:kif_add2('<garbage_collected>').   %  common_logic_snark.pl:1670: 
(76)[common_logic_loader] common_logic_snark:kif_to_boxlog('<garbage_collected>').   %  common_logic_snark.pl:1063: 
(77)[common_logic_loader] common_logic_snark:kif_to_boxlog('<garbage_collected>','<garbage_collected>').   %  common_logic_snark.pl:1099: 
(78)<*>[must_sanity]# must_sanity:common_logic_loader:kif_to_boxlog(exactly(1,[[Name,tName]],hasName('Devil',Name)),A,rule7:0).   %  must_sanity.pl:65: 
(79)[common_logic_loader] common_logic_snark:kif_to_boxlog('<garbage_collected>','<garbage_collected>','<garbage_collected>').   %  common_logic_snark.pl:1107: 
(80)[locally_each] locally_each:w_o_c('<garbage_collected>').   %  redo_locally.pl:86: 
(81)$[system] catch(locally_each:w_o_c(error,common_logic_loader:kif_to_boxlog(exactly(1,[[Name,tName]],hasName('Devil',Name)),KB,rule7:0,A)),error(uninstantiation_error(Name),context(put_attr/3,'1-st argument')),locally_each:(wdmsg(w_o_c(error=error(uninstantiation_error(Name),context(put_attr/3,'1-st argument')),common_logic_loader:kif_to_boxlog(exactly(1,[[Name,tName]],hasName('Devil',Name)),KB,rule7:0,A))),dumpST,wdmsg(w_o_c(error=error(uninstantiation_error(Name),context(put_attr/3,'1-st argument')),common_logic_loader:kif_to_boxlog(exactly(1,[[Name,tName]],hasName('Devil',Name)),KB,rule7:0,A))),break,trace,common_logic_loader:kif_to_boxlog(exactly(1,[[Name,tName]],hasName('Devil',Name)),KB,rule7:0,A))).   %  init.pl:546: 
(82)$[locally_each] '<meta-call>'(locally_each:(wdmsg(w_o_c(error=error(uninstantiation_error(Name),context(put_attr/3,'1-st argument')),common_logic_loader:kif_to_boxlog(exactly(1,[[Name,tName]],hasName('Devil',Name)),KB,rule7:0,A))),dumpST,wdmsg(w_o_c(error=error(uninstantiation_error(Name),context(put_attr/3,'1-st argument')),common_logic_loader:kif_to_boxlog(exactly(1,[[Name,tName]],hasName('Devil',Name)),KB,rule7:0,A))),break,trace,common_logic_loader:kif_to_boxlog(exactly(1,[[Name,tName]],hasName('Devil',Name)),KB,rule7:0,A))).  no(clause) 
(83)[locally_each] dumpst:dumpST.   %  dumpst.pl:150: 
%~ w_o_c(error=error(uninstantiation_error(Name),context(put_attr/3,'1-st argument')),common_logic_loader:kif_to_boxlog(exactly(1,[[Name,tName]],hasName('Devil',Name)),KB,rule7:0,_984))

%~ %~ correct_special_quantifiers:-quant(exactly(1),Name,hasName('Devil',Name)&isa(Name,tName))%~ kifi=exactly(1,[[Name,tName]],hasName('Devil',Name))%~ kifm=nesc(quant(exactly(1),Name,hasName('Devil',Name)&isa(Name,tName)))%~ %~ as_sigma:-necessary(quant(exactly(1),Name,and(hasName('Devil',Name),isa(Name,tName))))%~ kif_to_boxlog_attvars2 = necessary(quant(exactly(1),'$VAR'('Name'),and(hasName('Devil','$VAR'('Name')),isa('$VAR'('Name'),tName))))%~ %~ as_dlog:-nesc(v(nesc(~quant(exactly(1),Name,isa(Name,tName))),quant(exactly(1),Name,hasName('Devil',Name))))&nesc(v(nesc(~quant(exactly(1),Name,hasName('Devil',Name))),quant(exactly(1),Name,isa(Name,tName))))



=======================================================
if(and(a,b),c)
============================================


?- kif_to_boxlog( if(and(a,b),c) ).



% In English: 
%~ %%%%%%%%%%%%%%%%%%%%%%%%%%%%%%%%%%%%%%%%
%~  a and b if c
%~ 
%~ %%%%%%%%%%%%%%%%%%%%%%%%%%%%%%%%%%%%%%%%
%~ kifi=if(and(a,b),c)
%~ kifm=nesc((a&b)=>c)
%~ kif_to_boxlog_attvars2 = necessary(=>(and(a,b),c))

%%%%%%%%%%%%%%%%%%%%%%%%%%%%%%%%%%%%%%%%
% Results in the following 3 entailment(s): 
nesc(a)&nesc(b)==>nesc(c).
poss(~c)&nesc(a)==>poss(~b).
poss(~c)&nesc(b)==>poss(~a).

%%%%%%%%%%%%%%%%%%%%%%%%%%%%%%%%%%%%%%%%
%~ %%%%%%%%%%%%%%%%%%%%%%%%%%%%%%%%%%%%%%%%
%~  Whenever:
%~    " a " is necessarily true  and
%~    " b " is necessarily true
%~  It's Proof that:
%~    " c " is necessarily true
%~ 
%~ %%%%%%%%%%%%%%%%%%%%%%%%%%%%%%%%%%%%%%%%

nesc(a)&nesc(b)==>nesc(c).

%  AND
%~ %%%%%%%%%%%%%%%%%%%%%%%%%%%%%%%%%%%%%%%%
%~  Whenever:
%~    " c " is possibly false  and
%~    " a " is necessarily true
%~  It's Proof that:
%~    " b " is possibly false
%~ 
%~ %%%%%%%%%%%%%%%%%%%%%%%%%%%%%%%%%%%%%%%%

poss(~c)&nesc(a)==>poss(~b).

%  AND
%~ %%%%%%%%%%%%%%%%%%%%%%%%%%%%%%%%%%%%%%%%
%~  Whenever:
%~    " c " is possibly false  and
%~    " b " is necessarily true
%~  It's Proof that:
%~    " a " is possibly false
%~ 
%~ %%%%%%%%%%%%%%%%%%%%%%%%%%%%%%%%%%%%%%%%

poss(~c)&nesc(b)==>poss(~a).

============================================%~ kifi=if(and(a,b),c)
%~ kifm=nesc((a&b)=>c)
%~ kif_to_boxlog_attvars2 = necessary(=>(and(a,b),c))
%~ %%%%%%%%%%%%%%%%%%%%%%%%%%%%%%%%%%%%%%%%
%~  Whenever:
%~    " a " is necessarily true  and
%~    " b " is necessarily true
%~  It's Proof that:
%~    " c " is necessarily true
%~ 
%~ %%%%%%%%%%%%%%%%%%%%%%%%%%%%%%%%%%%%%%%%

nesc(a)&nesc(b)==>nesc(c).

%  AND
%~ %%%%%%%%%%%%%%%%%%%%%%%%%%%%%%%%%%%%%%%%
%~  Whenever:
%~    " c " is possibly false  and
%~    " b " is necessarily true
%~  It's Proof that:
%~    " a " is possibly false
%~ 
%~ %%%%%%%%%%%%%%%%%%%%%%%%%%%%%%%%%%%%%%%%

poss(~c)&nesc(b)==>poss(~a).

%  AND
%~ %%%%%%%%%%%%%%%%%%%%%%%%%%%%%%%%%%%%%%%%
%~  Whenever:
%~    " c " is possibly false  and
%~    " a " is necessarily true
%~  It's Proof that:
%~    " b " is possibly false
%~ 
%~ %%%%%%%%%%%%%%%%%%%%%%%%%%%%%%%%%%%%%%%%

poss(~c)&nesc(a)==>poss(~b).





=======================================================
thereExistExactly(1,'$VAR'('H1'),and(isa('$VAR'('H1'),tHouse),memberOf('$VAR'('H1'),tOneHouseSet)))
============================================


?- kif_to_boxlog( thereExistExactly(1,H1,and(isa(H1,tHouse),memberOf(H1,tOneHouseSet))) ).



% In English: 
%~ %%%%%%%%%%%%%%%%%%%%%%%%%%%%%%%%%%%%%%%%
%~  thereExistExactly(1,H1,and(isa(H1,tHouse),memberOf(H1,tOneHouseSet)))
%~ 
%~ %%%%%%%%%%%%%%%%%%%%%%%%%%%%%%%%%%%%%%%%
%~ kifi=thereExistExactly(1,H1,and(tHouse(H1),memberOf(H1,tOneHouseSet)))
%~ kifm=nesc(thereExistExactly(1,H1,tHouse(H1)&memberOf(H1,tOneHouseSet)))
%~ kif_to_boxlog_attvars2 = necessary(thereExistExactly(1,'$VAR'('H1'),and(tHouse('$VAR'('H1')),memberOf('$VAR'('H1'),tOneHouseSet))))

%%%%%%%%%%%%%%%%%%%%%%%%%%%%%%%%%%%%%%%%
% Results in the following 2 entailment(s): 
v(nesc(~thereExistExactly(1,H1,tHouse(H1))),thereExistExactly(1,H1,memberOf(H1,tOneHouseSet))).
v(nesc(~thereExistExactly(1,H1,memberOf(H1,tOneHouseSet))),thereExistExactly(1,H1,tHouse(H1))).

%%%%%%%%%%%%%%%%%%%%%%%%%%%%%%%%%%%%%%%%
%~ %%%%%%%%%%%%%%%%%%%%%%%%%%%%%%%%%%%%%%%%
%~  " thereExistExactly(1,H1,tHouse(H1)) " is necessarily false  or " thereExistExactly(1,H1,memberOf(H1,tOneHouseSet)) "
%~ 
%~ %%%%%%%%%%%%%%%%%%%%%%%%%%%%%%%%%%%%%%%%

( nesc( ~( thereExistExactly(1,H1,tHouse(H1)))) v 
  thereExistExactly(1,H1,memberOf(H1,tOneHouseSet))).

%  AND
%~ %%%%%%%%%%%%%%%%%%%%%%%%%%%%%%%%%%%%%%%%
%~  " thereExistExactly(1,H1,memberOf(H1,tOneHouseSet)) " is necessarily false  or " thereExistExactly(1,H1,tHouse(H1)) "
%~ 
%~ %%%%%%%%%%%%%%%%%%%%%%%%%%%%%%%%%%%%%%%%

( nesc( ~( thereExistExactly(1,H1,memberOf(H1,tOneHouseSet)))) v 
  thereExistExactly(1,H1,tHouse(H1))).

============================================



=======================================================
exactly(1,'[|]'('[|]'('$VAR'('H1'),'[|]'(tHouse,[])),[]),memberOf('$VAR'('H1'),tOneHouseSet))
============================================


?- kif_to_boxlog( exactly(1,[[H1,tHouse]],memberOf(H1,tOneHouseSet)) ).



% In English: 
%~ %%%%%%%%%%%%%%%%%%%%%%%%%%%%%%%%%%%%%%%%
%~  exactly(1,[[H1,tHouse]],memberOf(H1,tOneHouseSet))
%~ 
%~ %%%%%%%%%%%%%%%%%%%%%%%%%%%%%%%%%%%%%%%%
%~ %~ correct_special_quantifiers:-quant(exactly(1),H1,memberOf(H1,tOneHouseSet)&isa(H1,tHouse))
%~ kifi=exactly(1,[[H1,tHouse]],memberOf(H1,tOneHouseSet))
%~ kifm=nesc(quant(exactly(1),H1,memberOf(H1,tOneHouseSet)&isa(H1,tHouse)))
%~ kif_to_boxlog_attvars2 = necessary(quant(exactly(1),'$VAR'('H1'),and(memberOf('$VAR'('H1'),tOneHouseSet),isa('$VAR'('H1'),tHouse))))
%~ w_o_c(error=error(uninstantiation_error(H1),context(put_attr/3,'1-st argument')),common_logic_loader:kif_to_boxlog(exactly(1,[[H1,tHouse]],memberOf(H1,tOneHouseSet)),KB,rule11:0,_1116))
(0)$[system] '$c_call_prolog'.  no(clause) 
(2)$[system] catch('$toplevel':initialise_prolog,A,'$toplevel':initialise_error(A)).   %  init.pl:546: 
(3)[$toplevel] initialise_prolog.   %  toplevel.pl:495: 
(4)<*>$[$toplevel] load_associated_files('<garbage_collected>').   %  toplevel.pl:450: 
(8)$[system] '$load_file'('kif_io_test_01.pl',user,'<garbage_collected>').   %  init.pl:2353: 
(11)$[system]# '$sig_atomic'(setup_call_cleanup(with_mutex('$load_file','$mt_start_load'('* https://logicmoo.org:2082/gitlab/logicmoo/logicmoo_workspace/-/blob/master@2/packs_sys/logicmoo_base/t/examples/fol/kif_io_test_01.pl ',<clause>(0x56060120d580),[expand(false)])),'$mt_do_load'(<clause>(0x56060120d580),'kif_io_test_01.pl','* https://logicmoo.org:2082/gitlab/logicmoo/logicmoo_workspace/-/blob/master@2/packs_sys/logicmoo_base/t/examples/fol/kif_io_test_01.pl ',user,[expand(false)]),'$mt_end_load'(<clause>(0x56060120d580)))).  no(clause) 
(12)$[system] '$c_call_prolog'.  no(clause) 
(14)$[system]# setup_call_catcher_cleanup(system:with_mutex('$load_file','$mt_start_load'('* https://logicmoo.org:2082/gitlab/logicmoo/logicmoo_workspace/-/blob/master@2/packs_sys/logicmoo_base/t/examples/fol/kif_io_test_01.pl ',<clause>(0x56060120d580),[expand(false)])),system:'$mt_do_load'(<clause>(0x56060120d580),'kif_io_test_01.pl','* https://logicmoo.org:2082/gitlab/logicmoo/logicmoo_workspace/-/blob/master@2/packs_sys/logicmoo_base/t/examples/fol/kif_io_test_01.pl ',user,[expand(false)]),A,system:'$mt_end_load'(<clause>(0x56060120d580))).   %  init.pl:646: 
(16)$[system]# '$qdo_load_file'('kif_io_test_01.pl','* https://logicmoo.org:2082/gitlab/logicmoo/logicmoo_workspace/-/blob/master@2/packs_sys/logicmoo_base/t/examples/fol/kif_io_test_01.pl ',user,[expand(false)]).   %  init.pl:2546: 
(19)<*>$[system]# '$do_load_file_2'('kif_io_test_01.pl','* https://logicmoo.org:2082/gitlab/logicmoo/logicmoo_workspace/-/blob/master@2/packs_sys/logicmoo_base/t/examples/fol/kif_io_test_01.pl ',user,compiled,[expand(false)]).   %  init.pl:2592: 
(23)$[system]# setup_call_catcher_cleanup(system:'$start_consult'('* https://logicmoo.org:2082/gitlab/logicmoo/logicmoo_workspace/-/blob/master@2/packs_sys/logicmoo_base/t/examples/fol/kif_io_test_01.pl ',1631494506.7323513),system:'$load_file'('* https://logicmoo.org:2082/gitlab/logicmoo/logicmoo_workspace/-/blob/master@2/packs_sys/logicmoo_base/t/examples/fol/kif_io_test_01.pl ','* https://logicmoo.org:2082/gitlab/logicmoo/logicmoo_workspace/-/blob/master@2/packs_sys/logicmoo_base/t/examples/fol/kif_io_test_01.pl ',A,[expand(false)]),B,system:'$end_consult'('* https://logicmoo.org:2082/gitlab/logicmoo/logicmoo_workspace/-/blob/master@2/packs_sys/logicmoo_base/t/examples/fol/kif_io_test_01.pl ',lexstate(202,swi),user)).   %  init.pl:646: 
(24)<*>$[system]# '$load_file'('* https://logicmoo.org:2082/gitlab/logicmoo/logicmoo_workspace/-/blob/master@2/packs_sys/logicmoo_base/t/examples/fol/kif_io_test_01.pl ','* https://logicmoo.org:2082/gitlab/logicmoo/logicmoo_workspace/-/blob/master@2/packs_sys/logicmoo_base/t/examples/fol/kif_io_test_01.pl ',A,[expand(false)]).   %  init.pl:3007: 
(30)<*>$[system] '$execute_directive_3'(kif_io).   %  init.pl:3574: 
(31)$[system] catch(baseKB:kif_io,error(A,B),system:'$exception_in_directive'(error(A,B))).   %  init.pl:546: 
(33)[baseKB] common_logic_loader:kif_io('<garbage_collected>','<garbage_collected>').   %  common_logic_loader.pl:228: 
(34)[baseKB] with_output_to(<stream>(0x5606001f6900),load_clif(<stream>(0x560612bbce00))).  no(clause) 
(35)$[system] '$c_call_prolog'.  no(clause) 
(42)$[locally_each] locally_each:wtl_how('<garbage_collected>','<garbage_collected>','<garbage_collected>','<garbage_collected>','<garbage_collected>').   %  redo_locally.pl:217: 
(46)$[system] setup_call_catcher_cleanup(locally_each:key_asserta(t_l,t_l:sreader_options(logicmoo_read_kif,true)),each_call_cleanup:((baseKB:with_lisp_translation(<stream>(0x560612bbce00),kif_process_once),deterministic(A)),(notrace(A==true)->!;mquietly(locally_each:key_erase(t_l)),notrace(nb_setarg(1,mquietly(locally_each:key_erase(t_l)),true));locally_each:key_asserta(t_l,t_l:sreader_options(logicmoo_read_kif,true)),notrace(nb_setarg(1,mquietly(locally_each:key_erase(t_l)),locally_each:key_erase(t_l))),notrace(fail))),B,each_call_cleanup:mquietly(locally_each:key_erase(t_l))).   %  init.pl:646: 
(47)$[each_call_cleanup] '<meta-call>'('<garbage_collected>').  no(clause) 
(49)[s3xpr] s3xpr:with_lisp_translation_stream(<stream>(0x560612bbce00),baseKB:kif_process_once).   %  sreader.pl:109: 
(50)$[dcg_meta] dcg_meta:zalwayz(s3xpr:call_proc(baseKB:kif_process_once,[exactly,1,[[H1,tHouse]],[memberOf,H1,tOneHouseSet]])).   %  dcg_meta.pl:514: 
(51)$[dcg_meta] notrace(catch(s3xpr:call_proc(baseKB:kif_process_once,[exactly,1,[[H1,tHouse]],[memberOf,H1,tOneHouseSet]]),A,fail)).  no(clause) 
(52)$[system] '$c_call_prolog'.  no(clause) 
(53)$[system] catch(s3xpr:call_proc(baseKB:kif_process_once,[exactly,1,[[H1,tHouse]],[memberOf,H1,tOneHouseSet]]),A,dcg_meta:fail).   %  init.pl:546: 
(54)[s3xpr] s3xpr:call_proc(baseKB:kif_process_once,'<garbage_collected>').   %  sreader.pl:116: 
(56)<*>[must_sanity]# must_sanity:baseKB:once(kif_process([exactly,1,[[H1,tHouse]],[memberOf,H1,tOneHouseSet]])).   %  must_sanity.pl:65: 
(57)$[system] once('<garbage_collected>').   %  init.pl:519: 
(58)<*>$[common_logic_loader] common_logic_loader:kif_process('<garbage_collected>').   %  common_logic_loader.pl:107: 
(61)<*>[ucatch] ucatch:one_must('<garbage_collected>',bugger:(nop(dumpST),debugm1(common_logic_loader,show_failed(common_logic_loader,common_logic_loader:kif_process(tell,[exactly,1,[[H1,tHouse]],[memberOf,H1,tOneHouseSet]]))),nop(break),!,fail)).   %  ucatch.pl:1713: 
(62)$[bugger] bugger:dcall0('<garbage_collected>').   %  bugger.pl:1399: 
(63)<*>$[common_logic_loader] common_logic_loader:kif_process(tell,'<garbage_collected>').   %  common_logic_loader.pl:146: 
(66)<*>[ucatch] ucatch:one_must('<garbage_collected>',bugger:(nop(dumpST),debugm1(common_logic_loader,show_failed(common_logic_loader,common_logic_loader:kif_process(tell,exactly(1,[[H1,tHouse]],memberOf(H1,tOneHouseSet))))),nop(break),!,fail)).   %  ucatch.pl:1713: 
(67)$[bugger] bugger:dcall0('<garbage_collected>').   %  bugger.pl:1399: 
(72)<*>[ucatch] ucatch:one_must('<garbage_collected>',bugger:(nop(dumpST),debugm1(common_logic_loader,show_failed(common_logic_loader,common_logic_loader:kif_add(exactly(1,[[H1,tHouse]],memberOf(H1,tOneHouseSet))))),nop(break),!,fail)).   %  ucatch.pl:1713: 
(73)$[bugger] bugger:dcall0('<garbage_collected>').   %  bugger.pl:1399: 
(74)[common_logic_loader] common_logic_snark:kif_add(exactly(1,[[H1,tHouse]],memberOf(H1,tOneHouseSet))).   %  common_logic_snark.pl:1664: 
(75)[common_logic_loader] common_logic_snark:kif_add2('<garbage_collected>').   %  common_logic_snark.pl:1670: 
(76)[common_logic_loader] common_logic_snark:kif_to_boxlog('<garbage_collected>').   %  common_logic_snark.pl:1063: 
(77)[common_logic_loader] common_logic_snark:kif_to_boxlog('<garbage_collected>','<garbage_collected>').   %  common_logic_snark.pl:1099: 
(78)<*>[must_sanity]# must_sanity:common_logic_loader:kif_to_boxlog(exactly(1,[[H1,tHouse]],memberOf(H1,tOneHouseSet)),A,rule11:0).   %  must_sanity.pl:65: 
(79)[common_logic_loader] common_logic_snark:kif_to_boxlog('<garbage_collected>','<garbage_collected>','<garbage_collected>').   %  common_logic_snark.pl:1107: 
(80)[locally_each] locally_each:w_o_c('<garbage_collected>').   %  redo_locally.pl:86: 
(81)$[system] catch(locally_each:w_o_c(error,common_logic_loader:kif_to_boxlog(exactly(1,[[H1,tHouse]],memberOf(H1,tOneHouseSet)),KB,rule11:0,A)),error(uninstantiation_error(H1),context(put_attr/3,'1-st argument')),locally_each:(wdmsg(w_o_c(error=error(uninstantiation_error(H1),context(put_attr/3,'1-st argument')),common_logic_loader:kif_to_boxlog(exactly(1,[[H1,tHouse]],memberOf(H1,tOneHouseSet)),KB,rule11:0,A))),dumpST,wdmsg(w_o_c(error=error(uninstantiation_error(H1),context(put_attr/3,'1-st argument')),common_logic_loader:kif_to_boxlog(exactly(1,[[H1,tHouse]],memberOf(H1,tOneHouseSet)),KB,rule11:0,A))),break,trace,common_logic_loader:kif_to_boxlog(exactly(1,[[H1,tHouse]],memberOf(H1,tOneHouseSet)),KB,rule11:0,A))).   %  init.pl:546: 
(82)$[locally_each] '<meta-call>'(locally_each:(wdmsg(w_o_c(error=error(uninstantiation_error(H1),context(put_attr/3,'1-st argument')),common_logic_loader:kif_to_boxlog(exactly(1,[[H1,tHouse]],memberOf(H1,tOneHouseSet)),KB,rule11:0,A))),dumpST,wdmsg(w_o_c(error=error(uninstantiation_error(H1),context(put_attr/3,'1-st argument')),common_logic_loader:kif_to_boxlog(exactly(1,[[H1,tHouse]],memberOf(H1,tOneHouseSet)),KB,rule11:0,A))),break,trace,common_logic_loader:kif_to_boxlog(exactly(1,[[H1,tHouse]],memberOf(H1,tOneHouseSet)),KB,rule11:0,A))).  no(clause) 
(83)[locally_each] dumpst:dumpST.   %  dumpst.pl:150: 
%~ w_o_c(error=error(uninstantiation_error(H1),context(put_attr/3,'1-st argument')),common_logic_loader:kif_to_boxlog(exactly(1,[[H1,tHouse]],memberOf(H1,tOneHouseSet)),KB,rule11:0,_1116))

%~ %~ correct_special_quantifiers:-quant(exactly(1),H1,memberOf(H1,tOneHouseSet)&isa(H1,tHouse))%~ kifi=exactly(1,[[H1,tHouse]],memberOf(H1,tOneHouseSet))%~ kifm=nesc(quant(exactly(1),H1,memberOf(H1,tOneHouseSet)&isa(H1,tHouse)))%~ %~ as_sigma:-necessary(quant(exactly(1),H1,and(memberOf(H1,tOneHouseSet),isa(H1,tHouse))))%~ kif_to_boxlog_attvars2 = necessary(quant(exactly(1),'$VAR'('H1'),and(memberOf('$VAR'('H1'),tOneHouseSet),isa('$VAR'('H1'),tHouse))))%~ %~ as_dlog:-nesc(v(nesc(~quant(exactly(1),H1,isa(H1,tHouse))),quant(exactly(1),H1,memberOf(H1,tOneHouseSet))))&nesc(v(nesc(~quant(exactly(1),H1,memberOf(H1,tOneHouseSet))),quant(exactly(1),H1,isa(H1,tHouse))))



=======================================================
exactly(2,'[|]'('[|]'('$VAR'('H1'),'[|]'(tHouse,[])),[]),memberOf('$VAR'('H1'),tTwoHouseSet))
============================================


?- kif_to_boxlog( exactly(2,[[H1,tHouse]],memberOf(H1,tTwoHouseSet)) ).



% In English: 
%~ %%%%%%%%%%%%%%%%%%%%%%%%%%%%%%%%%%%%%%%%
%~  exactly(2,[[H1,tHouse]],memberOf(H1,tTwoHouseSet))
%~ 
%~ %%%%%%%%%%%%%%%%%%%%%%%%%%%%%%%%%%%%%%%%
%~ %~ correct_special_quantifiers:-quant(exactly(2),H1,memberOf(H1,tTwoHouseSet)&isa(H1,tHouse))
%~ kifi=exactly(2,[[H1,tHouse]],memberOf(H1,tTwoHouseSet))
%~ kifm=nesc(quant(exactly(2),H1,memberOf(H1,tTwoHouseSet)&isa(H1,tHouse)))
%~ kif_to_boxlog_attvars2 = necessary(quant(exactly(2),'$VAR'('H1'),and(memberOf('$VAR'('H1'),tTwoHouseSet),isa('$VAR'('H1'),tHouse))))
%~ w_o_c(error=error(uninstantiation_error(H1),context(put_attr/3,'1-st argument')),common_logic_loader:kif_to_boxlog(exactly(2,[[H1,tHouse]],memberOf(H1,tTwoHouseSet)),KB,rule12:0,_1821166))
(0)$[system] '$c_call_prolog'.  no(clause) 
(2)$[system] catch('$toplevel':initialise_prolog,A,'$toplevel':initialise_error(A)).   %  init.pl:546: 
(3)[$toplevel] initialise_prolog.   %  toplevel.pl:495: 
(4)<*>$[$toplevel] load_associated_files('<garbage_collected>').   %  toplevel.pl:450: 
(8)$[system] '$load_file'('kif_io_test_01.pl',user,'<garbage_collected>').   %  init.pl:2353: 
(11)$[system]# '$sig_atomic'(setup_call_cleanup(with_mutex('$load_file','$mt_start_load'('* https://logicmoo.org:2082/gitlab/logicmoo/logicmoo_workspace/-/blob/master@2/packs_sys/logicmoo_base/t/examples/fol/kif_io_test_01.pl ',<clause>(0x56060120d580),[expand(false)])),'$mt_do_load'(<clause>(0x56060120d580),'kif_io_test_01.pl','* https://logicmoo.org:2082/gitlab/logicmoo/logicmoo_workspace/-/blob/master@2/packs_sys/logicmoo_base/t/examples/fol/kif_io_test_01.pl ',user,[expand(false)]),'$mt_end_load'(<clause>(0x56060120d580)))).  no(clause) 
(12)$[system] '$c_call_prolog'.  no(clause) 
(14)$[system]# setup_call_catcher_cleanup(system:with_mutex('$load_file','$mt_start_load'('* https://logicmoo.org:2082/gitlab/logicmoo/logicmoo_workspace/-/blob/master@2/packs_sys/logicmoo_base/t/examples/fol/kif_io_test_01.pl ',<clause>(0x56060120d580),[expand(false)])),system:'$mt_do_load'(<clause>(0x56060120d580),'kif_io_test_01.pl','* https://logicmoo.org:2082/gitlab/logicmoo/logicmoo_workspace/-/blob/master@2/packs_sys/logicmoo_base/t/examples/fol/kif_io_test_01.pl ',user,[expand(false)]),A,system:'$mt_end_load'(<clause>(0x56060120d580))).   %  init.pl:646: 
(16)$[system]# '$qdo_load_file'('kif_io_test_01.pl','* https://logicmoo.org:2082/gitlab/logicmoo/logicmoo_workspace/-/blob/master@2/packs_sys/logicmoo_base/t/examples/fol/kif_io_test_01.pl ',user,[expand(false)]).   %  init.pl:2546: 
(19)<*>$[system]# '$do_load_file_2'('kif_io_test_01.pl','* https://logicmoo.org:2082/gitlab/logicmoo/logicmoo_workspace/-/blob/master@2/packs_sys/logicmoo_base/t/examples/fol/kif_io_test_01.pl ',user,compiled,[expand(false)]).   %  init.pl:2592: 
(23)$[system]# setup_call_catcher_cleanup(system:'$start_consult'('* https://logicmoo.org:2082/gitlab/logicmoo/logicmoo_workspace/-/blob/master@2/packs_sys/logicmoo_base/t/examples/fol/kif_io_test_01.pl ',1631494506.7323513),system:'$load_file'('* https://logicmoo.org:2082/gitlab/logicmoo/logicmoo_workspace/-/blob/master@2/packs_sys/logicmoo_base/t/examples/fol/kif_io_test_01.pl ','* https://logicmoo.org:2082/gitlab/logicmoo/logicmoo_workspace/-/blob/master@2/packs_sys/logicmoo_base/t/examples/fol/kif_io_test_01.pl ',A,[expand(false)]),B,system:'$end_consult'('* https://logicmoo.org:2082/gitlab/logicmoo/logicmoo_workspace/-/blob/master@2/packs_sys/logicmoo_base/t/examples/fol/kif_io_test_01.pl ',lexstate(202,swi),user)).   %  init.pl:646: 
(24)<*>$[system]# '$load_file'('* https://logicmoo.org:2082/gitlab/logicmoo/logicmoo_workspace/-/blob/master@2/packs_sys/logicmoo_base/t/examples/fol/kif_io_test_01.pl ','* https://logicmoo.org:2082/gitlab/logicmoo/logicmoo_workspace/-/blob/master@2/packs_sys/logicmoo_base/t/examples/fol/kif_io_test_01.pl ',A,[expand(false)]).   %  init.pl:3007: 
(30)<*>$[system] '$execute_directive_3'(kif_io).   %  init.pl:3574: 
(31)$[system] catch(baseKB:kif_io,error(A,B),system:'$exception_in_directive'(error(A,B))).   %  init.pl:546: 
(33)[baseKB] common_logic_loader:kif_io('<garbage_collected>','<garbage_collected>').   %  common_logic_loader.pl:228: 
(34)[baseKB] with_output_to(<stream>(0x5606001f6900),load_clif(<stream>(0x560612bbce00))).  no(clause) 
(35)$[system] '$c_call_prolog'.  no(clause) 
(42)$[locally_each] locally_each:wtl_how('<garbage_collected>','<garbage_collected>','<garbage_collected>','<garbage_collected>','<garbage_collected>').   %  redo_locally.pl:217: 
(46)$[system] setup_call_catcher_cleanup(locally_each:key_asserta(t_l,t_l:sreader_options(logicmoo_read_kif,true)),each_call_cleanup:((baseKB:with_lisp_translation(<stream>(0x560612bbce00),kif_process_once),deterministic(A)),(notrace(A==true)->!;mquietly(locally_each:key_erase(t_l)),notrace(nb_setarg(1,mquietly(locally_each:key_erase(t_l)),true));locally_each:key_asserta(t_l,t_l:sreader_options(logicmoo_read_kif,true)),notrace(nb_setarg(1,mquietly(locally_each:key_erase(t_l)),locally_each:key_erase(t_l))),notrace(fail))),B,each_call_cleanup:mquietly(locally_each:key_erase(t_l))).   %  init.pl:646: 
(47)$[each_call_cleanup] '<meta-call>'('<garbage_collected>').  no(clause) 
(49)[s3xpr] s3xpr:with_lisp_translation_stream(<stream>(0x560612bbce00),baseKB:kif_process_once).   %  sreader.pl:109: 
(50)$[dcg_meta] dcg_meta:zalwayz(s3xpr:call_proc(baseKB:kif_process_once,[exactly,2,[[H1,tHouse]],[memberOf,H1,tTwoHouseSet]])).   %  dcg_meta.pl:514: 
(51)$[dcg_meta] notrace(catch(s3xpr:call_proc(baseKB:kif_process_once,[exactly,2,[[H1,tHouse]],[memberOf,H1,tTwoHouseSet]]),A,fail)).  no(clause) 
(52)$[system] '$c_call_prolog'.  no(clause) 
(53)$[system] catch(s3xpr:call_proc(baseKB:kif_process_once,[exactly,2,[[H1,tHouse]],[memberOf,H1,tTwoHouseSet]]),A,dcg_meta:fail).   %  init.pl:546: 
(54)[s3xpr] s3xpr:call_proc(baseKB:kif_process_once,[exactly,2,[[H1,tHouse]],[memberOf,H1,tTwoHouseSet]]).   %  sreader.pl:116: 
(56)<*>[must_sanity]# must_sanity:baseKB:once(kif_process([exactly,2,[[H1,tHouse]],[memberOf,H1,tTwoHouseSet]])).   %  must_sanity.pl:65: 
(57)$[system] once(baseKB:kif_process([exactly,2,[[H1,tHouse]],[memberOf,H1,tTwoHouseSet]])).   %  init.pl:519: 
(58)<*>$[common_logic_loader] common_logic_loader:kif_process([exactly,2,[[H1,tHouse]],[memberOf,H1,tTwoHouseSet]]).   %  common_logic_loader.pl:107: 
(61)<*>[ucatch] ucatch:one_must(bugger:dcall0(common_logic_loader:kif_process(tell,[exactly,2,[[H1,tHouse]],[memberOf,H1,tTwoHouseSet]])),bugger:(nop(dumpST),debugm1(common_logic_loader,show_failed(common_logic_loader,common_logic_loader:kif_process(tell,[exactly,2,[[H1,tHouse]],[memberOf,H1,tTwoHouseSet]]))),nop(break),!,fail)).   %  ucatch.pl:1713: 
(62)$[bugger] bugger:dcall0(common_logic_loader:kif_process(tell,[exactly,2,[[H1,tHouse]],[memberOf,H1,tTwoHouseSet]])).   %  bugger.pl:1399: 
(63)<*>$[common_logic_loader] common_logic_loader:kif_process(tell,[exactly,2,[[H1,tHouse]],[memberOf,H1,tTwoHouseSet]]).   %  common_logic_loader.pl:146: 
(66)<*>[ucatch] ucatch:one_must(bugger:dcall0(common_logic_loader:kif_process(tell,exactly(2,[[H1,tHouse]],memberOf(H1,tTwoHouseSet)))),bugger:(nop(dumpST),debugm1(common_logic_loader,show_failed(common_logic_loader,common_logic_loader:kif_process(tell,exactly(2,[[H1,tHouse]],memberOf(H1,tTwoHouseSet))))),nop(break),!,fail)).   %  ucatch.pl:1713: 
(67)$[bugger] bugger:dcall0(common_logic_loader:kif_process(tell,exactly(2,[[H1,tHouse]],memberOf(H1,tTwoHouseSet)))).   %  bugger.pl:1399: 
(72)<*>[ucatch] ucatch:one_must(bugger:dcall0(common_logic_loader:kif_add(exactly(2,[[H1,tHouse]],memberOf(H1,tTwoHouseSet)))),bugger:(nop(dumpST),debugm1(common_logic_loader,show_failed(common_logic_loader,common_logic_loader:kif_add(exactly(2,[[H1,tHouse]],memberOf(H1,tTwoHouseSet))))),nop(break),!,fail)).   %  ucatch.pl:1713: 
(73)$[bugger] bugger:dcall0(common_logic_loader:kif_add(exactly(2,[[H1,tHouse]],memberOf(H1,tTwoHouseSet)))).   %  bugger.pl:1399: 
(74)[common_logic_loader] common_logic_snark:kif_add(exactly(2,[[H1,tHouse]],memberOf(H1,tTwoHouseSet))).   %  common_logic_snark.pl:1664: 
(75)[common_logic_loader] common_logic_snark:kif_add2(exactly(2,[[H1,tHouse]],memberOf(H1,tTwoHouseSet))).   %  common_logic_snark.pl:1670: 
(76)[common_logic_loader] common_logic_snark:kif_to_boxlog(exactly(2,[[H1,tHouse]],memberOf(H1,tTwoHouseSet))).   %  common_logic_snark.pl:1063: 
(77)[common_logic_loader] common_logic_snark:kif_to_boxlog(exactly(2,[[H1,tHouse]],memberOf(H1,tTwoHouseSet)),A).   %  common_logic_snark.pl:1099: 
(78)<*>[must_sanity]# must_sanity:common_logic_loader:kif_to_boxlog(exactly(2,[[H1,tHouse]],memberOf(H1,tTwoHouseSet)),A,rule12:0).   %  must_sanity.pl:65: 
(79)[common_logic_loader] common_logic_snark:kif_to_boxlog(exactly(2,[[H1,tHouse]],memberOf(H1,tTwoHouseSet)),A,rule12:0).   %  common_logic_snark.pl:1107: 
(80)[locally_each] locally_each:w_o_c(common_logic_loader:kif_to_boxlog(exactly(2,[[H1,tHouse]],memberOf(H1,tTwoHouseSet)),KB,rule12:0,A)).   %  redo_locally.pl:86: 
(81)$[system] catch(locally_each:w_o_c(error,common_logic_loader:kif_to_boxlog(exactly(2,[[H1,tHouse]],memberOf(H1,tTwoHouseSet)),KB,rule12:0,A)),error(uninstantiation_error(H1),context(put_attr/3,'1-st argument')),locally_each:(wdmsg(w_o_c(error=error(uninstantiation_error(H1),context(put_attr/3,'1-st argument')),common_logic_loader:kif_to_boxlog(exactly(2,[[H1,tHouse]],memberOf(H1,tTwoHouseSet)),KB,rule12:0,A))),dumpST,wdmsg(w_o_c(error=error(uninstantiation_error(H1),context(put_attr/3,'1-st argument')),common_logic_loader:kif_to_boxlog(exactly(2,[[H1,tHouse]],memberOf(H1,tTwoHouseSet)),KB,rule12:0,A))),break,trace,common_logic_loader:kif_to_boxlog(exactly(2,[[H1,tHouse]],memberOf(H1,tTwoHouseSet)),KB,rule12:0,A))).   %  init.pl:546: 
(82)$[locally_each] '<meta-call>'(locally_each:(wdmsg(w_o_c(error=error(uninstantiation_error(H1),context(put_attr/3,'1-st argument')),common_logic_loader:kif_to_boxlog(exactly(2,[[H1,tHouse]],memberOf(H1,tTwoHouseSet)),KB,rule12:0,A))),dumpST,wdmsg(w_o_c(error=error(uninstantiation_error(H1),context(put_attr/3,'1-st argument')),common_logic_loader:kif_to_boxlog(exactly(2,[[H1,tHouse]],memberOf(H1,tTwoHouseSet)),KB,rule12:0,A))),break,trace,common_logic_loader:kif_to_boxlog(exactly(2,[[H1,tHouse]],memberOf(H1,tTwoHouseSet)),KB,rule12:0,A))).  no(clause) 
(83)[locally_each] dumpst:dumpST.   %  dumpst.pl:150: 
%~ w_o_c(error=error(uninstantiation_error(H1),context(put_attr/3,'1-st argument')),common_logic_loader:kif_to_boxlog(exactly(2,[[H1,tHouse]],memberOf(H1,tTwoHouseSet)),KB,rule12:0,_1821166))

%~ %~ correct_special_quantifiers:-quant(exactly(2),H1,memberOf(H1,tTwoHouseSet)&isa(H1,tHouse))%~ kifi=exactly(2,[[H1,tHouse]],memberOf(H1,tTwoHouseSet))%~ kifm=nesc(quant(exactly(2),H1,memberOf(H1,tTwoHouseSet)&isa(H1,tHouse)))%~ %~ as_sigma:-necessary(quant(exactly(2),H1,and(memberOf(H1,tTwoHouseSet),isa(H1,tHouse))))%~ kif_to_boxlog_attvars2 = necessary(quant(exactly(2),'$VAR'('H1'),and(memberOf('$VAR'('H1'),tTwoHouseSet),isa('$VAR'('H1'),tHouse))))%~ %~ as_dlog:-nesc(v(nesc(~quant(exactly(2),H1,isa(H1,tHouse))),quant(exactly(2),H1,memberOf(H1,tTwoHouseSet))))&nesc(v(nesc(~quant(exactly(2),H1,memberOf(H1,tTwoHouseSet))),quant(exactly(2),H1,isa(H1,tHouse))))



=======================================================
exactly(5,'[|]'('[|]'('$VAR'('H1'),'[|]'(tHouse,[])),[]),memberOf('$VAR'('H1'),tFiveHouseSet))
============================================


?- kif_to_boxlog( exactly(5,[[H1,tHouse]],memberOf(H1,tFiveHouseSet)) ).



% In English: 
%~ %%%%%%%%%%%%%%%%%%%%%%%%%%%%%%%%%%%%%%%%
%~  exactly(5,[[H1,tHouse]],memberOf(H1,tFiveHouseSet))
%~ 
%~ %%%%%%%%%%%%%%%%%%%%%%%%%%%%%%%%%%%%%%%%
%~ %~ correct_special_quantifiers:-quant(exactly(5),H1,memberOf(H1,tFiveHouseSet)&isa(H1,tHouse))
%~ kifi=exactly(5,[[H1,tHouse]],memberOf(H1,tFiveHouseSet))
%~ kifm=nesc(quant(exactly(5),H1,memberOf(H1,tFiveHouseSet)&isa(H1,tHouse)))
%~ kif_to_boxlog_attvars2 = necessary(quant(exactly(5),'$VAR'('H1'),and(memberOf('$VAR'('H1'),tFiveHouseSet),isa('$VAR'('H1'),tHouse))))
%~ w_o_c(error=error(uninstantiation_error(H1),context(put_attr/3,'1-st argument')),common_logic_loader:kif_to_boxlog(exactly(5,[[H1,tHouse]],memberOf(H1,tFiveHouseSet)),KB,rule13:0,_4141584))
(0)$[system] '$c_call_prolog'.  no(clause) 
(2)$[system] catch('$toplevel':initialise_prolog,A,'$toplevel':initialise_error(A)).   %  init.pl:546: 
(3)[$toplevel] initialise_prolog.   %  toplevel.pl:495: 
(4)<*>$[$toplevel] load_associated_files('<garbage_collected>').   %  toplevel.pl:450: 
(8)$[system] '$load_file'('kif_io_test_01.pl',user,'<garbage_collected>').   %  init.pl:2353: 
(11)$[system]# '$sig_atomic'(setup_call_cleanup(with_mutex('$load_file','$mt_start_load'('* https://logicmoo.org:2082/gitlab/logicmoo/logicmoo_workspace/-/blob/master@2/packs_sys/logicmoo_base/t/examples/fol/kif_io_test_01.pl ',<clause>(0x56060120d580),[expand(false)])),'$mt_do_load'(<clause>(0x56060120d580),'kif_io_test_01.pl','* https://logicmoo.org:2082/gitlab/logicmoo/logicmoo_workspace/-/blob/master@2/packs_sys/logicmoo_base/t/examples/fol/kif_io_test_01.pl ',user,[expand(false)]),'$mt_end_load'(<clause>(0x56060120d580)))).  no(clause) 
(12)$[system] '$c_call_prolog'.  no(clause) 
(14)$[system]# setup_call_catcher_cleanup(system:with_mutex('$load_file','$mt_start_load'('* https://logicmoo.org:2082/gitlab/logicmoo/logicmoo_workspace/-/blob/master@2/packs_sys/logicmoo_base/t/examples/fol/kif_io_test_01.pl ',<clause>(0x56060120d580),[expand(false)])),system:'$mt_do_load'(<clause>(0x56060120d580),'kif_io_test_01.pl','* https://logicmoo.org:2082/gitlab/logicmoo/logicmoo_workspace/-/blob/master@2/packs_sys/logicmoo_base/t/examples/fol/kif_io_test_01.pl ',user,[expand(false)]),A,system:'$mt_end_load'(<clause>(0x56060120d580))).   %  init.pl:646: 
(16)$[system]# '$qdo_load_file'('kif_io_test_01.pl','* https://logicmoo.org:2082/gitlab/logicmoo/logicmoo_workspace/-/blob/master@2/packs_sys/logicmoo_base/t/examples/fol/kif_io_test_01.pl ',user,[expand(false)]).   %  init.pl:2546: 
(19)<*>$[system]# '$do_load_file_2'('kif_io_test_01.pl','* https://logicmoo.org:2082/gitlab/logicmoo/logicmoo_workspace/-/blob/master@2/packs_sys/logicmoo_base/t/examples/fol/kif_io_test_01.pl ',user,compiled,[expand(false)]).   %  init.pl:2592: 
(23)$[system]# setup_call_catcher_cleanup(system:'$start_consult'('* https://logicmoo.org:2082/gitlab/logicmoo/logicmoo_workspace/-/blob/master@2/packs_sys/logicmoo_base/t/examples/fol/kif_io_test_01.pl ',1631494506.7323513),system:'$load_file'('* https://logicmoo.org:2082/gitlab/logicmoo/logicmoo_workspace/-/blob/master@2/packs_sys/logicmoo_base/t/examples/fol/kif_io_test_01.pl ','* https://logicmoo.org:2082/gitlab/logicmoo/logicmoo_workspace/-/blob/master@2/packs_sys/logicmoo_base/t/examples/fol/kif_io_test_01.pl ',A,[expand(false)]),B,system:'$end_consult'('* https://logicmoo.org:2082/gitlab/logicmoo/logicmoo_workspace/-/blob/master@2/packs_sys/logicmoo_base/t/examples/fol/kif_io_test_01.pl ',lexstate(202,swi),user)).   %  init.pl:646: 
(24)<*>$[system]# '$load_file'('* https://logicmoo.org:2082/gitlab/logicmoo/logicmoo_workspace/-/blob/master@2/packs_sys/logicmoo_base/t/examples/fol/kif_io_test_01.pl ','* https://logicmoo.org:2082/gitlab/logicmoo/logicmoo_workspace/-/blob/master@2/packs_sys/logicmoo_base/t/examples/fol/kif_io_test_01.pl ',A,[expand(false)]).   %  init.pl:3007: 
(30)<*>$[system] '$execute_directive_3'(kif_io).   %  init.pl:3574: 
(31)$[system] catch(baseKB:kif_io,error(A,B),system:'$exception_in_directive'(error(A,B))).   %  init.pl:546: 
(33)[baseKB] common_logic_loader:kif_io('<garbage_collected>','<garbage_collected>').   %  common_logic_loader.pl:228: 
(34)[baseKB] with_output_to(<stream>(0x5606001f6900),load_clif(<stream>(0x560612bbce00))).  no(clause) 
(35)$[system] '$c_call_prolog'.  no(clause) 
(42)$[locally_each] locally_each:wtl_how('<garbage_collected>','<garbage_collected>','<garbage_collected>','<garbage_collected>','<garbage_collected>').   %  redo_locally.pl:217: 
(46)$[system] setup_call_catcher_cleanup(locally_each:key_asserta(t_l,t_l:sreader_options(logicmoo_read_kif,true)),each_call_cleanup:((baseKB:with_lisp_translation(<stream>(0x560612bbce00),kif_process_once),deterministic(A)),(notrace(A==true)->!;mquietly(locally_each:key_erase(t_l)),notrace(nb_setarg(1,mquietly(locally_each:key_erase(t_l)),true));locally_each:key_asserta(t_l,t_l:sreader_options(logicmoo_read_kif,true)),notrace(nb_setarg(1,mquietly(locally_each:key_erase(t_l)),locally_each:key_erase(t_l))),notrace(fail))),B,each_call_cleanup:mquietly(locally_each:key_erase(t_l))).   %  init.pl:646: 
(47)$[each_call_cleanup] '<meta-call>'('<garbage_collected>').  no(clause) 
(49)[s3xpr] s3xpr:with_lisp_translation_stream(<stream>(0x560612bbce00),baseKB:kif_process_once).   %  sreader.pl:109: 
(50)$[dcg_meta] dcg_meta:zalwayz(s3xpr:call_proc(baseKB:kif_process_once,[exactly,5,[[H1,tHouse]],[memberOf,H1,tFiveHouseSet]])).   %  dcg_meta.pl:514: 
(51)$[dcg_meta] notrace(catch(s3xpr:call_proc(baseKB:kif_process_once,[exactly,5,[[H1,tHouse]],[memberOf,H1,tFiveHouseSet]]),A,fail)).  no(clause) 
(52)$[system] '$c_call_prolog'.  no(clause) 
(53)$[system] catch(s3xpr:call_proc(baseKB:kif_process_once,[exactly,5,[[H1,tHouse]],[memberOf,H1,tFiveHouseSet]]),A,dcg_meta:fail).   %  init.pl:546: 
(54)[s3xpr] s3xpr:call_proc(baseKB:kif_process_once,[exactly,5,[[H1,tHouse]],[memberOf,H1,tFiveHouseSet]]).   %  sreader.pl:116: 
(56)<*>[must_sanity]# must_sanity:baseKB:once(kif_process([exactly,5,[[H1,tHouse]],[memberOf,H1,tFiveHouseSet]])).   %  must_sanity.pl:65: 
(57)$[system] once(baseKB:kif_process([exactly,5,[[H1,tHouse]],[memberOf,H1,tFiveHouseSet]])).   %  init.pl:519: 
(58)<*>$[common_logic_loader] common_logic_loader:kif_process([exactly,5,[[H1,tHouse]],[memberOf,H1,tFiveHouseSet]]).   %  common_logic_loader.pl:107: 
(61)<*>[ucatch] ucatch:one_must(bugger:dcall0(common_logic_loader:kif_process(tell,[exactly,5,[[H1,tHouse]],[memberOf,H1,tFiveHouseSet]])),bugger:(nop(dumpST),debugm1(common_logic_loader,show_failed(common_logic_loader,common_logic_loader:kif_process(tell,[exactly,5,[[H1,tHouse]],[memberOf,H1,tFiveHouseSet]]))),nop(break),!,fail)).   %  ucatch.pl:1713: 
(62)$[bugger] bugger:dcall0(common_logic_loader:kif_process(tell,[exactly,5,[[H1,tHouse]],[memberOf,H1,tFiveHouseSet]])).   %  bugger.pl:1399: 
(63)<*>$[common_logic_loader] common_logic_loader:kif_process(tell,[exactly,5,[[H1,tHouse]],[memberOf,H1,tFiveHouseSet]]).   %  common_logic_loader.pl:146: 
(66)<*>[ucatch] ucatch:one_must(bugger:dcall0(common_logic_loader:kif_process(tell,exactly(5,[[H1,tHouse]],memberOf(H1,tFiveHouseSet)))),bugger:(nop(dumpST),debugm1(common_logic_loader,show_failed(common_logic_loader,common_logic_loader:kif_process(tell,exactly(5,[[H1,tHouse]],memberOf(H1,tFiveHouseSet))))),nop(break),!,fail)).   %  ucatch.pl:1713: 
(67)$[bugger] bugger:dcall0(common_logic_loader:kif_process(tell,exactly(5,[[H1,tHouse]],memberOf(H1,tFiveHouseSet)))).   %  bugger.pl:1399: 
(72)<*>[ucatch] ucatch:one_must(bugger:dcall0(common_logic_loader:kif_add(exactly(5,[[H1,tHouse]],memberOf(H1,tFiveHouseSet)))),bugger:(nop(dumpST),debugm1(common_logic_loader,show_failed(common_logic_loader,common_logic_loader:kif_add(exactly(5,[[H1,tHouse]],memberOf(H1,tFiveHouseSet))))),nop(break),!,fail)).   %  ucatch.pl:1713: 
(73)$[bugger] bugger:dcall0(common_logic_loader:kif_add(exactly(5,[[H1,tHouse]],memberOf(H1,tFiveHouseSet)))).   %  bugger.pl:1399: 
(74)[common_logic_loader] common_logic_snark:kif_add(exactly(5,[[H1,tHouse]],memberOf(H1,tFiveHouseSet))).   %  common_logic_snark.pl:1664: 
(75)[common_logic_loader] common_logic_snark:kif_add2(exactly(5,[[H1,tHouse]],memberOf(H1,tFiveHouseSet))).   %  common_logic_snark.pl:1670: 
(76)[common_logic_loader] common_logic_snark:kif_to_boxlog(exactly(5,[[H1,tHouse]],memberOf(H1,tFiveHouseSet))).   %  common_logic_snark.pl:1063: 
(77)[common_logic_loader] common_logic_snark:kif_to_boxlog(exactly(5,[[H1,tHouse]],memberOf(H1,tFiveHouseSet)),A).   %  common_logic_snark.pl:1099: 
(78)<*>[must_sanity]# must_sanity:common_logic_loader:kif_to_boxlog(exactly(5,[[H1,tHouse]],memberOf(H1,tFiveHouseSet)),A,rule13:0).   %  must_sanity.pl:65: 
(79)[common_logic_loader] common_logic_snark:kif_to_boxlog(exactly(5,[[H1,tHouse]],memberOf(H1,tFiveHouseSet)),A,rule13:0).   %  common_logic_snark.pl:1107: 
(80)[locally_each] locally_each:w_o_c(common_logic_loader:kif_to_boxlog(exactly(5,[[H1,tHouse]],memberOf(H1,tFiveHouseSet)),KB,rule13:0,A)).   %  redo_locally.pl:86: 
(81)$[system] catch(locally_each:w_o_c(error,common_logic_loader:kif_to_boxlog(exactly(5,[[H1,tHouse]],memberOf(H1,tFiveHouseSet)),KB,rule13:0,A)),error(uninstantiation_error(H1),context(put_attr/3,'1-st argument')),locally_each:(wdmsg(w_o_c(error=error(uninstantiation_error(H1),context(put_attr/3,'1-st argument')),common_logic_loader:kif_to_boxlog(exactly(5,[[H1,tHouse]],memberOf(H1,tFiveHouseSet)),KB,rule13:0,A))),dumpST,wdmsg(w_o_c(error=error(uninstantiation_error(H1),context(put_attr/3,'1-st argument')),common_logic_loader:kif_to_boxlog(exactly(5,[[H1,tHouse]],memberOf(H1,tFiveHouseSet)),KB,rule13:0,A))),break,trace,common_logic_loader:kif_to_boxlog(exactly(5,[[H1,tHouse]],memberOf(H1,tFiveHouseSet)),KB,rule13:0,A))).   %  init.pl:546: 
(82)$[locally_each] '<meta-call>'(locally_each:(wdmsg(w_o_c(error=error(uninstantiation_error(H1),context(put_attr/3,'1-st argument')),common_logic_loader:kif_to_boxlog(exactly(5,[[H1,tHouse]],memberOf(H1,tFiveHouseSet)),KB,rule13:0,A))),dumpST,wdmsg(w_o_c(error=error(uninstantiation_error(H1),context(put_attr/3,'1-st argument')),common_logic_loader:kif_to_boxlog(exactly(5,[[H1,tHouse]],memberOf(H1,tFiveHouseSet)),KB,rule13:0,A))),break,trace,common_logic_loader:kif_to_boxlog(exactly(5,[[H1,tHouse]],memberOf(H1,tFiveHouseSet)),KB,rule13:0,A))).  no(clause) 
(83)[locally_each] dumpst:dumpST.   %  dumpst.pl:150: 
%~ w_o_c(error=error(uninstantiation_error(H1),context(put_attr/3,'1-st argument')),common_logic_loader:kif_to_boxlog(exactly(5,[[H1,tHouse]],memberOf(H1,tFiveHouseSet)),KB,rule13:0,_4141584))

%~ %~ correct_special_quantifiers:-quant(exactly(5),H1,memberOf(H1,tFiveHouseSet)&isa(H1,tHouse))%~ kifi=exactly(5,[[H1,tHouse]],memberOf(H1,tFiveHouseSet))%~ kifm=nesc(quant(exactly(5),H1,memberOf(H1,tFiveHouseSet)&isa(H1,tHouse)))%~ %~ as_sigma:-necessary(quant(exactly(5),H1,and(memberOf(H1,tFiveHouseSet),isa(H1,tHouse))))%~ kif_to_boxlog_attvars2 = necessary(quant(exactly(5),'$VAR'('H1'),and(memberOf('$VAR'('H1'),tFiveHouseSet),isa('$VAR'('H1'),tHouse))))%~ %~ as_dlog:-nesc(v(nesc(~quant(exactly(5),H1,isa(H1,tHouse))),quant(exactly(5),H1,memberOf(H1,tFiveHouseSet))))&nesc(v(nesc(~quant(exactly(5),H1,memberOf(H1,tFiveHouseSet))),quant(exactly(5),H1,isa(H1,tHouse))))



=======================================================
comment('ThisFile666','$STRING'("

There should be at most 8 houses with assertions about them.
And at least 5 houses.


(isa ?X tHouse)



"))
============================================


?- kif_to_boxlog( comment('ThisFile666','$STRING'("

There should be at most 8 houses with assertions about them.
And at least 5 houses.


(isa ?X tHouse)



")) ).



% In English: 
%~ %%%%%%%%%%%%%%%%%%%%%%%%%%%%%%%%%%%%%%%%
%~  'ThisFile666' comment "

There should be at most 8 houses with assertions about them.
And at least 5 houses.


(isa ?X tHouse)



" isa '$STRING'
%~ 
%~ %%%%%%%%%%%%%%%%%%%%%%%%%%%%%%%%%%%%%%%%
%~ kifm=comment('ThisFile666','$STRING'("

There should be at most 8 houses with assertions about them.
And at least 5 houses.


(isa ?X tHouse)



"))
%~ kif_to_boxlog_attvars2 = comment('ThisFile666','$STRING'("

There should be at most 8 houses with assertions about them.
And at least 5 houses.


(isa ?X tHouse)



"))

%%%%%%%%%%%%%%%%%%%%%%%%%%%%%%%%%%%%%%%%
% Results in the following 1 entailment(s): 
comment('ThisFile666','$STRING'("

There should be at most 8 houses with assertions about them.
And at least 5 houses.


(isa ?X tHouse)



")).

%%%%%%%%%%%%%%%%%%%%%%%%%%%%%%%%%%%%%%%%
%~ %%%%%%%%%%%%%%%%%%%%%%%%%%%%%%%%%%%%%%%%
%~  'ThisFile666' comment "

There should be at most 8 houses with assertions about them.
And at least 5 houses.


(isa ?X tHouse)



" isa '$STRING'
%~ 
%~ %%%%%%%%%%%%%%%%%%%%%%%%%%%%%%%%%%%%%%%%

comment( 'ThisFile666', 
  '$STRING'("

There should be at most 8 houses with assertions about them.
And at least 5 houses.


(isa ?X tHouse)



")).

============================================
~*/
%~ unused(save_junit_results)
%~ test_completed_exit(7)]]></system-out>


</testcase>

<!-- SUCCESS: /var/lib/jenkins/workspace/logicmoo_workspace@2/bin/lmoo=junit=minor =k kif_io_test_01.pl (returned 7)  -->

<!-- FileTestCase=logicmoo.base.examples.fol.FOL_CALC_01@Test_9999_Line_9999__Exitcode_7  -->

<!-- CMD=timeout ==foreground ==preserve=status =s SIGKILL =k 10s 10s lmoo=clif fol_calc_01.pfc.pl  -->

<!--  (cd /var/lib/jenkins/workspace/logicmoo_workspace@2/packs_sys/logicmoo_base/t/examples/fol ; timeout ==foreground ==preserve=status =s SIGKILL =k 10s 10s lmoo=clif fol_calc_01.pfc.pl)  -->

<!--  (cd /var/lib/jenkins/workspace/logicmoo_workspace@2/packs_sys/logicmoo_base/t/examples/fol ; timeout ==foreground ==preserve=status =s SIGKILL =k 10s 10s lmoo=clif fol_calc_01.pfc.pl)  -->

<testcase name="logicmoo.base.examples.fol.FOL_CALC_01@Test_9999_Line_9999__Exitcode_7" classname='logicmoo.base.examples.fol.FOL_CALC_01' time='2'>

 <failure message='FAILED: /var/lib/jenkins/workspace/logicmoo_workspace@2/bin/lmoo-junit-minor -k fol_calc_01.pfc.pl (returned 134)'/>

<system-err><![CDATA[%
running('/var/lib/jenkins/workspace/logicmoo_workspace@2/packs_sys/logicmoo_base/t/examples/fol/fol_calc_01.pfc.pl'),
%~ /var/lib/jenkins/.local/share/swi-prolog/pack/logicmoo_utils/prolog/logicmoo_test_header.pl:92 
%~ this_test_might_need( :-( use_module( library(logicmoo_plarkc))))


:- set_prolog_flag(gc,true).



:- include(test_header).

% =================================================================================
% Set our engine up
% =================================================================================

%~ reload_of_test_header.
%~ this_test_might_need( :-( use_module( library(logicmoo_plarkc))))
/*~
running(-),
%~ reload_of_test_header
~*/


% =================================================================================
% Set our engine up
% =================================================================================

:- expects_dialect(clif).
% deduce instances from usages in args having the effect of deducing human,dwelling,beverage_class are classes

% deduce instances from usages in args having the effect of deducing human,dwelling,beverage_class are classes
==> feature_setting(make_wff,true).

==> feature_setting(add_admitted_arguments,true).
% set truth maintainance system to remove previous assertions that new assertions disagree with 

% set truth maintainance system to remove previous assertions that new assertions disagree with 
==> feature_setting(tms_mode,remove_conflicting).

:- set_prolog_flag(runtime_debug,3). % mention it when we remove previous assertions
 % mention it when we remove previous assertions
:- set_prolog_flag_until_eof(do_renames,mpred_expansion).

:- kif_compile.

% =================================================================================
% Begin program
% =================================================================================

% Create out 14 keys


% =================================================================================
% Begin program
% =================================================================================

% Create out 14 keys
[Thread 1 (main) at Fri Sep 17 16:38:03 2021] /opt/logicmoo_workspace/swipl-devel/src/pl-comp.c:4347: record_clause___LD: Assertion failed: source_line_no != -1
C-stack trace labeled "assert_fail":
  [0] save_backtrace() at /opt/logicmoo_workspace/swipl-devel/src/os/pl-cstack.c:333 [0x7f0074eb5db5]
  [1] __assert_fail() at /opt/logicmoo_workspace/swipl-devel/src/pl-assert.c:103 [0x7f0074e5e0b7]
  [2] record_clause___LD() at /opt/logicmoo_workspace/swipl-devel/src/pl-comp.c:4347 (discriminator 1) [0x7f0074dedb64]
  [3] pl_record_clause3_va() at /opt/logicmoo_workspace/swipl-devel/src/pl-comp.c:4377 [0x7f0074dedbbe]
  [4] PL_next_solution___LD() at /opt/logicmoo_workspace/swipl-devel/src/pl-vmi.c:4581 [0x7f0074dd087f]
  [5] callProlog() at /opt/logicmoo_workspace/swipl-devel/src/pl-pro.c:405 [0x7f0074e12a10]
  [6] pl_sig_atomic1_va() at /opt/logicmoo_workspace/swipl-devel/src/pl-pro.c:309 [0x7f0074e12bf2]
  [7] PL_next_solution___LD() at /opt/logicmoo_workspace/swipl-devel/src/pl-vmi.c:4581 [0x7f0074dd087f]
  [8] query_loop() at /opt/logicmoo_workspace/swipl-devel/src/pl-pro.c:155 [0x7f0074e125ac]
  [9] prologToplevel() at /opt/logicmoo_workspace/swipl-devel/src/pl-pro.c:497 [0x7f0074e12dab]
  [10] PL_initialise() at /opt/logicmoo_workspace/swipl-devel/src/pl-init.c:1219 [0x7f0074e55cf4]
  [11] /var/lib/jenkins/workspace/logicmoo_workspace/lib/swipl/bin/x86_64-linux/swipl(+0x10a6) [0x55eede5030a6]
  [12] __libc_start_main() at ??:? [0x7f0074bf4d0a]
  [13] /var/lib/jenkins/workspace/logicmoo_workspace/lib/swipl/bin/x86_64-linux/swipl(+0x10fa) [0x55eede5030fa]
/var/lib/jenkins/workspace/logicmoo_workspace@2/bin/lmoo-junit-minor: line 202: 299971 Aborted                 timeout --foreground --preserve-status -s SIGKILL -k 10s 10s lmoo-clif fol_calc_01.pfc.pl]]></system-err>


</testcase>

<!-- FAILED: /var/lib/jenkins/workspace/logicmoo_workspace@2/bin/lmoo=junit=minor =k fol_calc_01.pfc.pl (returned 134)  -->

<!-- FileTestCase=logicmoo.base.examples.fol.FAMILY_REGRESS_01@Test_9999_Line_9999__Exitcode_7  -->

<!-- CMD=timeout ==foreground ==preserve=status =s SIGKILL =k 10s 10s lmoo=clif family_regress_01.pfc.pl  -->

<!--  (cd /var/lib/jenkins/workspace/logicmoo_workspace@2/packs_sys/logicmoo_base/t/examples/fol ; timeout ==foreground ==preserve=status =s SIGKILL =k 10s 10s lmoo=clif family_regress_01.pfc.pl)  -->

<!--  (cd /var/lib/jenkins/workspace/logicmoo_workspace@2/packs_sys/logicmoo_base/t/examples/fol ; timeout ==foreground ==preserve=status =s SIGKILL =k 10s 10s lmoo=clif family_regress_01.pfc.pl)  -->

<testcase name="logicmoo.base.examples.fol.FAMILY_REGRESS_01@Test_9999_Line_9999__Exitcode_7" classname='logicmoo.base.examples.fol.FAMILY_REGRESS_01' time='1'>

 <failure message='FAILED: /var/lib/jenkins/workspace/logicmoo_workspace@2/bin/lmoo-junit-minor -k family_regress_01.pfc.pl (returned 134)'/>

<system-err><![CDATA[%
running('/var/lib/jenkins/workspace/logicmoo_workspace@2/packs_sys/logicmoo_base/t/examples/fol/family_regress_01.pfc.pl'),
%~ /var/lib/jenkins/.local/share/swi-prolog/pack/logicmoo_utils/prolog/logicmoo_test_header.pl:92 
%~ this_test_might_need( :-( use_module( library(logicmoo_plarkc))))


:- expects_dialect(pfc).

% :- process_this_script.

%= save compiled clauses using forward chaining storage (by default)
%= we are using forward chaining just so any logical errors, performance and program bugs manefest
%= immediately


% :- process_this_script.

%= save compiled clauses using forward chaining storage (by default)
%= we are using forward chaining just so any logical errors, performance and program bugs manefest
%= immediately
:- set_clause_compile(fwc).



must_is_entailed(G):- must(is_entailed_u(G)).





show_test(G):- defaultAssertMt(KB),printAll(must(KB:G)).


%= ````
%= logic tests...
%= ````
%:- debug_logicmoo(logicmoo(_)).

[Thread 1 (main) at Fri Sep 17 16:38:04 2021] /opt/logicmoo_workspace/swipl-devel/src/pl-comp.c:4347: record_clause___LD: Assertion failed: source_line_no != -1
C-stack trace labeled "assert_fail":
  [0] save_backtrace() at /opt/logicmoo_workspace/swipl-devel/src/os/pl-cstack.c:333 [0x7fabd4193db5]
  [1] __assert_fail() at /opt/logicmoo_workspace/swipl-devel/src/pl-assert.c:103 [0x7fabd413c0b7]
  [2] record_clause___LD() at /opt/logicmoo_workspace/swipl-devel/src/pl-comp.c:4347 (discriminator 1) [0x7fabd40cbb64]
  [3] pl_record_clause3_va() at /opt/logicmoo_workspace/swipl-devel/src/pl-comp.c:4377 [0x7fabd40cbbbe]
  [4] PL_next_solution___LD() at /opt/logicmoo_workspace/swipl-devel/src/pl-vmi.c:4581 [0x7fabd40ae87f]
  [5] callProlog() at /opt/logicmoo_workspace/swipl-devel/src/pl-pro.c:405 [0x7fabd40f0a10]
  [6] pl_sig_atomic1_va() at /opt/logicmoo_workspace/swipl-devel/src/pl-pro.c:309 [0x7fabd40f0bf2]
  [7] PL_next_solution___LD() at /opt/logicmoo_workspace/swipl-devel/src/pl-vmi.c:4581 [0x7fabd40ae87f]
  [8] query_loop() at /opt/logicmoo_workspace/swipl-devel/src/pl-pro.c:155 [0x7fabd40f05ac]
  [9] prologToplevel() at /opt/logicmoo_workspace/swipl-devel/src/pl-pro.c:497 [0x7fabd40f0dab]
  [10] PL_initialise() at /opt/logicmoo_workspace/swipl-devel/src/pl-init.c:1219 [0x7fabd4133cf4]
  [11] /var/lib/jenkins/workspace/logicmoo_workspace/lib/swipl/bin/x86_64-linux/swipl(+0x10a6) [0x55ec76a260a6]
  [12] __libc_start_main() at ??:? [0x7fabd3ed2d0a]
  [13] /var/lib/jenkins/workspace/logicmoo_workspace/lib/swipl/bin/x86_64-linux/swipl(+0x10fa) [0x55ec76a260fa]
/var/lib/jenkins/workspace/logicmoo_workspace@2/bin/lmoo-junit-minor: line 202: 300050 Aborted                 timeout --foreground --preserve-status -s SIGKILL -k 10s 10s lmoo-clif family_regress_01.pfc.pl]]></system-err>


</testcase>

<!-- FAILED: /var/lib/jenkins/workspace/logicmoo_workspace@2/bin/lmoo=junit=minor =k family_regress_01.pfc.pl (returned 134)  -->

<!-- FileTestCase=logicmoo.base.examples.fol.FAMILY_INHERITANCE_01@Test_9999_Line_9999__Exitcode_7  -->

<!-- CMD=timeout ==foreground ==preserve=status =s SIGKILL =k 10s 10s lmoo=clif family_inheritance_01.pfc.pl  -->

<!--  (cd /var/lib/jenkins/workspace/logicmoo_workspace@2/packs_sys/logicmoo_base/t/examples/fol ; timeout ==foreground ==preserve=status =s SIGKILL =k 10s 10s lmoo=clif family_inheritance_01.pfc.pl)  -->

<!--  (cd /var/lib/jenkins/workspace/logicmoo_workspace@2/packs_sys/logicmoo_base/t/examples/fol ; timeout ==foreground ==preserve=status =s SIGKILL =k 10s 10s lmoo=clif family_inheritance_01.pfc.pl)  -->

<testcase name="logicmoo.base.examples.fol.FAMILY_INHERITANCE_01@Test_9999_Line_9999__Exitcode_7" classname='logicmoo.base.examples.fol.FAMILY_INHERITANCE_01' time='1'>

 <failure message='FAILED: /var/lib/jenkins/workspace/logicmoo_workspace@2/bin/lmoo-junit-minor -k family_inheritance_01.pfc.pl (returned 134)'/>

<system-err><![CDATA[%
running('/var/lib/jenkins/workspace/logicmoo_workspace@2/packs_sys/logicmoo_base/t/examples/fol/family_inheritance_01.pfc.pl'),
%~ this_test_might_need( :-( use_module( library(logicmoo_plarkc))))


:- expects_dialect(pfc).

% :- process_this_script.

%= save compiled clauses using forward chaining storage (by default)
%= we are using forward chaining just so any logical errors, performance and program bugs manefest
%= immediately


% :- process_this_script.

%= save compiled clauses using forward chaining storage (by default)
%= we are using forward chaining just so any logical errors, performance and program bugs manefest
%= immediately
:- set_clause_compile(fwc).



must_is_entailed(G):- cwc, must(is_entailed_u(G)).



show_test(G):- cwc, defaultAssertMt(KB),printAll(must(KB:G)).

%= ````
%= logic tests...
%= ````
%:- debug_logicmoo(logicmoo(_)).

[Thread 1 (main) at Fri Sep 17 16:38:05 2021] /opt/logicmoo_workspace/swipl-devel/src/pl-comp.c:4347: record_clause___LD: Assertion failed: source_line_no != -1
C-stack trace labeled "assert_fail":
  [0] save_backtrace() at /opt/logicmoo_workspace/swipl-devel/src/os/pl-cstack.c:333 [0x7f876a08adb5]
  [1] __assert_fail() at /opt/logicmoo_workspace/swipl-devel/src/pl-assert.c:103 [0x7f876a0330b7]
  [2] record_clause___LD() at /opt/logicmoo_workspace/swipl-devel/src/pl-comp.c:4347 (discriminator 1) [0x7f8769fc2b64]
  [3] pl_record_clause3_va() at /opt/logicmoo_workspace/swipl-devel/src/pl-comp.c:4377 [0x7f8769fc2bbe]
  [4] PL_next_solution___LD() at /opt/logicmoo_workspace/swipl-devel/src/pl-vmi.c:4581 [0x7f8769fa587f]
  [5] callProlog() at /opt/logicmoo_workspace/swipl-devel/src/pl-pro.c:405 [0x7f8769fe7a10]
  [6] pl_sig_atomic1_va() at /opt/logicmoo_workspace/swipl-devel/src/pl-pro.c:309 [0x7f8769fe7bf2]
  [7] PL_next_solution___LD() at /opt/logicmoo_workspace/swipl-devel/src/pl-vmi.c:4581 [0x7f8769fa587f]
  [8] query_loop() at /opt/logicmoo_workspace/swipl-devel/src/pl-pro.c:155 [0x7f8769fe75ac]
  [9] prologToplevel() at /opt/logicmoo_workspace/swipl-devel/src/pl-pro.c:497 [0x7f8769fe7dab]
  [10] PL_initialise() at /opt/logicmoo_workspace/swipl-devel/src/pl-init.c:1219 [0x7f876a02acf4]
  [11] /var/lib/jenkins/workspace/logicmoo_workspace/lib/swipl/bin/x86_64-linux/swipl(+0x10a6) [0x56202af470a6]
  [12] __libc_start_main() at ??:? [0x7f8769dc9d0a]
  [13] /var/lib/jenkins/workspace/logicmoo_workspace/lib/swipl/bin/x86_64-linux/swipl(+0x10fa) [0x56202af470fa]
/var/lib/jenkins/workspace/logicmoo_workspace@2/bin/lmoo-junit-minor: line 202: 300120 Aborted                 timeout --foreground --preserve-status -s SIGKILL -k 10s 10s lmoo-clif family_inheritance_01.pfc.pl]]></system-err>


</testcase>

<!-- FAILED: /var/lib/jenkins/workspace/logicmoo_workspace@2/bin/lmoo=junit=minor =k family_inheritance_01.pfc.pl (returned 134)  -->

<!-- FileTestCase=logicmoo.base.examples.fol.SANITY_FI_SK_01@Test_9999_Line_9999__Exitcode_7  -->

<!-- CMD=timeout ==foreground ==preserve=status =s SIGKILL =k 10s 10s lmoo=clif sanity_fi_sk_01.pfc.pl  -->

<!--  (cd /var/lib/jenkins/workspace/logicmoo_workspace@2/packs_sys/logicmoo_base/t/examples/fol ; timeout ==foreground ==preserve=status =s SIGKILL =k 10s 10s lmoo=clif sanity_fi_sk_01.pfc.pl)  -->

<!--  (cd /var/lib/jenkins/workspace/logicmoo_workspace@2/packs_sys/logicmoo_base/t/examples/fol ; timeout ==foreground ==preserve=status =s SIGKILL =k 10s 10s lmoo=clif sanity_fi_sk_01.pfc.pl)  -->

<testcase name="logicmoo.base.examples.fol.SANITY_FI_SK_01@Test_9999_Line_9999__Exitcode_7" classname='logicmoo.base.examples.fol.SANITY_FI_SK_01' time='2'>

<system-out><![CDATA[%
running('/var/lib/jenkins/workspace/logicmoo_workspace@2/packs_sys/logicmoo_base/t/examples/fol/sanity_fi_sk_01.pfc.pl'),
%~ this_test_might_need( :-( use_module( library(logicmoo_plarkc))))






%:- kb_shared(system:(<-)/2).
%:- kb_shared(system:(<==)/2).

:- make.
%~ list_undefined([])
/*~
%~ list_undefined([])
~*/

/*

<
>
\==


?- N #> 3, N #< 9, N #< 19,  dom(N,[ 5 ,6,7, 20] ), dom(N,[ 7, 20] ), 
   print(N).

N=(min,max,dom)
   4   [6,7]    8 


N = 7.



CLP(FD)

CHR 

[m]


?- isa(N,juvinile) , isa(N,dog), isa(N,puppy), (isAt(N,petStoreA) ;isAt(N,petStoreB)).
N = snoopySon{isa(N,juvinile) , isa(N,dog), isa(N,puppy), (isAt(N,petStoreA) ;isAt(N,petStoreB))}

?- isa(X,male).
X = _:{isa(X,male)}.

?- N=X.
Yes.

N =  _{value(N,snoopySon) isa(N,male), isa(N,juvinile) , isa(N,dog), isa(N,puppy), (isAt(N,petStoreA) ;isAt(N,petStoreB))}

N =  snoopySon{isa(N,male), isa(N,juvinile) , isa(N,dog), isa(N,puppy), (isAt(N,petStoreA) ;isAt(N,petStoreB))}





?- isa(N,juvinile) , isa(N,dog), isa(N,puppy), (isAt(N,petStoreA) ;isAt(N,petStoreB)).
N = snoopySon.

?- isa(X,oldDog).
X = snoopy

?- N=X.
No.




snoopySon = myFriendFn(dog).


(isa(N,dog),  isa(N,juvinile) , isa(N,puppy), isAt(N,petStoreA), isAt(N,petStoreB) ==> what_you_want(N)).

(isa(N,puppy), isAt(N,petStoreA), isAt(N,petStoreB) ==> what_you_want(N)).

?- what_you_want(N).



N = isa() 
N = puppy

N=((min_isa, max_isa),dom,[pred])
  puppy, [],  +petStoreA  +petStoreB
   




:- nodebug_logicmoo(_).
:- use_module(library(gui_tracer)).
:- noguitracer.
:- guitracer.
:- debug.
:- visible(+all).
:- leash(-all).
:- leash(+exception).
%:- ((trace,ls)).
:- noguitracer.
:- zotrace(leash(+all)).
:- notrace.
*/
 
:- reconsult(library(script_files)).


%=  setup pfc



%=  setup pfc
:- expects_dialect(pfc).

:- kif_compile.

% :- process_this_script.

%= save compiled clauses using forward chaining storage (by default)
%= we are using forward chaining just so any logical errors, performance and program bugs manefest
%= immediately


% :- process_this_script.

%= save compiled clauses using forward chaining storage (by default)
%= we are using forward chaining just so any logical errors, performance and program bugs manefest
%= immediately
:- set_clause_compile(fwc).

%= ````
%= logic tests...
%= ````

%= trudy is human


%= ````
%= logic tests...
%= ````

%= trudy is human
human(trudy).

human(eileen).

human(douglas).

mother(douglas,eileen).


%= catch a regression bug that may couse trudy to lose human assertion



%= catch a regression bug that may couse trudy to lose human assertion
never_retract_u(human(trudy)).

never_assert_u(mother(trudy,das)).

%= these we want but i am trigging some breakpoints
% never_assert_u(father(_,_)).
% never_assert_u(mother(trudy,_)).



%= these we want but i am trigging some breakpoints
% never_assert_u(father(_,_)).
% never_assert_u(mother(trudy,_)).

:- mpred_trace_exec.



:- dynamic(father/2).



clif(forall(c,exists([m,f], if(human(c), (mother(c,m) & father(c,f)))))).
%
% ~human(C) :-
%       ~mother(C, _8290).
%
% ~human(C)<- ~mother(C, _4806), {is_unit(C)}.
%
% ~human(C) :-
%       ~father(C, _3412).
%
% ~human(C)<- ~father(C, _4756), {is_unit(C)}.
%
% father(C, skArg2of_1Fn(C)) :-
%       human(C).
%
% human(C), {is_unit(C)}==>if_missing(father(C, _4770), father(C, skArg2of_1Fn(C))).
%
% mother(C, skArg2of_2Fn(C)) :-
%       human(C).
%
% human(C), {is_unit(C)}==>if_missing(mother(C, _3586), mother(C, skArg2of_2Fn(C))).


%~ correct_special_quantifiers :- all( C,
%~                                  exists( M,
%~                                    exists(F,human(C)=>(mother(C,M)&father(C,F))))).
%~ kifi = forall(c,exists([m,f],if(human(c),mother(c,m)&father(c,f)))).
%~ /var/lib/jenkins/workspace/logicmoo_workspace@2/packs_sys/logicmoo_base/t/examples/fol/sanity_fi_sk_01.pfc.pl:137 
%~ kifm = all( C,
%~          exists( M,
%~            exists(F,nesc(human(C)=>(mother(C,M)&father(C,F)))))).
%~ kifm = all( Human_Exists_Mother,
%~          exists( Mother_Exists,
%~            exists( Father_Nesc,
%~              nesc( ( human(Human_Exists_Mother) =>
%~                      ( mother(Human_Exists_Mother,Mother_Exists) &
%~                        father(Human_Exists_Mother,Father_Nesc))))))).
/*~
%~ %~ correct_special_quantifiers:-all(C,exists(M,exists(F,human(C)=>(mother(C,M)&father(C,F)))))
%~ kifi=forall(c,exists([m,f],if(human(c),mother(c,m)&father(c,f))))
%~ kifm=all(C,exists(M,exists(F,nesc(human(C)=>(mother(C,M)&father(C,F))))))
%~ kifm=all(Human_Exists_Mother,exists(Mother_Exists,exists(Father_Nesc,nesc(human(Human_Exists_Mother)=>(mother(Human_Exists_Mother,Mother_Exists)&father(Human_Exists_Mother,Father_Nesc))))))
%~ kif_to_boxlog_attvars2 = forall('$VAR'('Human_Exists_Mother'),exists('$VAR'('Mother_Exists'),exists('$VAR'('Father_Nesc'),necessary(=>(human('$VAR'('Human_Exists_Mother')),and(mother('$VAR'('Human_Exists_Mother'),'$VAR'('Mother_Exists')),father('$VAR'('Human_Exists_Mother'),'$VAR'('Father_Nesc'))))))))
~*/

%
% ~human(C) :-
%       ~mother(C, _8290).
%
% ~human(C)<- ~mother(C, _4806), {is_unit(C)}.
%
% ~human(C) :-
%       ~father(C, _3412).
%
% ~human(C)<- ~father(C, _4756), {is_unit(C)}.
%
% father(C, skArg2of_1Fn(C)) :-
%       human(C).
%
% human(C), {is_unit(C)}==>if_missing(father(C, _4770), father(C, skArg2of_1Fn(C))).
%
% mother(C, skArg2of_2Fn(C)) :-
%       human(C).
%
% human(C), {is_unit(C)}==>if_missing(mother(C, _3586), mother(C, skArg2of_2Fn(C))).


:- must(clif(forall(c,exists([m,f], if(human(c), (mother(c,m) & father(c,f))))))).



mother(eileen,trudy).

father(eileen,bob).



:- must(\+ mother(eileen,skArg1ofMother_1Fn(_))).





:- printAll(must(father(_,_))).
/*~
baseKB:must(father(eileen, bob)).

 /* found 1 for baseKB:must(father(_36386,_36408)). 
 */ 
~*/

:- printAll(must(mother(_,_))).





/*~
baseKB:must(mother(douglas, eileen)).
baseKB:must(mother(eileen, trudy)).

 /* found 2 for baseKB:must(mother(_36386,_36408)). 
 */ 
~*/
%~ unused(save_junit_results)
%~ test_completed_exit(7)]]></system-out>


</testcase>

<!-- SUCCESS: /var/lib/jenkins/workspace/logicmoo_workspace@2/bin/lmoo=junit=minor =k sanity_fi_sk_01.pfc.pl (returned 7)  -->

<!-- FileTestCase=logicmoo.base.examples.fol.SANITY_FI_HUMAN_01@Test_9999_Line_9999__Exitcode_7  -->

<!-- CMD=timeout ==foreground ==preserve=status =s SIGKILL =k 10s 10s lmoo=clif sanity_fi_human_01.pfc.pl  -->

<!--  (cd /var/lib/jenkins/workspace/logicmoo_workspace@2/packs_sys/logicmoo_base/t/examples/fol ; timeout ==foreground ==preserve=status =s SIGKILL =k 10s 10s lmoo=clif sanity_fi_human_01.pfc.pl)  -->

<!--  (cd /var/lib/jenkins/workspace/logicmoo_workspace@2/packs_sys/logicmoo_base/t/examples/fol ; timeout ==foreground ==preserve=status =s SIGKILL =k 10s 10s lmoo=clif sanity_fi_human_01.pfc.pl)  -->

<testcase name="logicmoo.base.examples.fol.SANITY_FI_HUMAN_01@Test_9999_Line_9999__Exitcode_7" classname='logicmoo.base.examples.fol.SANITY_FI_HUMAN_01' time='1'>

 <failure message='FAILED: /var/lib/jenkins/workspace/logicmoo_workspace@2/bin/lmoo-junit-minor -k sanity_fi_human_01.pfc.pl (returned 1)'/>

<system-err><![CDATA[%
running('/var/lib/jenkins/workspace/logicmoo_workspace@2/packs_sys/logicmoo_base/t/examples/fol/sanity_fi_human_01.pfc.pl'),
%~ this_test_might_need( :-( use_module( library(logicmoo_plarkc))))




:- include('sanity_fi_sk.pfc').
%~ message_hook_type(error)
%~ message_hook(
%~    initialization_exception( error(existence_error(source_sink,'sanity_fi_sk.pfc'),Existence_error)),
%~    error,
%~    [ 'Prolog initialisation failed:',
%~      nl,
%~      '~w `~p\' does not exist'-[source_sink,'sanity_fi_sk.pfc']])
%~ unused(save_junit_results)]]></system-err>


</testcase>

<!-- FAILED: /var/lib/jenkins/workspace/logicmoo_workspace@2/bin/lmoo=junit=minor =k sanity_fi_human_01.pfc.pl (returned 1)  -->

<!-- ans=y  -->

<!-- FileTestCase=logicmoo.base.examples.fol.POSS_FORALL_EXISTS_01@Test_9999_Line_9999__Exitcode_7  -->

<!-- CMD=timeout ==foreground ==preserve=status =s SIGKILL =k 10s 10s lmoo=clif poss_forall_exists_01.pfc.pl  -->

<!--  (cd /var/lib/jenkins/workspace/logicmoo_workspace@2/packs_sys/logicmoo_base/t/examples/fol ; timeout ==foreground ==preserve=status =s SIGKILL =k 10s 10s lmoo=clif poss_forall_exists_01.pfc.pl)  -->

<!--  (cd /var/lib/jenkins/workspace/logicmoo_workspace@2/packs_sys/logicmoo_base/t/examples/fol ; timeout ==foreground ==preserve=status =s SIGKILL =k 10s 10s lmoo=clif poss_forall_exists_01.pfc.pl)  -->

<testcase name="logicmoo.base.examples.fol.POSS_FORALL_EXISTS_01@Test_9999_Line_9999__Exitcode_7" classname='logicmoo.base.examples.fol.POSS_FORALL_EXISTS_01' time='3'>

 <failure message='FAILED: /var/lib/jenkins/workspace/logicmoo_workspace@2/bin/lmoo-junit-minor -k poss_forall_exists_01.pfc.pl (returned 3)'/>

<system-err><![CDATA[%
running('/var/lib/jenkins/workspace/logicmoo_workspace@2/packs_sys/logicmoo_base/t/examples/fol/poss_forall_exists_01.pfc.pl'),
%~ this_test_might_need( :-( use_module( library(logicmoo_plarkc))))


% =================================================================================
% Set our engine up
% =================================================================================

:- expects_dialect(clif).
% deduce instances from usages in args having the effect of deducing human,dwelling,beverage_class are classes

% deduce instances from usages in args having the effect of deducing human,dwelling,beverage_class are classes
==> feature_setting(make_wff,true).

==> feature_setting(add_admitted_arguments,true).
% set truth maintainance system to remove previous assertions that new assertions disagree with 

% set truth maintainance system to remove previous assertions that new assertions disagree with 
==> feature_setting(tms_mode,remove_conflicting).

:- set_prolog_flag(runtime_debug,3). % mention it when we remove previous assertions
 % mention it when we remove previous assertions
:- set_prolog_flag_until_eof(do_renames,mpred_expansion).
%:- set_prolog_flag_until_eof(runtime_speed,0). % but dont gripe about speed

%:- set_prolog_flag_until_eof(runtime_speed,0). % but dont gripe about speed
:- kif_compile.



:- module(baseKB).

:- '$set_source_module'(baseKB).



% =================================================================================
% Define a couple predicates
% =================================================================================





% =================================================================================
% Define a couple predicates
% =================================================================================

:-kb_shared(livesAt/2).
% maximum cardinality of livesAt/2 is 1

% maximum cardinality of livesAt/2 is 1
==> isa(livesAt,'FunctionalBinaryPredicate').
%~ azzert_rename('FunctionalBinaryPredicate',rtFunctionalBinaryPredicate)

==> argIsa(livesAt,1,human).

==> argIsa(livesAt,2,dwelling).

% define drinks/2


% define drinks/2
:-kb_shared(drinks/2).

==> argIsa(drinks,1,human).

==> argIsa(drinks,2,beverage_class).

% =================================================================================
% But given the above: 
%
%   Only things that possibly can drink coffee live in the green house?
%
% =================================================================================



% =================================================================================
% But given the above: 
%
%   Only things that possibly can drink coffee live in the green house?
%
% =================================================================================

:- show_kif_to_boxlog(all(X, livesAt(X, green_house) & drinks(X, coffee))).

% this should have meant: 

%~ test_boxlog( all(X,livesAt(X,green_house)&drinks(X,coffee)))


% this should have meant: 

:- show_kif_to_boxlog(all(X, (poss(livesAt(X, green_house) & drinks(X, coffee))) => livesAt(X, green_house) & drinks(X, coffee))).

%~ test_boxlog( all( X,
%~                ( poss( livesAt(X,green_house)&drinks(X,coffee)) =>
%~                  livesAt(X,green_house)&drinks(X,coffee))))


:- show_kif_to_boxlog(all(X, (poss(livesAt(X, green_house)) & poss(drinks(X, coffee))) => livesAt(X, green_house) & drinks(X, coffee))).

%~ test_boxlog( all( X,
%~                ( poss(livesAt(X,green_house))&poss(drinks(X,coffee)) =>
%~                  livesAt(X,green_house)&drinks(X,coffee))))


~poss(livesAt(fred,green_house)).

% Does fred drink coffee? (should be unknown)


% Does fred drink coffee? (should be unknown)
:- \+ drinks(fred,coffee).

%~ mpred_test("Test_0001_Line_0000__naf_Fred",baseKB:(\+drinks(fred,coffee)))
/*~
%~ mpred_test("Test_0001_Line_0000__naf_Fred",baseKB:(\+drinks(fred,coffee)))
passed=info(why_was_true(baseKB:(\+drinks(fred,coffee))))
no_proof_for(\+drinks(fred,coffee)).

no_proof_for(\+drinks(fred,coffee)).

no_proof_for(\+drinks(fred,coffee)).

	name	='logicmoo.base.examples.fol.POSS_FORALL_EXISTS_01-Test_0001_Line_0000__naf_Fred'.
	JUNIT_CLASSNAME	='logicmoo.base.examples.fol.POSS_FORALL_EXISTS_01'.
	JUNIT_CMD	='timeout --foreground --preserve-status -s SIGKILL -k 10s 10s lmoo-clif poss_forall_exists_01.pfc.pl'.
% saving_junit: /var/lib/jenkins/workspace/logicmoo_workspace@2/test_results/jenkins/Report-logicmoo-junit-examples-fol-vSTARvfvSTARv_01vDOTvpvSTARv-Units-logicmoo.base.examples.fol.POSS_FORALL_EXISTS_01-Test_0001_Line_0000__naf_Fred-junit.xml
~*/


poss(livesAt(joe,green_house)).

:- drinks(joe,coffee).


% =================================================================================
% These two assertions are a bit weird but are for fun
% =================================================================================

% all objects in the universe that may drink coffee do drink coffee
%all(X, if(poss(drinks(X, coffee)),drinks(X, coffee))).

% all objects in the universe that may live in the green house do live in the green house
%all(X, if(poss(livesAt(X, green_house)),lives(X, green_house) )).




%~ message_hook_type(warning)
%~ message_hook(
%~    goal_failed(directive,baseKB:drinks(joe,coffee)),
%~    warning,
%~    [ 'Goal (~w) failed: ~p' - [ directive,
%~                                 baseKB : drinks(joe,coffee)]])
/*~
Goal (directive) failed: baseKB:drinks(joe,coffee)
Warning: Goal (directive) failed: baseKB:drinks(joe,coffee)
~*/
%~ unused(save_junit_results)
%~ test_completed_exit(3)
:- dynamic junit_prop/3.


:- dynamic junit_prop/3.

junit_prop('logicmoo.base.examples.fol.POSS_FORALL_EXISTS_01@Test_9999_Line_9999__Exitcode_7', warning, "Goal (directive) failed: baseKB:drinks(joe,coffee)").

:- dynamic junit_prop/3.]]></system-err>


</testcase>

<!-- FAILED: /var/lib/jenkins/workspace/logicmoo_workspace@2/bin/lmoo=junit=minor =k poss_forall_exists_01.pfc.pl (returned 3)  -->

<!-- FileTestCase=logicmoo.base.examples.fol.MAKE_WFF_01@Test_9999_Line_9999__Exitcode_7  -->

<!-- CMD=timeout ==foreground ==preserve=status =s SIGKILL =k 10s 10s lmoo=clif make_wff_01.pfc.pl  -->

<!--  (cd /var/lib/jenkins/workspace/logicmoo_workspace@2/packs_sys/logicmoo_base/t/examples/fol ; timeout ==foreground ==preserve=status =s SIGKILL =k 10s 10s lmoo=clif make_wff_01.pfc.pl)  -->

<!--  (cd /var/lib/jenkins/workspace/logicmoo_workspace@2/packs_sys/logicmoo_base/t/examples/fol ; timeout ==foreground ==preserve=status =s SIGKILL =k 10s 10s lmoo=clif make_wff_01.pfc.pl)  -->

<testcase name="logicmoo.base.examples.fol.MAKE_WFF_01@Test_9999_Line_9999__Exitcode_7" classname='logicmoo.base.examples.fol.MAKE_WFF_01' time='2'>

 <failure message='FAILED: /var/lib/jenkins/workspace/logicmoo_workspace@2/bin/lmoo-junit-minor -k make_wff_01.pfc.pl (returned 1)'/>

<system-err><![CDATA[%
running('/var/lib/jenkins/workspace/logicmoo_workspace@2/packs_sys/logicmoo_base/t/examples/fol/make_wff_01.pfc.pl'),
%~ this_test_might_need( :-( use_module( library(logicmoo_plarkc))))



% =================================================================================
% Load the system
% =================================================================================

% :- make.

% :- set_prolog_flag(gc,false).

% =================================================================================
% Set our engine up
% =================================================================================

:- expects_dialect(clif).
% deduce instances from usages in args having the effect of deducing human,dwelling,beverage_class are classes

% deduce instances from usages in args having the effect of deducing human,dwelling,beverage_class are classes
==> feature_setting(make_wff,true).

==> feature_setting(add_admitted_arguments,true).
% set truth maintainance system to remove previous assertions that new assertions disagree with 

% set truth maintainance system to remove previous assertions that new assertions disagree with 
==> feature_setting(tms_mode,remove_conflicting).

:- set_prolog_flag(runtime_debug,3). % mention it when we remove previous assertions
 % mention it when we remove previous assertions
:- set_prolog_flag_until_eof(do_renames,mpred_expansion).
%:- set_prolog_flag_until_eof(runtime_speed,0). % but dont gripe about speed

%:- set_prolog_flag_until_eof(runtime_speed,0). % but dont gripe about speed
:- kif_compile.



:- module(baseKB).

:- '$set_source_module'(baseKB).

% =================================================================================
% Define a couple predicates
% =================================================================================


% =================================================================================
% Define a couple predicates
% =================================================================================
:- set_prolog_flag(access_level,system).

:- redefine_system_predicate(arity(_,_)).

:- unlock_predicate(arity(_,_)).

:- multifile arity/2.

% maximum cardinality of livesAt/2 is 1
%==> isa(livesAt,'FunctionalBinaryPredicate').


% maximum cardinality of livesAt/2 is 1
%==> isa(livesAt,'FunctionalBinaryPredicate').
==> singleValuedInArg(livesAt,2).
% thus implies

% thus implies
==> arity(livesAt,2).
%~ message_hook_type(error)
%~ message_hook(
%~    initialization_exception( must_sanity : e( must_sanity : e( error(
%~                                                                   permission_error(modify,static_procedure,baseKB:arity/2),
%~                                                                   context(system:assertz/1,Context_Kw)),
%~                                                                baseKB : assert_to_mu( arity(livesAt,2))),
%~                                               baseKB : ain_fast(
%~                                                           baseKB : arity(livesAt,2),
%~                                                           ( mfl4(BaseKB,baseKB,'/var/lib/jenkins/workspace/logicmoo_workspace@2/packs_sys/logicmoo_base/t/examples/fol/make_wff_01.pfc.pl',42) ,
%~                                                             ax)))),
%~    error,
%~    [ 'Prolog initialisation failed:',
%~      nl,
%~      'Unknown message: ~p' - [ must_sanity : e( must_sanity : e( error(
%~                                                                     permission_error(modify,static_procedure,baseKB:arity/2),
%~                                                                     context(system:assertz/1,Context_Kw)),
%~                                                                  baseKB : assert_to_mu( arity(livesAt,2))),
%~                                                 baseKB : ain_fast(
%~                                                             baseKB : arity(livesAt,2),
%~                                                             ( mfl4(BaseKB,baseKB,'/var/lib/jenkins/workspace/logicmoo_workspace@2/packs_sys/logicmoo_base/t/examples/fol/make_wff_01.pfc.pl',42) ,
%~                                                               ax)))]])
%~ unused(save_junit_results)]]></system-err>


</testcase>

<!-- FAILED: /var/lib/jenkins/workspace/logicmoo_workspace@2/bin/lmoo=junit=minor =k make_wff_01.pfc.pl (returned 1)  -->

<!-- ans=y  -->

<!-- FileTestCase=logicmoo.base.examples.fol.LEFTY_01@Test_9999_Line_9999__Exitcode_7  -->

<!-- CMD=timeout ==foreground ==preserve=status =s SIGKILL =k 10s 10s lmoo=clif lefty_01.pfc.pl  -->

<!--  (cd /var/lib/jenkins/workspace/logicmoo_workspace@2/packs_sys/logicmoo_base/t/examples/fol ; timeout ==foreground ==preserve=status =s SIGKILL =k 10s 10s lmoo=clif lefty_01.pfc.pl)  -->

<!--  (cd /var/lib/jenkins/workspace/logicmoo_workspace@2/packs_sys/logicmoo_base/t/examples/fol ; timeout ==foreground ==preserve=status =s SIGKILL =k 10s 10s lmoo=clif lefty_01.pfc.pl)  -->

<testcase name="logicmoo.base.examples.fol.LEFTY_01@Test_9999_Line_9999__Exitcode_7" classname='logicmoo.base.examples.fol.LEFTY_01' time='2'>

 <failure message='FAILED: /var/lib/jenkins/workspace/logicmoo_workspace@2/bin/lmoo-junit-minor -k lefty_01.pfc.pl (returned 1)'/>

<system-err><![CDATA[%
running('/var/lib/jenkins/workspace/logicmoo_workspace@2/packs_sys/logicmoo_base/t/examples/fol/lefty_01.pfc.pl'),
%~ this_test_might_need( :-( use_module( library(logicmoo_plarkc))))




:- include('test_header.pfc').
% :- process_this_script.

%=  setup pfc
%~ message_hook_type(error)
%~ message_hook(
%~    initialization_exception( error(existence_error(source_sink,'test_header.pfc'),Existence_error)),
%~    error,
%~    [ 'Prolog initialisation failed:',
%~      nl,
%~      '~w `~p\' does not exist'-[source_sink,'test_header.pfc']])
%~ unused(save_junit_results)]]></system-err>


</testcase>

<!-- FAILED: /var/lib/jenkins/workspace/logicmoo_workspace@2/bin/lmoo=junit=minor =k lefty_01.pfc.pl (returned 1)  -->

<!-- ans=y  -->

<!-- FileTestCase=logicmoo.base.examples.fol.FORALL_QUANT_01@Test_9999_Line_9999__Exitcode_7  -->

<!-- CMD=timeout ==foreground ==preserve=status =s SIGKILL =k 10s 10s lmoo=clif forall_quant_01.pfc.pl  -->

<!--  (cd /var/lib/jenkins/workspace/logicmoo_workspace@2/packs_sys/logicmoo_base/t/examples/fol ; timeout ==foreground ==preserve=status =s SIGKILL =k 10s 10s lmoo=clif forall_quant_01.pfc.pl)  -->

<!--  (cd /var/lib/jenkins/workspace/logicmoo_workspace@2/packs_sys/logicmoo_base/t/examples/fol ; timeout ==foreground ==preserve=status =s SIGKILL =k 10s 10s lmoo=clif forall_quant_01.pfc.pl)  -->

<testcase name="logicmoo.base.examples.fol.FORALL_QUANT_01@Test_9999_Line_9999__Exitcode_7" classname='logicmoo.base.examples.fol.FORALL_QUANT_01' time='1'>

<system-out><![CDATA[%
running('/var/lib/jenkins/workspace/logicmoo_workspace@2/packs_sys/logicmoo_base/t/examples/fol/forall_quant_01.pfc.pl'),
%~ this_test_might_need( :-( use_module( library(logicmoo_plarkc))))


:- set_prolog_flag(gc,true).

% =================================================================================
% Set our engine up
% =================================================================================



% =================================================================================
% Set our engine up
% =================================================================================

:- expects_dialect(pfc).


% =================================================================================
% Begin program
% =================================================================================

% Let same/2 be our unification identify 



% =================================================================================
% Begin program
% =================================================================================

% Let same/2 be our unification identify 
:- test_boxlog(forall(X,same(X,X))).

% same/2 implies not differnt
%~ kifi = all(X,same(X,X)).
%~ kifm = all(X,nesc(same(X,X))).
/*~
%~ kifi=all(X,same(X,X))
%~ kifm=all(X,nesc(same(X,X)))
%~ kif_to_boxlog_attvars2 = forall('$VAR'('X'),necessary(same('$VAR'('X'),'$VAR'('X'))))
%~ %%%%%%%%%%%%%%%%%%%%%%%%%%%%%%%%%%%%%%%%
%~  it is necessarily true that ?X same ?X
%~ 
%~ %%%%%%%%%%%%%%%%%%%%%%%%%%%%%%%%%%%%%%%%

nesc( same(X,X)).

~*/


% same/2 implies not differnt
:- test_boxlog(all(X,all(Y,same(X,Y) => ~ different(X,Y)))).

%~ kifi = all(X,all(Y,same(X,Y)=>(~different(X,Y)))).
%~ kifm = all(X,all(Y,nesc(same(X,Y)=>(~different(X,Y))))).
/*~
%~ kifi=all(X,all(Y,same(X,Y)=>(~different(X,Y))))
%~ kifm=all(X,all(Y,nesc(same(X,Y)=>(~different(X,Y)))))
%~ kif_to_boxlog_attvars2 = forall('$VAR'('X'),forall('$VAR'('Y'),necessary(=>(same('$VAR'('X'),'$VAR'('Y')),not(different('$VAR'('X'),'$VAR'('Y')))))))
%~ %%%%%%%%%%%%%%%%%%%%%%%%%%%%%%%%%%%%%%%%
%~  Whenever:
%~    " ?X different ?Y " is possible
%~  It's Proof that:
%~    " ?X same ?Y " is possibly false
%~ 
%~ %%%%%%%%%%%%%%%%%%%%%%%%%%%%%%%%%%%%%%%%

poss(different(X,Y))==>poss(~same(X,Y)).

%  AND
%~ %%%%%%%%%%%%%%%%%%%%%%%%%%%%%%%%%%%%%%%%
%~  Whenever:
%~    " ?X same ?Y " is necessarily true
%~  It's Proof that:
%~    " ?X different ?Y " is necessarily false
%~ 
%~ %%%%%%%%%%%%%%%%%%%%%%%%%%%%%%%%%%%%%%%%

nesc(same(X,Y))==>nesc(~different(X,Y)).

~*/


:- test_boxlog(forall([X,Y], same(X,Y) => ~ different(X,Y))).

%~ /var/lib/jenkins/workspace/logicmoo_workspace@2/packs_sys/logicmoo_base/t/examples/fol/forall_quant_01.pfc.pl:28 
%~ correct_special_quantifiers :- all( X,
%~                                  all(Y,same(X,Y)=>(~different(X,Y)))).
%~ kifi = all( [X,Y],
%~          same(X,Y)=>(~different(X,Y))).
%~ kifm = all(X,all(Y,nesc(same(X,Y)=>(~different(X,Y))))).
/*~
%~ %~ correct_special_quantifiers:-all(X,all(Y,same(X,Y)=>(~different(X,Y))))
%~ kifi=all([X,Y],same(X,Y)=>(~different(X,Y)))
%~ kifm=all(X,all(Y,nesc(same(X,Y)=>(~different(X,Y)))))
%~ kif_to_boxlog_attvars2 = forall('$VAR'('X'),forall('$VAR'('Y'),necessary(=>(same('$VAR'('X'),'$VAR'('Y')),not(different('$VAR'('X'),'$VAR'('Y')))))))
%~ %%%%%%%%%%%%%%%%%%%%%%%%%%%%%%%%%%%%%%%%
%~  Whenever:
%~    " ?X different ?Y " is possible
%~  It's Proof that:
%~    " ?X same ?Y " is possibly false
%~ 
%~ %%%%%%%%%%%%%%%%%%%%%%%%%%%%%%%%%%%%%%%%

poss(different(X,Y))==>poss(~same(X,Y)).

%  AND
%~ %%%%%%%%%%%%%%%%%%%%%%%%%%%%%%%%%%%%%%%%
%~  Whenever:
%~    " ?X same ?Y " is necessarily true
%~  It's Proof that:
%~    " ?X different ?Y " is necessarily false
%~ 
%~ %%%%%%%%%%%%%%%%%%%%%%%%%%%%%%%%%%%%%%%%

nesc(same(X,Y))==>nesc(~different(X,Y)).

~*/
%~ /var/lib/jenkins/workspace/logicmoo_workspace@2/packs_sys/logicmoo_base/t/examples/fol/forall_quant_01.pfc.pl:30 
%~ unused(save_junit_results)
%~ test_completed_exit(7)]]></system-out>


</testcase>

<!-- SUCCESS: /var/lib/jenkins/workspace/logicmoo_workspace@2/bin/lmoo=junit=minor =k forall_quant_01.pfc.pl (returned 7)  -->

<!-- FileTestCase=logicmoo.base.examples.fol.FOL_CARDINAITY_AXIOMITIZED_01@Test_9999_Line_9999__Exitcode_7  -->

<!-- CMD=timeout ==foreground ==preserve=status =s SIGKILL =k 10s 10s lmoo=clif fol_cardinaity_axiomitized_01.pfc.pl  -->

<!--  (cd /var/lib/jenkins/workspace/logicmoo_workspace@2/packs_sys/logicmoo_base/t/examples/fol ; timeout ==foreground ==preserve=status =s SIGKILL =k 10s 10s lmoo=clif fol_cardinaity_axiomitized_01.pfc.pl)  -->

<!--  (cd /var/lib/jenkins/workspace/logicmoo_workspace@2/packs_sys/logicmoo_base/t/examples/fol ; timeout ==foreground ==preserve=status =s SIGKILL =k 10s 10s lmoo=clif fol_cardinaity_axiomitized_01.pfc.pl)  -->

<testcase name="logicmoo.base.examples.fol.FOL_CARDINAITY_AXIOMITIZED_01@Test_9999_Line_9999__Exitcode_7" classname='logicmoo.base.examples.fol.FOL_CARDINAITY_AXIOMITIZED_01' time='1'>

<system-out><![CDATA[%
running('/var/lib/jenkins/workspace/logicmoo_workspace@2/packs_sys/logicmoo_base/t/examples/fol/fol_cardinaity_axiomitized_01.pfc.pl'),
%~ this_test_might_need( :-( use_module( library(logicmoo_plarkc))))
%~ unused(save_junit_results)
%~ test_completed_exit(7)]]></system-out>


</testcase>

<!-- SUCCESS: /var/lib/jenkins/workspace/logicmoo_workspace@2/bin/lmoo=junit=minor =k fol_cardinaity_axiomitized_01.pfc.pl (returned 7)  -->

<!-- FileTestCase=logicmoo.base.examples.fol.FOL_BIRDT_01@Test_9999_Line_9999__Exitcode_7  -->

<!-- CMD=timeout ==foreground ==preserve=status =s SIGKILL =k 10s 10s lmoo=clif fol_birdt_01.pfc.pl  -->

<!--  (cd /var/lib/jenkins/workspace/logicmoo_workspace@2/packs_sys/logicmoo_base/t/examples/fol ; timeout ==foreground ==preserve=status =s SIGKILL =k 10s 10s lmoo=clif fol_birdt_01.pfc.pl)  -->

<!--  (cd /var/lib/jenkins/workspace/logicmoo_workspace@2/packs_sys/logicmoo_base/t/examples/fol ; timeout ==foreground ==preserve=status =s SIGKILL =k 10s 10s lmoo=clif fol_birdt_01.pfc.pl)  -->

<testcase name="logicmoo.base.examples.fol.FOL_BIRDT_01@Test_9999_Line_9999__Exitcode_7" classname='logicmoo.base.examples.fol.FOL_BIRDT_01' time='1'>

 <failure message='FAILED: /var/lib/jenkins/workspace/logicmoo_workspace@2/bin/lmoo-junit-minor -k fol_birdt_01.pfc.pl (returned 1)'/>

<system-err><![CDATA[%
running('/var/lib/jenkins/workspace/logicmoo_workspace@2/packs_sys/logicmoo_base/t/examples/fol/fol_birdt_01.pfc.pl'),
%~ this_test_might_need( :-( use_module( library(logicmoo_plarkc))))


%
%  PFC is a language extension for prolog.. there is so much that can be done in this language extension to Prolog
%
% props(Obj,[height(ObjHt)]) == t(height,Obj,ObjHt) == rdf(Obj,height,ObjHt) == t(height(Obj,ObjHt)).
% padd(Obj,[height(ObjHt)]) == prop_set(height,Obj,ObjHt,...) == ain(height(Obj,ObjHt))
% [pdel/pclr](Obj,[height(ObjHt)]) == [del/clr](height,Obj,ObjHt) == [del/clr]svo(Obj,height,ObjHt) == [del/clr](height(Obj,ObjHt))
% keraseall(AnyTerm).
%
%                      ANTECEEDANT                                   CONSEQUENT
%
%        P =         test nesc true                         assert(P),retract(~P) , enable(P).
%       ~P =         test nesc false                        assert(~P),retract(P), disable(P).
%
%   ~ ~(P) =         test possible (via not impossible)      retract(~P), enable(P).
%  \+ ~(P) =         test impossiblity is unknown            retract(~P).
%   ~\+(P) =        same as P                               same as P
%    \+(P) =        test naf(P)                             retract(P)
%
% Dec 13, 2035
% Douglas Miles

:- expects_dialect(pfc).





tCol(tFly).

tCol(tCanary).

tCol(tPenguin).





tCol(tBird).





:- mpred_test(predicate_property(tBird(_),dynamic)).

%~ mpred_test("Test_0001_Line_0000__tBird_1",baseKB:predicate_property(tBird(_444),dynamic))
/*~
%~ mpred_test("Test_0001_Line_0000__tBird_1",baseKB:predicate_property(tBird(_444),dynamic))
passed=info(why_was_true(baseKB:predicate_property(tBird(_444),dynamic)))
no_proof_for(predicate_property(tBird(Bird),dynamic)).

no_proof_for(predicate_property(tBird(Bird),dynamic)).

no_proof_for(predicate_property(tBird(Bird),dynamic)).

	name	='logicmoo.base.examples.fol.FOL_BIRDT_01-Test_0001_Line_0000__tBird_1'.
	JUNIT_CLASSNAME	='logicmoo.base.examples.fol.FOL_BIRDT_01'.
	JUNIT_CMD	='timeout --foreground --preserve-status -s SIGKILL -k 10s 10s lmoo-clif fol_birdt_01.pfc.pl'.
% saving_junit: /var/lib/jenkins/workspace/logicmoo_workspace@2/test_results/jenkins/Report-logicmoo-junit-examples-fol-vSTARvfvSTARv_01vDOTvpvSTARv-Units-logicmoo.base.examples.fol.FOL_BIRDT_01-Test_0001_Line_0000__tBird_1-junit.xml
~*/


genls(tCanary,tBird).

genls(tPenguin,tBird).







:- dmsg("chilly is a penguin.").
%~ chilly is a penguin.

tPenguin(iChilly).



:- mpred_test((tBird(iChilly))).



%~ mpred_test("Test_0002_Line_0000__IChilly",baseKB:tBird(iChilly))
/*~
%~ mpred_test("Test_0002_Line_0000__IChilly",baseKB:tBird(iChilly))
passed=info(why_was_true(baseKB:tBird(iChilly)))
no_proof_for(tBird(iChilly)).

no_proof_for(tBird(iChilly)).

no_proof_for(tBird(iChilly)).

	name	='logicmoo.base.examples.fol.FOL_BIRDT_01-Test_0002_Line_0000__IChilly'.
	JUNIT_CLASSNAME	='logicmoo.base.examples.fol.FOL_BIRDT_01'.
	JUNIT_CMD	='timeout --foreground --preserve-status -s SIGKILL -k 10s 10s lmoo-clif fol_birdt_01.pfc.pl'.
% saving_junit: /var/lib/jenkins/workspace/logicmoo_workspace@2/test_results/jenkins/Report-logicmoo-junit-examples-fol-vSTARvfvSTARv_01vDOTvpvSTARv-Units-logicmoo.base.examples.fol.FOL_BIRDT_01-Test_0002_Line_0000__IChilly-junit.xml
~*/




:- dmsg("tweety is a canary.").
%~ tweety is a canary.

tCanary(iTweety).



:- mpred_test((tBird(iTweety))).


%~ mpred_test("Test_0003_Line_0000__ITweety",baseKB:tBird(iTweety))
/*~
%~ mpred_test("Test_0003_Line_0000__ITweety",baseKB:tBird(iTweety))
passed=info(why_was_true(baseKB:tBird(iTweety)))
no_proof_for(tBird(iTweety)).

no_proof_for(tBird(iTweety)).

no_proof_for(tBird(iTweety)).

	name	='logicmoo.base.examples.fol.FOL_BIRDT_01-Test_0003_Line_0000__ITweety'.
	JUNIT_CLASSNAME	='logicmoo.base.examples.fol.FOL_BIRDT_01'.
	JUNIT_CMD	='timeout --foreground --preserve-status -s SIGKILL -k 10s 10s lmoo-clif fol_birdt_01.pfc.pl'.
% saving_junit: /var/lib/jenkins/workspace/logicmoo_workspace@2/test_results/jenkins/Report-logicmoo-junit-examples-fol-vSTARvfvSTARv_01vDOTvpvSTARv-Units-logicmoo.base.examples.fol.FOL_BIRDT_01-Test_0003_Line_0000__ITweety-junit.xml
~*/



:- dmsg("birds fly by default.").
%~ birds fly by default.

mdefault(( tBird(X) => tFly(X))).

%~ message_hook_type(error)
%~ message_hook(
%~    initialization_exception( must_sanity : e( must_sanity : e( must_sanity : e( must_sanity : e( error(permission_error(assert,procedure,baseKB:tBird/1),context(system:assertz/1,Context_Kw)),
%~                                                                                                  baseKB : assert_to_mu( tBird(Fly_Bird)=>tFly(Fly_Bird))),
%~                                                                                 baseKB : mpred_enqueue(
%~                                                                                             ( ( \+( ( tBird(Fly_Bird7)=>tFly(Fly_Bird7) /
%~                                                                                                       ground(tBird(Fly_Bird7)=>tFly(Fly_Bird7)),\+tFly(Fly_Bird7))) ,
%~                                                                                                 \+( ~( tBird(Fly_Bird7)=>tFly(Fly_Bird7)))) ==>
%~                                                                                               tBird(Fly_Bird7)=>tFly(Fly_Bird7)),
%~                                                                                             ( mdefault( tBird(Fly_Bird9)=>tFly(Fly_Bird9)) ,
%~                                                                                               '$pt'( baseKB,
%~                                                                                                 mdefault( tBird(Fly_Bird7)=>tFly(Fly_Bird7)),
%~                                                                                                 ( ( mpred_positive_fact( tBird(Fly_Bird7)=>tFly(Fly_Bird7)) ,
%~                                                                                                     if_missing_mask(
%~                                                                                                        tBird(Fly_Bird7)=>tFly(Fly_Bird7),
%~                                                                                                        tBird(Fly_Bird7)=>tFly(Fly_Bird7),
%~                                                                                                        \+( tFly(Fly_Bird7)))) *->
%~                                                                                                   rhs([(\+tBird(Fly_Bird7)=>tFly(Fly_Bird7)/(ground(tBird(Fly_Bird7)=>tFly(Fly_Bird7)),\+tFly(Fly_Bird7)),\+ ~tBird(Fly_Bird7)=>tFly(Fly_Bird7)==>tBird(Fly_Bird7)=>tFly(Fly_Bird7))])))))),
%~                                                                baseKB : mpred_enqueue(
%~                                                                            mdefault( tBird(Fly_Bird_X)=>tFly(Fly_Bird_X)),
%~                                                                            ( mfl4(
%~                                                                                 [ 'X'=Fly_Bird_X],
%~                                                                                  baseKB, '/var/lib/jenkins/workspace/logicmoo_workspace@2/packs_sys/logicmoo_base/t/examples/fol/fol_birdt_01.pfc.pl', 56) ,
%~                                                                              ax))),
%~                                               baseKB : ain_fast(
%~                                                           baseKB : mdefault( tBird(Fly_Bird_X2)=>tFly(Fly_Bird_X2)),
%~                                                           ( mfl4(
%~                                                                [ 'X'=Fly_Bird_X2],
%~                                                                 baseKB, '/var/lib/jenkins/workspace/logicmoo_workspace@2/packs_sys/logicmoo_base/t/examples/fol/fol_birdt_01.pfc.pl', 56) ,
%~                                                             ax)))),
%~    error,
%~    [ 'Prolog initialisation failed:',
%~      nl,
%~      'Unknown message: ~p' - [ must_sanity : e( must_sanity : e( must_sanity : e( must_sanity : e( error(permission_error(assert,procedure,baseKB:tBird/1),context(system:assertz/1,Context_Kw)),
%~                                                                                                    baseKB : assert_to_mu( tBird(Fly_Bird)=>tFly(Fly_Bird))),
%~                                                                                   baseKB : mpred_enqueue(
%~                                                                                               ( ( \+( ( tBird(Fly_Bird7)=>tFly(Fly_Bird7) /
%~                                                                                                         ground(tBird(Fly_Bird7)=>tFly(Fly_Bird7)),\+tFly(Fly_Bird7))) ,
%~                                                                                                   \+( ~( tBird(Fly_Bird7)=>tFly(Fly_Bird7)))) ==>
%~                                                                                                 tBird(Fly_Bird7)=>tFly(Fly_Bird7)),
%~                                                                                               ( mdefault( tBird(Fly_Bird9)=>tFly(Fly_Bird9)) ,
%~                                                                                                 '$pt'( baseKB,
%~                                                                                                   mdefault( tBird(Fly_Bird7)=>tFly(Fly_Bird7)),
%~                                                                                                   ( ( mpred_positive_fact( tBird(Fly_Bird7)=>tFly(Fly_Bird7)) ,
%~                                                                                                       if_missing_mask(
%~                                                                                                          tBird(Fly_Bird7)=>tFly(Fly_Bird7),
%~                                                                                                          tBird(Fly_Bird7)=>tFly(Fly_Bird7),
%~                                                                                                          \+( tFly(Fly_Bird7)))) *->
%~                                                                                                     rhs([(\+tBird(Fly_Bird7)=>tFly(Fly_Bird7)/(ground(tBird(Fly_Bird7)=>tFly(Fly_Bird7)),\+tFly(Fly_Bird7)),\+ ~tBird(Fly_Bird7)=>tFly(Fly_Bird7)==>tBird(Fly_Bird7)=>tFly(Fly_Bird7))])))))),
%~                                                                  baseKB : mpred_enqueue(
%~                                                                              mdefault( tBird(Fly_Bird_X)=>tFly(Fly_Bird_X)),
%~                                                                              ( mfl4(
%~                                                                                   [ 'X'=Fly_Bird_X],
%~                                                                                    baseKB, '/var/lib/jenkins/workspace/logicmoo_workspace@2/packs_sys/logicmoo_base/t/examples/fol/fol_birdt_01.pfc.pl', 56) ,
%~                                                                                ax))),
%~                                                 baseKB : ain_fast(
%~                                                             baseKB : mdefault( tBird(Fly_Bird_X2)=>tFly(Fly_Bird_X2)),
%~                                                             ( mfl4(
%~                                                                  [ 'X'=Fly_Bird_X2],
%~                                                                   baseKB, '/var/lib/jenkins/workspace/logicmoo_workspace@2/packs_sys/logicmoo_base/t/examples/fol/fol_birdt_01.pfc.pl', 56) ,
%~                                                               ax)))]])
%~ unused(save_junit_results)]]></system-err>


</testcase>

<!-- FAILED: /var/lib/jenkins/workspace/logicmoo_workspace@2/bin/lmoo=junit=minor =k fol_birdt_01.pfc.pl (returned 1)  -->

<!-- ans=y  -->


</testsuite>




<testsuite name="Rollup logicmoo.base.fol.fiveof in /var/lib/jenkins/workspace/logicmoo_workspace@2/packs_sys/logicmoo_base/t/examples/fol/fiveof" package="logicmoo.base.fol.fiveof" tests="0" failures="0" errors="0"  skipped="0">

<!-- Running Matching Tests: /var/lib/jenkins/workspace/logicmoo_workspace@2/bin/lmoo=junit=minor =k *f*_01.p*  -->

<!-- FileTestCase=logicmoo.base.fol.fiveof.FIVE_LEFTOF_TYPE_01@Test_9999_Line_9999__Exitcode_7  -->

<!-- CMD=timeout ==foreground ==preserve=status =s SIGKILL =k 10s 10s lmoo=clif five_leftof_type_01.pl  -->

<!--  (cd /var/lib/jenkins/workspace/logicmoo_workspace@2/packs_sys/logicmoo_base/t/examples/fol/fiveof ; timeout ==foreground ==preserve=status =s SIGKILL =k 10s 10s lmoo=clif five_leftof_type_01.pl)  -->

<!--  (cd /var/lib/jenkins/workspace/logicmoo_workspace@2/packs_sys/logicmoo_base/t/examples/fol/fiveof ; timeout ==foreground ==preserve=status =s SIGKILL =k 10s 10s lmoo=clif five_leftof_type_01.pl)  -->

<testcase name="logicmoo.base.fol.fiveof.FIVE_LEFTOF_TYPE_01@Test_9999_Line_9999__Exitcode_7" classname='logicmoo.base.fol.fiveof.FIVE_LEFTOF_TYPE_01' time='3'>

<system-out><![CDATA[%
running('/var/lib/jenkins/workspace/logicmoo_workspace@2/packs_sys/logicmoo_base/t/examples/fol/fiveof/five_leftof_type_01.pl'),
%~ this_test_might_need( :-( use_module( library(logicmoo_plarkc))))
%~ /var/lib/jenkins/.local/share/swi-prolog/pack/logicmoo_utils/prolog/logicmoo_test_header.pl:96 
%~ this_test_might_need( :-( expects_dialect(pfc)))


:- expects_dialect(clif).





:- kif_compile.

% makes the KB monotonic


% makes the KB monotonic
:- set_kif_option(qualify_modality,simple_nesc).

% There are five houses in a row.


% There are five houses in a row.
nesc(leftof(h1, h2)).

leftof(h2, h3).
%~ kifi = leftof(h2,h3).
%~ kifm = nesc( leftof(h2,h3)).
%~ /var/lib/jenkins/workspace/logicmoo_workspace@2/packs_sys/logicmoo_base/t/examples/fol/fiveof/five_leftof_type_01.pl:26 
%~ kifm = nesc( leftof(h2,h3)).
%~ debugm(common_logic_loader,show_success(common_logic_loader,common_logic_loader:ain(clif(leftof(h2,h3)))))
%~ kifi = leftof(h2,h3).
%~ kifm = nesc( leftof(h2,h3)).

/*~
%~ kifi=leftof(h2,h3)
%~ kifm=nesc(leftof(h2,h3))
%~ kifm=nesc(leftof(h2,h3))
%~ kif_to_boxlog_attvars2 = necessary(leftof(h2,h3))




=======================================================
leftof(h2,h3)
============================================


?- kif_to_boxlog( leftof(h2,h3) ).



% In English: 
%~ %%%%%%%%%%%%%%%%%%%%%%%%%%%%%%%%%%%%%%%%
%~  h2 leftof h3
%~ 
%~ %%%%%%%%%%%%%%%%%%%%%%%%%%%%%%%%%%%%%%%%
%~ kifi=leftof(h2,h3)
%~ kifm=nesc(leftof(h2,h3))
%~ kif_to_boxlog_attvars2 = necessary(leftof(h2,h3))

%%%%%%%%%%%%%%%%%%%%%%%%%%%%%%%%%%%%%%%%
% Results in the following 1 entailment(s): 
nesc(leftof(h2,h3)).

%%%%%%%%%%%%%%%%%%%%%%%%%%%%%%%%%%%%%%%%
%~ %%%%%%%%%%%%%%%%%%%%%%%%%%%%%%%%%%%%%%%%
%~  it is necessarily true that h2 leftof h3
%~ 
%~ %%%%%%%%%%%%%%%%%%%%%%%%%%%%%%%%%%%%%%%%

nesc( leftof(h2,h3)).

============================================
~*/

leftof(h3, h4).
%~ /var/lib/jenkins/workspace/logicmoo_workspace@2/packs_sys/logicmoo_base/t/examples/fol/fiveof/five_leftof_type_01.pl:27 
%~ kifi = leftof(h3,h4).
%~ kifm = nesc( leftof(h3,h4)).
%~ kifm = nesc( leftof(h3,h4)).
%~ debugm(common_logic_loader,show_success(common_logic_loader,common_logic_loader:ain(clif(leftof(h3,h4)))))
%~ kifi = leftof(h3,h4).
%~ kifm = nesc( leftof(h3,h4)).

/*~
%~ kifi=leftof(h3,h4)
%~ kifm=nesc(leftof(h3,h4))
%~ kifm=nesc(leftof(h3,h4))
%~ kif_to_boxlog_attvars2 = necessary(leftof(h3,h4))




=======================================================
leftof(h3,h4)
============================================


?- kif_to_boxlog( leftof(h3,h4) ).



% In English: 
%~ %%%%%%%%%%%%%%%%%%%%%%%%%%%%%%%%%%%%%%%%
%~  h3 leftof h4
%~ 
%~ %%%%%%%%%%%%%%%%%%%%%%%%%%%%%%%%%%%%%%%%
%~ kifi=leftof(h3,h4)
%~ kifm=nesc(leftof(h3,h4))
%~ kif_to_boxlog_attvars2 = necessary(leftof(h3,h4))

%%%%%%%%%%%%%%%%%%%%%%%%%%%%%%%%%%%%%%%%
% Results in the following 1 entailment(s): 
nesc(leftof(h3,h4)).

%%%%%%%%%%%%%%%%%%%%%%%%%%%%%%%%%%%%%%%%
%~ %%%%%%%%%%%%%%%%%%%%%%%%%%%%%%%%%%%%%%%%
%~  it is necessarily true that h3 leftof h4
%~ 
%~ %%%%%%%%%%%%%%%%%%%%%%%%%%%%%%%%%%%%%%%%

nesc( leftof(h3,h4)).

============================================
~*/

leftof(h4, h5).

% makes the KB non-monotonic
%~ kifi = leftof(h4,h5).
%~ /var/lib/jenkins/workspace/logicmoo_workspace@2/packs_sys/logicmoo_base/t/examples/fol/fiveof/five_leftof_type_01.pl:28 
%~ kifm = nesc( leftof(h4,h5)).
%~ kifm = nesc( leftof(h4,h5)).
%~ debugm(common_logic_loader,show_success(common_logic_loader,common_logic_loader:ain(clif(leftof(h4,h5)))))
%~ kifi = leftof(h4,h5).
%~ kifm = nesc( leftof(h4,h5)).

/*~
%~ kifi=leftof(h4,h5)
%~ kifm=nesc(leftof(h4,h5))
%~ kifm=nesc(leftof(h4,h5))
%~ kif_to_boxlog_attvars2 = necessary(leftof(h4,h5))




=======================================================
leftof(h4,h5)
============================================


?- kif_to_boxlog( leftof(h4,h5) ).



% In English: 
%~ %%%%%%%%%%%%%%%%%%%%%%%%%%%%%%%%%%%%%%%%
%~  h4 leftof h5
%~ 
%~ %%%%%%%%%%%%%%%%%%%%%%%%%%%%%%%%%%%%%%%%
%~ kifi=leftof(h4,h5)
%~ kifm=nesc(leftof(h4,h5))
%~ kif_to_boxlog_attvars2 = necessary(leftof(h4,h5))

%%%%%%%%%%%%%%%%%%%%%%%%%%%%%%%%%%%%%%%%
% Results in the following 1 entailment(s): 
nesc(leftof(h4,h5)).

%%%%%%%%%%%%%%%%%%%%%%%%%%%%%%%%%%%%%%%%
%~ %%%%%%%%%%%%%%%%%%%%%%%%%%%%%%%%%%%%%%%%
%~  it is necessarily true that h4 leftof h5
%~ 
%~ %%%%%%%%%%%%%%%%%%%%%%%%%%%%%%%%%%%%%%%%

nesc( leftof(h4,h5)).

============================================
~*/


% makes the KB non-monotonic
:- set_kif_option(qualify_modality,false).
% this should cause h1-h5 to become houses



% this should cause h1-h5 to become houses


leftof(H1, H2) => house(H1) & house(H2).

% intractive_test/1 means only run if interactive
%~ /var/lib/jenkins/workspace/logicmoo_workspace@2/packs_sys/logicmoo_base/t/examples/fol/fiveof/five_leftof_type_01.pl:35 
%~ kifm = ( leftof(House_Leftof,House_Leftof3) =>
%~          house(House_Leftof)&house(House_Leftof3)).
%~ kifm = ( leftof(House_Leftof8,House_Leftof9) =>
%~          house(House_Leftof8)&house(House_Leftof9)).
%~ debugm( common_logic_loader,
%~   show_success( common_logic_loader,
%~     common_logic_loader : ain( clif( leftof(H1,H2)=>(house(H1)&house(H2))))))
%~ kifm = ( leftof(House_Leftof,House_Leftof3) =>
%~          house(House_Leftof)&house(House_Leftof3)).

%~ kifm = leftof(H1,H2)=>(house(H1)&house(H2)).
/*~
%~ kifm=leftof(House_Leftof,House_Leftof3)=>(house(House_Leftof)&house(House_Leftof3))
%~ kifm=leftof(House_Leftof8,House_Leftof9)=>(house(House_Leftof8)&house(House_Leftof9))
%~ kif_to_boxlog_attvars2 = =>(leftof('$VAR'('House_Leftof8'),'$VAR'('House_Leftof9')),and(house('$VAR'('House_Leftof8')),house('$VAR'('House_Leftof9'))))




=======================================================
=>(leftof('$VAR'('House_Leftof'),'$VAR'('House_Leftof3')),&(house('$VAR'('House_Leftof')),house('$VAR'('House_Leftof3'))))
============================================


?- kif_to_boxlog( leftof(House_Leftof,House_Leftof3)=>(house(House_Leftof)&house(House_Leftof3)) ).



% In English: 
%~ %%%%%%%%%%%%%%%%%%%%%%%%%%%%%%%%%%%%%%%%
%~  If:
%~    ?House_Leftof leftof ?House_Leftof3 then it is
%~  Implied that:
%~    " ?House_Leftof isa house "  and
%~    " ?House_Leftof3 isa house "
%~ 
%~ %%%%%%%%%%%%%%%%%%%%%%%%%%%%%%%%%%%%%%%%
%~ kifm=leftof(House_Leftof,House_Leftof3)=>(house(House_Leftof)&house(House_Leftof3))
%~ kif_to_boxlog_attvars2 = =>(leftof('$VAR'('House_Leftof'),'$VAR'('House_Leftof3')),and(house('$VAR'('House_Leftof')),house('$VAR'('House_Leftof3'))))

%%%%%%%%%%%%%%%%%%%%%%%%%%%%%%%%%%%%%%%%
% Results in the following 6 entailment(s): 
nesc(leftof(House_Leftof,House_Leftof3))&nesc(~house(House_Leftof))==>nesc(~house(House_Leftof3)).
nesc(leftof(House_Leftof,House_Leftof3))&nesc(~house(House_Leftof3))==>nesc(~house(House_Leftof)).
nesc(leftof(House_Leftof,House_Leftof3))&poss(house(House_Leftof))==>nesc(house(House_Leftof3)).
nesc(leftof(House_Leftof,House_Leftof3))&poss(house(House_Leftof3))==>nesc(house(House_Leftof)).
poss(house(House_Leftof))&nesc(~house(House_Leftof3))==>nesc(~leftof(House_Leftof,House_Leftof3)).
poss(house(House_Leftof3))&nesc(~house(House_Leftof))==>nesc(~leftof(House_Leftof,House_Leftof3)).

%%%%%%%%%%%%%%%%%%%%%%%%%%%%%%%%%%%%%%%%
%~ %%%%%%%%%%%%%%%%%%%%%%%%%%%%%%%%%%%%%%%%
%~  Whenever:
%~    " ?House_Leftof leftof ?House_Leftof3 " is necessarily true  and
%~    " ?House_Leftof isa house " is necessarily false
%~  It's Proof that:
%~    " ?House_Leftof3 isa house " is necessarily false
%~ 
%~ %%%%%%%%%%%%%%%%%%%%%%%%%%%%%%%%%%%%%%%%

( nesc(leftof(House_Leftof,House_Leftof3))&nesc(~house(House_Leftof)) ==> 
  nesc( ~( house(House_Leftof3)))).

%  AND
%~ %%%%%%%%%%%%%%%%%%%%%%%%%%%%%%%%%%%%%%%%
%~  Whenever:
%~    " ?House_Leftof leftof ?House_Leftof3 " is necessarily true  and
%~    " ?House_Leftof3 isa house " is necessarily false
%~  It's Proof that:
%~    " ?House_Leftof isa house " is necessarily false
%~ 
%~ %%%%%%%%%%%%%%%%%%%%%%%%%%%%%%%%%%%%%%%%

( nesc(leftof(House_Leftof,House_Leftof3))&nesc(~house(House_Leftof3)) ==> 
  nesc( ~( house(House_Leftof)))).

%  AND
%~ %%%%%%%%%%%%%%%%%%%%%%%%%%%%%%%%%%%%%%%%
%~  Whenever:
%~    " ?House_Leftof leftof ?House_Leftof3 " is necessarily true  and
%~    " ?House_Leftof isa house " is possible
%~  It's Proof that:
%~    " ?House_Leftof3 isa house " is necessarily true
%~ 
%~ %%%%%%%%%%%%%%%%%%%%%%%%%%%%%%%%%%%%%%%%

( nesc(leftof(House_Leftof,House_Leftof3))&poss(house(House_Leftof)) ==> 
  nesc( house(House_Leftof3))).

%  AND
%~ %%%%%%%%%%%%%%%%%%%%%%%%%%%%%%%%%%%%%%%%
%~  Whenever:
%~    " ?House_Leftof leftof ?House_Leftof3 " is necessarily true  and
%~    " ?House_Leftof3 isa house " is possible
%~  It's Proof that:
%~    " ?House_Leftof isa house " is necessarily true
%~ 
%~ %%%%%%%%%%%%%%%%%%%%%%%%%%%%%%%%%%%%%%%%

( nesc(leftof(House_Leftof,House_Leftof3))&poss(house(House_Leftof3)) ==> 
  nesc( house(House_Leftof))).

%  AND
%~ %%%%%%%%%%%%%%%%%%%%%%%%%%%%%%%%%%%%%%%%
%~  Whenever:
%~    " ?House_Leftof isa house " is possible  and
%~    " ?House_Leftof3 isa house " is necessarily false
%~  It's Proof that:
%~    " ?House_Leftof leftof ?House_Leftof3 " is necessarily false
%~ 
%~ %%%%%%%%%%%%%%%%%%%%%%%%%%%%%%%%%%%%%%%%

( poss(house(House_Leftof))&nesc(~house(House_Leftof3)) ==> 
  nesc( ~( leftof(House_Leftof,House_Leftof3)))).

%  AND
%~ %%%%%%%%%%%%%%%%%%%%%%%%%%%%%%%%%%%%%%%%
%~  Whenever:
%~    " ?House_Leftof3 isa house " is possible  and
%~    " ?House_Leftof isa house " is necessarily false
%~  It's Proof that:
%~    " ?House_Leftof leftof ?House_Leftof3 " is necessarily false
%~ 
%~ %%%%%%%%%%%%%%%%%%%%%%%%%%%%%%%%%%%%%%%%

( poss(house(House_Leftof3))&nesc(~house(House_Leftof)) ==> 
  nesc( ~( leftof(House_Leftof,House_Leftof3)))).

============================================%~ kifm=leftof(H1,H2)=>(house(H1)&house(H2))
%~ kif_to_boxlog_attvars2 = =>(leftof('$VAR'('H1'),'$VAR'('H2')),and(house('$VAR'('H1')),house('$VAR'('H2'))))
%~ %%%%%%%%%%%%%%%%%%%%%%%%%%%%%%%%%%%%%%%%
%~  Whenever:
%~    " ?H2 isa house " is possible  and
%~    " ?H1 isa house " is necessarily false
%~  It's Proof that:
%~    " ?H1 leftof ?H2 " is necessarily false
%~ 
%~ %%%%%%%%%%%%%%%%%%%%%%%%%%%%%%%%%%%%%%%%

poss(house(H2))&nesc(~house(H1))==>nesc(~leftof(H1,H2)).

%  AND
%~ %%%%%%%%%%%%%%%%%%%%%%%%%%%%%%%%%%%%%%%%
%~  Whenever:
%~    " ?H1 leftof ?H2 " is necessarily true  and
%~    " ?H1 isa house " is necessarily false
%~  It's Proof that:
%~    " ?H2 isa house " is necessarily false
%~ 
%~ %%%%%%%%%%%%%%%%%%%%%%%%%%%%%%%%%%%%%%%%

nesc(leftof(H1,H2))&nesc(~house(H1))==>nesc(~house(H2)).

%  AND
%~ %%%%%%%%%%%%%%%%%%%%%%%%%%%%%%%%%%%%%%%%
%~  Whenever:
%~    " ?H1 leftof ?H2 " is necessarily true  and
%~    " ?H2 isa house " is possible
%~  It's Proof that:
%~    " ?H1 isa house " is necessarily true
%~ 
%~ %%%%%%%%%%%%%%%%%%%%%%%%%%%%%%%%%%%%%%%%

nesc(leftof(H1,H2))&poss(house(H2))==>nesc(house(H1)).

%  AND
%~ %%%%%%%%%%%%%%%%%%%%%%%%%%%%%%%%%%%%%%%%
%~  Whenever:
%~    " ?H1 isa house " is possible  and
%~    " ?H2 isa house " is necessarily false
%~  It's Proof that:
%~    " ?H1 leftof ?H2 " is necessarily false
%~ 
%~ %%%%%%%%%%%%%%%%%%%%%%%%%%%%%%%%%%%%%%%%

poss(house(H1))&nesc(~house(H2))==>nesc(~leftof(H1,H2)).

%  AND
%~ %%%%%%%%%%%%%%%%%%%%%%%%%%%%%%%%%%%%%%%%
%~  Whenever:
%~    " ?H1 leftof ?H2 " is necessarily true  and
%~    " ?H2 isa house " is necessarily false
%~  It's Proof that:
%~    " ?H1 isa house " is necessarily false
%~ 
%~ %%%%%%%%%%%%%%%%%%%%%%%%%%%%%%%%%%%%%%%%

nesc(leftof(H1,H2))&nesc(~house(H2))==>nesc(~house(H1)).

%  AND
%~ %%%%%%%%%%%%%%%%%%%%%%%%%%%%%%%%%%%%%%%%
%~  Whenever:
%~    " ?H1 leftof ?H2 " is necessarily true  and
%~    " ?H1 isa house " is possible
%~  It's Proof that:
%~    " ?H2 isa house " is necessarily true
%~ 
%~ %%%%%%%%%%%%%%%%%%%%%%%%%%%%%%%%%%%%%%%%

nesc(leftof(H1,H2))&poss(house(H1))==>nesc(house(H2)).

~*/


% intractive_test/1 means only run if interactive
:- interactive_test(listing(kif_show)).

% mpred_test/1 each become a Junit test that must succeed

/*~
?- listing(kif_show).
~*/


% mpred_test/1 each become a Junit test that must succeed
:- mpred_test(listing(nesc)).

% ensure our rule worked
%~ /var/lib/jenkins/workspace/logicmoo_workspace@2/packs_sys/logicmoo_base/t/examples/fol/fiveof/five_leftof_type_01.pl:41 
%~ mpred_test("Test_0001_Line_0000__Nesc",baseKB:listing(nesc))
/*~
%~ mpred_test("Test_0001_Line_0000__Nesc",baseKB:listing(nesc))
:- dynamic nesc/1.
:- multifile nesc/1.
:- public nesc/1.
:- module_transparent nesc/1.

nesc(A) :-
    zwc,
    nesc_lc(baseKB, A).
nesc(leftof(h1, h2)).
nesc(leftof(h2, h3)).
nesc(leftof(h3, h4)).
nesc(leftof(h4, h5)).
nesc(house(h1)).
nesc(house(h2)).
nesc(house(h3)).
nesc(house(h4)).
nesc(house(h5)).

:- public nesc/2.
:- module_transparent nesc/2.

nesc(_M, isNamed(X, Y)) :-
    !,
    isNamed_impl(X, Y),
    !.
nesc(A, B) :-
    swc,
    first_of([ (loop_check_term(A:proven_tru(B), info(A:proven_tru(B), 'common_logic_exists.pl':318), fail), nop(nrlc0(call(call, \+A:proven_neg(B))))),
               (A:proven_helper(B), \+A:proven_helper(~B)),
               A:skolem_tru(B)
             ]).

passed=info(why_was_true(baseKB:listing(nesc)))
no_proof_for(listing(nesc)).

:- dynamic nesc/1.
:- multifile nesc/1.
:- public nesc/1.
:- module_transparent nesc/1.

nesc(A) :-
    zwc,
    nesc_lc(baseKB, A).
nesc(leftof(h1, h2)).
nesc(leftof(h2, h3)).
nesc(leftof(h3, h4)).
nesc(leftof(h4, h5)).
nesc(house(h1)).
nesc(house(h2)).
nesc(house(h3)).
nesc(house(h4)).
nesc(house(h5)).

:- public nesc/2.
:- module_transparent nesc/2.

nesc(_M, isNamed(X, Y)) :-
    !,
    isNamed_impl(X, Y),
    !.
nesc(A, B) :-
    swc,
    first_of([ (loop_check_term(A:proven_tru(B), info(A:proven_tru(B), 'common_logic_exists.pl':318), fail), nop(nrlc0(call(call, \+A:proven_neg(B))))),
               (A:proven_helper(B), \+A:proven_helper(~B)),
               A:skolem_tru(B)
             ]).

no_proof_for(listing(nesc)).

no_proof_for(listing(nesc)).

	name	='logicmoo.base.fol.fiveof.FIVE_LEFTOF_TYPE_01-Test_0001_Line_0000__Nesc'.
	JUNIT_CLASSNAME	='logicmoo.base.fol.fiveof.FIVE_LEFTOF_TYPE_01'.
	JUNIT_CMD	='timeout --foreground --preserve-status -s SIGKILL -k 10s 10s lmoo-clif five_leftof_type_01.pl'.
% saving_junit: /var/lib/jenkins/workspace/logicmoo_workspace@2/test_results/jenkins/Report-logicmoo-junit-fol-fiveof-vSTARvfvSTARv_01vDOTvpvSTARv-Units-logicmoo.base.fol.fiveof.FIVE_LEFTOF_TYPE_01-Test_0001_Line_0000__Nesc-junit.xml
~*/


% ensure our rule worked
:- mpred_test((house(h1))).
%~ mpred_test("Test_0002_Line_0000__H1",baseKB:house(h1))
/*~
%~ mpred_test("Test_0002_Line_0000__H1",baseKB:house(h1))
passed=info(why_was_true(baseKB:house(h1)))
no_proof_for(house(h1)).

no_proof_for(house(h1)).

no_proof_for(house(h1)).

	name	='logicmoo.base.fol.fiveof.FIVE_LEFTOF_TYPE_01-Test_0002_Line_0000__H1'.
	JUNIT_CLASSNAME	='logicmoo.base.fol.fiveof.FIVE_LEFTOF_TYPE_01'.
	JUNIT_CMD	='timeout --foreground --preserve-status -s SIGKILL -k 10s 10s lmoo-clif five_leftof_type_01.pl'.
% saving_junit: /var/lib/jenkins/workspace/logicmoo_workspace@2/test_results/jenkins/Report-logicmoo-junit-fol-fiveof-vSTARvfvSTARv_01vDOTvpvSTARv-Units-logicmoo.base.fol.fiveof.FIVE_LEFTOF_TYPE_01-Test_0002_Line_0000__H1-junit.xml
~*/

:- mpred_test((house(h2))).
%~ mpred_test("Test_0003_Line_0000__H2",baseKB:house(h2))
/*~
%~ mpred_test("Test_0003_Line_0000__H2",baseKB:house(h2))
passed=info(why_was_true(baseKB:house(h2)))
no_proof_for(house(h2)).

no_proof_for(house(h2)).

no_proof_for(house(h2)).

	name	='logicmoo.base.fol.fiveof.FIVE_LEFTOF_TYPE_01-Test_0003_Line_0000__H2'.
	JUNIT_CLASSNAME	='logicmoo.base.fol.fiveof.FIVE_LEFTOF_TYPE_01'.
	JUNIT_CMD	='timeout --foreground --preserve-status -s SIGKILL -k 10s 10s lmoo-clif five_leftof_type_01.pl'.
% saving_junit: /var/lib/jenkins/workspace/logicmoo_workspace@2/test_results/jenkins/Report-logicmoo-junit-fol-fiveof-vSTARvfvSTARv_01vDOTvpvSTARv-Units-logicmoo.base.fol.fiveof.FIVE_LEFTOF_TYPE_01-Test_0003_Line_0000__H2-junit.xml
~*/

:- mpred_test((house(h3))).
%~ /var/lib/jenkins/workspace/logicmoo_workspace@2/packs_sys/logicmoo_base/t/examples/fol/fiveof/five_leftof_type_01.pl:46 
%~ mpred_test("Test_0004_Line_0000__H3",baseKB:house(h3))
/*~
%~ mpred_test("Test_0004_Line_0000__H3",baseKB:house(h3))
passed=info(why_was_true(baseKB:house(h3)))
no_proof_for(house(h3)).

no_proof_for(house(h3)).

no_proof_for(house(h3)).

	name	='logicmoo.base.fol.fiveof.FIVE_LEFTOF_TYPE_01-Test_0004_Line_0000__H3'.
	JUNIT_CLASSNAME	='logicmoo.base.fol.fiveof.FIVE_LEFTOF_TYPE_01'.
	JUNIT_CMD	='timeout --foreground --preserve-status -s SIGKILL -k 10s 10s lmoo-clif five_leftof_type_01.pl'.
% saving_junit: /var/lib/jenkins/workspace/logicmoo_workspace@2/test_results/jenkins/Report-logicmoo-junit-fol-fiveof-vSTARvfvSTARv_01vDOTvpvSTARv-Units-logicmoo.base.fol.fiveof.FIVE_LEFTOF_TYPE_01-Test_0004_Line_0000__H3-junit.xml
~*/

:- mpred_test((house(h4))).
%~ mpred_test("Test_0005_Line_0000__H4",baseKB:house(h4))
/*~
%~ mpred_test("Test_0005_Line_0000__H4",baseKB:house(h4))
passed=info(why_was_true(baseKB:house(h4)))
no_proof_for(house(h4)).

no_proof_for(house(h4)).

no_proof_for(house(h4)).

	name	='logicmoo.base.fol.fiveof.FIVE_LEFTOF_TYPE_01-Test_0005_Line_0000__H4'.
	JUNIT_CLASSNAME	='logicmoo.base.fol.fiveof.FIVE_LEFTOF_TYPE_01'.
	JUNIT_CMD	='timeout --foreground --preserve-status -s SIGKILL -k 10s 10s lmoo-clif five_leftof_type_01.pl'.
% saving_junit: /var/lib/jenkins/workspace/logicmoo_workspace@2/test_results/jenkins/Report-logicmoo-junit-fol-fiveof-vSTARvfvSTARv_01vDOTvpvSTARv-Units-logicmoo.base.fol.fiveof.FIVE_LEFTOF_TYPE_01-Test_0005_Line_0000__H4-junit.xml
~*/

:- mpred_test((house(h5))).

% ensure we are being nice
%~ /var/lib/jenkins/workspace/logicmoo_workspace@2/packs_sys/logicmoo_base/t/examples/fol/fiveof/five_leftof_type_01.pl:48 
%~ mpred_test("Test_0006_Line_0000__H5",baseKB:house(h5))
/*~
%~ mpred_test("Test_0006_Line_0000__H5",baseKB:house(h5))
passed=info(why_was_true(baseKB:house(h5)))
no_proof_for(house(h5)).

no_proof_for(house(h5)).

no_proof_for(house(h5)).

	name	='logicmoo.base.fol.fiveof.FIVE_LEFTOF_TYPE_01-Test_0006_Line_0000__H5'.
	JUNIT_CLASSNAME	='logicmoo.base.fol.fiveof.FIVE_LEFTOF_TYPE_01'.
	JUNIT_CMD	='timeout --foreground --preserve-status -s SIGKILL -k 10s 10s lmoo-clif five_leftof_type_01.pl'.
% saving_junit: /var/lib/jenkins/workspace/logicmoo_workspace@2/test_results/jenkins/Report-logicmoo-junit-fol-fiveof-vSTARvfvSTARv_01vDOTvpvSTARv-Units-logicmoo.base.fol.fiveof.FIVE_LEFTOF_TYPE_01-Test_0006_Line_0000__H5-junit.xml
~*/


% ensure we are being nice
:- mpred_test(poss(house(false_positive))).
% but not "too" nice
%~ /var/lib/jenkins/workspace/logicmoo_workspace@2/packs_sys/logicmoo_base/t/examples/fol/fiveof/five_leftof_type_01.pl:51 
%~ mpred_test("Test_0007_Line_0000__False_positive",baseKB:poss(house(false_positive)))
/*~
%~ mpred_test("Test_0007_Line_0000__False_positive",baseKB:poss(house(false_positive)))
passed=info(why_was_true(baseKB:poss(house(false_positive))))
no_proof_for(poss(house(false_positive))).

no_proof_for(poss(house(false_positive))).

no_proof_for(poss(house(false_positive))).

	name	='logicmoo.base.fol.fiveof.FIVE_LEFTOF_TYPE_01-Test_0007_Line_0000__False_positive'.
	JUNIT_CLASSNAME	='logicmoo.base.fol.fiveof.FIVE_LEFTOF_TYPE_01'.
	JUNIT_CMD	='timeout --foreground --preserve-status -s SIGKILL -k 10s 10s lmoo-clif five_leftof_type_01.pl'.
% saving_junit: /var/lib/jenkins/workspace/logicmoo_workspace@2/test_results/jenkins/Report-logicmoo-junit-fol-fiveof-vSTARvfvSTARv_01vDOTvpvSTARv-Units-logicmoo.base.fol.fiveof.FIVE_LEFTOF_TYPE_01-Test_0007_Line_0000__False_positive-junit.xml
~*/

% but not "too" nice
:- mpred_test(\+ nesc(house(false_positive))).

%~ mpred_test("Test_0008_Line_0000__naf_False_positive",baseKB:(\+nesc(house(false_positive))))
/*~
%~ mpred_test("Test_0008_Line_0000__naf_False_positive",baseKB:(\+nesc(house(false_positive))))
passed=info(why_was_true(baseKB:(\+nesc(house(false_positive)))))
no_proof_for(\+nesc(house(false_positive))).

no_proof_for(\+nesc(house(false_positive))).

no_proof_for(\+nesc(house(false_positive))).

	name	='logicmoo.base.fol.fiveof.FIVE_LEFTOF_TYPE_01-Test_0008_Line_0000__naf_False_positive'.
	JUNIT_CLASSNAME	='logicmoo.base.fol.fiveof.FIVE_LEFTOF_TYPE_01'.
	JUNIT_CMD	='timeout --foreground --preserve-status -s SIGKILL -k 10s 10s lmoo-clif five_leftof_type_01.pl'.
% saving_junit: /var/lib/jenkins/workspace/logicmoo_workspace@2/test_results/jenkins/Report-logicmoo-junit-fol-fiveof-vSTARvfvSTARv_01vDOTvpvSTARv-Units-logicmoo.base.fol.fiveof.FIVE_LEFTOF_TYPE_01-Test_0008_Line_0000__naf_False_positive-junit.xml
~*/
%~ unused(save_junit_results)
%~ /var/lib/jenkins/workspace/logicmoo_workspace@2/packs_sys/logicmoo_base/t/examples/fol/fiveof/five_leftof_type_01.pl:55 
%~ test_completed_exit(7)]]></system-out>


</testcase>

<!-- SUCCESS: /var/lib/jenkins/workspace/logicmoo_workspace@2/bin/lmoo=junit=minor =k five_leftof_type_01.pl (returned 7)  -->


</testsuite>




<testsuite name="Rollup logicmoo.pfc.sanity_base.quick_test in /var/lib/jenkins/workspace/logicmoo_workspace@2/packs_sys/pfc/t/sanity_base/quick_test" package="logicmoo.pfc.sanity_base.quick_test" tests="0" failures="0" errors="0"  skipped="0">

<!-- Running Matching Tests: /var/lib/jenkins/workspace/logicmoo_workspace@2/bin/lmoo=junit=minor =k *f*_01.p*  -->

<!-- FileTestCase=logicmoo.pfc.sanity_base.quick_test.FC_01@Test_9999_Line_9999__Exitcode_7  -->

<!-- CMD=timeout ==foreground ==preserve=status =s SIGKILL =k 10s 10s lmoo=clif fc_01.pfc  -->

<!--  (cd /var/lib/jenkins/workspace/logicmoo_workspace@2/packs_sys/pfc/t/sanity_base/quick_test ; timeout ==foreground ==preserve=status =s SIGKILL =k 10s 10s lmoo=clif fc_01.pfc)  -->

<!--  (cd /var/lib/jenkins/workspace/logicmoo_workspace@2/packs_sys/pfc/t/sanity_base/quick_test ; timeout ==foreground ==preserve=status =s SIGKILL =k 10s 10s lmoo=clif fc_01.pfc)  -->

<testcase name="logicmoo.pfc.sanity_base.quick_test.FC_01@Test_9999_Line_9999__Exitcode_7" classname='logicmoo.pfc.sanity_base.quick_test.FC_01' time='1'>

<system-out><![CDATA[%
running('/var/lib/jenkins/workspace/logicmoo_workspace@2/packs_sys/pfc/t/sanity_base/quick_test/fc_01.pfc'),
%~ this_test_might_need( :-( use_module( library(logicmoo_plarkc))))



:- expects_dialect(pfc).



a11 ==> b11.

a11.



:- mpred_test(b11).





%~ mpred_test("Test_0001_Line_0000__B11",baseKB:b11)
/*~
%~ mpred_test("Test_0001_Line_0000__B11",baseKB:b11)
passed=info(why_was_true(baseKB:b11))
no_proof_for(b11).

no_proof_for(b11).

no_proof_for(b11).

	name	='logicmoo.pfc.sanity_base.quick_test.FC_01-Test_0001_Line_0000__B11'.
	JUNIT_CLASSNAME	='logicmoo.pfc.sanity_base.quick_test.FC_01'.
	JUNIT_CMD	='timeout --foreground --preserve-status -s SIGKILL -k 10s 10s lmoo-clif fc_01.pfc'.
% saving_junit: /var/lib/jenkins/workspace/logicmoo_workspace@2/test_results/jenkins/Report-logicmoo-junit-sanity_base-quick_test-vSTARvfvSTARv_01vDOTvpvSTARv-Units-logicmoo.pfc.sanity_base.quick_test.FC_01-Test_0001_Line_0000__B11-junit.xml
~*/
%~ unused(save_junit_results)
%~ test_completed_exit(7)]]></system-out>


</testcase>

<!-- SUCCESS: /var/lib/jenkins/workspace/logicmoo_workspace@2/bin/lmoo=junit=minor =k fc_01.pfc (returned 7)  -->


</testsuite>




<testsuite name="Rollup logicmoo.pfc.test.sanity_base in /var/lib/jenkins/workspace/logicmoo_workspace@2/packs_sys/pfc/t/sanity_base" package="logicmoo.pfc.test.sanity_base" tests="0" failures="0" errors="0"  skipped="0">

<!-- Running Matching Tests: /var/lib/jenkins/workspace/logicmoo_workspace@2/bin/lmoo=junit=minor =k *f*_01.p*  -->

<!-- FileTestCase=logicmoo.pfc.test.sanity_base.FC_01@Test_9999_Line_9999__Exitcode_7  -->

<!-- CMD=timeout ==foreground ==preserve=status =s SIGKILL =k 10s 10s lmoo=clif fc_01.pfc  -->

<!--  (cd /var/lib/jenkins/workspace/logicmoo_workspace@2/packs_sys/pfc/t/sanity_base ; timeout ==foreground ==preserve=status =s SIGKILL =k 10s 10s lmoo=clif fc_01.pfc)  -->

<!--  (cd /var/lib/jenkins/workspace/logicmoo_workspace@2/packs_sys/pfc/t/sanity_base ; timeout ==foreground ==preserve=status =s SIGKILL =k 10s 10s lmoo=clif fc_01.pfc)  -->

<testcase name="logicmoo.pfc.test.sanity_base.FC_01@Test_9999_Line_9999__Exitcode_7" classname='logicmoo.pfc.test.sanity_base.FC_01' time='1'>

<system-out><![CDATA[%
running('/var/lib/jenkins/workspace/logicmoo_workspace@2/packs_sys/pfc/t/sanity_base/fc_01.pfc'),
%~ /var/lib/jenkins/.local/share/swi-prolog/pack/logicmoo_utils/prolog/logicmoo_test_header.pl:92 
%~ this_test_might_need( :-( use_module( library(logicmoo_plarkc))))



:- expects_dialect(pfc).



a11 ==> b11.

a11.



:- mpred_test(b11).





%~ mpred_test("Test_0001_Line_0000__B11",baseKB:b11)
/*~
%~ mpred_test("Test_0001_Line_0000__B11",baseKB:b11)
passed=info(why_was_true(baseKB:b11))
no_proof_for(b11).

no_proof_for(b11).

no_proof_for(b11).

	name	='logicmoo.pfc.test.sanity_base.FC_01-Test_0001_Line_0000__B11'.
	JUNIT_CLASSNAME	='logicmoo.pfc.test.sanity_base.FC_01'.
	JUNIT_CMD	='timeout --foreground --preserve-status -s SIGKILL -k 10s 10s lmoo-clif fc_01.pfc'.
% saving_junit: /var/lib/jenkins/workspace/logicmoo_workspace@2/test_results/jenkins/Report-logicmoo-junit-test-sanity_base-vSTARvfvSTARv_01vDOTvpvSTARv-Units-logicmoo.pfc.test.sanity_base.FC_01-Test_0001_Line_0000__B11-junit.xml
~*/
%~ /var/lib/jenkins/workspace/logicmoo_workspace@2/packs_sys/pfc/t/sanity_base/fc_01.pfc:21 
%~ unused(save_junit_results)
%~ test_completed_exit(7)]]></system-out>


</testcase>

<!-- SUCCESS: /var/lib/jenkins/workspace/logicmoo_workspace@2/bin/lmoo=junit=minor =k fc_01.pfc (returned 7)  -->

<!-- FileTestCase=logicmoo.pfc.test.sanity_base.MPRED_PFC_TEST_01@Test_9999_Line_9999__Exitcode_7  -->

<!-- CMD=timeout ==foreground ==preserve=status =s SIGKILL =k 10s 10s lmoo=clif mpred_pfc_test_01.plt  -->

<!--  (cd /var/lib/jenkins/workspace/logicmoo_workspace@2/packs_sys/pfc/t/sanity_base ; timeout ==foreground ==preserve=status =s SIGKILL =k 10s 10s lmoo=clif mpred_pfc_test_01.plt)  -->

<!--  (cd /var/lib/jenkins/workspace/logicmoo_workspace@2/packs_sys/pfc/t/sanity_base ; timeout ==foreground ==preserve=status =s SIGKILL =k 10s 10s lmoo=clif mpred_pfc_test_01.plt)  -->

<testcase name="logicmoo.pfc.test.sanity_base.MPRED_PFC_TEST_01@Test_9999_Line_9999__Exitcode_7" classname='logicmoo.pfc.test.sanity_base.MPRED_PFC_TEST_01' time='10'>

 <failure message='FAILED: /var/lib/jenkins/workspace/logicmoo_workspace@2/bin/lmoo-junit-minor -k mpred_pfc_test_01.plt (returned 137)'/>

<system-err><![CDATA[%
running('/var/lib/jenkins/workspace/logicmoo_workspace@2/packs_sys/pfc/t/sanity_base/mpred_pfc_test_01.plt'),
%~ /var/lib/jenkins/.local/share/swi-prolog/pack/logicmoo_utils/prolog/logicmoo_test_header.pl:92 
%~ this_test_might_need( :-( use_module( library(logicmoo_plarkc))))
%~ this_test_might_need( :-( expects_dialect(pfc)))


:- begin_tests(mpred_pfc_test_02_plt).

%~ message_hook_type(warning)
%~ message_hook(
%~    goal_failed(directive,baseKB:begin_tests(mpred_pfc_test_02_plt)),
%~    warning,
%~    [ 'Goal (~w) failed: ~p' - [ directive,
%~                                 baseKB : begin_tests(mpred_pfc_test_02_plt)]])
/*~
Goal (directive) failed: baseKB:begin_tests(mpred_pfc_test_02_plt)
Warning: Goal (directive) failed: baseKB:begin_tests(mpred_pfc_test_02_plt)
~*/


:- include('mpred_pfc_test_03').

%~ reload_of_test_header.
%~ this_test_might_need( :-( use_module( library(logicmoo_plarkc))))
%~ this_test_might_need( :-( expects_dialect(pfc)))
%~ /var/lib/jenkins/workspace/logicmoo_workspace@2/packs_sys/pfc/t/sanity_base/mpred_pfc_test_03.pl:36 
%~ mpred_test("Test_0001_Line_0036__BooQ2",baseKB:default_ooQ2(booQ2))
%~ FIlE: * https://logicmoo.org:2082/gitlab/logicmoo/logicmoo_workspace/-/blob/master@2/packs_sys/pfc/t/sanity_base/mpred_pfc_test_03.pl#L36  
%~ debugm( baseKB,
%~   show_success( baseKB,
%~     baseKB : mpred_withdraw( default_ooQ2(booQ2),
%~                ( mfl4(BaseKB,baseKB,'* https://logicmoo.org:2082/gitlab/logicmoo/logicmoo_workspace/-/blob/master@2/packs_sys/pfc/t/sanity_base/mpred_pfc_test_03.pl ',38) ,
%~                  ax))))
%~ mpred_test("Test_0002_Line_0048__BooQ2",baseKB:current_ooQ2(booQ2))
%~ mpred_test("Test_0003_Line_0054__naf_BooQ2",baseKB:(\+current_ooQ2(booQ2)))
%~ debugm( baseKB,
%~   show_success( baseKB,
%~     baseKB : mpred_withdraw( current_ooQ2(fooQ2),
%~                ( mfl4(BaseKB,baseKB,'* https://logicmoo.org:2082/gitlab/logicmoo/logicmoo_workspace/-/blob/master@2/packs_sys/pfc/t/sanity_base/mpred_pfc_test_03.pl ',56) ,
%~                  ax))))
%~ /var/lib/jenkins/workspace/logicmoo_workspace@2/packs_sys/pfc/t/sanity_base/mpred_pfc_test_03.pl:58 
%~ mpred_test("Test_0004_Line_0058__BooQ2",baseKB:current_ooQ2(booQ2))
%~ mpred_undo1( '$nt'( current_ooQ2(OoQ2),
%~                call_u_no_bc(current_ooQ2(OoQ21)),current_ooQ2(OoQ21)\=@=current_ooQ2(booQ2),
%~                rhs([current_ooQ2(booQ2)])))]]></system-err>


</testcase>

<!-- FAILED: /var/lib/jenkins/workspace/logicmoo_workspace@2/bin/lmoo=junit=minor =k mpred_pfc_test_01.plt (returned 137)  -->

<!-- FileTestCase=logicmoo.pfc.test.sanity_base.MDEFAULT_01@Test_9999_Line_9999__Exitcode_7  -->

<!-- CMD=timeout ==foreground ==preserve=status =s SIGKILL =k 10s 10s lmoo=clif mdefault_01.pfc  -->

<!--  (cd /var/lib/jenkins/workspace/logicmoo_workspace@2/packs_sys/pfc/t/sanity_base ; timeout ==foreground ==preserve=status =s SIGKILL =k 10s 10s lmoo=clif mdefault_01.pfc)  -->

<!--  (cd /var/lib/jenkins/workspace/logicmoo_workspace@2/packs_sys/pfc/t/sanity_base ; timeout ==foreground ==preserve=status =s SIGKILL =k 10s 10s lmoo=clif mdefault_01.pfc)  -->

<testcase name="logicmoo.pfc.test.sanity_base.MDEFAULT_01@Test_9999_Line_9999__Exitcode_7" classname='logicmoo.pfc.test.sanity_base.MDEFAULT_01' time='1'>

<system-out><![CDATA[%
running('/var/lib/jenkins/workspace/logicmoo_workspace@2/packs_sys/pfc/t/sanity_base/mdefault_01.pfc'),
%~ this_test_might_need( :-( use_module( library(logicmoo_plarkc))))


functorDeclares(tFish).

functorDeclares(tSwim).



:- dmsg("tweety and chilly are fish.").
%~ /var/lib/jenkins/workspace/logicmoo_workspace@2/packs_sys/pfc/t/sanity_base/mdefault_01.pfc:7 
%~ tweety and chilly are fish.

tFish(iTweety).

tFish(iChilly).



:- dmsg("fish swim by default.").
%~ fish swim by default.

mdefault(( tFish(X) ==> tSwim(X))).



/*
:- header_sane:listing(nt/3).
:- header_sane:listing(tSwim/1).
:- header_sane:listing(pt/2).
:- header_sane:listing(mdefault/1).
:- header_sane:listing(spft/3).
*/

:- dmsg("make sure *both* can swim (this exposes a potential bug in monadic predicates)").
%~ make sure *both* can swim (this exposes a potential bug in monadic predicates)

:- mpred_test((tSwim(iTweety))).
%~ mpred_test("Test_0001_Line_0000__ITweety",baseKB:tSwim(iTweety))
/*~
%~ mpred_test("Test_0001_Line_0000__ITweety",baseKB:tSwim(iTweety))
passed=info(why_was_true(baseKB:tSwim(iTweety)))
no_proof_for(tSwim(iTweety)).

no_proof_for(tSwim(iTweety)).

no_proof_for(tSwim(iTweety)).

	name	='logicmoo.pfc.test.sanity_base.MDEFAULT_01-Test_0001_Line_0000__ITweety'.
	JUNIT_CLASSNAME	='logicmoo.pfc.test.sanity_base.MDEFAULT_01'.
	JUNIT_CMD	='timeout --foreground --preserve-status -s SIGKILL -k 10s 10s lmoo-clif mdefault_01.pfc'.
% saving_junit: /var/lib/jenkins/workspace/logicmoo_workspace@2/test_results/jenkins/Report-logicmoo-junit-test-sanity_base-vSTARvfvSTARv_01vDOTvpvSTARv-Units-logicmoo.pfc.test.sanity_base.MDEFAULT_01-Test_0001_Line_0000__ITweety-junit.xml
~*/

:- mpred_test((tSwim(iChilly))).

%~ /var/lib/jenkins/workspace/logicmoo_workspace@2/packs_sys/pfc/t/sanity_base/mdefault_01.pfc:24 
%~ mpred_test("Test_0002_Line_0000__IChilly",baseKB:tSwim(iChilly))
/*~
%~ mpred_test("Test_0002_Line_0000__IChilly",baseKB:tSwim(iChilly))
passed=info(why_was_true(baseKB:tSwim(iChilly)))
no_proof_for(tSwim(iChilly)).

no_proof_for(tSwim(iChilly)).

no_proof_for(tSwim(iChilly)).

	name	='logicmoo.pfc.test.sanity_base.MDEFAULT_01-Test_0002_Line_0000__IChilly'.
	JUNIT_CLASSNAME	='logicmoo.pfc.test.sanity_base.MDEFAULT_01'.
	JUNIT_CMD	='timeout --foreground --preserve-status -s SIGKILL -k 10s 10s lmoo-clif mdefault_01.pfc'.
% saving_junit: /var/lib/jenkins/workspace/logicmoo_workspace@2/test_results/jenkins/Report-logicmoo-junit-test-sanity_base-vSTARvfvSTARv_01vDOTvpvSTARv-Units-logicmoo.pfc.test.sanity_base.MDEFAULT_01-Test_0002_Line_0000__IChilly-junit.xml
~*/


~tSwim(iChilly).



:- cls.
%~ skipped(messy_on_output,cls)

:- mpred_trace_exec.

~mdefault(tSwim(iTweety)).

%~ mpred_undo1( '$nt'( tSwim(iTweety),
%~                ( call_u_no_bc( tSwim(iTweety))  ,
%~                  ground( tSwim(iTweety)) ,
%~                  \+( tSwim(iTweety))),
%~                '$nt'(~tSwim(iTweety),call_u_no_bc(~tSwim(iTweety)),rhs([tSwim(iTweety)]))))
%~ mpred_undo1( '$nt'(~tSwim(iTweety),call_u_no_bc(~tSwim(iTweety)),rhs([tSwim(iTweety)])))


:- mpred_test(\+ (tSwim(iTweety))).
%~ mpred_test("Test_0003_Line_0000__naf_ITweety",baseKB:(\+tSwim(iTweety)))
/*~
%~ mpred_test("Test_0003_Line_0000__naf_ITweety",baseKB:(\+tSwim(iTweety)))
passed=info(why_was_true(baseKB:(\+tSwim(iTweety))))
no_proof_for(\+tSwim(iTweety)).

no_proof_for(\+tSwim(iTweety)).

no_proof_for(\+tSwim(iTweety)).

	name	='logicmoo.pfc.test.sanity_base.MDEFAULT_01-Test_0003_Line_0000__naf_ITweety'.
	JUNIT_CLASSNAME	='logicmoo.pfc.test.sanity_base.MDEFAULT_01'.
	JUNIT_CMD	='timeout --foreground --preserve-status -s SIGKILL -k 10s 10s lmoo-clif mdefault_01.pfc'.
% saving_junit: /var/lib/jenkins/workspace/logicmoo_workspace@2/test_results/jenkins/Report-logicmoo-junit-test-sanity_base-vSTARvfvSTARv_01vDOTvpvSTARv-Units-logicmoo.pfc.test.sanity_base.MDEFAULT_01-Test_0003_Line_0000__naf_ITweety-junit.xml
~*/

:- mpred_test(\+ ~(tSwim(iTweety))).
%~ mpred_test("Test_0004_Line_0000__naf_ITweety",baseKB:(\+ ~tSwim(iTweety)))
/*~
%~ mpred_test("Test_0004_Line_0000__naf_ITweety",baseKB:(\+ ~tSwim(iTweety)))
passed=info(why_was_true(baseKB:(\+ ~tSwim(iTweety))))
no_proof_for(\+ ~tSwim(iTweety)).

no_proof_for(\+ ~tSwim(iTweety)).

no_proof_for(\+ ~tSwim(iTweety)).

	name	='logicmoo.pfc.test.sanity_base.MDEFAULT_01-Test_0004_Line_0000__naf_ITweety'.
	JUNIT_CLASSNAME	='logicmoo.pfc.test.sanity_base.MDEFAULT_01'.
	JUNIT_CMD	='timeout --foreground --preserve-status -s SIGKILL -k 10s 10s lmoo-clif mdefault_01.pfc'.
% saving_junit: /var/lib/jenkins/workspace/logicmoo_workspace@2/test_results/jenkins/Report-logicmoo-junit-test-sanity_base-vSTARvfvSTARv_01vDOTvpvSTARv-Units-logicmoo.pfc.test.sanity_base.MDEFAULT_01-Test_0004_Line_0000__naf_ITweety-junit.xml
~*/

:- mpred_test(\+ (tSwim(iChilly))).
%~ mpred_test("Test_0005_Line_0000__naf_IChilly",baseKB:(\+tSwim(iChilly)))
/*~
%~ mpred_test("Test_0005_Line_0000__naf_IChilly",baseKB:(\+tSwim(iChilly)))
^  Call: (68) [baseKB] baseKB:tSwim(iChilly)
^  Unify: (68) [baseKB] baseKB:tSwim(iChilly)
^  Exit: (68) [baseKB] baseKB:tSwim(iChilly)
^  Call: (68) [must_sanity] must_sanity:mquietly_if(true, rtrace:tAt_normal)
^  Unify: (68) [must_sanity] must_sanity:mquietly_if(true, rtrace:tAt_normal)
failure=info((why_was_true(baseKB:tSwim(iChilly)),rtrace(baseKB:(\+tSwim(iChilly)))))
no_proof_for(tSwim(iChilly)).

no_proof_for(tSwim(iChilly)).

no_proof_for(tSwim(iChilly)).

	name	='logicmoo.pfc.test.sanity_base.MDEFAULT_01-Test_0005_Line_0000__naf_IChilly'.
	JUNIT_CLASSNAME	='logicmoo.pfc.test.sanity_base.MDEFAULT_01'.
	JUNIT_CMD	='timeout --foreground --preserve-status -s SIGKILL -k 10s 10s lmoo-clif mdefault_01.pfc'.
% saving_junit: /var/lib/jenkins/workspace/logicmoo_workspace@2/test_results/jenkins/Report-logicmoo-junit-test-sanity_base-vSTARvfvSTARv_01vDOTvpvSTARv-Units-logicmoo.pfc.test.sanity_base.MDEFAULT_01-Test_0005_Line_0000__naf_IChilly-junit.xml
~*/

:- mpred_test( ~ (tSwim(iChilly))).

%~ mpred_test("Test_0006_Line_0000__IChilly",baseKB: ~tSwim(iChilly))
/*~
%~ mpred_test("Test_0006_Line_0000__IChilly",baseKB: ~tSwim(iChilly))
^  Call: (68) [baseKB] ~tSwim(iChilly)
^  Unify: (68) [baseKB] ~ (baseKB:tSwim(iChilly))
^  Call: (75) [loop_check] loop_check:loop_check_term_frame(pfc_lib:neg_in_code0(baseKB:tSwim(iChilly)), info(pfc_lib:neg_in_code0(baseKB:tSwim(iChilly)), 'mpred_core.pl':273), 1, 1189, pfc_lib:trace_or_throw(looped(pfc_lib:neg_in_code0(baseKB:tSwim(iChilly)))))
^  Unify: (75) [loop_check] loop_check:loop_check_term_frame(pfc_lib:neg_in_code0(baseKB:tSwim(iChilly)), info(pfc_lib:neg_in_code0(baseKB:tSwim(iChilly)), 'mpred_core.pl':273), 1, 1189, pfc_lib:trace_or_throw(looped(pfc_lib:neg_in_code0(baseKB:tSwim(iChilly)))))
   Call: (76) [system] set_prolog_flag(last_call_optimisation, false)
   Exit: (76) [system] set_prolog_flag(last_call_optimisation, false)
^  Call: (76) [loop_check] prolog_frame_attribute(1189, parent_goal, loop_check_term_frame(_7162, info(pfc_lib:neg_in_code0(baseKB:tSwim(iChilly)), 'mpred_core.pl':273), 1, _7168, _7170))
^  Fail: (76) [loop_check] prolog_frame_attribute(1189, parent_goal, loop_check_term_frame(_7162, info(pfc_lib:neg_in_code0(baseKB:tSwim(iChilly)), 'mpred_core.pl':273), 1, _7168, _7170))
^  Redo: (75) [loop_check] loop_check:loop_check_term_frame(pfc_lib:neg_in_code0(baseKB:tSwim(iChilly)), info(pfc_lib:neg_in_code0(baseKB:tSwim(iChilly)), 'mpred_core.pl':273), 1, 1189, pfc_lib:trace_or_throw(looped(pfc_lib:neg_in_code0(baseKB:tSwim(iChilly)))))
   Call: (76) [pfc_lib] neg_in_code0(baseKB:tSwim(iChilly))
   Unify: (76) [pfc_lib] neg_in_code0(baseKB:tSwim(iChilly))
^  Call: (82) [loop_check] loop_check:loop_check_term_frame(pfc_lib:neg_may_naf(baseKB:tSwim(iChilly)), info(pfc_lib:neg_may_naf(baseKB:tSwim(iChilly)), 'mpred_core.pl':273), 1, 1328, pfc_lib:trace_or_throw(looped(pfc_lib:neg_may_naf(baseKB:tSwim(iChilly)))))
^  Unify: (82) [loop_check] loop_check:loop_check_term_frame(pfc_lib:neg_may_naf(baseKB:tSwim(iChilly)), info(pfc_lib:neg_may_naf(baseKB:tSwim(iChilly)), 'mpred_core.pl':273), 1, 1328, pfc_lib:trace_or_throw(looped(pfc_lib:neg_may_naf(baseKB:tSwim(iChilly)))))
   Call: (83) [system] set_prolog_flag(last_call_optimisation, false)
   Exit: (83) [system] set_prolog_flag(last_call_optimisation, false)
^  Call: (83) [loop_check] prolog_frame_attribute(1328, parent_goal, loop_check_term_frame(_12886, info(pfc_lib:neg_may_naf(baseKB:tSwim(iChilly)), 'mpred_core.pl':273), 1, _12892, _12894))
^  Fail: (83) [loop_check] prolog_frame_attribute(1328, parent_goal, loop_check_term_frame(_12886, info(pfc_lib:neg_may_naf(baseKB:tSwim(iChilly)), 'mpred_core.pl':273), 1, _12892, _12894))
^  Redo: (82) [loop_check] loop_check:loop_check_term_frame(pfc_lib:neg_may_naf(baseKB:tSwim(iChilly)), info(pfc_lib:neg_may_naf(baseKB:tSwim(iChilly)), 'mpred_core.pl':273), 1, 1328, pfc_lib:trace_or_throw(looped(pfc_lib:neg_may_naf(baseKB:tSwim(iChilly)))))
   Call: (83) [pfc_lib] neg_may_naf(baseKB:tSwim(iChilly))
   Unify: (83) [pfc_lib] neg_may_naf(baseKB:tSwim(iChilly))
^  Call: (87) [pfc_lib] hook_database:clause_i(pfc_lib:prologNegByFailure(tSwim), true, _16218)
^  Unify: (87) [pfc_lib] hook_database:clause_i(pfc_lib:prologNegByFailure(tSwim), true, _16218)
^  Call: (88) [system] clause(pfc_lib:prologNegByFailure(tSwim), true, _16218)
^  Fail: (88) [system] clause(pfc_lib:prologNegByFailure(tSwim), true, _16218)
^  Fail: (87) [pfc_lib] hook_database:clause_i(pfc_lib:prologNegByFailure(tSwim), true, _16218)
   Unify: (83) [pfc_lib] neg_may_naf(baseKB:tSwim(iChilly))
^  Call: (84) [pfc_lib] ucatch:is_ftCompound(baseKB:tSwim(iChilly))
^  Unify: (84) [pfc_lib] ucatch:is_ftCompound(baseKB:tSwim(iChilly))
^  Call: (85) [pfc_lib] ucatch:is_ftVar(baseKB:tSwim(iChilly))
^  Unify: (85) [pfc_lib] ucatch:is_ftVar(baseKB:tSwim(iChilly))
^  Fail: (85) [pfc_lib] ucatch:is_ftVar(baseKB:tSwim(iChilly))
^  Redo: (84) [pfc_lib] ucatch:is_ftCompound(baseKB:tSwim(iChilly))
^  Exit: (84) [pfc_lib] ucatch:is_ftCompound(baseKB:tSwim(iChilly))
^  Call: (88) [hook_database] hook_database:pfc_with_quiet_vars_lock((clause(mpred_prop(baseKB, tSwim, 1, prologHybrid), _24388), call(_24388)*->true;clause_b(baseKB:mpred_prop(baseKB, tSwim, 1, prologHybrid))))
^  Unify: (88) [hook_database] hook_database:pfc_with_quiet_vars_lock((clause(mpred_prop(baseKB, tSwim, 1, prologHybrid), _24388), call(_24388)*->true;clause_b(baseKB:mpred_prop(baseKB, tSwim, 1, prologHybrid))))
^  Call: (90) [hook_database] clause(mpred_prop(baseKB, tSwim, 1, prologHybrid), _24388)
^  Exit: (90) [hook_database] clause(mpred_prop(baseKB, tSwim, 1, prologHybrid), true)
   Call: (90) [system] true
   Exit: (90) [system] true
   Call: (90) [system] true
   Exit: (90) [system] true
^  Exit: (88) [hook_database] hook_database:pfc_with_quiet_vars_lock((clause(mpred_prop(baseKB, tSwim, 1, prologHybrid), true), call(true)*->true;clause_b(baseKB:mpred_prop(baseKB, tSwim, 1, prologHybrid))))
   Fail: (83) [pfc_lib] neg_may_naf(baseKB:tSwim(iChilly))
^  Fail: (82) [loop_check] loop_check:loop_check_term_frame(pfc_lib:neg_may_naf(baseKB:tSwim(iChilly)), info(pfc_lib:neg_may_naf(baseKB:tSwim(iChilly)), 'mpred_core.pl':273), 1, 1328, pfc_lib:trace_or_throw(looped(pfc_lib:neg_may_naf(baseKB:tSwim(iChilly)))))
   Fail: (76) [pfc_lib] neg_in_code0(baseKB:tSwim(iChilly))
^  Fail: (75) [loop_check] loop_check:loop_check_term_frame(pfc_lib:neg_in_code0(baseKB:tSwim(iChilly)), info(pfc_lib:neg_in_code0(baseKB:tSwim(iChilly)), 'mpred_core.pl':273), 1, 1189, pfc_lib:trace_or_throw(looped(pfc_lib:neg_in_code0(baseKB:tSwim(iChilly)))))
^  Fail: (68) [baseKB] ~ (baseKB:tSwim(iChilly))
^  Call: (68) [must_sanity] must_sanity:mquietly_if(true, rtrace:tAt_normal)
^  Unify: (68) [must_sanity] must_sanity:mquietly_if(true, rtrace:tAt_normal)
failure=info((why_was_true(baseKB:(\+ ~tSwim(iChilly))),rtrace(baseKB: ~tSwim(iChilly))))
no_proof_for(\+ ~tSwim(iChilly)).

no_proof_for(\+ ~tSwim(iChilly)).

no_proof_for(\+ ~tSwim(iChilly)).

	name	='logicmoo.pfc.test.sanity_base.MDEFAULT_01-Test_0006_Line_0000__IChilly'.
	JUNIT_CLASSNAME	='logicmoo.pfc.test.sanity_base.MDEFAULT_01'.
	JUNIT_CMD	='timeout --foreground --preserve-status -s SIGKILL -k 10s 10s lmoo-clif mdefault_01.pfc'.
% saving_junit: /var/lib/jenkins/workspace/logicmoo_workspace@2/test_results/jenkins/Report-logicmoo-junit-test-sanity_base-vSTARvfvSTARv_01vDOTvpvSTARv-Units-logicmoo.pfc.test.sanity_base.MDEFAULT_01-Test_0006_Line_0000__IChilly-junit.xml
~*/
%~ /var/lib/jenkins/workspace/logicmoo_workspace@2/packs_sys/pfc/t/sanity_base/mdefault_01.pfc:37 
%~ unused(save_junit_results)
%~ test_completed_exit(7)]]></system-out>


</testcase>

<!-- SUCCESS: /var/lib/jenkins/workspace/logicmoo_workspace@2/bin/lmoo=junit=minor =k mdefault_01.pfc (returned 7)  -->

<!-- FileTestCase=logicmoo.pfc.test.sanity_base.DIA_PFC_MOD_01@Test_9999_Line_9999__Exitcode_7  -->

<!-- CMD=timeout ==foreground ==preserve=status =s SIGKILL =k 10s 10s lmoo=clif dia_pfc_mod_01.pl  -->

<!--  (cd /var/lib/jenkins/workspace/logicmoo_workspace@2/packs_sys/pfc/t/sanity_base ; timeout ==foreground ==preserve=status =s SIGKILL =k 10s 10s lmoo=clif dia_pfc_mod_01.pl)  -->

<!--  (cd /var/lib/jenkins/workspace/logicmoo_workspace@2/packs_sys/pfc/t/sanity_base ; timeout ==foreground ==preserve=status =s SIGKILL =k 10s 10s lmoo=clif dia_pfc_mod_01.pl)  -->

<testcase name="logicmoo.pfc.test.sanity_base.DIA_PFC_MOD_01@Test_9999_Line_9999__Exitcode_7" classname='logicmoo.pfc.test.sanity_base.DIA_PFC_MOD_01' time='1'>

 <failure message='FAILED: /var/lib/jenkins/workspace/logicmoo_workspace@2/bin/lmoo-junit-minor -k dia_pfc_mod_01.pl (returned 0)'/>

<system-err><![CDATA[%:- dynamic a/1.
:- multifile a/1.
:- public a/1.
:- module_transparent a/1.


foo:a(1).
foo:a(2).


(NOT INTERACTIVE (bugger:true))
%~ /var/lib/jenkins/workspace/logicmoo_workspace@2/packs_sys/pfc/t/sanity_base/dia_pfc_mod_01.pl:13 
%~ trace_or_throw( warn(pfcPosTrigger,a(A),static))

(NOT INTERACTIVE (baseKB:true))
%~ baseKB : dtrace,throw(warn(pfcPosTrigger,a(A),static)).
%~ message_hook_type(error)
%~ message_hook(
%~    error(existence_error(procedure,foo:b/1),context(toplevel,'DWIM could not correct goal')),
%~    error,
%~    [ '~p: '-[toplevel],
%~      'Unknown procedure: ~q' - [ foo : b/1],
%~      ' (~w)'-['DWIM could not correct goal']])
%~ source_location('/var/lib/jenkins/workspace/logicmoo_workspace@2/packs_sys/pfc/t/sanity_base/dia_pfc_mod_01.pl',15)
toplevel: Unknown procedure: foo:b/1 (DWIM could not correct goal)
ERROR: /var/lib/jenkins/workspace/logicmoo_workspace@2/packs_sys/pfc/t/sanity_base/dia_pfc_mod_01.pl:15:
ERROR:    toplevel: Unknown procedure: foo:b/1 (DWIM could not correct goal)
%~ /var/lib/jenkins/workspace/logicmoo_workspace@2/packs_sys/pfc/t/sanity_base/dia_pfc_mod_01.pl:15 
%~ message_hook_type(warning)
%~ message_hook(
%~    goal_failed(directive,foo:listing(b/1)),
%~    warning,
%~    [ 'Goal (~w) failed: ~p' - [ directive,
%~                                 foo : listing( b/1)]])
%~ source_location('/var/lib/jenkins/workspace/logicmoo_workspace@2/packs_sys/pfc/t/sanity_base/dia_pfc_mod_01.pl',15)
Goal (directive) failed: foo:listing((b/1))
Warning: /var/lib/jenkins/workspace/logicmoo_workspace@2/packs_sys/pfc/t/sanity_base/dia_pfc_mod_01.pl:15:
Warning:    Goal (directive) failed: foo:listing((b/1))
ERROR: Exported procedure foo:b/1 is not defined
%~ init_why(after_boot,program)
%~ READONLY PACKAGES
%~ READONLY PACKAGES
%~ READONLY PACKAGES
%~ after_boot.
%~ Dont forget to ?- logicmoo_i_cyc_xform.

% halt]]></system-err>


</testcase>

<!-- FAILED: /var/lib/jenkins/workspace/logicmoo_workspace@2/bin/lmoo=junit=minor =k dia_pfc_mod_01.pl (returned 0)  -->

<!-- FileTestCase=logicmoo.pfc.test.sanity_base.FILE_01@Test_9999_Line_9999__Exitcode_7  -->

<!-- CMD=timeout ==foreground ==preserve=status =s SIGKILL =k 10s 10s lmoo=clif file_01.pfc  -->

<!--  (cd /var/lib/jenkins/workspace/logicmoo_workspace@2/packs_sys/pfc/t/sanity_base ; timeout ==foreground ==preserve=status =s SIGKILL =k 10s 10s lmoo=clif file_01.pfc)  -->

<!--  (cd /var/lib/jenkins/workspace/logicmoo_workspace@2/packs_sys/pfc/t/sanity_base ; timeout ==foreground ==preserve=status =s SIGKILL =k 10s 10s lmoo=clif file_01.pfc)  -->

<testcase name="logicmoo.pfc.test.sanity_base.FILE_01@Test_9999_Line_9999__Exitcode_7" classname='logicmoo.pfc.test.sanity_base.FILE_01' time='10'>

 <failure message='FAILED: /var/lib/jenkins/workspace/logicmoo_workspace@2/bin/lmoo-junit-minor -k file_01.pfc (returned 137)'/>

<system-err><![CDATA[%
running('/var/lib/jenkins/workspace/logicmoo_workspace@2/packs_sys/pfc/t/sanity_base/file_01.pfc'),
%~ this_test_might_need( :-( use_module( library(logicmoo_plarkc))))


:- expects_dialect(pfc).



header_sane:(must_clause_asserted(G):- cwc, must(clause_asserted_u(G))).

:-   ain((must_clause_asserted(G):- cwc, must(clause_asserted_u(G)))).



must_clause_asserted(G):- cwc, must(clause_asserted_u(G)).



:- listing(must_clause_asserted).

%~ skipped( listing(must_clause_asserted))


:- sanity(predicate_property(must_clause_asserted(_),number_of_clauses(_))).



a.



:- listing(a).

%~ skipped( listing(a))


:- header_sane:listing(a).

% @TODO - fails here bc must_clause_asserted/1 needs love
%~ skipped( listing(a))


% @TODO - fails here bc must_clause_asserted/1 needs love
:- must_clause_asserted(a).



sHOW_MUST_go_on_failed_F__A__I__L_(baseKB:clause_asserted_u(a))
%~ FIlE: * https://logicmoo.org:2082/gitlab/logicmoo/logicmoo_workspace/-/blob/master@2/packs_sys/pfc/t/sanity_base/file_01.pfc#L33  
%~ error( sHOW_MUST_go_on_failed_F__A__I__L_( baseKB : clause_asserted_u(a)))
%~ FILE: * https://logicmoo.org:2082/gitlab/logicmoo/logicmoo_workspace/-/blob/master@2/packs_sys/pfc/t/sanity_base/file_01.pfc#L33  ]]></system-err>


</testcase>

<!-- FAILED: /var/lib/jenkins/workspace/logicmoo_workspace@2/bin/lmoo=junit=minor =k file_01.pfc (returned 137)  -->

<!-- FileTestCase=logicmoo.pfc.test.sanity_base.SHIFT_01@Test_9999_Line_9999__Exitcode_7  -->

<!-- CMD=timeout ==foreground ==preserve=status =s SIGKILL =k 10s 10s lmoo=clif shift_01.pl  -->

<!--  (cd /var/lib/jenkins/workspace/logicmoo_workspace@2/packs_sys/pfc/t/sanity_base ; timeout ==foreground ==preserve=status =s SIGKILL =k 10s 10s lmoo=clif shift_01.pl)  -->

<!--  (cd /var/lib/jenkins/workspace/logicmoo_workspace@2/packs_sys/pfc/t/sanity_base ; timeout ==foreground ==preserve=status =s SIGKILL =k 10s 10s lmoo=clif shift_01.pl)  -->

<testcase name="logicmoo.pfc.test.sanity_base.SHIFT_01@Test_9999_Line_9999__Exitcode_7" classname='logicmoo.pfc.test.sanity_base.SHIFT_01' time='1'>

 <failure message='FAILED: /var/lib/jenkins/workspace/logicmoo_workspace@2/bin/lmoo-junit-minor -k shift_01.pl (returned 134)'/>

<system-err><![CDATA[%
running('/var/lib/jenkins/workspace/logicmoo_workspace@2/packs_sys/pfc/t/sanity_base/shift_01.pl'),
%~ this_test_might_need( :-( use_module( library(logicmoo_plarkc))))
%~ this_test_might_need( :-( expects_dialect(pfc)))



w(W):-writeln(W).

[Thread 1 (main) at Fri Sep 17 16:37:37 2021] /opt/logicmoo_workspace/swipl-devel/src/pl-comp.c:4347: record_clause___LD: Assertion failed: source_line_no != -1
C-stack trace labeled "assert_fail":
  [0] save_backtrace() at /opt/logicmoo_workspace/swipl-devel/src/os/pl-cstack.c:333 [0x7fe6c976ddb5]
  [1] __assert_fail() at /opt/logicmoo_workspace/swipl-devel/src/pl-assert.c:103 [0x7fe6c97160b7]
  [2] record_clause___LD() at /opt/logicmoo_workspace/swipl-devel/src/pl-comp.c:4347 (discriminator 1) [0x7fe6c96a5b64]
  [3] pl_record_clause3_va() at /opt/logicmoo_workspace/swipl-devel/src/pl-comp.c:4377 [0x7fe6c96a5bbe]
  [4] PL_next_solution___LD() at /opt/logicmoo_workspace/swipl-devel/src/pl-vmi.c:4581 [0x7fe6c968887f]
  [5] callProlog() at /opt/logicmoo_workspace/swipl-devel/src/pl-pro.c:405 [0x7fe6c96caa10]
  [6] pl_sig_atomic1_va() at /opt/logicmoo_workspace/swipl-devel/src/pl-pro.c:309 [0x7fe6c96cabf2]
  [7] PL_next_solution___LD() at /opt/logicmoo_workspace/swipl-devel/src/pl-vmi.c:4581 [0x7fe6c968887f]
  [8] query_loop() at /opt/logicmoo_workspace/swipl-devel/src/pl-pro.c:155 [0x7fe6c96ca5ac]
  [9] prologToplevel() at /opt/logicmoo_workspace/swipl-devel/src/pl-pro.c:497 [0x7fe6c96cadab]
  [10] PL_initialise() at /opt/logicmoo_workspace/swipl-devel/src/pl-init.c:1219 [0x7fe6c970dcf4]
  [11] /var/lib/jenkins/workspace/logicmoo_workspace/lib/swipl/bin/x86_64-linux/swipl(+0x10a6) [0x55b46fdda0a6]
  [12] __libc_start_main() at ??:? [0x7fe6c94acd0a]
  [13] /var/lib/jenkins/workspace/logicmoo_workspace/lib/swipl/bin/x86_64-linux/swipl(+0x10fa) [0x55b46fdda0fa]
/var/lib/jenkins/workspace/logicmoo_workspace@2/bin/lmoo-junit-minor: line 202: 299115 Aborted                 timeout --foreground --preserve-status -s SIGKILL -k 10s 10s lmoo-clif shift_01.pl]]></system-err>


</testcase>

<!-- FAILED: /var/lib/jenkins/workspace/logicmoo_workspace@2/bin/lmoo=junit=minor =k shift_01.pl (returned 134)  -->

<!-- FileTestCase=logicmoo.pfc.test.sanity_base.MPRED_PFC_TEST_01@Test_9999_Line_9999__Exitcode_7  -->

<!-- CMD=timeout ==foreground ==preserve=status =s SIGKILL =k 10s 10s lmoo=clif mpred_pfc_test_01.pl  -->

<!--  (cd /var/lib/jenkins/workspace/logicmoo_workspace@2/packs_sys/pfc/t/sanity_base ; timeout ==foreground ==preserve=status =s SIGKILL =k 10s 10s lmoo=clif mpred_pfc_test_01.pl)  -->

<!--  (cd /var/lib/jenkins/workspace/logicmoo_workspace@2/packs_sys/pfc/t/sanity_base ; timeout ==foreground ==preserve=status =s SIGKILL =k 10s 10s lmoo=clif mpred_pfc_test_01.pl)  -->

<testcase name="logicmoo.pfc.test.sanity_base.MPRED_PFC_TEST_01@Test_9999_Line_9999__Exitcode_7" classname='logicmoo.pfc.test.sanity_base.MPRED_PFC_TEST_01' time='1'>

<system-out><![CDATA[%
running('/var/lib/jenkins/workspace/logicmoo_workspace@2/packs_sys/pfc/t/sanity_base/mpred_pfc_test_01.pl'),
%~ this_test_might_need( :-( use_module( library(logicmoo_plarkc))))
%~ this_test_might_need( :-( expects_dialect(pfc)))


:- must(expects_dialect(pfc)).



:- show_call(defaultAssertMt(_)).



%~ debugm(baseKB,show_success(baseKB,baseKB:defaultAssertMt(baseKB)))
%~ unused(save_junit_results)
%~ test_completed_exit(7)]]></system-out>


</testcase>

<!-- SUCCESS: /var/lib/jenkins/workspace/logicmoo_workspace@2/bin/lmoo=junit=minor =k mpred_pfc_test_01.pl (returned 7)  -->

<!-- FileTestCase=logicmoo.pfc.test.sanity_base.ECHO_TEST_FC_01@Test_9999_Line_9999__Exitcode_7  -->

<!-- CMD=timeout ==foreground ==preserve=status =s SIGKILL =k 10s 10s lmoo=clif echo_test_fc_01.pfc  -->

<!--  (cd /var/lib/jenkins/workspace/logicmoo_workspace@2/packs_sys/pfc/t/sanity_base ; timeout ==foreground ==preserve=status =s SIGKILL =k 10s 10s lmoo=clif echo_test_fc_01.pfc)  -->

<!--  (cd /var/lib/jenkins/workspace/logicmoo_workspace@2/packs_sys/pfc/t/sanity_base ; timeout ==foreground ==preserve=status =s SIGKILL =k 10s 10s lmoo=clif echo_test_fc_01.pfc)  -->

<testcase name="logicmoo.pfc.test.sanity_base.ECHO_TEST_FC_01@Test_9999_Line_9999__Exitcode_7" classname='logicmoo.pfc.test.sanity_base.ECHO_TEST_FC_01' time='2'>

<system-out><![CDATA[%
running('/var/lib/jenkins/workspace/logicmoo_workspace@2/packs_sys/pfc/t/sanity_base/echo_test_fc_01.pfc'),
%~ this_test_might_need( :-( use_module( library(logicmoo_plarkc))))

% about to process

:- set_prolog_flag(gc,true).

 

 acc:-b. % acc-->b.

 % acc-->b.

:- true.

:- true .

:- true  .

:- true. 
 
:- true . 
 
:- true  . 
%:- rtrace.

%:- use_module(library(pfc)).
%:- use_module(library(pfc_test)).
 
%:- rtrace.

%:- use_module(library(pfc)).
%:- use_module(library(pfc_test)).le
~*/

% visible
 % mvisibleble

:- true.

:- expects_dialect(  /* pfc */  pfc).



:- true.

:- expects_dialect(  
  % pfc2
  pfc).



:- true.

:- expects_dialect(  
  pfc).   % pfc3

   % pfc3

:- true.

/*pfc 4*/:- expects_dialect(  
  pfc).

:- true.

% :- set_prolog_flag(lm_pfc_lean,true).
%:- trace.
%:- break.
% :- mpred_trace_exec  .



% :- set_prolog_flag(lm_pfc_lean,true).
%:- trace.
%:- break.
% :- mpred_trace_exec  .

aa(bb).



aa.





a11 ==> b11.

a11.



:- listing(a11).

% :- pp_DB.
%~ skipped( listing(a11))


% :- pp_DB.
:- mpred_why(b11).

/*~
no_proof_for(b11).

no_proof_for(b11).

no_proof_for(b11).

~*/


:- mpred_test(b11).


%~ mpred_test("Test_0001_Line_0000__B11",baseKB:b11)
/*~
%~ mpred_test("Test_0001_Line_0000__B11",baseKB:b11)
passed=info(why_was_true(baseKB:b11))
no_proof_for(b11).

no_proof_for(b11).

no_proof_for(b11).

	name	='logicmoo.pfc.test.sanity_base.ECHO_TEST_FC_01-Test_0001_Line_0000__B11'.
	JUNIT_CLASSNAME	='logicmoo.pfc.test.sanity_base.ECHO_TEST_FC_01'.
	JUNIT_CMD	='timeout --foreground --preserve-status -s SIGKILL -k 10s 10s lmoo-clif echo_test_fc_01.pfc'.
% saving_junit: /var/lib/jenkins/workspace/logicmoo_workspace@2/test_results/jenkins/Report-logicmoo-junit-test-sanity_base-vSTARvfvSTARv_01vDOTvpvSTARv-Units-logicmoo.pfc.test.sanity_base.ECHO_TEST_FC_01-Test_0001_Line_0000__B11-junit.xml
~*/



i_get_file_from_stream(S,F):- stream_property(S,file_name(F)).



i_catch_up_stream(S,Pos):- \+ t_l:stream_for_file(_,S,_),get_file_from_stream(S,F), print_file_range(F,S,0,Pos),!.

i_catch_up_stream(S,Pos):- t_l:stream_for_file(F,S,PosBefore), Pos>PosBefore, print_file_range(F,S,PosBefore,Pos).

i_catch_up_stream(S):- character_count(S,Pos),catch_up_stream(S,Pos).



:- fixup_exports.


%~ /var/lib/jenkins/workspace/logicmoo_workspace@2/packs_sys/pfc/t/sanity_base/echo_test_fc_01.pfc:79 
%~ unused(save_junit_results)
%~ test_completed_exit(7)]]></system-out>


</testcase>

<!-- SUCCESS: /var/lib/jenkins/workspace/logicmoo_workspace@2/bin/lmoo=junit=minor =k echo_test_fc_01.pfc (returned 7)  -->

<!-- FileTestCase=logicmoo.pfc.test.sanity_base.SV_FWD_01@Test_9999_Line_9999__Exitcode_7  -->

<!-- CMD=timeout ==foreground ==preserve=status =s SIGKILL =k 10s 10s lmoo=clif sv_fwd_01.pfc  -->

<!--  (cd /var/lib/jenkins/workspace/logicmoo_workspace@2/packs_sys/pfc/t/sanity_base ; timeout ==foreground ==preserve=status =s SIGKILL =k 10s 10s lmoo=clif sv_fwd_01.pfc)  -->

<!--  (cd /var/lib/jenkins/workspace/logicmoo_workspace@2/packs_sys/pfc/t/sanity_base ; timeout ==foreground ==preserve=status =s SIGKILL =k 10s 10s lmoo=clif sv_fwd_01.pfc)  -->

<testcase name="logicmoo.pfc.test.sanity_base.SV_FWD_01@Test_9999_Line_9999__Exitcode_7" classname='logicmoo.pfc.test.sanity_base.SV_FWD_01' time='4'>

<system-out><![CDATA[%
running('/var/lib/jenkins/workspace/logicmoo_workspace@2/packs_sys/pfc/t/sanity_base/sv_fwd_01.pfc'),
%~ this_test_might_need( :-( use_module( library(logicmoo_plarkc))))


:- set_fileAssertMt(header_sane).

%~ pfc_iri : include_module_file(header_sane:library('pfclib/system_each_module.pfc'),header_sane).
/*~
%~ pfc_iri:include_module_file(header_sane:library('pfclib/system_each_module.pfc'),header_sane)
~*/


:- expects_dialect(pfc).

                 


                 
prologSingleValued(inChairX/2).



:- import(inChairX/2).



dmilesWorld.



:- (ain(dmilesWorld ==> inChairX(xx,a))).
%~ make_dynamic_here(header_sane,dmilesWorld)

:- (ain(dmilesWorld ==> inChairX(xx,b))).







:- listing(inChairX/2).

%~ skipped( listing( inChairX/2))


:- mpred_test(inChairX(xx,b)).
%~ mpred_test("Test_0001_Line_0000__Xx_in_header_sane",header_sane:inChairX(xx,b))
%~ make_dynamic_here(header_sane,inChairX(xx,b))
/*~
%~ mpred_test("Test_0001_Line_0000__Xx_in_header_sane",header_sane:inChairX(xx,b))
   Call: (68) [header_sane] header_sane:inChairX(xx, b)
   Fail: (68) [header_sane] header_sane:inChairX(xx, b)
^  Call: (68) [must_sanity] must_sanity:mquietly_if(true, rtrace:tAt_normal)
^  Unify: (68) [must_sanity] must_sanity:mquietly_if(true, rtrace:tAt_normal)
failure=info((why_was_true(header_sane:(\+inChairX(xx,b))),rtrace(header_sane:inChairX(xx,b))))
no_proof_for(\+inChairX(xx,b)).

no_proof_for(\+inChairX(xx,b)).

no_proof_for(\+inChairX(xx,b)).

	name	='logicmoo.pfc.test.sanity_base.SV_FWD_01-Test_0001_Line_0000__Xx_in_header_sane'.
	JUNIT_CLASSNAME	='logicmoo.pfc.test.sanity_base.SV_FWD_01'.
	JUNIT_CMD	='timeout --foreground --preserve-status -s SIGKILL -k 10s 10s lmoo-clif sv_fwd_01.pfc'.
% saving_junit: /var/lib/jenkins/workspace/logicmoo_workspace@2/test_results/jenkins/Report-logicmoo-junit-test-sanity_base-vSTARvfvSTARv_01vDOTvpvSTARv-Units-logicmoo.pfc.test.sanity_base.SV_FWD_01-Test_0001_Line_0000__Xx_in_header_sane-junit.xml
~*/

:- mpred_test(\+ inChairX(xx,a)).

%~ mpred_test("Test_0002_Line_0000__naf_Xx_in_header_sane",header_sane:(\+inChairX(xx,a)))
/*~
%~ mpred_test("Test_0002_Line_0000__naf_Xx_in_header_sane",header_sane:(\+inChairX(xx,a)))
passed=info(why_was_true(header_sane:(\+inChairX(xx,a))))
no_proof_for(\+inChairX(xx,a)).

no_proof_for(\+inChairX(xx,a)).

no_proof_for(\+inChairX(xx,a)).

	name	='logicmoo.pfc.test.sanity_base.SV_FWD_01-Test_0002_Line_0000__naf_Xx_in_header_sane'.
	JUNIT_CLASSNAME	='logicmoo.pfc.test.sanity_base.SV_FWD_01'.
	JUNIT_CMD	='timeout --foreground --preserve-status -s SIGKILL -k 10s 10s lmoo-clif sv_fwd_01.pfc'.
% saving_junit: /var/lib/jenkins/workspace/logicmoo_workspace@2/test_results/jenkins/Report-logicmoo-junit-test-sanity_base-vSTARvfvSTARv_01vDOTvpvSTARv-Units-logicmoo.pfc.test.sanity_base.SV_FWD_01-Test_0002_Line_0000__naf_Xx_in_header_sane-junit.xml
~*/


:- (ain(\+ (dmilesWorld ==> inChairX(xx,b)))).

%~ debugm( baseKB,
%~   show_success( baseKB,
%~     baseKB : mpred_withdraw(
%~                 dmilesWorld==>inChairX(xx,b),
%~                 ( mfl4(Header_sane,header_sane,'* https://logicmoo.org:2082/gitlab/logicmoo/logicmoo_workspace/-/blob/master@2/packs_sys/pfc/t/sanity_base/sv_fwd_01.pfc ',57) ,
%~                   ax))))


:- listing(inChairX/2).

%:- mpred_test(inChairX(xx,a)).

%~ skipped( listing( inChairX/2))
%~ unused(save_junit_results)
%~ test_completed_exit(7)]]></system-out>


</testcase>

<!-- SUCCESS: /var/lib/jenkins/workspace/logicmoo_workspace@2/bin/lmoo=junit=minor =k sv_fwd_01.pfc (returned 7)  -->

<!-- FileTestCase=logicmoo.pfc.test.sanity_base.SV_DEFAULT_01@Test_9999_Line_9999__Exitcode_7  -->

<!-- CMD=timeout ==foreground ==preserve=status =s SIGKILL =k 10s 10s lmoo=clif sv_default_01.pfc  -->

<!--  (cd /var/lib/jenkins/workspace/logicmoo_workspace@2/packs_sys/pfc/t/sanity_base ; timeout ==foreground ==preserve=status =s SIGKILL =k 10s 10s lmoo=clif sv_default_01.pfc)  -->

<!--  (cd /var/lib/jenkins/workspace/logicmoo_workspace@2/packs_sys/pfc/t/sanity_base ; timeout ==foreground ==preserve=status =s SIGKILL =k 10s 10s lmoo=clif sv_default_01.pfc)  -->

<testcase name="logicmoo.pfc.test.sanity_base.SV_DEFAULT_01@Test_9999_Line_9999__Exitcode_7" classname='logicmoo.pfc.test.sanity_base.SV_DEFAULT_01' time='4'>

<system-out><![CDATA[%
running('/var/lib/jenkins/workspace/logicmoo_workspace@2/packs_sys/pfc/t/sanity_base/sv_default_01.pfc'),
%~ this_test_might_need( :-( use_module( library(logicmoo_plarkc))))


:- op(500,fx,'~').

:- op(1050,xfx,('==>')).

:- op(1050,xfx,'<==>').

:- op(1100,fx,('==>')).

:- op(1150,xfx,('::::')).



:- set_fileAssertMt(header_sane).

%~ pfc_iri : include_module_file(header_sane:library('pfclib/system_each_module.pfc'),header_sane).
/*~
%~ pfc_iri:include_module_file(header_sane:library('pfclib/system_each_module.pfc'),header_sane)
~*/


:- expects_dialect(pfc).





:- dynamic(full_name/2).


% These tests mix singleValuedInArg and mdefault/1 is differnt ways


% if we learn that something has a full name, then we guess it is a user_login object.  (in our version of reality)



% These tests mix singleValuedInArg and mdefault/1 is differnt ways


% if we learn that something has a full name, then we guess it is a user_login object.  (in our version of reality)
full_name(U,_) ==> user_login(U).


% if we learn that something has a host name, then we guess it is a user_login object.



% if we learn that something has a host name, then we guess it is a user_login object.
host_name(U,_) ==> user_login(U).


% when we know a user_login's full name and host name, make a user_name_host/3 assertion.
%~ /var/lib/jenkins/workspace/logicmoo_workspace@2/packs_sys/pfc/t/sanity_base/sv_default_01.pfc:60 
%~ make_dynamic_here(header_sane,host_name(_1218,_1464))



% when we know a user_login's full name and host name, make a user_name_host/3 assertion.
(((user_login(User),
  full_name(User,Name)/(Name\=isMissing),
  host_name(User,Host)/(Host\=isMissing) ),
  {ground(user_name_host(User,Name,Host))}) ==> user_name_host(User,Name,Host)).


% the default full_name for a user_login is 'isMissing'.
%user_login(User), ~full_name(User,X)/(X\=isMissing)==>full_name(User,isMissing).
%~ make_dynamic_here(header_sane,user_login(_1480))



% the default full_name for a user_login is 'isMissing'.
%user_login(User), ~full_name(User,X)/(X\=isMissing)==>full_name(User,isMissing).
prologSingleValued(full_name).

mdefault( user_login(User) ==> full_name(User,isMissing)).  


% the default host_name for a user_login is 'isMissing'.
%user_login(User), ~host_name(User,X)/(X\==isMissing) ==> host_name(User,isMissing).
  


% the default host_name for a user_login is 'isMissing'.
%user_login(User), ~host_name(User,X)/(X\==isMissing) ==> host_name(User,isMissing).
prologSingleValued(host_name).

mdefault( user_login(User) ==> host_name(User,isMissing)).





never_assert_u(full_name(finin,isMissing),too_much_forward_chaing).



user_login(joe1).



:- sanity(listing([full_name/2,host_name/2,user_login/1])).



:- mpred_test(host_name(joe1,isMissing)).


% (mpred_default1(P ==> Q),{mpred_literal_nv(Q),arg(N,Q,DEF),N>1,nonvar(DEF),replace_arg(Q,N,NEW,R)} ==> (P, ~R/(NEW\==DEF) ==> Q)).

%~ /var/lib/jenkins/workspace/logicmoo_workspace@2/packs_sys/pfc/t/sanity_base/sv_default_01.pfc:88 
%~ mpred_test("Test_0001_Line_0000__Joe1_in_header_sane",header_sane:host_name(joe1,isMissing))
/*~
%~ mpred_test("Test_0001_Line_0000__Joe1_in_header_sane",header_sane:host_name(joe1,isMissing))
   Call: (68) [header_sane] header_sane:host_name(joe1, isMissing)
   Fail: (68) [header_sane] header_sane:host_name(joe1, isMissing)
^  Call: (68) [must_sanity] must_sanity:mquietly_if(true, rtrace:tAt_normal)
^  Unify: (68) [must_sanity] must_sanity:mquietly_if(true, rtrace:tAt_normal)
failure=info((why_was_true(header_sane:(\+host_name(joe1,isMissing))),rtrace(header_sane:host_name(joe1,isMissing))))
no_proof_for(\+host_name(joe1,isMissing)).

no_proof_for(\+host_name(joe1,isMissing)).

no_proof_for(\+host_name(joe1,isMissing)).

	name	='logicmoo.pfc.test.sanity_base.SV_DEFAULT_01-Test_0001_Line_0000__Joe1_in_header_sane'.
	JUNIT_CLASSNAME	='logicmoo.pfc.test.sanity_base.SV_DEFAULT_01'.
	JUNIT_CMD	='timeout --foreground --preserve-status -s SIGKILL -k 10s 10s lmoo-clif sv_default_01.pfc'.
% saving_junit: /var/lib/jenkins/workspace/logicmoo_workspace@2/test_results/jenkins/Report-logicmoo-junit-test-sanity_base-vSTARvfvSTARv_01vDOTvpvSTARv-Units-logicmoo.pfc.test.sanity_base.SV_DEFAULT_01-Test_0001_Line_0000__Joe1_in_header_sane-junit.xml
~*/



% (mpred_default1(P ==> Q),{mpred_literal_nv(Q),arg(N,Q,DEF),N>1,nonvar(DEF),replace_arg(Q,N,NEW,R)} ==> (P, ~R/(NEW\==DEF) ==> Q)).

==> full_name(finin,'Tim Finin').



:- mpred_test(user_login(finin)).
%~ mpred_test("Test_0002_Line_0000__Finin_in_header_sane",header_sane:user_login(finin))
/*~
%~ mpred_test("Test_0002_Line_0000__Finin_in_header_sane",header_sane:user_login(finin))
   Call: (68) [header_sane] header_sane:user_login(finin)
   Fail: (68) [header_sane] header_sane:user_login(finin)
^  Call: (68) [must_sanity] must_sanity:mquietly_if(true, rtrace:tAt_normal)
^  Unify: (68) [must_sanity] must_sanity:mquietly_if(true, rtrace:tAt_normal)
failure=info((why_was_true(header_sane:(\+user_login(finin))),rtrace(header_sane:user_login(finin))))
no_proof_for(\+user_login(finin)).

no_proof_for(\+user_login(finin)).

no_proof_for(\+user_login(finin)).

	name	='logicmoo.pfc.test.sanity_base.SV_DEFAULT_01-Test_0002_Line_0000__Finin_in_header_sane'.
	JUNIT_CLASSNAME	='logicmoo.pfc.test.sanity_base.SV_DEFAULT_01'.
	JUNIT_CMD	='timeout --foreground --preserve-status -s SIGKILL -k 10s 10s lmoo-clif sv_default_01.pfc'.
% saving_junit: /var/lib/jenkins/workspace/logicmoo_workspace@2/test_results/jenkins/Report-logicmoo-junit-test-sanity_base-vSTARvfvSTARv_01vDOTvpvSTARv-Units-logicmoo.pfc.test.sanity_base.SV_DEFAULT_01-Test_0002_Line_0000__Finin_in_header_sane-junit.xml
~*/

:- mpred_test(host_name(finin,isMissing)).

%~ /var/lib/jenkins/workspace/logicmoo_workspace@2/packs_sys/pfc/t/sanity_base/sv_default_01.pfc:96 
%~ mpred_test("Test_0003_Line_0000__Finin_in_header_sane",header_sane:host_name(finin,isMissing))
/*~
%~ mpred_test("Test_0003_Line_0000__Finin_in_header_sane",header_sane:host_name(finin,isMissing))
   Call: (68) [header_sane] header_sane:host_name(finin, isMissing)
   Fail: (68) [header_sane] header_sane:host_name(finin, isMissing)
^  Call: (68) [must_sanity] must_sanity:mquietly_if(true, rtrace:tAt_normal)
^  Unify: (68) [must_sanity] must_sanity:mquietly_if(true, rtrace:tAt_normal)
failure=info((why_was_true(header_sane:(\+host_name(finin,isMissing))),rtrace(header_sane:host_name(finin,isMissing))))
no_proof_for(\+host_name(finin,isMissing)).

no_proof_for(\+host_name(finin,isMissing)).

no_proof_for(\+host_name(finin,isMissing)).

	name	='logicmoo.pfc.test.sanity_base.SV_DEFAULT_01-Test_0003_Line_0000__Finin_in_header_sane'.
	JUNIT_CLASSNAME	='logicmoo.pfc.test.sanity_base.SV_DEFAULT_01'.
	JUNIT_CMD	='timeout --foreground --preserve-status -s SIGKILL -k 10s 10s lmoo-clif sv_default_01.pfc'.
% saving_junit: /var/lib/jenkins/workspace/logicmoo_workspace@2/test_results/jenkins/Report-logicmoo-junit-test-sanity_base-vSTARvfvSTARv_01vDOTvpvSTARv-Units-logicmoo.pfc.test.sanity_base.SV_DEFAULT_01-Test_0003_Line_0000__Finin_in_header_sane-junit.xml
~*/


==> host_name(finin,antares).



:- mpred_test(\+ host_name(finin,isMissing)).

%~ mpred_test("Test_0004_Line_0000__naf_Finin_in_header_sane",header_sane:(\+host_name(finin,isMissing)))
/*~
%~ mpred_test("Test_0004_Line_0000__naf_Finin_in_header_sane",header_sane:(\+host_name(finin,isMissing)))
passed=info(why_was_true(header_sane:(\+host_name(finin,isMissing))))
no_proof_for(\+host_name(finin,isMissing)).

no_proof_for(\+host_name(finin,isMissing)).

no_proof_for(\+host_name(finin,isMissing)).

	name	='logicmoo.pfc.test.sanity_base.SV_DEFAULT_01-Test_0004_Line_0000__naf_Finin_in_header_sane'.
	JUNIT_CLASSNAME	='logicmoo.pfc.test.sanity_base.SV_DEFAULT_01'.
	JUNIT_CMD	='timeout --foreground --preserve-status -s SIGKILL -k 10s 10s lmoo-clif sv_default_01.pfc'.
% saving_junit: /var/lib/jenkins/workspace/logicmoo_workspace@2/test_results/jenkins/Report-logicmoo-junit-test-sanity_base-vSTARvfvSTARv_01vDOTvpvSTARv-Units-logicmoo.pfc.test.sanity_base.SV_DEFAULT_01-Test_0004_Line_0000__naf_Finin_in_header_sane-junit.xml
~*/


user_login(finin).



:- mpred_test(\+ host_name(finin,isMissing)).
%~ mpred_test("Test_0005_Line_0000__naf_Finin_in_header_sane",header_sane:(\+host_name(finin,isMissing)))
/*~
%~ mpred_test("Test_0005_Line_0000__naf_Finin_in_header_sane",header_sane:(\+host_name(finin,isMissing)))
passed=info(why_was_true(header_sane:(\+host_name(finin,isMissing))))
no_proof_for(\+host_name(finin,isMissing)).

no_proof_for(\+host_name(finin,isMissing)).

no_proof_for(\+host_name(finin,isMissing)).

	name	='logicmoo.pfc.test.sanity_base.SV_DEFAULT_01-Test_0005_Line_0000__naf_Finin_in_header_sane'.
	JUNIT_CLASSNAME	='logicmoo.pfc.test.sanity_base.SV_DEFAULT_01'.
	JUNIT_CMD	='timeout --foreground --preserve-status -s SIGKILL -k 10s 10s lmoo-clif sv_default_01.pfc'.
% saving_junit: /var/lib/jenkins/workspace/logicmoo_workspace@2/test_results/jenkins/Report-logicmoo-junit-test-sanity_base-vSTARvfvSTARv_01vDOTvpvSTARv-Units-logicmoo.pfc.test.sanity_base.SV_DEFAULT_01-Test_0005_Line_0000__naf_Finin_in_header_sane-junit.xml
~*/

:- mpred_test(\+ full_name(finin,isMissing)).



%~ mpred_test("Test_0006_Line_0000__naf_Finin_in_header_sane",header_sane:(\+full_name(finin,isMissing)))
/*~
%~ mpred_test("Test_0006_Line_0000__naf_Finin_in_header_sane",header_sane:(\+full_name(finin,isMissing)))
passed=info(why_was_true(header_sane:(\+full_name(finin,isMissing))))
no_proof_for(\+full_name(finin,isMissing)).

no_proof_for(\+full_name(finin,isMissing)).

no_proof_for(\+full_name(finin,isMissing)).

	name	='logicmoo.pfc.test.sanity_base.SV_DEFAULT_01-Test_0006_Line_0000__naf_Finin_in_header_sane'.
	JUNIT_CLASSNAME	='logicmoo.pfc.test.sanity_base.SV_DEFAULT_01'.
	JUNIT_CMD	='timeout --foreground --preserve-status -s SIGKILL -k 10s 10s lmoo-clif sv_default_01.pfc'.
% saving_junit: /var/lib/jenkins/workspace/logicmoo_workspace@2/test_results/jenkins/Report-logicmoo-junit-test-sanity_base-vSTARvfvSTARv_01vDOTvpvSTARv-Units-logicmoo.pfc.test.sanity_base.SV_DEFAULT_01-Test_0006_Line_0000__naf_Finin_in_header_sane-junit.xml
~*/




==> full_name(robin,'Robin,McEntire').



==> host_name(fritzson,hamlet).



:- sanity(listing([full_name/2,host_name/2,user_login/1,user_name_host/3])).



:- mpred_test(host_name(robin,isMissing)).

%~ /var/lib/jenkins/workspace/logicmoo_workspace@2/packs_sys/pfc/t/sanity_base/sv_default_01.pfc:115 
%~ mpred_test("Test_0007_Line_0000__Robin_in_header_sane",header_sane:host_name(robin,isMissing))
/*~
%~ mpred_test("Test_0007_Line_0000__Robin_in_header_sane",header_sane:host_name(robin,isMissing))
   Call: (68) [header_sane] header_sane:host_name(robin, isMissing)
   Fail: (68) [header_sane] header_sane:host_name(robin, isMissing)
^  Call: (68) [must_sanity] must_sanity:mquietly_if(true, rtrace:tAt_normal)
^  Unify: (68) [must_sanity] must_sanity:mquietly_if(true, rtrace:tAt_normal)
failure=info((why_was_true(header_sane:(\+host_name(robin,isMissing))),rtrace(header_sane:host_name(robin,isMissing))))
no_proof_for(\+host_name(robin,isMissing)).

no_proof_for(\+host_name(robin,isMissing)).

no_proof_for(\+host_name(robin,isMissing)).

	name	='logicmoo.pfc.test.sanity_base.SV_DEFAULT_01-Test_0007_Line_0000__Robin_in_header_sane'.
	JUNIT_CLASSNAME	='logicmoo.pfc.test.sanity_base.SV_DEFAULT_01'.
	JUNIT_CMD	='timeout --foreground --preserve-status -s SIGKILL -k 10s 10s lmoo-clif sv_default_01.pfc'.
% saving_junit: /var/lib/jenkins/workspace/logicmoo_workspace@2/test_results/jenkins/Report-logicmoo-junit-test-sanity_base-vSTARvfvSTARv_01vDOTvpvSTARv-Units-logicmoo.pfc.test.sanity_base.SV_DEFAULT_01-Test_0007_Line_0000__Robin_in_header_sane-junit.xml
~*/


==> host_name(robin,rmachine).



:- mpred_test(\+ host_name(robin,isMissing)).

%~ /var/lib/jenkins/workspace/logicmoo_workspace@2/packs_sys/pfc/t/sanity_base/sv_default_01.pfc:119 
%~ mpred_test("Test_0008_Line_0000__naf_Robin_in_header_sane",header_sane:(\+host_name(robin,isMissing)))
/*~
%~ mpred_test("Test_0008_Line_0000__naf_Robin_in_header_sane",header_sane:(\+host_name(robin,isMissing)))
passed=info(why_was_true(header_sane:(\+host_name(robin,isMissing))))
no_proof_for(\+host_name(robin,isMissing)).

no_proof_for(\+host_name(robin,isMissing)).

no_proof_for(\+host_name(robin,isMissing)).

	name	='logicmoo.pfc.test.sanity_base.SV_DEFAULT_01-Test_0008_Line_0000__naf_Robin_in_header_sane'.
	JUNIT_CLASSNAME	='logicmoo.pfc.test.sanity_base.SV_DEFAULT_01'.
	JUNIT_CMD	='timeout --foreground --preserve-status -s SIGKILL -k 10s 10s lmoo-clif sv_default_01.pfc'.
% saving_junit: /var/lib/jenkins/workspace/logicmoo_workspace@2/test_results/jenkins/Report-logicmoo-junit-test-sanity_base-vSTARvfvSTARv_01vDOTvpvSTARv-Units-logicmoo.pfc.test.sanity_base.SV_DEFAULT_01-Test_0008_Line_0000__naf_Robin_in_header_sane-junit.xml
~*/


:- mpred_trace_exec.

:- debug_logicmoo(_).



==> ~host_name(robin,rmachine).



:- mpred_test(\+ host_name(robin,rmachine)).

%~ /var/lib/jenkins/workspace/logicmoo_workspace@2/packs_sys/pfc/t/sanity_base/sv_default_01.pfc:126 
%~ mpred_test("Test_0009_Line_0000__naf_Robin_in_header_sane",header_sane:(\+host_name(robin,rmachine)))
/*~
%~ mpred_test("Test_0009_Line_0000__naf_Robin_in_header_sane",header_sane:(\+host_name(robin,rmachine)))
passed=info(why_was_true(header_sane:(\+host_name(robin,rmachine))))
no_proof_for(\+host_name(robin,rmachine)).

no_proof_for(\+host_name(robin,rmachine)).

no_proof_for(\+host_name(robin,rmachine)).

	name	='logicmoo.pfc.test.sanity_base.SV_DEFAULT_01-Test_0009_Line_0000__naf_Robin_in_header_sane'.
	JUNIT_CLASSNAME	='logicmoo.pfc.test.sanity_base.SV_DEFAULT_01'.
	JUNIT_CMD	='timeout --foreground --preserve-status -s SIGKILL -k 10s 10s lmoo-clif sv_default_01.pfc'.
% saving_junit: /var/lib/jenkins/workspace/logicmoo_workspace@2/test_results/jenkins/Report-logicmoo-junit-test-sanity_base-vSTARvfvSTARv_01vDOTvpvSTARv-Units-logicmoo.pfc.test.sanity_base.SV_DEFAULT_01-Test_0009_Line_0000__naf_Robin_in_header_sane-junit.xml
~*/


?- listing(host_name).

/*~
:- dynamic baseKB:host_name/2.
:- multifile baseKB:host_name/2.
:- public baseKB:host_name/2.
:- module_transparent baseKB:host_name/2.

baseKB:host_name(finin, antares).
baseKB:host_name(fritzson, hamlet).

:- dynamic host_name/2.


~*/


==> \+ ~host_name(robin,rmachine).

%~ /var/lib/jenkins/workspace/logicmoo_workspace@2/packs_sys/pfc/t/sanity_base/sv_default_01.pfc:130 
%~ debugm( baseKB,
%~   show_success( baseKB,
%~     baseKB : mpred_withdraw(
%~                 ~( host_name(robin,rmachine)),
%~                 ( mfl4(Header_sane,header_sane,'* https://logicmoo.org:2082/gitlab/logicmoo/logicmoo_workspace/-/blob/master@2/packs_sys/pfc/t/sanity_base/sv_default_01.pfc ',130) ,
%~                   ax))))
%~ sc_failure( baseKB,
%~   baseKB : mpred_withdraw_fail_if_supported(
%~               ~( host_name(robin,rmachine)),
%~               ( mfl4(Header_sane,header_sane,'* https://logicmoo.org:2082/gitlab/logicmoo/logicmoo_workspace/-/blob/master@2/packs_sys/pfc/t/sanity_base/sv_default_01.pfc ',130) ,
%~                 ax)))


:- mpred_test(host_name(robin,isMissing)).


%~ mpred_test("Test_0010_Line_0000__Robin_in_header_sane",header_sane:host_name(robin,isMissing))
/*~
%~ mpred_test("Test_0010_Line_0000__Robin_in_header_sane",header_sane:host_name(robin,isMissing))
   Call: (68) [header_sane] header_sane:host_name(robin, isMissing)
   Fail: (68) [header_sane] header_sane:host_name(robin, isMissing)
^  Call: (68) [must_sanity] must_sanity:mquietly_if(true, rtrace:tAt_normal)
^  Unify: (68) [must_sanity] must_sanity:mquietly_if(true, rtrace:tAt_normal)
failure=info((why_was_true(header_sane:(\+host_name(robin,isMissing))),rtrace(header_sane:host_name(robin,isMissing))))
no_proof_for(\+host_name(robin,isMissing)).

no_proof_for(\+host_name(robin,isMissing)).

no_proof_for(\+host_name(robin,isMissing)).

	name	='logicmoo.pfc.test.sanity_base.SV_DEFAULT_01-Test_0010_Line_0000__Robin_in_header_sane'.
	JUNIT_CLASSNAME	='logicmoo.pfc.test.sanity_base.SV_DEFAULT_01'.
	JUNIT_CMD	='timeout --foreground --preserve-status -s SIGKILL -k 10s 10s lmoo-clif sv_default_01.pfc'.
% saving_junit: /var/lib/jenkins/workspace/logicmoo_workspace@2/test_results/jenkins/Report-logicmoo-junit-test-sanity_base-vSTARvfvSTARv_01vDOTvpvSTARv-Units-logicmoo.pfc.test.sanity_base.SV_DEFAULT_01-Test_0010_Line_0000__Robin_in_header_sane-junit.xml
~*/
%~ unused(save_junit_results)
%~ /var/lib/jenkins/workspace/logicmoo_workspace@2/packs_sys/pfc/t/sanity_base/sv_default_01.pfc:169 
%~ test_completed_exit(7)]]></system-out>


</testcase>

<!-- SUCCESS: /var/lib/jenkins/workspace/logicmoo_workspace@2/bin/lmoo=junit=minor =k sv_default_01.pfc (returned 7)  -->

<!-- FileTestCase=logicmoo.pfc.test.sanity_base.RETRY_UNDEFINED_01@Test_9999_Line_9999__Exitcode_7  -->

<!-- CMD=timeout ==foreground ==preserve=status =s SIGKILL =k 10s 10s lmoo=clif retry_undefined_01.pfc  -->

<!--  (cd /var/lib/jenkins/workspace/logicmoo_workspace@2/packs_sys/pfc/t/sanity_base ; timeout ==foreground ==preserve=status =s SIGKILL =k 10s 10s lmoo=clif retry_undefined_01.pfc)  -->

<!--  (cd /var/lib/jenkins/workspace/logicmoo_workspace@2/packs_sys/pfc/t/sanity_base ; timeout ==foreground ==preserve=status =s SIGKILL =k 10s 10s lmoo=clif retry_undefined_01.pfc)  -->

<testcase name="logicmoo.pfc.test.sanity_base.RETRY_UNDEFINED_01@Test_9999_Line_9999__Exitcode_7" classname='logicmoo.pfc.test.sanity_base.RETRY_UNDEFINED_01' time='1'>

<system-out><![CDATA[%
running('/var/lib/jenkins/workspace/logicmoo_workspace@2/packs_sys/pfc/t/sanity_base/retry_undefined_01.pfc'),
%~ this_test_might_need( :-( use_module( library(logicmoo_plarkc))))


:- if((pfc_test_feature(localMt,X=1),X==1)).

:- endif.


:- if((pfc_test_feature(mt,X=1),X==1)).

:- endif.


:- set_prolog_flag(retry_undefined, kb_shared).



:- \+ a.
%~ /var/lib/jenkins/workspace/logicmoo_workspace@2/packs_sys/pfc/t/sanity_base/retry_undefined_01.pfc:20 
%~ mpred_test("Test_0001_Line_0000__naf_A",baseKB:(\+a))
%~ make_dynamic_here(baseKB,a)
/*~
%~ mpred_test("Test_0001_Line_0000__naf_A",baseKB:(\+a))
passed=info(why_was_true(baseKB:(\+a)))
no_proof_for(\+a).

no_proof_for(\+a).

no_proof_for(\+a).

	name	='logicmoo.pfc.test.sanity_base.RETRY_UNDEFINED_01-Test_0001_Line_0000__naf_A'.
	JUNIT_CLASSNAME	='logicmoo.pfc.test.sanity_base.RETRY_UNDEFINED_01'.
	JUNIT_CMD	='timeout --foreground --preserve-status -s SIGKILL -k 10s 10s lmoo-clif retry_undefined_01.pfc'.
% saving_junit: /var/lib/jenkins/workspace/logicmoo_workspace@2/test_results/jenkins/Report-logicmoo-junit-test-sanity_base-vSTARvfvSTARv_01vDOTvpvSTARv-Units-logicmoo.pfc.test.sanity_base.RETRY_UNDEFINED_01-Test_0001_Line_0000__naf_A-junit.xml
~*/
%~ unused(save_junit_results)
%~ test_completed_exit(7)]]></system-out>


</testcase>

<!-- SUCCESS: /var/lib/jenkins/workspace/logicmoo_workspace@2/bin/lmoo=junit=minor =k retry_undefined_01.pfc (returned 7)  -->

<!-- FileTestCase=logicmoo.pfc.test.sanity_base.MIN_FAIL_01@Test_9999_Line_9999__Exitcode_7  -->

<!-- CMD=timeout ==foreground ==preserve=status =s SIGKILL =k 10s 10s lmoo=clif min_fail_01.pl  -->

<!--  (cd /var/lib/jenkins/workspace/logicmoo_workspace@2/packs_sys/pfc/t/sanity_base ; timeout ==foreground ==preserve=status =s SIGKILL =k 10s 10s lmoo=clif min_fail_01.pl)  -->

<!--  (cd /var/lib/jenkins/workspace/logicmoo_workspace@2/packs_sys/pfc/t/sanity_base ; timeout ==foreground ==preserve=status =s SIGKILL =k 10s 10s lmoo=clif min_fail_01.pl)  -->

<testcase name="logicmoo.pfc.test.sanity_base.MIN_FAIL_01@Test_9999_Line_9999__Exitcode_7" classname='logicmoo.pfc.test.sanity_base.MIN_FAIL_01' time='2'>

 <failure message='FAILED: /var/lib/jenkins/workspace/logicmoo_workspace@2/bin/lmoo-junit-minor -k min_fail_01.pl (returned 0)'/>

<system-err><![CDATA[%
   Call: (33) [system] fail
   Fail: (33) [system] fail
^  Redo: (31) [must_sanity] must(user:(rtrace, fail))
^  Call: (32) [must_sanity] must_sanity:must_0(user:(rtrace, fail))
^  Unify: (32) [must_sanity] must_sanity:must_0(user:(rtrace, fail))
^  Call: (33) [must_sanity] quietly(get_must(user:(rtrace, fail), _15470))
^  Unify: (33) [rtrace] quietly(must_sanity:get_must(user:(rtrace, fail), _15470))
   Call: (35) [system] _16954=mquietly_if(true, rtrace:tAt_rtrace)
   Exit: (35) [system] mquietly_if(true, rtrace:tAt_rtrace)=mquietly_if(true, rtrace:tAt_rtrace)
^  Call: (35) [must_sanity] setup_call_cleanup(rtrace:notrace(visible(-all)),  ((must_sanity:get_must(user:(rtrace, fail), _15470), deterministic(_18212)), (notrace(_18212==true)->!;rtrace:tAt_rtrace, notrace(nb_setarg(1, mquietly_if(true, rtrace:tAt_rtrace), false));rtrace:notrace(visible(-all)), notrace(nb_setarg(1, mquietly_if(true, ... : ...), true)), notrace(fail))), mquietly_if(true, rtrace:tAt_rtrace))
^  Unify: (35) [system] setup_call_cleanup(rtrace:notrace(visible(-all)), must_sanity:((must_sanity:get_must(user:(rtrace, fail), _15470), deterministic(_18212)), (notrace(_18212==true)->!;rtrace:tAt_rtrace, notrace(nb_setarg(1, mquietly_if(true, ... : ...), false));rtrace:notrace(visible(- ...)), notrace(nb_setarg(1, mquietly_if(..., ...), true)), notrace(fail))), must_sanity:mquietly_if(true, rtrace:tAt_rtrace))
^  Call: (36) [system] setup_call_catcher_cleanup(rtrace:notrace(visible(-all)), must_sanity:((must_sanity:get_must(user:(rtrace, fail), _15470), deterministic(_18212)), (notrace(_18212==true)->!;rtrace:tAt_rtrace, notrace(nb_setarg(1, mquietly_if(true, ... : ...), false));rtrace:notrace(visible(- ...)), notrace(nb_setarg(1, mquietly_if(..., ...), true)), notrace(fail))), _19616, must_sanity:mquietly_if(true, rtrace:tAt_rtrace))
^  Unify: (36) [system] setup_call_catcher_cleanup(rtrace:notrace(visible(-all)), must_sanity:((must_sanity:get_must(user:(rtrace, fail), _15470), deterministic(_18212)), (notrace(_18212==true)->!;rtrace:tAt_rtrace, notrace(nb_setarg(1, mquietly_if(true, ... : ...), false));rtrace:notrace(visible(- ...)), notrace(nb_setarg(1, mquietly_if(..., ...), true)), notrace(fail))), _20248, must_sanity:mquietly_if(true, rtrace:tAt_rtrace))
^  Exit: (38) [must_sanity] must_sanity:mquietly_if(true, rtrace:tAt_rtrace)
^  Exit: (36) [system] setup_call_catcher_cleanup(rtrace:notrace(visible(-all)), must_sanity:((must_sanity:get_must(user:(rtrace, fail), user:(rtrace, fail)), deterministic(true)), (notrace(true==true)->!;rtrace:tAt_rtrace, notrace(nb_setarg(1, mquietly_if(true, ... : ...), false));rtrace:notrace(visible(- ...)), notrace(nb_setarg(1, mquietly_if(..., ...), true)), notrace(fail))), exit, must_sanity:mquietly_if(true, rtrace:tAt_rtrace))
^  Exit: (35) [system] setup_call_cleanup(rtrace:notrace(visible(-all)), must_sanity:((must_sanity:get_must(user:(rtrace, fail), user:(rtrace, fail)), deterministic(true)), (notrace(true==true)->!;rtrace:tAt_rtrace, notrace(nb_setarg(1, mquietly_if(true, ... : ...), false));rtrace:notrace(visible(- ...)), notrace(nb_setarg(1, mquietly_if(..., ...), true)), notrace(fail))), must_sanity:mquietly_if(true, rtrace:tAt_rtrace))
^  Exit: (33) [rtrace] quietly(must_sanity:get_must(user:(rtrace, fail), user:(rtrace, fail)))
^  Call: (36) [user] asserta(t_l:tracer_reset(tAt_rtrace))
^  Exit: (36) [user] asserta(t_l:tracer_reset(tAt_rtrace))
   Call: (34) [system] fail
   Fail: (34) [system] fail
   Fail: (37) [system] set_prolog_flag(debug, false)
^  Fail: (32) [must_sanity] must_sanity:must_0(user:(rtrace, fail))
^  Call: (31) [system] current_predicate(system:(print_message/2))
^  Exit: (31) [system] current_predicate(system:(print_message/2))
   Call: (31) [$messages] print_message(warning, goal_failed(directive, user:must((rtrace, fail))))
   Unify: (31) [$messages] print_message(warning, goal_failed(directive, user:must((rtrace, fail))))
^  Call: (32) [$messages] setup_call_cleanup(push_msg(goal_failed(directive, user:must((rtrace, fail)))), print_message_guarded(warning, goal_failed(directive, user:must((rtrace, fail)))), pop_msg)
^  Unify: (32) [system] setup_call_cleanup('$messages':push_msg(goal_failed(directive, user:must((rtrace, fail)))), '$messages':print_message_guarded(warning, goal_failed(directive, user:must((rtrace, fail)))), '$messages':pop_msg)
^  Call: (33) [system] setup_call_catcher_cleanup('$messages':push_msg(goal_failed(directive, user:must((rtrace, fail)))), '$messages':print_message_guarded(warning, goal_failed(directive, user:must((rtrace, fail)))), _31640, '$messages':pop_msg)
^  Unify: (33) [system] setup_call_catcher_cleanup('$messages':push_msg(goal_failed(directive, user:must((rtrace, fail)))), '$messages':print_message_guarded(warning, goal_failed(directive, user:must((rtrace, fail)))), _32272, '$messages':pop_msg)
   Call: (37) [system] nb_current('$inprint_message', _32844)
   Call: (37) [system] b_setval('$inprint_message', [goal_failed(directive, user:must((rtrace, fail)))])
   Exit: (37) [system] b_setval('$inprint_message', [goal_failed(directive, user:must((rtrace, fail)))])
   Call: (34) [$messages] print_message_guarded(warning, goal_failed(directive, user:must((rtrace, fail))))
   Unify: (34) [$messages] print_message_guarded(warning, goal_failed(directive, user:must((rtrace, fail))))
   Call: (35) [$messages] must_print(warning, goal_failed(directive, user:must((rtrace, fail))))
   Unify: (35) [$messages] must_print(warning, goal_failed(directive, user:must((rtrace, fail))))
   Call: (36) [system] nonvar(goal_failed(directive, user:must((rtrace, fail))))
   Exit: (36) [system] nonvar(goal_failed(directive, user:must((rtrace, fail))))
   Call: (36) [$messages] print_once(goal_failed(directive, user:must((rtrace, fail))), warning)
   Redo: (35) [$messages] must_print(warning, goal_failed(directive, user:must((rtrace, fail))))
   Unify: (35) [$messages] must_print(warning, goal_failed(directive, user:must((rtrace, fail))))
   Exit: (35) [$messages] must_print(warning, goal_failed(directive, user:must((rtrace, fail))))
   Call: (35) [$messages] translate_message(goal_failed(directive, user:must((rtrace, fail))), _34090, [])
   Unify: (35) [$messages] translate_message(goal_failed(directive, user:must((rtrace, fail))), _34090, [])
   Call: (36) [$messages] translate_message2(goal_failed(directive, user:must((rtrace, fail))), _34090, _34092)
   Unify: (36) [$messages] translate_message2(goal_failed(directive, user:must((rtrace, fail))), _34090, _34092)
   Call: (37) [system] var(goal_failed(directive, user:must((rtrace, fail))))
   Redo: (36) [$messages] translate_message2(goal_failed(directive, user:must((rtrace, fail))), _34090, _34092)
   Unify: (36) [$messages] translate_message2(goal_failed(directive, user:must((rtrace, fail))), _34090, _34092)
   Redo: (36) [$messages] translate_message2(goal_failed(directive, user:must((rtrace, fail))), _34090, _34092)
   Unify: (36) [$messages] translate_message2(goal_failed(directive, user:must((rtrace, fail))), _34090, _34092)
   Call: (37) [$messages] prolog_message(goal_failed(directive, user:must((rtrace, fail))), _34090, _34092)
   Unify: (37) [$messages] prolog_message(goal_failed(directive, user:must((rtrace, fail))), ['Goal (~w) failed: ~p'-[directive, user:must((rtrace, fail))]|_34092], _34092)
   Exit: (37) [$messages] prolog_message(goal_failed(directive, user:must((rtrace, fail))), ['Goal (~w) failed: ~p'-[directive, user:must((rtrace, fail))]|_34092], _34092)
   Exit: (36) [$messages] translate_message2(goal_failed(directive, user:must((rtrace, fail))), ['Goal (~w) failed: ~p'-[directive, user:must((rtrace, fail))]|_34092], _34092)
   Call: (36) [system] []=_34092
   Exit: (36) [system] []=[]
   Exit: (35) [$messages] translate_message(goal_failed(directive, user:must((rtrace, fail))), ['Goal (~w) failed: ~p'-[directive, user:must((rtrace, fail))]], [])
   Call: (35) [system] nonvar(goal_failed(directive, user:must((rtrace, fail))))
   Exit: (35) [system] nonvar(goal_failed(directive, user:must((rtrace, fail))))
   Redo: (34) [$messages] print_message_guarded(warning, goal_failed(directive, user:must((rtrace, fail))))
%~ message_hook_type(warning)%~ message_hook(%~    goal_failed(directive,user:(rtrace,fail)),%~    warning,%~    [ 'Goal (~w) failed: ~p' - [ directive,%~                                 user : rtrace,fail]])%~ source_location('/var/lib/jenkins/workspace/logicmoo_workspace@2/packs_sys/pfc/t/sanity_base/min_fail_01.pl',3)Goal (directive) failed: user:must((rtrace,fail))
   Redo: (34) [$messages] print_message_guarded(warning, goal_failed(directive, user:must((rtrace, fail))))
   Call: (35) [$messages] print_system_message(goal_failed(directive, user:must((rtrace, fail))), warning, ['Goal (~w) failed: ~p'-[directive, user:must((rtrace, fail))]])
   Unify: (35) [$messages] print_system_message(goal_failed(directive, user:must((rtrace, fail))), warning, ['Goal (~w) failed: ~p'-[directive, user:must((rtrace, fail))]])
   Call: (37) [system] flush_output(user_output)
   Exit: (37) [system] flush_output(user_output)
   Call: (36) [system] source_location(_56158, _56160)
   Exit: (36) [system] source_location('/var/lib/jenkins/workspace/logicmoo_workspace@2/packs_sys/pfc/t/sanity_base/min_fail_01.pl', 3)
   Call: (36) [system] goal_failed(directive, user:must((rtrace, fail)))\=error(syntax_error(_56170), _56166)
   Exit: (36) [system] goal_failed(directive, user:must((rtrace, fail)))\=error(syntax_error(_56170), _56166)
   Call: (36) [$messages] msg_property(warning, location_prefix('/var/lib/jenkins/workspace/logicmoo_workspace@2/packs_sys/pfc/t/sanity_base/min_fail_01.pl':3, _56176, _56178))
   Unify: (36) [$messages] msg_property(warning, location_prefix('/var/lib/jenkins/workspace/logicmoo_workspace@2/packs_sys/pfc/t/sanity_base/min_fail_01.pl':3, _56176, _56178))
   Redo: (36) [$messages] msg_property(warning, location_prefix('/var/lib/jenkins/workspace/logicmoo_workspace@2/packs_sys/pfc/t/sanity_base/min_fail_01.pl':3, _56176, _56178))
   Unify: (36) [$messages] msg_property(warning, location_prefix('/var/lib/jenkins/workspace/logicmoo_workspace@2/packs_sys/pfc/t/sanity_base/min_fail_01.pl':3, '~NWarning: ~w:~d:'-['/var/lib/jenkins/workspace/logicmoo_workspace@2/packs_sys/pfc/t/sanity_base/min_fail_01.pl', 3], '~NWarning:    '))
   Exit: (36) [$messages] msg_property(warning, location_prefix('/var/lib/jenkins/workspace/logicmoo_workspace@2/packs_sys/pfc/t/sanity_base/min_fail_01.pl':3, '~NWarning: ~w:~d:'-['/var/lib/jenkins/workspace/logicmoo_workspace@2/packs_sys/pfc/t/sanity_base/min_fail_01.pl', 3], '~NWarning:    '))
   Call: (36) [$messages] insert_prefix(['Goal (~w) failed: ~p'-[directive, user:must((rtrace, fail))]], '~NWarning:    ', _56204, _56206)
   Unify: (36) [$messages] insert_prefix(['Goal (~w) failed: ~p'-[directive, user:must((rtrace, fail))]], '~NWarning:    ', _56204, [prefix('~NWarning:    ')|_56212])
   Call: (37) [$messages] prefix_nl(['Goal (~w) failed: ~p'-[directive, user:must((rtrace, fail))]], '~NWarning:    ', _56204, _56212)
   Unify: (37) [$messages] prefix_nl(['Goal (~w) failed: ~p'-[directive, user:must((rtrace, fail))]], '~NWarning:    ', _56204, ['Goal (~w) failed: ~p'-[directive, user:must((rtrace, fail))]|_56222])
   Call: (38) [$messages] prefix_nl([], '~NWarning:    ', _56204, _56222)
   Unify: (38) [$messages] prefix_nl([], '~NWarning:    ', _56204, [nl])
   Exit: (38) [$messages] prefix_nl([], '~NWarning:    ', _56204, [nl])
   Exit: (37) [$messages] prefix_nl(['Goal (~w) failed: ~p'-[directive, user:must((rtrace, fail))]], '~NWarning:    ', _56204, ['Goal (~w) failed: ~p'-[directive, user:must((rtrace, fail))], nl])
   Exit: (36) [$messages] insert_prefix(['Goal (~w) failed: ~p'-[directive, user:must((rtrace, fail))]], '~NWarning:    ', _56204, [prefix('~NWarning:    '), 'Goal (~w) failed: ~p'-[directive, user:must((rtrace, fail))], nl])
   Call: (36) [$messages] msg_property(warning, stream(_56304))
   Unify: (36) [$messages] msg_property(warning, stream(_56304))
   Redo: (36) [$messages] msg_property(warning, stream(_56304))
   Unify: (36) [$messages] msg_property(warning, stream(user_error))
   Exit: (36) [$messages] msg_property(warning, stream(user_error))
^  Call: (36) [$messages] ignore(stream_property(user_error, position(_56314)))
^  Unify: (36) [system] ignore('$messages':stream_property(user_error, position(_56314)))
   Call: (37) [system] stream_property(user_error, position(_56314))
   Unify: (37) [system] stream_property(user_error, position(_56314))
   Call: (38) [system] nonvar(user_error)
   Exit: (38) [system] nonvar(user_error)
   Call: (38) [system] nonvar(position(_56314))
   Exit: (38) [system] nonvar(position(_56314))
   Exit: (37) [system] stream_property(user_error, position('$stream_position'(12754, 101, 0, 12754)))
^  Exit: (36) [system] ignore('$messages':stream_property(user_error, position('$stream_position'(12754, 101, 0, 12754))))
   Call: (36) [$messages] print_message_lines(user_error, [begin(warning, _56204), '~NWarning: ~w:~d:'-['/var/lib/jenkins/workspace/logicmoo_workspace@2/packs_sys/pfc/t/sanity_base/min_fail_01.pl', 3], nl, prefix('~NWarning:    '), 'Goal (~w) failed: ~p'-[directive, ... : ...], nl, end(_56204)])
   Unify: (36) [$messages] print_message_lines(user_error, [begin(warning, _56204), '~NWarning: ~w:~d:'-['/var/lib/jenkins/workspace/logicmoo_workspace@2/packs_sys/pfc/t/sanity_base/min_fail_01.pl', 3], nl, prefix('~NWarning:    '), 'Goal (~w) failed: ~p'-[directive, ... : ...], nl, end(_56204)])
^  Call: (37) [$messages] with_output_to(user_error, notrace(print_message_lines_guarded(current_output, [begin(warning, _56204), '~NWarning: ~w:~d:'-['/var/lib/jenkins/workspace/logicmoo_workspace@2/packs_sys/pfc/t/sanity_base/min_fail_01.pl', 3], nl, prefix('~NWarning:    '), 'Goal (~w) failed: ~p'-[...|...], nl|...])))
Warning: /var/lib/jenkins/workspace/logicmoo_workspace@2/packs_sys/pfc/t/sanity_base/min_fail_01.pl:3:
Warning:    Goal (directive) failed: user:must((rtrace,fail))
^  Exit: (37) [$messages] with_output_to(user_error, notrace(print_message_lines_guarded(current_output, [begin(warning, _56204), '~NWarning: ~w:~d:'-['/var/lib/jenkins/workspace/logicmoo_workspace@2/packs_sys/pfc/t/sanity_base/min_fail_01.pl', 3], nl, prefix('~NWarning:    '), 'Goal (~w) failed: ~p'-[...|...], nl|...])))
   Exit: (36) [$messages] print_message_lines(user_error, [begin(warning, _56204), '~NWarning: ~w:~d:'-['/var/lib/jenkins/workspace/logicmoo_workspace@2/packs_sys/pfc/t/sanity_base/min_fail_01.pl', 3], nl, prefix('~NWarning:    '), 'Goal (~w) failed: ~p'-[directive, ... : ...], nl, end(_56204)])
   Call: (36) [system] stream_property(user_error, position('$stream_position'(12754, 101, 0, 12754)))
   Unify: (36) [system] stream_property(user_error, position('$stream_position'(12754, 101, 0, 12754)))
   Call: (37) [system] nonvar(user_error)
   Exit: (37) [system] nonvar(user_error)
   Call: (37) [system] nonvar(position('$stream_position'(12754, 101, 0, 12754)))
   Exit: (37) [system] nonvar(position('$stream_position'(12754, 101, 0, 12754)))
   Redo: (35) [$messages] print_system_message(goal_failed(directive, user:must((rtrace, fail))), warning, ['Goal (~w) failed: ~p'-[directive, user:must((rtrace, fail))]])
   Call: (36) [$messages] msg_property(warning, wait(_56452))
   Unify: (36) [$messages] msg_property(warning, wait(_56452))
   Redo: (36) [$messages] msg_property(warning, wait(_56452))
   Redo: (35) [$messages] print_system_message(goal_failed(directive, user:must((rtrace, fail))), warning, ['Goal (~w) failed: ~p'-[directive, user:must((rtrace, fail))]])
   Call: (36) [system] true
   Exit: (36) [system] true
   Exit: (35) [$messages] print_system_message(goal_failed(directive, user:must((rtrace, fail))), warning, ['Goal (~w) failed: ~p'-[directive, user:must((rtrace, fail))]])
   Call: (35) [$messages] maybe_halt_on_error(warning)
   Unify: (35) [$messages] maybe_halt_on_error(warning)
   Call: (36) [system] current_prolog_flag(on_warning, halt)
   Redo: (35) [$messages] maybe_halt_on_error(warning)
   Unify: (35) [$messages] maybe_halt_on_error(warning)
   Exit: (35) [$messages] maybe_halt_on_error(warning)
   Exit: (34) [$messages] print_message_guarded(warning, goal_failed(directive, user:must((rtrace, fail))))
   Call: (36) [system] nb_current('$inprint_message', [_56452|_56454])
   Exit: (36) [system] nb_current('$inprint_message', [goal_failed(directive, user:must((rtrace, fail)))])
   Call: (36) [system] []\==[]
   Call: (36) [system] nb_delete('$inprint_message')
   Exit: (36) [system] nb_delete('$inprint_message')
   Call: (36) [system] b_setval('$inprint_message', [])
   Exit: (36) [system] b_setval('$inprint_message', [])
^  Exit: (33) [system] setup_call_catcher_cleanup('$messages':push_msg(goal_failed(directive, user:must((rtrace, fail)))), '$messages':print_message_guarded(warning, goal_failed(directive, user:must((rtrace, fail)))), exit, '$messages':pop_msg)
^  Exit: (32) [system] setup_call_cleanup('$messages':push_msg(goal_failed(directive, user:must((rtrace, fail)))), '$messages':print_message_guarded(warning, goal_failed(directive, user:must((rtrace, fail)))), '$messages':pop_msg)
   Exit: (31) [$messages] print_message(warning, goal_failed(directive, user:must((rtrace, fail))))
   Call: (30) [system] fail
   Redo: (30) [system] repeat
   Exit: (30) [system] repeat
   Call: (30) [system] read_clause(<stream>(0x55dcceaaae00), _62002, [variable_names(_62012), term_position(_62022), subterm_positions(_62032)])
   Exit: (30) [system] read_clause(<stream>(0x55dcceaaae00), end_of_file, [variable_names([]), term_position('$stream_position'(68, 5, 0, 68)), subterm_positions(68-79)])
   Call: (30) [system] b_setval('$term_position', '$stream_position'(68, 5, 0, 68))
   Exit: (30) [system] b_setval('$term_position', '$stream_position'(68, 5, 0, 68))
   Call: (30) [system] b_setval('$variable_names', [])
   Exit: (30) [system] b_setval('$variable_names', [])
   Call: (30) [system] end_of_file==end_of_file
   Exit: (30) [system] end_of_file==end_of_file
   Call: (30) [system] ['/var/lib/jenkins/workspace/logicmoo_workspace@2/packs_sys/pfc/t/sanity_base/min_fail_01.pl']=[_67012, _67018|_67020]
   Call: (31) [system] _67640=error(_67644, _67646)
   Exit: (31) [system] error(_67644, _67646)=error(_67644, _67646)
   Call: (33) [$expand] expand_term(end_of_file, 68-79, _68890, _68892)
   Unify: (33) [$expand] expand_term(end_of_file, 68-79, _68890, 68-79)
   Call: (34) [system] var(end_of_file)
   Redo: (33) [$expand] expand_term(end_of_file, 68-79, _68890, _68892)
   Unify: (33) [$expand] expand_term(end_of_file, 68-79, [], _68892)
   Call: (34) [$expand] cond_compilation(end_of_file, _72028)
   Unify: (34) [$expand] cond_compilation(end_of_file, end_of_file)
   Call: (35) [system] source_location(_73266, _73326)
   Exit: (35) [system] source_location('/var/lib/jenkins/workspace/logicmoo_workspace@2/packs_sys/pfc/t/sanity_base/min_fail_01.pl', 5)
^  Call: (35) [$expand] clause('$include_code'(_74506, _74508, _74510), _74570)
   Redo: (34) [$expand] cond_compilation(end_of_file, end_of_file)
   Call: (35) [system] true
   Exit: (35) [system] true
   Exit: (34) [$expand] cond_compilation(end_of_file, end_of_file)
   Call: (34) [system] end_of_file==[]
   Redo: (33) [$expand] expand_term(end_of_file, 68-79, _68890, _68892)
   Unify: (33) [$expand] expand_term(end_of_file, 68-79, _68890, _68892)
   Call: (34) [system] b_setval('$term', end_of_file)
   Exit: (34) [system] b_setval('$term', end_of_file)
   Call: (34) [$expand] prepare_directive(end_of_file)
   Unify: (34) [$expand] prepare_directive(end_of_file)
   Exit: (34) [$expand] prepare_directive(end_of_file)
   Call: (34) [$expand] call_term_expansion([user-[(term_expansion/4), (term_expansion/2)], system-[(term_expansion/4), (term_expansion/2)]], end_of_file, 68-79, _82608, _82610)
   Unify: (34) [$expand] call_term_expansion([user-[(term_expansion/4), (term_expansion/2)], system-[(term_expansion/4), (term_expansion/2)]], end_of_file, 68-79, _82608, _82610)
   Call: (35) [system] current_prolog_flag(sandboxed_load, false)
   Exit: (35) [system] current_prolog_flag(sandboxed_load, false)
   Call: (35) [system] (term_expansion/4)==(term_expansion/2)
   Redo: (34) [$expand] call_term_expansion([user-[(term_expansion/4), (term_expansion/2)], system-[(term_expansion/4), (term_expansion/2)]], end_of_file, 68-79, _82608, _82610)
^  Call: (35) [user] term_expansion(end_of_file, 68-79, _86376, _86378)
^  Unify: (35) [user] term_expansion(end_of_file, 68-79, end_of_file, 68-79)
^  Redo: (35) [system] term_expansion(end_of_file, 68-79, _86376, _86378)
^  Unify: (35) [system] term_expansion(end_of_file, 68-79, _86376, _86378)
   Call: (36) [system] nonvar(68-79)
   Exit: (36) [system] nonvar(68-79)
   Call: (36) [$syspreds] nb_setval('$term_user', end_of_file)
   Unify: (36) [$syspreds] nb_setval('$term_user', end_of_file)
   Call: (37) [system] duplicate_term(end_of_file, _91348)
   Exit: (37) [system] duplicate_term(end_of_file, end_of_file)
   Call: (37) [system] nb_linkval('$term_user', end_of_file)
   Exit: (37) [system] nb_linkval('$term_user', end_of_file)
   Exit: (36) [$syspreds] nb_setval('$term_user', end_of_file)
   Call: (36) [system] fail
   Fail: (36) [system] fail
^  Redo: (35) [subclause_expansion] term_expansion(end_of_file, 68-79, _86376, _86378)
^  Unify: (35) [subclause_expansion] term_expansion(end_of_file, 68-79, _86376, _86378)
^  Call: (36) [ec_loader] ec_loader:into_lps
^  Unify: (36) [ec_loader] ec_loader:into_lps
   Call: (37) [system] fail
   Fail: (37) [system] fail
^  Fail: (36) [ec_loader] ec_loader:into_lps
^  Redo: (35) [ec_loader] term_expansion(end_of_file, 68-79, _86376, _86378)
^  Fail: (35) [ec_loader] term_expansion(end_of_file, 68-79, _86376, _86378)
   Call: (35) [system] (term_expansion/2)==(term_expansion/2)
   Exit: (35) [system] (term_expansion/2)==(term_expansion/2)
^  Call: (35) [user] term_expansion(end_of_file, _102456)
^  Unify: (35) [user] term_expansion(end_of_file, end_of_file)
^  Redo: (35) [system] term_expansion(end_of_file, _102456)
^  Unify: (35) [system] term_expansion(end_of_file, _102456)
   Call: (36) [$syspreds] prolog_load_context(module, plunit)
   Unify: (36) [$syspreds] prolog_load_context(module, plunit)
   Fail: (36) [$syspreds] prolog_load_context(module, plunit)
^  Fail: (35) [plunit] term_expansion(end_of_file, _102456)
   Redo: (34) [$expand] call_term_expansion([user-[(term_expansion/4), (term_expansion/2)], system-[(term_expansion/4), (term_expansion/2)]], end_of_file, 68-79, _82608, _82610)
   Call: (35) [$expand] call_term_expansion([system-[(term_expansion/4), (term_expansion/2)]], end_of_file, 68-79, _82608, _82610)
   Unify: (35) [$expand] call_term_expansion([system-[(term_expansion/4), (term_expansion/2)]], end_of_file, 68-79, _82608, _82610)
   Call: (36) [system] current_prolog_flag(sandboxed_load, false)
   Exit: (36) [system] current_prolog_flag(sandboxed_load, false)
   Call: (36) [system] (term_expansion/4)==(term_expansion/2)
   Redo: (35) [$expand] call_term_expansion([system-[(term_expansion/4), (term_expansion/2)]], end_of_file, 68-79, _82608, _82610)
^  Call: (36) [system] term_expansion(end_of_file, 68-79, _111796, _111798)
^  Unify: (36) [system] term_expansion(end_of_file, 68-79, _111796, _111798)
^  Call: (37) [echo_files] echo_files:echo_catchup(end_of_file, 68-79, _111796, _111798)
^  Unify: (37) [echo_files] echo_files:echo_catchup(end_of_file, 68-79, _111796, _111798)
^  Fail: (37) [echo_files] echo_files:echo_catchup(end_of_file, 68-79, _111796, _111798)
^  Redo: (36) [echo_files] term_expansion(end_of_file, 68-79, _111796, _111798)
^  Unify: (36) [echo_files] term_expansion(end_of_file, 68-79, end_of_file, 68-79)
^  Redo: (36) [system] term_expansion(end_of_file, 68-79, _111796, _111798)
^  Unify: (36) [system] term_expansion(end_of_file, 68-79, _111796, _111798)
^  Call: (37) [echo_files] echo_files:echo_catchup(end_of_file, 68-79, _111796, _111798)
^  Unify: (37) [echo_files] echo_files:echo_catchup(end_of_file, 68-79, _111796, _111798)
^  Fail: (37) [echo_files] echo_files:echo_catchup(end_of_file, 68-79, _111796, _111798)
^  Redo: (36) [echo_files] term_expansion(end_of_file, 68-79, _111796, _111798)
^  Unify: (36) [echo_files] term_expansion(end_of_file, 68-79, _111796, _111798)
   Call: (37) [system] end_of_file\==end_of_file
   Fail: (37) [system] end_of_file\==end_of_file
^  Redo: (36) [subclause_expansion] term_expansion(end_of_file, 68-79, _111796, _111798)
^  Unify: (36) [subclause_expansion] term_expansion(end_of_file, 68-79, _111796, _111798)
   Call: (37) [system] nonvar(end_of_file)
   Exit: (37) [system] nonvar(end_of_file)
   Call: (37) [system] nonvar(68-79)
   Exit: (37) [system] nonvar(68-79)
   Call: (37) [$syspreds] prolog_load_context(file, _125604)
   Unify: (37) [$syspreds] prolog_load_context(file, _125604)
   Call: (38) [$syspreds] input_file(_125604)
   Unify: (38) [$syspreds] input_file(_125604)
   Call: (39) [system] stream_property(<stream>(0x55dcceaaae00), file_name(_125604))
   Unify: (39) [system] stream_property(<stream>(0x55dcceaaae00), file_name(_125604))
   Call: (40) [system] nonvar(<stream>(0x55dcceaaae00))
   Exit: (40) [system] nonvar(<stream>(0x55dcceaaae00))
   Call: (40) [system] nonvar(file_name(_522))
   Exit: (40) [system] nonvar(file_name(_522))
   Exit: (39) [system] stream_property(<stream>(0x55dcceaaae00), file_name('/var/lib/jenkins/workspace/logicmoo_workspace@2/packs_sys/pfc/t/sanity_base/min_fail_01.pl'))
   Exit: (38) [$syspreds] input_file('/var/lib/jenkins/workspace/logicmoo_workspace@2/packs_sys/pfc/t/sanity_base/min_fail_01.pl')
   Exit: (37) [$syspreds] prolog_load_context(file, '/var/lib/jenkins/workspace/logicmoo_workspace@2/packs_sys/pfc/t/sanity_base/min_fail_01.pl')
   Call: (37) [system] source_location('/var/lib/jenkins/workspace/logicmoo_workspace@2/packs_sys/pfc/t/sanity_base/min_fail_01.pl', _3366)
   Exit: (37) [system] source_location('/var/lib/jenkins/workspace/logicmoo_workspace@2/packs_sys/pfc/t/sanity_base/min_fail_01.pl', 5)
^  Call: (37) [file_scope] file_scope:notice_file(end_of_file, '/var/lib/jenkins/workspace/logicmoo_workspace@2/packs_sys/pfc/t/sanity_base/min_fail_01.pl', 5)
^  Unify: (37) [file_scope] file_scope:notice_file(end_of_file, '/var/lib/jenkins/workspace/logicmoo_workspace@2/packs_sys/pfc/t/sanity_base/min_fail_01.pl', 5)
^  Call: (38) [file_scope] l_once(signal_eof('/var/lib/jenkins/workspace/logicmoo_workspace@2/packs_sys/pfc/t/sanity_base/min_fail_01.pl'))
^  Unify: (38) [file_scope] l_once(file_scope:signal_eof('/var/lib/jenkins/workspace/logicmoo_workspace@2/packs_sys/pfc/t/sanity_base/min_fail_01.pl'))
^  Call: (39) [file_scope] file_scope:signal_eof('/var/lib/jenkins/workspace/logicmoo_workspace@2/packs_sys/pfc/t/sanity_base/min_fail_01.pl')
^  Unify: (39) [file_scope] file_scope:signal_eof('/var/lib/jenkins/workspace/logicmoo_workspace@2/packs_sys/pfc/t/sanity_base/min_fail_01.pl')
^  Call: (40) [file_scope] must(prolog_load_context(module, _8410))
^  Unify: (40) [must_sanity] must(file_scope:prolog_load_context(module, _8410))
   Call: (41) [$syspreds] prolog_load_context(module, _8410)
   Unify: (41) [$syspreds] prolog_load_context(module, _8410)
   Exit: (41) [$syspreds] prolog_load_context(module, user)
   Call: (41) [system] true
   Exit: (41) [system] true
^  Exit: (40) [must_sanity] must(file_scope:prolog_load_context(module, user))
^  Call: (40) [file_scope] file_scope:do_eof_actions(user, '/var/lib/jenkins/workspace/logicmoo_workspace@2/packs_sys/pfc/t/sanity_base/min_fail_01.pl')
^  Unify: (40) [file_scope] file_scope:do_eof_actions(user, '/var/lib/jenkins/workspace/logicmoo_workspace@2/packs_sys/pfc/t/sanity_base/min_fail_01.pl')
^  Call: (41) [file_scope] first:qdmsg(info(load_mpred_file_complete(user:'/var/lib/jenkins/workspace/logicmoo_workspace@2/packs_sys/pfc/t/sanity_base/min_fail_01.pl')))
^  Unify: (41) [file_scope] first:qdmsg(info(load_mpred_file_complete(user:'/var/lib/jenkins/workspace/logicmoo_workspace@2/packs_sys/pfc/t/sanity_base/min_fail_01.pl')))
   Call: (42) [system] current_prolog_flag(dmsg_level, never)
   Fail: (42) [system] current_prolog_flag(dmsg_level, never)
^  Redo: (41) [file_scope] first:qdmsg(info(load_mpred_file_complete(user:'/var/lib/jenkins/workspace/logicmoo_workspace@2/packs_sys/pfc/t/sanity_base/min_fail_01.pl')))
^  Unify: (41) [file_scope] first:qdmsg(info(load_mpred_file_complete(user:'/var/lib/jenkins/workspace/logicmoo_workspace@2/packs_sys/pfc/t/sanity_base/min_fail_01.pl')))
^  Call: (42) [file_scope] first:cfunctor(info(load_mpred_file_complete(user:'/var/lib/jenkins/workspace/logicmoo_workspace@2/packs_sys/pfc/t/sanity_base/min_fail_01.pl')), _18406, _18468)
^  Unify: (42) [file_scope] first:cfunctor(info(load_mpred_file_complete(user:'/var/lib/jenkins/workspace/logicmoo_workspace@2/packs_sys/pfc/t/sanity_base/min_fail_01.pl')), _18406, _19096)
   Call: (43) [system] compound_name_arity(info(load_mpred_file_complete(user:'/var/lib/jenkins/workspace/logicmoo_workspace@2/packs_sys/pfc/t/sanity_base/min_fail_01.pl')), _18406, _19664)
   Exit: (43) [system] compound_name_arity(info(load_mpred_file_complete(user:'/var/lib/jenkins/workspace/logicmoo_workspace@2/packs_sys/pfc/t/sanity_base/min_fail_01.pl')), info, 1)
^  Exit: (42) [file_scope] first:cfunctor(info(load_mpred_file_complete(user:'/var/lib/jenkins/workspace/logicmoo_workspace@2/packs_sys/pfc/t/sanity_base/min_fail_01.pl')), info, 1)
^  Call: (42) [file_scope] debug(logicmoo(info), '~q', [info(load_mpred_file_complete(user:'/var/lib/jenkins/workspace/logicmoo_workspace@2/packs_sys/pfc/t/sanity_base/min_fail_01.pl'))])
^  Unify: (42) [prolog_debug] debug(logicmoo(info), '~q', file_scope:[info(load_mpred_file_complete(user:'/var/lib/jenkins/workspace/logicmoo_workspace@2/packs_sys/pfc/t/sanity_base/min_fail_01.pl'))])
   Call: (43) [prolog_debug] debugging(logicmoo(info), true, _22866)
   Unify: (43) [prolog_debug] debugging(logicmoo(info), true, [])
   Call: (44) [system] current_prolog_flag(nodebugx, true)
   Redo: (43) [bugger] debugging(logicmoo(info), true, _22866)
   Unify: (43) [bugger] debugging(logicmoo(info), true, _22866)
^  Call: (44) [bugger] bugger:debugging_logicmoo_setting(logicmoo(info), true, _22866)
^  Unify: (44) [bugger] bugger:debugging_logicmoo_setting(logicmoo(info), true, [user_error])
^  Exit: (44) [bugger] bugger:debugging_logicmoo_setting(logicmoo(info), true, [user_error])
   Exit: (43) [bugger] debugging(logicmoo(info), true, [user_error])
   Call: (43) [prolog_debug] prolog_debug:print_debug(logicmoo(info), [user_error], '~q', file_scope:[info(load_mpred_file_complete(user:'/var/lib/jenkins/workspace/logicmoo_workspace@2/packs_sys/pfc/t/sanity_base/min_fail_01.pl'))])
   Unify: (43) [prolog_debug] prolog_debug:print_debug(logicmoo(info), [user_error], '~q', file_scope:[info(load_mpred_file_complete(user:'/var/lib/jenkins/workspace/logicmoo_workspace@2/packs_sys/pfc/t/sanity_base/min_fail_01.pl'))])
   Call: (44) [system] nb_current(prolog_debug_printing, true)
   Call: (47) [clpfd] clpfd:make_clpfd_var(prolog_debug_printing)
   Fail: (47) [clpfd] clpfd:make_clpfd_var(prolog_debug_printing)
   Redo: (43) [prolog_debug] prolog_debug:print_debug(logicmoo(info), [user_error], '~q', file_scope:[info(load_mpred_file_complete(user:'/var/lib/jenkins/workspace/logicmoo_workspace@2/packs_sys/pfc/t/sanity_base/min_fail_01.pl'))])
   Unify: (43) [prolog_debug] prolog_debug:print_debug(logicmoo(info), [user_error], '~q', file_scope:[info(load_mpred_file_complete(user:'/var/lib/jenkins/workspace/logicmoo_workspace@2/packs_sys/pfc/t/sanity_base/min_fail_01.pl'))])
^  Call: (44) [prolog_debug] setup_call_cleanup(nb_setval(prolog_debug_printing, true), print_debug_guarded(logicmoo(info), [user_error], '~q', file_scope:[info(load_mpred_file_complete(user:'/var/lib/jenkins/workspace/logicmoo_workspace@2/packs_sys/pfc/t/sanity_base/min_fail_01.pl'))]), nb_delete(prolog_debug_printing))
^  Unify: (44) [system] setup_call_cleanup(prolog_debug:nb_setval(prolog_debug_printing, true), prolog_debug:print_debug_guarded(logicmoo(info), [user_error], '~q', file_scope:[info(load_mpred_file_complete(user:'/var/lib/jenkins/workspace/logicmoo_workspace@2/packs_sys/pfc/t/sanity_base/min_fail_01.pl'))]), prolog_debug:nb_delete(prolog_debug_printing))
^  Call: (45) [system] setup_call_catcher_cleanup(prolog_debug:nb_setval(prolog_debug_printing, true), prolog_debug:print_debug_guarded(logicmoo(info), [user_error], '~q', file_scope:[info(load_mpred_file_complete(user:'/var/lib/jenkins/workspace/logicmoo_workspace@2/packs_sys/pfc/t/sanity_base/min_fail_01.pl'))]), _34332, prolog_debug:nb_delete(prolog_debug_printing))
^  Unify: (45) [system] setup_call_catcher_cleanup(prolog_debug:nb_setval(prolog_debug_printing, true), prolog_debug:print_debug_guarded(logicmoo(info), [user_error], '~q', file_scope:[info(load_mpred_file_complete(user:'/var/lib/jenkins/workspace/logicmoo_workspace@2/packs_sys/pfc/t/sanity_base/min_fail_01.pl'))]), _34964, prolog_debug:nb_delete(prolog_debug_printing))
   Call: (48) [$syspreds] nb_setval(prolog_debug_printing, true)
   Unify: (48) [$syspreds] nb_setval(prolog_debug_printing, true)
   Call: (49) [system] duplicate_term(true, _36772)
   Exit: (49) [system] duplicate_term(true, true)
   Call: (49) [system] nb_linkval(prolog_debug_printing, true)
   Exit: (49) [system] nb_linkval(prolog_debug_printing, true)
   Exit: (48) [$syspreds] nb_setval(prolog_debug_printing, true)
   Call: (46) [prolog_debug] prolog_debug:print_debug_guarded(logicmoo(info), [user_error], '~q', file_scope:[info(load_mpred_file_complete(user:'/var/lib/jenkins/workspace/logicmoo_workspace@2/packs_sys/pfc/t/sanity_base/min_fail_01.pl'))])
   Unify: (46) [prolog_debug] prolog_debug:print_debug_guarded(logicmoo(info), [user_error], '~q', file_scope:[info(load_mpred_file_complete(user:'/var/lib/jenkins/workspace/logicmoo_workspace@2/packs_sys/pfc/t/sanity_base/min_fail_01.pl'))])
   Call: (47) [prolog] prolog:debug_print_hook(logicmoo(info), '~q', file_scope:[info(load_mpred_file_complete(user:'/var/lib/jenkins/workspace/logicmoo_workspace@2/packs_sys/pfc/t/sanity_base/min_fail_01.pl'))])
   Fail: (47) [prolog] prolog:debug_print_hook(logicmoo(info), '~q', file_scope:[info(load_mpred_file_complete(user:'/var/lib/jenkins/workspace/logicmoo_workspace@2/packs_sys/pfc/t/sanity_base/min_fail_01.pl'))])
   Redo: (46) [prolog_debug] prolog_debug:print_debug_guarded(logicmoo(info), [user_error], '~q', file_scope:[info(load_mpred_file_complete(user:'/var/lib/jenkins/workspace/logicmoo_workspace@2/packs_sys/pfc/t/sanity_base/min_fail_01.pl'))])
   Unify: (46) [prolog_debug] prolog_debug:print_debug_guarded(logicmoo(info), [user_error], '~q', file_scope:[info(load_mpred_file_complete(user:'/var/lib/jenkins/workspace/logicmoo_workspace@2/packs_sys/pfc/t/sanity_base/min_fail_01.pl'))])
^  Call: (47) [prolog_debug] phrase('$messages':translate_message(debug('~q', file_scope:[info(load_mpred_file_complete(user:'/var/lib/jenkins/workspace/logicmoo_workspace@2/packs_sys/pfc/t/sanity_base/min_fail_01.pl'))])), _43628)
^  Unify: (47) [$dcg] phrase('$messages':translate_message(debug('~q', file_scope:[info(load_mpred_file_complete(user:'/var/lib/jenkins/workspace/logicmoo_workspace@2/packs_sys/pfc/t/sanity_base/min_fail_01.pl'))])), _43628)
^  Call: (48) [$dcg] phrase('$messages':translate_message(debug('~q', file_scope:[info(load_mpred_file_complete(user:'/var/lib/jenkins/workspace/logicmoo_workspace@2/packs_sys/pfc/t/sanity_base/min_fail_01.pl'))])), _43628, [])
^  Unify: (48) [$dcg] phrase('$messages':translate_message(debug('~q', file_scope:[info(load_mpred_file_complete(user:'/var/lib/jenkins/workspace/logicmoo_workspace@2/packs_sys/pfc/t/sanity_base/min_fail_01.pl'))])), _43628, [])
   Call: (49) [$dcg] phrase_input(_43628)
   Unify: (49) [$dcg] phrase_input(_43628)
   Call: (50) [system] var(_43628)
   Exit: (50) [system] var(_43628)
   Exit: (49) [$dcg] phrase_input(_43628)
   Call: (49) [$dcg] phrase_input([])
   Unify: (49) [$dcg] phrase_input([])
   Call: (50) [system] var([])
   Redo: (49) [$dcg] phrase_input([])
   Unify: (49) [$dcg] phrase_input([])
   Exit: (49) [$dcg] phrase_input([])
^  Call: (49) [$dcg] call_dcg('$messages':translate_message(debug('~q', file_scope:[info(load_mpred_file_complete(user:'/var/lib/jenkins/workspace/logicmoo_workspace@2/packs_sys/pfc/t/sanity_base/min_fail_01.pl'))])), _43628, [])
^  Unify: (49) [$dcg] call_dcg('$messages':translate_message(debug('~q', file_scope:[info(load_mpred_file_complete(user:'/var/lib/jenkins/workspace/logicmoo_workspace@2/packs_sys/pfc/t/sanity_base/min_fail_01.pl'))])), _43628, [])
^  Call: (50) [$dcg] strip_module('$messages':translate_message(debug('~q', file_scope:[info(load_mpred_file_complete(user:'/var/lib/jenkins/workspace/logicmoo_workspace@2/packs_sys/pfc/t/sanity_base/min_fail_01.pl'))])), _54144, _54146)
^  Exit: (50) [$dcg] strip_module('$messages':translate_message(debug('~q', file_scope:[info(load_mpred_file_complete(user:'/var/lib/jenkins/workspace/logicmoo_workspace@2/packs_sys/pfc/t/sanity_base/min_fail_01.pl'))])), '$messages', translate_message(debug('~q', file_scope:[info(load_mpred_file_complete(user:'/var/lib/jenkins/workspace/logicmoo_workspace@2/packs_sys/pfc/t/sanity_base/min_fail_01.pl'))])))
   Call: (50) [system] nonvar(translate_message(debug('~q', file_scope:[info(load_mpred_file_complete(user:'/var/lib/jenkins/workspace/logicmoo_workspace@2/packs_sys/pfc/t/sanity_base/min_fail_01.pl'))])))
   Exit: (50) [system] nonvar(translate_message(debug('~q', file_scope:[info(load_mpred_file_complete(user:'/var/lib/jenkins/workspace/logicmoo_workspace@2/packs_sys/pfc/t/sanity_base/min_fail_01.pl'))])))
   Call: (50) [$dcg] dcg_special(translate_message(debug('~q', file_scope:[info(load_mpred_file_complete(user:'/var/lib/jenkins/workspace/logicmoo_workspace@2/packs_sys/pfc/t/sanity_base/min_fail_01.pl'))])))
   Unify: (50) [$dcg] dcg_special(translate_message(debug('~q', file_scope:[info(load_mpred_file_complete(user:'/var/lib/jenkins/workspace/logicmoo_workspace@2/packs_sys/pfc/t/sanity_base/min_fail_01.pl'))])))
^  Redo: (49) [$dcg] call_dcg('$messages':translate_message(debug('~q', file_scope:[info(load_mpred_file_complete(user:'/var/lib/jenkins/workspace/logicmoo_workspace@2/packs_sys/pfc/t/sanity_base/min_fail_01.pl'))])), _43628, [])
   Call: (50) [$messages] translate_message(debug('~q', file_scope:[info(load_mpred_file_complete(user:'/var/lib/jenkins/workspace/logicmoo_workspace@2/packs_sys/pfc/t/sanity_base/min_fail_01.pl'))]), _43628, [])
   Unify: (50) [$messages] translate_message(debug('~q', file_scope:[info(load_mpred_file_complete(user:'/var/lib/jenkins/workspace/logicmoo_workspace@2/packs_sys/pfc/t/sanity_base/min_fail_01.pl'))]), _43628, [])
   Call: (51) [$messages] translate_message2(debug('~q', file_scope:[info(load_mpred_file_complete(user:'/var/lib/jenkins/workspace/logicmoo_workspace@2/packs_sys/pfc/t/sanity_base/min_fail_01.pl'))]), _43628, _59732)
   Unify: (51) [$messages] translate_message2(debug('~q', file_scope:[info(load_mpred_file_complete(user:'/var/lib/jenkins/workspace/logicmoo_workspace@2/packs_sys/pfc/t/sanity_base/min_fail_01.pl'))]), _43628, _59732)
   Call: (52) [system] var(debug('~q', file_scope:[info(load_mpred_file_complete(user:'/var/lib/jenkins/workspace/logicmoo_workspace@2/packs_sys/pfc/t/sanity_base/min_fail_01.pl'))]))
   Redo: (51) [$messages] translate_message2(debug('~q', file_scope:[info(load_mpred_file_complete(user:'/var/lib/jenkins/workspace/logicmoo_workspace@2/packs_sys/pfc/t/sanity_base/min_fail_01.pl'))]), _43628, _59732)
   Unify: (51) [$messages] translate_message2(debug('~q', file_scope:[info(load_mpred_file_complete(user:'/var/lib/jenkins/workspace/logicmoo_workspace@2/packs_sys/pfc/t/sanity_base/min_fail_01.pl'))]), _43628, _59732)
   Exit: (51) [$messages] translate_message2(debug('~q', file_scope:[info(load_mpred_file_complete(user:'/var/lib/jenkins/workspace/logicmoo_workspace@2/packs_sys/pfc/t/sanity_base/min_fail_01.pl'))]), ['~q'-(file_scope:[info(load_mpred_file_complete(user:'/var/lib/jenkins/workspace/logicmoo_workspace@2/packs_sys/pfc/t/sanity_base/min_fail_01.pl'))])|_59732], _59732)
   Call: (51) [system] []=_59732
   Exit: (51) [system] []=[]
   Exit: (50) [$messages] translate_message(debug('~q', file_scope:[info(load_mpred_file_complete(user:'/var/lib/jenkins/workspace/logicmoo_workspace@2/packs_sys/pfc/t/sanity_base/min_fail_01.pl'))]), ['~q'-(file_scope:[info(load_mpred_file_complete(user:'/var/lib/jenkins/workspace/logicmoo_workspace@2/packs_sys/pfc/t/sanity_base/min_fail_01.pl'))])], [])
^  Exit: (49) [$dcg] call_dcg('$messages':translate_message(debug('~q', file_scope:[info(load_mpred_file_complete(user:'/var/lib/jenkins/workspace/logicmoo_workspace@2/packs_sys/pfc/t/sanity_base/min_fail_01.pl'))])), ['~q'-(file_scope:[info(load_mpred_file_complete(user:'/var/lib/jenkins/workspace/logicmoo_workspace@2/packs_sys/pfc/t/sanity_base/min_fail_01.pl'))])], [])
^  Exit: (48) [$dcg] phrase('$messages':translate_message(debug('~q', file_scope:[info(load_mpred_file_complete(user:'/var/lib/jenkins/workspace/logicmoo_workspace@2/packs_sys/pfc/t/sanity_base/min_fail_01.pl'))])), ['~q'-(file_scope:[info(load_mpred_file_complete(user:'/var/lib/jenkins/workspace/logicmoo_workspace@2/packs_sys/pfc/t/sanity_base/min_fail_01.pl'))])], [])
^  Exit: (47) [$dcg] phrase('$messages':translate_message(debug('~q', file_scope:[info(load_mpred_file_complete(user:'/var/lib/jenkins/workspace/logicmoo_workspace@2/packs_sys/pfc/t/sanity_base/min_fail_01.pl'))])), ['~q'-(file_scope:[info(load_mpred_file_complete(user:'/var/lib/jenkins/workspace/logicmoo_workspace@2/packs_sys/pfc/t/sanity_base/min_fail_01.pl'))])])
   Call: (47) [lists] lists:member(_67208, [user_error])
   Unify: (47) [lists] lists:member(_67208, [user_error])
   Call: (48) [lists] lists:member_([], _67208, user_error)
   Unify: (48) [lists] lists:member_([], user_error, user_error)
   Exit: (48) [lists] lists:member_([], user_error, user_error)
   Exit: (47) [lists] lists:member(user_error, [user_error])
   Call: (47) [prolog_debug] prolog_debug:debug_output(user_error, _70930)
   Unify: (47) [prolog_debug] prolog_debug:debug_output(user_error, user_error)
   Call: (48) [system] is_stream(user_error)
   Exit: (48) [system] is_stream(user_error)
   Exit: (47) [prolog_debug] prolog_debug:debug_output(user_error, user_error)
^  Call: (47) [prolog_debug] with_output_to(user_error, print_message_lines(current_output, kind(debug(logicmoo(info))), ['~q'-(file_scope:[info(load_mpred_file_complete(user:'/var/lib/jenkins/workspace/logicmoo_workspace@2/packs_sys/pfc/t/sanity_base/min_fail_01.pl'))])]))
   Call: (49) [$messages] print_message_lines(current_output, kind(debug(logicmoo(info))), ['~q'-(file_scope:[info(load_mpred_file_complete(user:'/var/lib/jenkins/workspace/logicmoo_workspace@2/packs_sys/pfc/t/sanity_base/min_fail_01.pl'))])])
   Unify: (49) [$messages] print_message_lines(current_output, kind(debug(logicmoo(info))), ['~q'-(file_scope:[info(load_mpred_file_complete(user:'/var/lib/jenkins/workspace/logicmoo_workspace@2/packs_sys/pfc/t/sanity_base/min_fail_01.pl'))])])
   Call: (50) [$messages] msg_property(debug(logicmoo(info)), prefix(_75900))
   Unify: (50) [$messages] msg_property(debug(logicmoo(info)), prefix(_75900))
   Redo: (50) [$messages] msg_property(debug(logicmoo(info)), prefix(_75900))
   Unify: (50) [$messages] msg_property(debug(logicmoo(info)), prefix(_75900))
   Call: (51) [$messages] msg_prefix(debug(logicmoo(info)), _75900)
   Unify: (51) [$messages] msg_prefix(debug(logicmoo(info)), _75900)
   Call: (52) [$messages] msg_context('~N% ', _75900)
   Unify: (52) [$messages] msg_context('~N% ', _75900)
   Call: (53) [system] current_prolog_flag(message_context, _80846)
   Exit: (53) [system] current_prolog_flag(message_context, [thread])
   Call: (53) [system] is_list([thread])
   Exit: (53) [system] is_list([thread])
   Call: (53) [$messages] add_message_context([thread], '~N% ', _75900)
   Unify: (53) [$messages] add_message_context([thread], '~N% ', _75900)
   Call: (54) [$messages] add_message_context1(thread, '~N% ', _84562)
   Unify: (54) [$messages] add_message_context1(thread, '~N% ', _84562)
   Call: (55) [prolog] prolog:message_prefix_hook(thread, _85808)
   Fail: (55) [prolog] prolog:message_prefix_hook(thread, _85808)
   Redo: (54) [$messages] add_message_context1(thread, '~N% ', _84562)
   Unify: (54) [$messages] add_message_context1(thread, '~N% ', _84562)
   Call: (55) [system] thread_self(_88290)
   Exit: (55) [system] thread_self(main)
   Call: (55) [system] main\==main
   Redo: (53) [$messages] add_message_context([thread], '~N% ', _75900)
   Call: (54) [system] _90760='~N% '
   Exit: (54) [system] '~N% '='~N% '
   Call: (54) [$messages] add_message_context([], '~N% ', _75900)
   Unify: (54) [$messages] add_message_context([], '~N% ', '~N% ')
   Exit: (54) [$messages] add_message_context([], '~N% ', '~N% ')
   Exit: (53) [$messages] add_message_context([thread], '~N% ', '~N% ')
   Exit: (52) [$messages] msg_context('~N% ', '~N% ')
   Exit: (51) [$messages] msg_prefix(debug(logicmoo(info)), '~N% ')
   Exit: (50) [$messages] msg_property(debug(logicmoo(info)), prefix('~N% '))
   Call: (50) [$messages] insert_prefix(['~q'-(file_scope:[info(load_mpred_file_complete(user:'/var/lib/jenkins/workspace/logicmoo_workspace@2/packs_sys/pfc/t/sanity_base/min_fail_01.pl'))])], '~N% ', _96340, _96342)
   Unify: (50) [$messages] insert_prefix(['~q'-(file_scope:[info(load_mpred_file_complete(user:'/var/lib/jenkins/workspace/logicmoo_workspace@2/packs_sys/pfc/t/sanity_base/min_fail_01.pl'))])], '~N% ', _96340, [prefix('~N% ')|_96974])
   Call: (51) [$messages] prefix_nl(['~q'-(file_scope:[info(load_mpred_file_complete(user:'/var/lib/jenkins/workspace/logicmoo_workspace@2/packs_sys/pfc/t/sanity_base/min_fail_01.pl'))])], '~N% ', _96340, _96974)
   Unify: (51) [$messages] prefix_nl(['~q'-(file_scope:[info(load_mpred_file_complete(user:'/var/lib/jenkins/workspace/logicmoo_workspace@2/packs_sys/pfc/t/sanity_base/min_fail_01.pl'))])], '~N% ', _96340, ['~q'-(file_scope:[info(load_mpred_file_complete(user:'/var/lib/jenkins/workspace/logicmoo_workspace@2/packs_sys/pfc/t/sanity_base/min_fail_01.pl'))])|_98236])
   Call: (52) [$messages] prefix_nl([], '~N% ', _96340, _98236)
   Unify: (52) [$messages] prefix_nl([], '~N% ', _96340, [nl])
   Exit: (52) [$messages] prefix_nl([], '~N% ', _96340, [nl])
   Exit: (51) [$messages] prefix_nl(['~q'-(file_scope:[info(load_mpred_file_complete(user:'/var/lib/jenkins/workspace/logicmoo_workspace@2/packs_sys/pfc/t/sanity_base/min_fail_01.pl'))])], '~N% ', _96340, ['~q'-(file_scope:[info(load_mpred_file_complete(user:'/var/lib/jenkins/workspace/logicmoo_workspace@2/packs_sys/pfc/t/sanity_base/min_fail_01.pl'))]), nl])
   Exit: (50) [$messages] insert_prefix(['~q'-(file_scope:[info(load_mpred_file_complete(user:'/var/lib/jenkins/workspace/logicmoo_workspace@2/packs_sys/pfc/t/sanity_base/min_fail_01.pl'))])], '~N% ', _96340, [prefix('~N% '), '~q'-(file_scope:[info(load_mpred_file_complete(user:'/var/lib/jenkins/workspace/logicmoo_workspace@2/packs_sys/pfc/t/sanity_base/min_fail_01.pl'))]), nl])
   Call: (50) [$messages] print_message_lines(current_output, [begin(debug(logicmoo(info)), _96340), prefix('~N% '), '~q'-(file_scope:[info(load_mpred_file_complete(... : ...))]), nl, end(_96340)])
   Unify: (50) [$messages] print_message_lines(current_output, [begin(debug(logicmoo(info)), _96340), prefix('~N% '), '~q'-(file_scope:[info(load_mpred_file_complete(... : ...))]), nl, end(_96340)])
^  Call: (51) [$messages] with_output_to(current_output, notrace(print_message_lines_guarded(current_output, [begin(debug(logicmoo(info)), _96340), prefix('~N% '), '~q'-(file_scope:[info(...)]), nl, end(_96340)])))
% info(load_mpred_file_complete(user:'/var/lib/jenkins/workspace/logicmoo_workspace@2/packs_sys/pfc/t/sanity_base/min_fail_01.pl'))
^  Exit: (51) [$messages] with_output_to(current_output, notrace(print_message_lines_guarded(current_output, [begin(debug(logicmoo(info)), _96340), prefix('~N% '), '~q'-(file_scope:[info(...)]), nl, end(_96340)])))
   Exit: (50) [$messages] print_message_lines(current_output, [begin(debug(logicmoo(info)), _96340), prefix('~N% '), '~q'-(file_scope:[info(load_mpred_file_complete(... : ...))]), nl, end(_96340)])
   Exit: (49) [$messages] print_message_lines(current_output, kind(debug(logicmoo(info))), ['~q'-(file_scope:[info(load_mpred_file_complete(user:'/var/lib/jenkins/workspace/logicmoo_workspace@2/packs_sys/pfc/t/sanity_base/min_fail_01.pl'))])])
^  Exit: (47) [prolog_debug] with_output_to(user_error, print_message_lines(current_output, kind(debug(logicmoo(info))), ['~q'-(file_scope:[info(load_mpred_file_complete(user:'/var/lib/jenkins/workspace/logicmoo_workspace@2/packs_sys/pfc/t/sanity_base/min_fail_01.pl'))])]))
   Call: (47) [system] fail
   Redo: (46) [prolog_debug] prolog_debug:print_debug_guarded(logicmoo(info), [user_error], '~q', file_scope:[info(load_mpred_file_complete(user:'/var/lib/jenkins/workspace/logicmoo_workspace@2/packs_sys/pfc/t/sanity_base/min_fail_01.pl'))])
   Call: (47) [system] true
   Exit: (47) [system] true
   Exit: (46) [prolog_debug] prolog_debug:print_debug_guarded(logicmoo(info), [user_error], '~q', file_scope:[info(load_mpred_file_complete(user:'/var/lib/jenkins/workspace/logicmoo_workspace@2/packs_sys/pfc/t/sanity_base/min_fail_01.pl'))])
   Call: (47) [system] nb_delete(prolog_debug_printing)
   Exit: (47) [system] nb_delete(prolog_debug_printing)
^  Exit: (45) [system] setup_call_catcher_cleanup(prolog_debug:nb_setval(prolog_debug_printing, true), prolog_debug:print_debug_guarded(logicmoo(info), [user_error], '~q', file_scope:[info(load_mpred_file_complete(user:'/var/lib/jenkins/workspace/logicmoo_workspace@2/packs_sys/pfc/t/sanity_base/min_fail_01.pl'))]), exit, prolog_debug:nb_delete(prolog_debug_printing))
^  Exit: (44) [system] setup_call_cleanup(prolog_debug:nb_setval(prolog_debug_printing, true), prolog_debug:print_debug_guarded(logicmoo(info), [user_error], '~q', file_scope:[info(load_mpred_file_complete(user:'/var/lib/jenkins/workspace/logicmoo_workspace@2/packs_sys/pfc/t/sanity_base/min_fail_01.pl'))]), prolog_debug:nb_delete(prolog_debug_printing))
   Exit: (43) [prolog_debug] prolog_debug:print_debug(logicmoo(info), [user_error], '~q', file_scope:[info(load_mpred_file_complete(user:'/var/lib/jenkins/workspace/logicmoo_workspace@2/packs_sys/pfc/t/sanity_base/min_fail_01.pl'))])
^  Exit: (42) [prolog_debug] debug(logicmoo(info), '~q', file_scope:[info(load_mpred_file_complete(user:'/var/lib/jenkins/workspace/logicmoo_workspace@2/packs_sys/pfc/t/sanity_base/min_fail_01.pl'))])
^  Exit: (41) [file_scope] first:qdmsg(info(load_mpred_file_complete(user:'/var/lib/jenkins/workspace/logicmoo_workspace@2/packs_sys/pfc/t/sanity_base/min_fail_01.pl')))
   Call: (41) [system] _113938=user:global_eof_hook(_113948, '/var/lib/jenkins/workspace/logicmoo_workspace@2/packs_sys/pfc/t/sanity_base/min_fail_01.pl', _113952)
   Exit: (41) [system] user:global_eof_hook(_113948, '/var/lib/jenkins/workspace/logicmoo_workspace@2/packs_sys/pfc/t/sanity_base/min_fail_01.pl', _113952)=user:global_eof_hook(_113948, '/var/lib/jenkins/workspace/logicmoo_workspace@2/packs_sys/pfc/t/sanity_base/min_fail_01.pl', _113952)
^  Call: (41) [file_scope] must(forall(clause(user:global_eof_hook(_113948, '/var/lib/jenkins/workspace/logicmoo_workspace@2/packs_sys/pfc/t/sanity_base/min_fail_01.pl', _113952), _115200, _115202),  (qdmsg(found_eof_hook((user:global_eof_hook(_113948, '/var/lib/jenkins/workspace/logicmoo_workspace@2/packs_sys/pfc/t/sanity_base/min_fail_01.pl', _113952):-_115200))), doall(forall(_115200,  (qdmsg(call_eof_hook(user:on_f_log_ignore(...))), show_failure(signal_eom(user), user:on_f_log_ignore(... : ...))))))))
^  Unify: (41) [must_sanity] must(file_scope:forall(clause(user:global_eof_hook(_113948, '/var/lib/jenkins/workspace/logicmoo_workspace@2/packs_sys/pfc/t/sanity_base/min_fail_01.pl', _113952), _115200, _115202),  (qdmsg(found_eof_hook((user:global_eof_hook(_113948, '/var/lib/jenkins/workspace/logicmoo_workspace@2/packs_sys/pfc/t/sanity_base/min_fail_01.pl', _113952):-_115200))), doall(forall(_115200,  (qdmsg(call_eof_hook(... : ...)), show_failure(signal_eom(user), user:on_f_log_ignore(...))))))))
^  Call: (42) [file_scope] forall(clause(user:global_eof_hook(_113948, '/var/lib/jenkins/workspace/logicmoo_workspace@2/packs_sys/pfc/t/sanity_base/min_fail_01.pl', _113952), _115200, _115202),  (qdmsg(found_eof_hook((user:global_eof_hook(_113948, '/var/lib/jenkins/workspace/logicmoo_workspace@2/packs_sys/pfc/t/sanity_base/min_fail_01.pl', _113952):-_115200))), doall(forall(_115200,  (qdmsg(call_eof_hook(user:on_f_log_ignore(... : ...))), show_failure(signal_eom(user), user:on_f_log_ignore(_113948:_113952)))))))
^  Unify: (42) [$apply] forall(file_scope:clause(user:global_eof_hook(_113948, '/var/lib/jenkins/workspace/logicmoo_workspace@2/packs_sys/pfc/t/sanity_base/min_fail_01.pl', _113952), _115200, _115202), file_scope:(qdmsg(found_eof_hook((user:global_eof_hook(_113948, '/var/lib/jenkins/workspace/logicmoo_workspace@2/packs_sys/pfc/t/sanity_base/min_fail_01.pl', _113952):-_115200))), doall(forall(_115200,  (qdmsg(call_eof_hook(user:on_f_log_ignore(...))), show_failure(signal_eom(user), user:on_f_log_ignore(... : ...)))))))
^  Call: (43) [file_scope] clause(user:global_eof_hook(_113948, '/var/lib/jenkins/workspace/logicmoo_workspace@2/packs_sys/pfc/t/sanity_base/min_fail_01.pl', _113952), _115200, _115202)
^  Redo: (42) [$apply] forall(file_scope:clause(user:global_eof_hook(_113948, '/var/lib/jenkins/workspace/logicmoo_workspace@2/packs_sys/pfc/t/sanity_base/min_fail_01.pl', _113952), _115200, _115202), file_scope:(qdmsg(found_eof_hook((user:global_eof_hook(_113948, '/var/lib/jenkins/workspace/logicmoo_workspace@2/packs_sys/pfc/t/sanity_base/min_fail_01.pl', _113952):-_115200))), doall(forall(_115200,  (qdmsg(call_eof_hook(user:on_f_log_ignore(...))), show_failure(signal_eom(user), user:on_f_log_ignore(... : ...)))))))
^  Exit: (42) [$apply] forall(file_scope:clause(user:global_eof_hook(_113948, '/var/lib/jenkins/workspace/logicmoo_workspace@2/packs_sys/pfc/t/sanity_base/min_fail_01.pl', _113952), _115200, _115202), file_scope:(qdmsg(found_eof_hook((user:global_eof_hook(_113948, '/var/lib/jenkins/workspace/logicmoo_workspace@2/packs_sys/pfc/t/sanity_base/min_fail_01.pl', _113952):-_115200))), doall(forall(_115200,  (qdmsg(call_eof_hook(user:on_f_log_ignore(...))), show_failure(signal_eom(user), user:on_f_log_ignore(... : ...)))))))
   Call: (42) [system] true
   Exit: (42) [system] true
^  Exit: (41) [must_sanity] must(file_scope:forall(clause(user:global_eof_hook(_113948, '/var/lib/jenkins/workspace/logicmoo_workspace@2/packs_sys/pfc/t/sanity_base/min_fail_01.pl', _113952), _115200, _115202),  (qdmsg(found_eof_hook((user:global_eof_hook(_113948, '/var/lib/jenkins/workspace/logicmoo_workspace@2/packs_sys/pfc/t/sanity_base/min_fail_01.pl', _113952):-_115200))), doall(forall(_115200,  (qdmsg(call_eof_hook(... : ...)), show_failure(signal_eom(user), user:on_f_log_ignore(...))))))))
   Call: (41) [system] fail
   Fail: (41) [system] fail
^  Redo: (40) [file_scope] file_scope:do_eof_actions(user, '/var/lib/jenkins/workspace/logicmoo_workspace@2/packs_sys/pfc/t/sanity_base/min_fail_01.pl')
^  Unify: (40) [file_scope] file_scope:do_eof_actions(user, '/var/lib/jenkins/workspace/logicmoo_workspace@2/packs_sys/pfc/t/sanity_base/min_fail_01.pl')
^  Call: (41) [file_scope] must(prolog_load_context(module, user))
^  Unify: (41) [must_sanity] must(file_scope:prolog_load_context(module, user))
   Call: (42) [$syspreds] prolog_load_context(module, user)
   Unify: (42) [$syspreds] prolog_load_context(module, user)
   Exit: (42) [$syspreds] prolog_load_context(module, user)
   Call: (42) [system] true
   Exit: (42) [system] true
^  Exit: (41) [must_sanity] must(file_scope:prolog_load_context(module, user))
^  Call: (41) [file_scope] first:qdmsg(info(load_mpred_file_complete(user:'/var/lib/jenkins/workspace/logicmoo_workspace@2/packs_sys/pfc/t/sanity_base/min_fail_01.pl')))
^  Unify: (41) [file_scope] first:qdmsg(info(load_mpred_file_complete(user:'/var/lib/jenkins/workspace/logicmoo_workspace@2/packs_sys/pfc/t/sanity_base/min_fail_01.pl')))
   Call: (42) [system] current_prolog_flag(dmsg_level, never)
   Fail: (42) [system] current_prolog_flag(dmsg_level, never)
^  Redo: (41) [file_scope] first:qdmsg(info(load_mpred_file_complete(user:'/var/lib/jenkins/workspace/logicmoo_workspace@2/packs_sys/pfc/t/sanity_base/min_fail_01.pl')))
^  Unify: (41) [file_scope] first:qdmsg(info(load_mpred_file_complete(user:'/var/lib/jenkins/workspace/logicmoo_workspace@2/packs_sys/pfc/t/sanity_base/min_fail_01.pl')))
^  Call: (42) [file_scope] first:cfunctor(info(load_mpred_file_complete(user:'/var/lib/jenkins/workspace/logicmoo_workspace@2/packs_sys/pfc/t/sanity_base/min_fail_01.pl')), _2398, _2460)
^  Unify: (42) [file_scope] first:cfunctor(info(load_mpred_file_complete(user:'/var/lib/jenkins/workspace/logicmoo_workspace@2/packs_sys/pfc/t/sanity_base/min_fail_01.pl')), _2398, _3088)
   Call: (43) [system] compound_name_arity(info(load_mpred_file_complete(user:'/var/lib/jenkins/workspace/logicmoo_workspace@2/packs_sys/pfc/t/sanity_base/min_fail_01.pl')), _2398, _3656)
   Exit: (43) [system] compound_name_arity(info(load_mpred_file_complete(user:'/var/lib/jenkins/workspace/logicmoo_workspace@2/packs_sys/pfc/t/sanity_base/min_fail_01.pl')), info, 1)
^  Exit: (42) [file_scope] first:cfunctor(info(load_mpred_file_complete(user:'/var/lib/jenkins/workspace/logicmoo_workspace@2/packs_sys/pfc/t/sanity_base/min_fail_01.pl')), info, 1)
^  Call: (42) [file_scope] debug(logicmoo(info), '~q', [info(load_mpred_file_complete(user:'/var/lib/jenkins/workspace/logicmoo_workspace@2/packs_sys/pfc/t/sanity_base/min_fail_01.pl'))])
^  Unify: (42) [prolog_debug] debug(logicmoo(info), '~q', file_scope:[info(load_mpred_file_complete(user:'/var/lib/jenkins/workspace/logicmoo_workspace@2/packs_sys/pfc/t/sanity_base/min_fail_01.pl'))])
   Call: (43) [prolog_debug] debugging(logicmoo(info), true, _6858)
   Unify: (43) [prolog_debug] debugging(logicmoo(info), true, [])
   Call: (44) [system] current_prolog_flag(nodebugx, true)
   Redo: (43) [bugger] debugging(logicmoo(info), true, _6858)
   Unify: (43) [bugger] debugging(logicmoo(info), true, _6858)
^  Call: (44) [bugger] bugger:debugging_logicmoo_setting(logicmoo(info), true, _6858)
^  Unify: (44) [bugger] bugger:debugging_logicmoo_setting(logicmoo(info), true, [user_error])
^  Exit: (44) [bugger] bugger:debugging_logicmoo_setting(logicmoo(info), true, [user_error])
   Exit: (43) [bugger] debugging(logicmoo(info), true, [user_error])
   Call: (43) [prolog_debug] prolog_debug:print_debug(logicmoo(info), [user_error], '~q', file_scope:[info(load_mpred_file_complete(user:'/var/lib/jenkins/workspace/logicmoo_workspace@2/packs_sys/pfc/t/sanity_base/min_fail_01.pl'))])
   Unify: (43) [prolog_debug] prolog_debug:print_debug(logicmoo(info), [user_error], '~q', file_scope:[info(load_mpred_file_complete(user:'/var/lib/jenkins/workspace/logicmoo_workspace@2/packs_sys/pfc/t/sanity_base/min_fail_01.pl'))])
   Call: (44) [system] nb_current(prolog_debug_printing, true)
   Redo: (43) [prolog_debug] prolog_debug:print_debug(logicmoo(info), [user_error], '~q', file_scope:[info(load_mpred_file_complete(user:'/var/lib/jenkins/workspace/logicmoo_workspace@2/packs_sys/pfc/t/sanity_base/min_fail_01.pl'))])
   Unify: (43) [prolog_debug] prolog_debug:print_debug(logicmoo(info), [user_error], '~q', file_scope:[info(load_mpred_file_complete(user:'/var/lib/jenkins/workspace/logicmoo_workspace@2/packs_sys/pfc/t/sanity_base/min_fail_01.pl'))])
^  Call: (44) [prolog_debug] setup_call_cleanup(nb_setval(prolog_debug_printing, true), print_debug_guarded(logicmoo(info), [user_error], '~q', file_scope:[info(load_mpred_file_complete(user:'/var/lib/jenkins/workspace/logicmoo_workspace@2/packs_sys/pfc/t/sanity_base/min_fail_01.pl'))]), nb_delete(prolog_debug_printing))
^  Unify: (44) [system] setup_call_cleanup(prolog_debug:nb_setval(prolog_debug_printing, true), prolog_debug:print_debug_guarded(logicmoo(info), [user_error], '~q', file_scope:[info(load_mpred_file_complete(user:'/var/lib/jenkins/workspace/logicmoo_workspace@2/packs_sys/pfc/t/sanity_base/min_fail_01.pl'))]), prolog_debug:nb_delete(prolog_debug_printing))
^  Call: (45) [system] setup_call_catcher_cleanup(prolog_debug:nb_setval(prolog_debug_printing, true), prolog_debug:print_debug_guarded(logicmoo(info), [user_error], '~q', file_scope:[info(load_mpred_file_complete(user:'/var/lib/jenkins/workspace/logicmoo_workspace@2/packs_sys/pfc/t/sanity_base/min_fail_01.pl'))]), _17094, prolog_debug:nb_delete(prolog_debug_printing))
^  Unify: (45) [system] setup_call_catcher_cleanup(prolog_debug:nb_setval(prolog_debug_printing, true), prolog_debug:print_debug_guarded(logicmoo(info), [user_error], '~q', file_scope:[info(load_mpred_file_complete(user:'/var/lib/jenkins/workspace/logicmoo_workspace@2/packs_sys/pfc/t/sanity_base/min_fail_01.pl'))]), _17726, prolog_debug:nb_delete(prolog_debug_printing))
   Call: (48) [$syspreds] nb_setval(prolog_debug_printing, true)
   Unify: (48) [$syspreds] nb_setval(prolog_debug_printing, true)
   Call: (49) [system] duplicate_term(true, _19534)
   Exit: (49) [system] duplicate_term(true, true)
   Call: (49) [system] nb_linkval(prolog_debug_printing, true)
   Exit: (49) [system] nb_linkval(prolog_debug_printing, true)
   Exit: (48) [$syspreds] nb_setval(prolog_debug_printing, true)
   Call: (46) [prolog_debug] prolog_debug:print_debug_guarded(logicmoo(info), [user_error], '~q', file_scope:[info(load_mpred_file_complete(user:'/var/lib/jenkins/workspace/logicmoo_workspace@2/packs_sys/pfc/t/sanity_base/min_fail_01.pl'))])
   Unify: (46) [prolog_debug] prolog_debug:print_debug_guarded(logicmoo(info), [user_error], '~q', file_scope:[info(load_mpred_file_complete(user:'/var/lib/jenkins/workspace/logicmoo_workspace@2/packs_sys/pfc/t/sanity_base/min_fail_01.pl'))])
   Call: (47) [prolog] prolog:debug_print_hook(logicmoo(info), '~q', file_scope:[info(load_mpred_file_complete(user:'/var/lib/jenkins/workspace/logicmoo_workspace@2/packs_sys/pfc/t/sanity_base/min_fail_01.pl'))])
   Fail: (47) [prolog] prolog:debug_print_hook(logicmoo(info), '~q', file_scope:[info(load_mpred_file_complete(user:'/var/lib/jenkins/workspace/logicmoo_workspace@2/packs_sys/pfc/t/sanity_base/min_fail_01.pl'))])
   Redo: (46) [prolog_debug] prolog_debug:print_debug_guarded(logicmoo(info), [user_error], '~q', file_scope:[info(load_mpred_file_complete(user:'/var/lib/jenkins/workspace/logicmoo_workspace@2/packs_sys/pfc/t/sanity_base/min_fail_01.pl'))])
   Unify: (46) [prolog_debug] prolog_debug:print_debug_guarded(logicmoo(info), [user_error], '~q', file_scope:[info(load_mpred_file_complete(user:'/var/lib/jenkins/workspace/logicmoo_workspace@2/packs_sys/pfc/t/sanity_base/min_fail_01.pl'))])
^  Call: (47) [prolog_debug] phrase('$messages':translate_message(debug('~q', file_scope:[info(load_mpred_file_complete(user:'/var/lib/jenkins/workspace/logicmoo_workspace@2/packs_sys/pfc/t/sanity_base/min_fail_01.pl'))])), _26390)
^  Unify: (47) [$dcg] phrase('$messages':translate_message(debug('~q', file_scope:[info(load_mpred_file_complete(user:'/var/lib/jenkins/workspace/logicmoo_workspace@2/packs_sys/pfc/t/sanity_base/min_fail_01.pl'))])), _26390)
^  Call: (48) [$dcg] phrase('$messages':translate_message(debug('~q', file_scope:[info(load_mpred_file_complete(user:'/var/lib/jenkins/workspace/logicmoo_workspace@2/packs_sys/pfc/t/sanity_base/min_fail_01.pl'))])), _26390, [])
^  Unify: (48) [$dcg] phrase('$messages':translate_message(debug('~q', file_scope:[info(load_mpred_file_complete(user:'/var/lib/jenkins/workspace/logicmoo_workspace@2/packs_sys/pfc/t/sanity_base/min_fail_01.pl'))])), _26390, [])
   Call: (49) [$dcg] phrase_input(_26390)
   Unify: (49) [$dcg] phrase_input(_26390)
   Call: (50) [system] var(_26390)
   Exit: (50) [system] var(_26390)
   Exit: (49) [$dcg] phrase_input(_26390)
   Call: (49) [$dcg] phrase_input([])
   Unify: (49) [$dcg] phrase_input([])
   Call: (50) [system] var([])
   Redo: (49) [$dcg] phrase_input([])
   Unify: (49) [$dcg] phrase_input([])
   Exit: (49) [$dcg] phrase_input([])
^  Call: (49) [$dcg] call_dcg('$messages':translate_message(debug('~q', file_scope:[info(load_mpred_file_complete(user:'/var/lib/jenkins/workspace/logicmoo_workspace@2/packs_sys/pfc/t/sanity_base/min_fail_01.pl'))])), _26390, [])
^  Unify: (49) [$dcg] call_dcg('$messages':translate_message(debug('~q', file_scope:[info(load_mpred_file_complete(user:'/var/lib/jenkins/workspace/logicmoo_workspace@2/packs_sys/pfc/t/sanity_base/min_fail_01.pl'))])), _26390, [])
^  Call: (50) [$dcg] strip_module('$messages':translate_message(debug('~q', file_scope:[info(load_mpred_file_complete(user:'/var/lib/jenkins/workspace/logicmoo_workspace@2/packs_sys/pfc/t/sanity_base/min_fail_01.pl'))])), _36906, _36908)
^  Exit: (50) [$dcg] strip_module('$messages':translate_message(debug('~q', file_scope:[info(load_mpred_file_complete(user:'/var/lib/jenkins/workspace/logicmoo_workspace@2/packs_sys/pfc/t/sanity_base/min_fail_01.pl'))])), '$messages', translate_message(debug('~q', file_scope:[info(load_mpred_file_complete(user:'/var/lib/jenkins/workspace/logicmoo_workspace@2/packs_sys/pfc/t/sanity_base/min_fail_01.pl'))])))
   Call: (50) [system] nonvar(translate_message(debug('~q', file_scope:[info(load_mpred_file_complete(user:'/var/lib/jenkins/workspace/logicmoo_workspace@2/packs_sys/pfc/t/sanity_base/min_fail_01.pl'))])))
   Exit: (50) [system] nonvar(translate_message(debug('~q', file_scope:[info(load_mpred_file_complete(user:'/var/lib/jenkins/workspace/logicmoo_workspace@2/packs_sys/pfc/t/sanity_base/min_fail_01.pl'))])))
   Call: (50) [$dcg] dcg_special(translate_message(debug('~q', file_scope:[info(load_mpred_file_complete(user:'/var/lib/jenkins/workspace/logicmoo_workspace@2/packs_sys/pfc/t/sanity_base/min_fail_01.pl'))])))
   Unify: (50) [$dcg] dcg_special(translate_message(debug('~q', file_scope:[info(load_mpred_file_complete(user:'/var/lib/jenkins/workspace/logicmoo_workspace@2/packs_sys/pfc/t/sanity_base/min_fail_01.pl'))])))
^  Redo: (49) [$dcg] call_dcg('$messages':translate_message(debug('~q', file_scope:[info(load_mpred_file_complete(user:'/var/lib/jenkins/workspace/logicmoo_workspace@2/packs_sys/pfc/t/sanity_base/min_fail_01.pl'))])), _26390, [])
   Call: (50) [$messages] translate_message(debug('~q', file_scope:[info(load_mpred_file_complete(user:'/var/lib/jenkins/workspace/logicmoo_workspace@2/packs_sys/pfc/t/sanity_base/min_fail_01.pl'))]), _26390, [])
   Unify: (50) [$messages] translate_message(debug('~q', file_scope:[info(load_mpred_file_complete(user:'/var/lib/jenkins/workspace/logicmoo_workspace@2/packs_sys/pfc/t/sanity_base/min_fail_01.pl'))]), _26390, [])
   Call: (51) [$messages] translate_message2(debug('~q', file_scope:[info(load_mpred_file_complete(user:'/var/lib/jenkins/workspace/logicmoo_workspace@2/packs_sys/pfc/t/sanity_base/min_fail_01.pl'))]), _26390, _42494)
   Unify: (51) [$messages] translate_message2(debug('~q', file_scope:[info(load_mpred_file_complete(user:'/var/lib/jenkins/workspace/logicmoo_workspace@2/packs_sys/pfc/t/sanity_base/min_fail_01.pl'))]), _26390, _42494)
   Call: (52) [system] var(debug('~q', file_scope:[info(load_mpred_file_complete(user:'/var/lib/jenkins/workspace/logicmoo_workspace@2/packs_sys/pfc/t/sanity_base/min_fail_01.pl'))]))
   Redo: (51) [$messages] translate_message2(debug('~q', file_scope:[info(load_mpred_file_complete(user:'/var/lib/jenkins/workspace/logicmoo_workspace@2/packs_sys/pfc/t/sanity_base/min_fail_01.pl'))]), _26390, _42494)
   Unify: (51) [$messages] translate_message2(debug('~q', file_scope:[info(load_mpred_file_complete(user:'/var/lib/jenkins/workspace/logicmoo_workspace@2/packs_sys/pfc/t/sanity_base/min_fail_01.pl'))]), _26390, _42494)
   Exit: (51) [$messages] translate_message2(debug('~q', file_scope:[info(load_mpred_file_complete(user:'/var/lib/jenkins/workspace/logicmoo_workspace@2/packs_sys/pfc/t/sanity_base/min_fail_01.pl'))]), ['~q'-(file_scope:[info(load_mpred_file_complete(user:'/var/lib/jenkins/workspace/logicmoo_workspace@2/packs_sys/pfc/t/sanity_base/min_fail_01.pl'))])|_42494], _42494)
   Call: (51) [system] []=_42494
   Exit: (51) [system] []=[]
   Exit: (50) [$messages] translate_message(debug('~q', file_scope:[info(load_mpred_file_complete(user:'/var/lib/jenkins/workspace/logicmoo_workspace@2/packs_sys/pfc/t/sanity_base/min_fail_01.pl'))]), ['~q'-(file_scope:[info(load_mpred_file_complete(user:'/var/lib/jenkins/workspace/logicmoo_workspace@2/packs_sys/pfc/t/sanity_base/min_fail_01.pl'))])], [])
^  Exit: (49) [$dcg] call_dcg('$messages':translate_message(debug('~q', file_scope:[info(load_mpred_file_complete(user:'/var/lib/jenkins/workspace/logicmoo_workspace@2/packs_sys/pfc/t/sanity_base/min_fail_01.pl'))])), ['~q'-(file_scope:[info(load_mpred_file_complete(user:'/var/lib/jenkins/workspace/logicmoo_workspace@2/packs_sys/pfc/t/sanity_base/min_fail_01.pl'))])], [])
^  Exit: (48) [$dcg] phrase('$messages':translate_message(debug('~q', file_scope:[info(load_mpred_file_complete(user:'/var/lib/jenkins/workspace/logicmoo_workspace@2/packs_sys/pfc/t/sanity_base/min_fail_01.pl'))])), ['~q'-(file_scope:[info(load_mpred_file_complete(user:'/var/lib/jenkins/workspace/logicmoo_workspace@2/packs_sys/pfc/t/sanity_base/min_fail_01.pl'))])], [])
^  Exit: (47) [$dcg] phrase('$messages':translate_message(debug('~q', file_scope:[info(load_mpred_file_complete(user:'/var/lib/jenkins/workspace/logicmoo_workspace@2/packs_sys/pfc/t/sanity_base/min_fail_01.pl'))])), ['~q'-(file_scope:[info(load_mpred_file_complete(user:'/var/lib/jenkins/workspace/logicmoo_workspace@2/packs_sys/pfc/t/sanity_base/min_fail_01.pl'))])])
   Call: (47) [lists] lists:member(_49970, [user_error])
   Unify: (47) [lists] lists:member(_49970, [user_error])
   Call: (48) [lists] lists:member_([], _49970, user_error)
   Unify: (48) [lists] lists:member_([], user_error, user_error)
   Exit: (48) [lists] lists:member_([], user_error, user_error)
   Exit: (47) [lists] lists:member(user_error, [user_error])
   Call: (47) [prolog_debug] prolog_debug:debug_output(user_error, _53692)
   Unify: (47) [prolog_debug] prolog_debug:debug_output(user_error, user_error)
   Call: (48) [system] is_stream(user_error)
   Exit: (48) [system] is_stream(user_error)
   Exit: (47) [prolog_debug] prolog_debug:debug_output(user_error, user_error)
^  Call: (47) [prolog_debug] with_output_to(user_error, print_message_lines(current_output, kind(debug(logicmoo(info))), ['~q'-(file_scope:[info(load_mpred_file_complete(user:'/var/lib/jenkins/workspace/logicmoo_workspace@2/packs_sys/pfc/t/sanity_base/min_fail_01.pl'))])]))
   Call: (49) [$messages] print_message_lines(current_output, kind(debug(logicmoo(info))), ['~q'-(file_scope:[info(load_mpred_file_complete(user:'/var/lib/jenkins/workspace/logicmoo_workspace@2/packs_sys/pfc/t/sanity_base/min_fail_01.pl'))])])
   Unify: (49) [$messages] print_message_lines(current_output, kind(debug(logicmoo(info))), ['~q'-(file_scope:[info(load_mpred_file_complete(user:'/var/lib/jenkins/workspace/logicmoo_workspace@2/packs_sys/pfc/t/sanity_base/min_fail_01.pl'))])])
   Call: (50) [$messages] msg_property(debug(logicmoo(info)), prefix(_58662))
   Unify: (50) [$messages] msg_property(debug(logicmoo(info)), prefix(_58662))
   Redo: (50) [$messages] msg_property(debug(logicmoo(info)), prefix(_58662))
   Unify: (50) [$messages] msg_property(debug(logicmoo(info)), prefix(_58662))
   Call: (51) [$messages] msg_prefix(debug(logicmoo(info)), _58662)
   Unify: (51) [$messages] msg_prefix(debug(logicmoo(info)), _58662)
   Call: (52) [$messages] msg_context('~N% ', _58662)
   Unify: (52) [$messages] msg_context('~N% ', _58662)
   Call: (53) [system] current_prolog_flag(message_context, _63608)
   Exit: (53) [system] current_prolog_flag(message_context, [thread])
   Call: (53) [system] is_list([thread])
   Exit: (53) [system] is_list([thread])
   Call: (53) [$messages] add_message_context([thread], '~N% ', _58662)
   Unify: (53) [$messages] add_message_context([thread], '~N% ', _58662)
   Call: (54) [$messages] add_message_context1(thread, '~N% ', _67324)
   Unify: (54) [$messages] add_message_context1(thread, '~N% ', _67324)
   Call: (55) [prolog] prolog:message_prefix_hook(thread, _68570)
   Fail: (55) [prolog] prolog:message_prefix_hook(thread, _68570)
   Redo: (54) [$messages] add_message_context1(thread, '~N% ', _67324)
   Unify: (54) [$messages] add_message_context1(thread, '~N% ', _67324)
   Call: (55) [system] thread_self(_71052)
   Exit: (55) [system] thread_self(main)
   Call: (55) [system] main\==main
   Redo: (53) [$messages] add_message_context([thread], '~N% ', _58662)
   Call: (54) [system] _73522='~N% '
   Exit: (54) [system] '~N% '='~N% '
   Call: (54) [$messages] add_message_context([], '~N% ', _58662)
   Unify: (54) [$messages] add_message_context([], '~N% ', '~N% ')
   Exit: (54) [$messages] add_message_context([], '~N% ', '~N% ')
   Exit: (53) [$messages] add_message_context([thread], '~N% ', '~N% ')
   Exit: (52) [$messages] msg_context('~N% ', '~N% ')
   Exit: (51) [$messages] msg_prefix(debug(logicmoo(info)), '~N% ')
   Exit: (50) [$messages] msg_property(debug(logicmoo(info)), prefix('~N% '))
   Call: (50) [$messages] insert_prefix(['~q'-(file_scope:[info(load_mpred_file_complete(user:'/var/lib/jenkins/workspace/logicmoo_workspace@2/packs_sys/pfc/t/sanity_base/min_fail_01.pl'))])], '~N% ', _79102, _79104)
   Unify: (50) [$messages] insert_prefix(['~q'-(file_scope:[info(load_mpred_file_complete(user:'/var/lib/jenkins/workspace/logicmoo_workspace@2/packs_sys/pfc/t/sanity_base/min_fail_01.pl'))])], '~N% ', _79102, [prefix('~N% ')|_79736])
   Call: (51) [$messages] prefix_nl(['~q'-(file_scope:[info(load_mpred_file_complete(user:'/var/lib/jenkins/workspace/logicmoo_workspace@2/packs_sys/pfc/t/sanity_base/min_fail_01.pl'))])], '~N% ', _79102, _79736)
   Unify: (51) [$messages] prefix_nl(['~q'-(file_scope:[info(load_mpred_file_complete(user:'/var/lib/jenkins/workspace/logicmoo_workspace@2/packs_sys/pfc/t/sanity_base/min_fail_01.pl'))])], '~N% ', _79102, ['~q'-(file_scope:[info(load_mpred_file_complete(user:'/var/lib/jenkins/workspace/logicmoo_workspace@2/packs_sys/pfc/t/sanity_base/min_fail_01.pl'))])|_80998])
   Call: (52) [$messages] prefix_nl([], '~N% ', _79102, _80998)
   Unify: (52) [$messages] prefix_nl([], '~N% ', _79102, [nl])
   Exit: (52) [$messages] prefix_nl([], '~N% ', _79102, [nl])
   Exit: (51) [$messages] prefix_nl(['~q'-(file_scope:[info(load_mpred_file_complete(user:'/var/lib/jenkins/workspace/logicmoo_workspace@2/packs_sys/pfc/t/sanity_base/min_fail_01.pl'))])], '~N% ', _79102, ['~q'-(file_scope:[info(load_mpred_file_complete(user:'/var/lib/jenkins/workspace/logicmoo_workspace@2/packs_sys/pfc/t/sanity_base/min_fail_01.pl'))]), nl])
   Exit: (50) [$messages] insert_prefix(['~q'-(file_scope:[info(load_mpred_file_complete(user:'/var/lib/jenkins/workspace/logicmoo_workspace@2/packs_sys/pfc/t/sanity_base/min_fail_01.pl'))])], '~N% ', _79102, [prefix('~N% '), '~q'-(file_scope:[info(load_mpred_file_complete(user:'/var/lib/jenkins/workspace/logicmoo_workspace@2/packs_sys/pfc/t/sanity_base/min_fail_01.pl'))]), nl])
   Call: (50) [$messages] print_message_lines(current_output, [begin(debug(logicmoo(info)), _79102), prefix('~N% '), '~q'-(file_scope:[info(load_mpred_file_complete(... : ...))]), nl, end(_79102)])
   Unify: (50) [$messages] print_message_lines(current_output, [begin(debug(logicmoo(info)), _79102), prefix('~N% '), '~q'-(file_scope:[info(load_mpred_file_complete(... : ...))]), nl, end(_79102)])
^  Call: (51) [$messages] with_output_to(current_output, notrace(print_message_lines_guarded(current_output, [begin(debug(logicmoo(info)), _79102), prefix('~N% '), '~q'-(file_scope:[info(...)]), nl, end(_79102)])))
% info(load_mpred_file_complete(user:'/var/lib/jenkins/workspace/logicmoo_workspace@2/packs_sys/pfc/t/sanity_base/min_fail_01.pl'))
^  Exit: (51) [$messages] with_output_to(current_output, notrace(print_message_lines_guarded(current_output, [begin(debug(logicmoo(info)), _79102), prefix('~N% '), '~q'-(file_scope:[info(...)]), nl, end(_79102)])))
   Exit: (50) [$messages] print_message_lines(current_output, [begin(debug(logicmoo(info)), _79102), prefix('~N% '), '~q'-(file_scope:[info(load_mpred_file_complete(... : ...))]), nl, end(_79102)])
   Exit: (49) [$messages] print_message_lines(current_output, kind(debug(logicmoo(info))), ['~q'-(file_scope:[info(load_mpred_file_complete(user:'/var/lib/jenkins/workspace/logicmoo_workspace@2/packs_sys/pfc/t/sanity_base/min_fail_01.pl'))])])
^  Exit: (47) [prolog_debug] with_output_to(user_error, print_message_lines(current_output, kind(debug(logicmoo(info))), ['~q'-(file_scope:[info(load_mpred_file_complete(user:'/var/lib/jenkins/workspace/logicmoo_workspace@2/packs_sys/pfc/t/sanity_base/min_fail_01.pl'))])]))
   Call: (47) [system] fail
   Redo: (46) [prolog_debug] prolog_debug:print_debug_guarded(logicmoo(info), [user_error], '~q', file_scope:[info(load_mpred_file_complete(user:'/var/lib/jenkins/workspace/logicmoo_workspace@2/packs_sys/pfc/t/sanity_base/min_fail_01.pl'))])
   Call: (47) [system] true
   Exit: (47) [system] true
   Exit: (46) [prolog_debug] prolog_debug:print_debug_guarded(logicmoo(info), [user_error], '~q', file_scope:[info(load_mpred_file_complete(user:'/var/lib/jenkins/workspace/logicmoo_workspace@2/packs_sys/pfc/t/sanity_base/min_fail_01.pl'))])
   Call: (47) [system] nb_delete(prolog_debug_printing)
   Exit: (47) [system] nb_delete(prolog_debug_printing)
^  Exit: (45) [system] setup_call_catcher_cleanup(prolog_debug:nb_setval(prolog_debug_printing, true), prolog_debug:print_debug_guarded(logicmoo(info), [user_error], '~q', file_scope:[info(load_mpred_file_complete(user:'/var/lib/jenkins/workspace/logicmoo_workspace@2/packs_sys/pfc/t/sanity_base/min_fail_01.pl'))]), exit, prolog_debug:nb_delete(prolog_debug_printing))
^  Exit: (44) [system] setup_call_cleanup(prolog_debug:nb_setval(prolog_debug_printing, true), prolog_debug:print_debug_guarded(logicmoo(info), [user_error], '~q', file_scope:[info(load_mpred_file_complete(user:'/var/lib/jenkins/workspace/logicmoo_workspace@2/packs_sys/pfc/t/sanity_base/min_fail_01.pl'))]), prolog_debug:nb_delete(prolog_debug_printing))
   Exit: (43) [prolog_debug] prolog_debug:print_debug(logicmoo(info), [user_error], '~q', file_scope:[info(load_mpred_file_complete(user:'/var/lib/jenkins/workspace/logicmoo_workspace@2/packs_sys/pfc/t/sanity_base/min_fail_01.pl'))])
^  Exit: (42) [prolog_debug] debug(logicmoo(info), '~q', file_scope:[info(load_mpred_file_complete(user:'/var/lib/jenkins/workspace/logicmoo_workspace@2/packs_sys/pfc/t/sanity_base/min_fail_01.pl'))])
^  Exit: (41) [file_scope] first:qdmsg(info(load_mpred_file_complete(user:'/var/lib/jenkins/workspace/logicmoo_workspace@2/packs_sys/pfc/t/sanity_base/min_fail_01.pl')))
   Call: (41) [system] _96700=t_l:eof_hook('/var/lib/jenkins/workspace/logicmoo_workspace@2/packs_sys/pfc/t/sanity_base/min_fail_01.pl', _96712)
   Exit: (41) [system] t_l:eof_hook('/var/lib/jenkins/workspace/logicmoo_workspace@2/packs_sys/pfc/t/sanity_base/min_fail_01.pl', _96712)=t_l:eof_hook('/var/lib/jenkins/workspace/logicmoo_workspace@2/packs_sys/pfc/t/sanity_base/min_fail_01.pl', _96712)
^  Call: (41) [file_scope] must(forall(clause(t_l:eof_hook('/var/lib/jenkins/workspace/logicmoo_workspace@2/packs_sys/pfc/t/sanity_base/min_fail_01.pl', _96712), _97960, _97962),  (qdmsg(found_eof_hook((t_l:eof_hook('/var/lib/jenkins/workspace/logicmoo_workspace@2/packs_sys/pfc/t/sanity_base/min_fail_01.pl', _96712):-_97960))), doall(forall(_97960,  (qdmsg(call_eof_hook(... : ...)), show_failure(signal_eom(user), user:on_f_log_ignore(...))))), ignore(erase(_97962)))))
^  Unify: (41) [must_sanity] must(file_scope:forall(clause(t_l:eof_hook('/var/lib/jenkins/workspace/logicmoo_workspace@2/packs_sys/pfc/t/sanity_base/min_fail_01.pl', _96712), _97960, _97962),  (qdmsg(found_eof_hook((t_l:eof_hook('/var/lib/jenkins/workspace/logicmoo_workspace@2/packs_sys/pfc/t/sanity_base/min_fail_01.pl', _96712):-_97960))), doall(forall(_97960,  (qdmsg(call_eof_hook(...)), show_failure(signal_eom(...), ... : ...)))), ignore(erase(_97962)))))
^  Call: (42) [file_scope] forall(clause(t_l:eof_hook('/var/lib/jenkins/workspace/logicmoo_workspace@2/packs_sys/pfc/t/sanity_base/min_fail_01.pl', _96712), _97960, _97962),  (qdmsg(found_eof_hook((t_l:eof_hook('/var/lib/jenkins/workspace/logicmoo_workspace@2/packs_sys/pfc/t/sanity_base/min_fail_01.pl', _96712):-_97960))), doall(forall(_97960,  (qdmsg(call_eof_hook(user:on_f_log_ignore(...))), show_failure(signal_eom(user), user:on_f_log_ignore(_96712))))), ignore(erase(_97962))))
^  Unify: (42) [$apply] forall(file_scope:clause(t_l:eof_hook('/var/lib/jenkins/workspace/logicmoo_workspace@2/packs_sys/pfc/t/sanity_base/min_fail_01.pl', _96712), _97960, _97962), file_scope:(qdmsg(found_eof_hook((t_l:eof_hook('/var/lib/jenkins/workspace/logicmoo_workspace@2/packs_sys/pfc/t/sanity_base/min_fail_01.pl', _96712):-_97960))), doall(forall(_97960,  (qdmsg(call_eof_hook(... : ...)), show_failure(signal_eom(user), user:on_f_log_ignore(...))))), ignore(erase(_97962))))
^  Call: (43) [file_scope] clause(t_l:eof_hook('/var/lib/jenkins/workspace/logicmoo_workspace@2/packs_sys/pfc/t/sanity_base/min_fail_01.pl', _96712), _97960, _97962)
^  Exit: (43) [file_scope] clause(eof_hook('/var/lib/jenkins/workspace/logicmoo_workspace@2/packs_sys/pfc/t/sanity_base/min_fail_01.pl', file_scope:set_prolog_flag(subclause_expansion, true)), true, <clause>(0x55dcceffd3f0))
^  Call: (44) [file_scope] first:qdmsg(found_eof_hook((t_l:eof_hook('/var/lib/jenkins/workspace/logicmoo_workspace@2/packs_sys/pfc/t/sanity_base/min_fail_01.pl', file_scope:set_prolog_flag(subclause_expansion, true)):-true)))
^  Unify: (44) [file_scope] first:qdmsg(found_eof_hook((t_l:eof_hook('/var/lib/jenkins/workspace/logicmoo_workspace@2/packs_sys/pfc/t/sanity_base/min_fail_01.pl', file_scope:set_prolog_flag(subclause_expansion, true)):-true)))
   Call: (45) [system] current_prolog_flag(dmsg_level, never)
   Fail: (45) [system] current_prolog_flag(dmsg_level, never)
^  Redo: (44) [file_scope] first:qdmsg(found_eof_hook((t_l:eof_hook('/var/lib/jenkins/workspace/logicmoo_workspace@2/packs_sys/pfc/t/sanity_base/min_fail_01.pl', file_scope:set_prolog_flag(subclause_expansion, true)):-true)))
^  Unify: (44) [file_scope] first:qdmsg(found_eof_hook((t_l:eof_hook('/var/lib/jenkins/workspace/logicmoo_workspace@2/packs_sys/pfc/t/sanity_base/min_fail_01.pl', file_scope:set_prolog_flag(subclause_expansion, true)):-true)))
^  Call: (45) [file_scope] first:cfunctor(found_eof_hook((t_l:eof_hook('/var/lib/jenkins/workspace/logicmoo_workspace@2/packs_sys/pfc/t/sanity_base/min_fail_01.pl', file_scope:set_prolog_flag(subclause_expansion, true)):-true)), _105604, _105666)
^  Unify: (45) [file_scope] first:cfunctor(found_eof_hook((t_l:eof_hook('/var/lib/jenkins/workspace/logicmoo_workspace@2/packs_sys/pfc/t/sanity_base/min_fail_01.pl', file_scope:set_prolog_flag(subclause_expansion, true)):-true)), _105604, _106294)
   Call: (46) [system] compound_name_arity(found_eof_hook((t_l:eof_hook('/var/lib/jenkins/workspace/logicmoo_workspace@2/packs_sys/pfc/t/sanity_base/min_fail_01.pl', file_scope:set_prolog_flag(subclause_expansion, true)):-true)), _105604, _106862)
   Exit: (46) [system] compound_name_arity(found_eof_hook((t_l:eof_hook('/var/lib/jenkins/workspace/logicmoo_workspace@2/packs_sys/pfc/t/sanity_base/min_fail_01.pl', file_scope:set_prolog_flag(subclause_expansion, true)):-true)), found_eof_hook, 1)
^  Exit: (45) [file_scope] first:cfunctor(found_eof_hook((t_l:eof_hook('/var/lib/jenkins/workspace/logicmoo_workspace@2/packs_sys/pfc/t/sanity_base/min_fail_01.pl', file_scope:set_prolog_flag(subclause_expansion, true)):-true)), found_eof_hook, 1)
^  Call: (45) [file_scope] debug(logicmoo(found_eof_hook), '~q', [found_eof_hook((t_l:eof_hook('/var/lib/jenkins/workspace/logicmoo_workspace@2/packs_sys/pfc/t/sanity_base/min_fail_01.pl', file_scope:set_prolog_flag(subclause_expansion, true)):-true))])
^  Unify: (45) [prolog_debug] debug(logicmoo(found_eof_hook), '~q', file_scope:[found_eof_hook((t_l:eof_hook('/var/lib/jenkins/workspace/logicmoo_workspace@2/packs_sys/pfc/t/sanity_base/min_fail_01.pl', file_scope:set_prolog_flag(subclause_expansion, true)):-true))])
   Call: (46) [prolog_debug] debugging(logicmoo(found_eof_hook), true, _110064)
   Unify: (46) [prolog_debug] debugging(logicmoo(found_eof_hook), true, [])
   Call: (47) [system] current_prolog_flag(nodebugx, true)
   Redo: (46) [bugger] debugging(logicmoo(found_eof_hook), true, _110064)
   Unify: (46) [bugger] debugging(logicmoo(found_eof_hook), true, _110064)
^  Call: (47) [bugger] bugger:debugging_logicmoo_setting(logicmoo(found_eof_hook), true, _110064)
^  Unify: (47) [bugger] bugger:debugging_logicmoo_setting(logicmoo(found_eof_hook), true, [user_error])
^  Exit: (47) [bugger] bugger:debugging_logicmoo_setting(logicmoo(found_eof_hook), true, [user_error])
   Exit: (46) [bugger] debugging(logicmoo(found_eof_hook), true, [user_error])
   Call: (46) [prolog_debug] prolog_debug:print_debug(logicmoo(found_eof_hook), [user_error], '~q', file_scope:[found_eof_hook((t_l:eof_hook('/var/lib/jenkins/workspace/logicmoo_workspace@2/packs_sys/pfc/t/sanity_base/min_fail_01.pl', file_scope:set_prolog_flag(..., ...)):-true))])
   Unify: (46) [prolog_debug] prolog_debug:print_debug(logicmoo(found_eof_hook), [user_error], '~q', file_scope:[found_eof_hook((t_l:eof_hook('/var/lib/jenkins/workspace/logicmoo_workspace@2/packs_sys/pfc/t/sanity_base/min_fail_01.pl', file_scope:set_prolog_flag(..., ...)):-true))])
   Call: (47) [system] nb_current(prolog_debug_printing, true)
   Redo: (46) [prolog_debug] prolog_debug:print_debug(logicmoo(found_eof_hook), [user_error], '~q', file_scope:[found_eof_hook((t_l:eof_hook('/var/lib/jenkins/workspace/logicmoo_workspace@2/packs_sys/pfc/t/sanity_base/min_fail_01.pl', file_scope:set_prolog_flag(..., ...)):-true))])
   Unify: (46) [prolog_debug] prolog_debug:print_debug(logicmoo(found_eof_hook), [user_error], '~q', file_scope:[found_eof_hook((t_l:eof_hook('/var/lib/jenkins/workspace/logicmoo_workspace@2/packs_sys/pfc/t/sanity_base/min_fail_01.pl', file_scope:set_prolog_flag(..., ...)):-true))])
^  Call: (47) [prolog_debug] setup_call_cleanup(nb_setval(prolog_debug_printing, true), print_debug_guarded(logicmoo(found_eof_hook), [user_error], '~q', file_scope:[found_eof_hook((t_l:eof_hook('/var/lib/jenkins/workspace/logicmoo_workspace@2/packs_sys/pfc/t/sanity_base/min_fail_01.pl', file_scope:set_prolog_flag(..., ...)):-true))]), nb_delete(prolog_debug_printing))
^  Unify: (47) [system] setup_call_cleanup(prolog_debug:nb_setval(prolog_debug_printing, true), prolog_debug:print_debug_guarded(logicmoo(found_eof_hook), [user_error], '~q', file_scope:[found_eof_hook((t_l:eof_hook('/var/lib/jenkins/workspace/logicmoo_workspace@2/packs_sys/pfc/t/sanity_base/min_fail_01.pl', ... : ...):-true))]), prolog_debug:nb_delete(prolog_debug_printing))
^  Call: (48) [system] setup_call_catcher_cleanup(prolog_debug:nb_setval(prolog_debug_printing, true), prolog_debug:print_debug_guarded(logicmoo(found_eof_hook), [user_error], '~q', file_scope:[found_eof_hook((t_l:eof_hook('/var/lib/jenkins/workspace/logicmoo_workspace@2/packs_sys/pfc/t/sanity_base/min_fail_01.pl', ... : ...):-true))]), _120300, prolog_debug:nb_delete(prolog_debug_printing))
^  Unify: (48) [system] setup_call_catcher_cleanup(prolog_debug:nb_setval(prolog_debug_printing, true), prolog_debug:print_debug_guarded(logicmoo(found_eof_hook), [user_error], '~q', file_scope:[found_eof_hook((t_l:eof_hook('/var/lib/jenkins/workspace/logicmoo_workspace@2/packs_sys/pfc/t/sanity_base/min_fail_01.pl', ... : ...):-true))]), _120932, prolog_debug:nb_delete(prolog_debug_printing))
   Call: (51) [$syspreds] nb_setval(prolog_debug_printing, true)
   Unify: (51) [$syspreds] nb_setval(prolog_debug_printing, true)
   Call: (52) [system] duplicate_term(true, _122740)
   Exit: (52) [system] duplicate_term(true, true)
   Call: (52) [system] nb_linkval(prolog_debug_printing, true)
   Exit: (52) [system] nb_linkval(prolog_debug_printing, true)
   Exit: (51) [$syspreds] nb_setval(prolog_debug_printing, true)
   Call: (49) [prolog_debug] prolog_debug:print_debug_guarded(logicmoo(found_eof_hook), [user_error], '~q', file_scope:[found_eof_hook((t_l:eof_hook('/var/lib/jenkins/workspace/logicmoo_workspace@2/packs_sys/pfc/t/sanity_base/min_fail_01.pl', file_scope:set_prolog_flag(..., ...)):-true))])
   Unify: (49) [prolog_debug] prolog_debug:print_debug_guarded(logicmoo(found_eof_hook), [user_error], '~q', file_scope:[found_eof_hook((t_l:eof_hook('/var/lib/jenkins/workspace/logicmoo_workspace@2/packs_sys/pfc/t/sanity_base/min_fail_01.pl', file_scope:set_prolog_flag(..., ...)):-true))])
   Call: (50) [prolog] prolog:debug_print_hook(logicmoo(found_eof_hook), '~q', file_scope:[found_eof_hook((t_l:eof_hook('/var/lib/jenkins/workspace/logicmoo_workspace@2/packs_sys/pfc/t/sanity_base/min_fail_01.pl', file_scope:set_prolog_flag(..., ...)):-true))])
   Fail: (50) [prolog] prolog:debug_print_hook(logicmoo(found_eof_hook), '~q', file_scope:[found_eof_hook((t_l:eof_hook('/var/lib/jenkins/workspace/logicmoo_workspace@2/packs_sys/pfc/t/sanity_base/min_fail_01.pl', file_scope:set_prolog_flag(..., ...)):-true))])
   Redo: (49) [prolog_debug] prolog_debug:print_debug_guarded(logicmoo(found_eof_hook), [user_error], '~q', file_scope:[found_eof_hook((t_l:eof_hook('/var/lib/jenkins/workspace/logicmoo_workspace@2/packs_sys/pfc/t/sanity_base/min_fail_01.pl', file_scope:set_prolog_flag(..., ...)):-true))])
   Unify: (49) [prolog_debug] prolog_debug:print_debug_guarded(logicmoo(found_eof_hook), [user_error], '~q', file_scope:[found_eof_hook((t_l:eof_hook('/var/lib/jenkins/workspace/logicmoo_workspace@2/packs_sys/pfc/t/sanity_base/min_fail_01.pl', file_scope:set_prolog_flag(..., ...)):-true))])
^  Call: (50) [prolog_debug] phrase('$messages':translate_message(debug('~q', file_scope:[found_eof_hook((t_l:eof_hook(..., ...):-true))])), _129596)
^  Unify: (50) [$dcg] phrase('$messages':translate_message(debug('~q', file_scope:[found_eof_hook((t_l:eof_hook(..., ...):-true))])), _129596)
^  Call: (51) [$dcg] phrase('$messages':translate_message(debug('~q', file_scope:[found_eof_hook((t_l:eof_hook(..., ...):-true))])), _764, [])
^  Unify: (51) [$dcg] phrase('$messages':translate_message(debug('~q', file_scope:[found_eof_hook((t_l:eof_hook(..., ...):-true))])), _764, [])
   Call: (52) [$dcg] phrase_input(_764)
   Unify: (52) [$dcg] phrase_input(_764)
   Call: (53) [system] var(_764)
   Exit: (53) [system] var(_764)
   Exit: (52) [$dcg] phrase_input(_764)
   Call: (52) [$dcg] phrase_input([])
   Unify: (52) [$dcg] phrase_input([])
   Call: (53) [system] var([])
   Redo: (52) [$dcg] phrase_input([])
   Unify: (52) [$dcg] phrase_input([])
   Exit: (52) [$dcg] phrase_input([])
^  Call: (52) [$dcg] call_dcg('$messages':translate_message(debug('~q', file_scope:[found_eof_hook((t_l:eof_hook(..., ...):-true))])), _764, [])
^  Unify: (52) [$dcg] call_dcg('$messages':translate_message(debug('~q', file_scope:[found_eof_hook((t_l:eof_hook(..., ...):-true))])), _764, [])
^  Call: (53) [$dcg] strip_module('$messages':translate_message(debug('~q', file_scope:[found_eof_hook((t_l:eof_hook(..., ...):-true))])), _9996, _9998)
^  Exit: (53) [$dcg] strip_module('$messages':translate_message(debug('~q', file_scope:[found_eof_hook((t_l:eof_hook(..., ...):-true))])), '$messages', translate_message(debug('~q', file_scope:[found_eof_hook((t_l:eof_hook('/var/lib/jenkins/workspace/logicmoo_workspace@2/packs_sys/pfc/t/sanity_base/min_fail_01.pl', ... : ...):-true))])))
   Call: (53) [system] nonvar(translate_message(debug('~q', file_scope:[found_eof_hook((t_l:eof_hook('/var/lib/jenkins/workspace/logicmoo_workspace@2/packs_sys/pfc/t/sanity_base/min_fail_01.pl', ... : ...):-true))])))
   Exit: (53) [system] nonvar(translate_message(debug('~q', file_scope:[found_eof_hook((t_l:eof_hook('/var/lib/jenkins/workspace/logicmoo_workspace@2/packs_sys/pfc/t/sanity_base/min_fail_01.pl', ... : ...):-true))])))
   Call: (53) [$dcg] dcg_special(translate_message(debug('~q', file_scope:[found_eof_hook((t_l:eof_hook('/var/lib/jenkins/workspace/logicmoo_workspace@2/packs_sys/pfc/t/sanity_base/min_fail_01.pl', ... : ...):-true))])))
   Unify: (53) [$dcg] dcg_special(translate_message(debug('~q', file_scope:[found_eof_hook((t_l:eof_hook('/var/lib/jenkins/workspace/logicmoo_workspace@2/packs_sys/pfc/t/sanity_base/min_fail_01.pl', ... : ...):-true))])))
^  Redo: (52) [$dcg] call_dcg('$messages':translate_message(debug('~q', file_scope:[found_eof_hook((t_l:eof_hook(..., ...):-true))])), _764, [])
   Call: (53) [$messages] translate_message(debug('~q', file_scope:[found_eof_hook((t_l:eof_hook('/var/lib/jenkins/workspace/logicmoo_workspace@2/packs_sys/pfc/t/sanity_base/min_fail_01.pl', file_scope:set_prolog_flag(..., ...)):-true))]), _764, [])
   Unify: (53) [$messages] translate_message(debug('~q', file_scope:[found_eof_hook((t_l:eof_hook('/var/lib/jenkins/workspace/logicmoo_workspace@2/packs_sys/pfc/t/sanity_base/min_fail_01.pl', file_scope:set_prolog_flag(..., ...)):-true))]), _764, [])
   Call: (54) [$messages] translate_message2(debug('~q', file_scope:[found_eof_hook((t_l:eof_hook('/var/lib/jenkins/workspace/logicmoo_workspace@2/packs_sys/pfc/t/sanity_base/min_fail_01.pl', file_scope:set_prolog_flag(..., ...)):-true))]), _764, _15584)
   Unify: (54) [$messages] translate_message2(debug('~q', file_scope:[found_eof_hook((t_l:eof_hook('/var/lib/jenkins/workspace/logicmoo_workspace@2/packs_sys/pfc/t/sanity_base/min_fail_01.pl', file_scope:set_prolog_flag(..., ...)):-true))]), _764, _15584)
   Call: (55) [system] var(debug('~q', file_scope:[found_eof_hook((t_l:eof_hook('/var/lib/jenkins/workspace/logicmoo_workspace@2/packs_sys/pfc/t/sanity_base/min_fail_01.pl', file_scope:set_prolog_flag(..., ...)):-true))]))
   Redo: (54) [$messages] translate_message2(debug('~q', file_scope:[found_eof_hook((t_l:eof_hook('/var/lib/jenkins/workspace/logicmoo_workspace@2/packs_sys/pfc/t/sanity_base/min_fail_01.pl', file_scope:set_prolog_flag(..., ...)):-true))]), _764, _15584)
   Unify: (54) [$messages] translate_message2(debug('~q', file_scope:[found_eof_hook((t_l:eof_hook('/var/lib/jenkins/workspace/logicmoo_workspace@2/packs_sys/pfc/t/sanity_base/min_fail_01.pl', file_scope:set_prolog_flag(..., ...)):-true))]), _764, _15584)
   Exit: (54) [$messages] translate_message2(debug('~q', file_scope:[found_eof_hook((t_l:eof_hook('/var/lib/jenkins/workspace/logicmoo_workspace@2/packs_sys/pfc/t/sanity_base/min_fail_01.pl', file_scope:set_prolog_flag(..., ...)):-true))]), ['~q'-(file_scope:[found_eof_hook((t_l:eof_hook('/var/lib/jenkins/workspace/logicmoo_workspace@2/packs_sys/pfc/t/sanity_base/min_fail_01.pl', ... : ...):-true))])|_15584], _15584)
   Call: (54) [system] []=_15584
   Exit: (54) [system] []=[]
   Exit: (53) [$messages] translate_message(debug('~q', file_scope:[found_eof_hook((t_l:eof_hook('/var/lib/jenkins/workspace/logicmoo_workspace@2/packs_sys/pfc/t/sanity_base/min_fail_01.pl', file_scope:set_prolog_flag(..., ...)):-true))]), ['~q'-(file_scope:[found_eof_hook((t_l:eof_hook('/var/lib/jenkins/workspace/logicmoo_workspace@2/packs_sys/pfc/t/sanity_base/min_fail_01.pl', ... : ...):-true))])], [])
^  Exit: (52) [$dcg] call_dcg('$messages':translate_message(debug('~q', file_scope:[found_eof_hook((t_l:eof_hook(..., ...):-true))])), ['~q'-(file_scope:[found_eof_hook((t_l:eof_hook('/var/lib/jenkins/workspace/logicmoo_workspace@2/packs_sys/pfc/t/sanity_base/min_fail_01.pl', ... : ...):-true))])], [])
^  Exit: (51) [$dcg] phrase('$messages':translate_message(debug('~q', file_scope:[found_eof_hook((t_l:eof_hook(..., ...):-true))])), ['~q'-(file_scope:[found_eof_hook((t_l:eof_hook('/var/lib/jenkins/workspace/logicmoo_workspace@2/packs_sys/pfc/t/sanity_base/min_fail_01.pl', ... : ...):-true))])], [])
^  Exit: (50) [$dcg] phrase('$messages':translate_message(debug('~q', file_scope:[found_eof_hook((t_l:eof_hook(..., ...):-true))])), ['~q'-(file_scope:[found_eof_hook((t_l:eof_hook('/var/lib/jenkins/workspace/logicmoo_workspace@2/packs_sys/pfc/t/sanity_base/min_fail_01.pl', ... : ...):-true))])])
   Call: (50) [lists] lists:member(_23060, [user_error])
   Unify: (50) [lists] lists:member(_23060, [user_error])
   Call: (51) [lists] lists:member_([], _23060, user_error)
   Unify: (51) [lists] lists:member_([], user_error, user_error)
   Exit: (51) [lists] lists:member_([], user_error, user_error)
   Exit: (50) [lists] lists:member(user_error, [user_error])
   Call: (50) [prolog_debug] prolog_debug:debug_output(user_error, _26782)
   Unify: (50) [prolog_debug] prolog_debug:debug_output(user_error, user_error)
   Call: (51) [system] is_stream(user_error)
   Exit: (51) [system] is_stream(user_error)
   Exit: (50) [prolog_debug] prolog_debug:debug_output(user_error, user_error)
^  Call: (50) [prolog_debug] with_output_to(user_error, print_message_lines(current_output, kind(debug(logicmoo(found_eof_hook))), ['~q'-(file_scope:[found_eof_hook((t_l:eof_hook(..., ...):-true))])]))
   Call: (52) [$messages] print_message_lines(current_output, kind(debug(logicmoo(found_eof_hook))), ['~q'-(file_scope:[found_eof_hook((t_l:eof_hook('/var/lib/jenkins/workspace/logicmoo_workspace@2/packs_sys/pfc/t/sanity_base/min_fail_01.pl', ... : ...):-true))])])
   Unify: (52) [$messages] print_message_lines(current_output, kind(debug(logicmoo(found_eof_hook))), ['~q'-(file_scope:[found_eof_hook((t_l:eof_hook('/var/lib/jenkins/workspace/logicmoo_workspace@2/packs_sys/pfc/t/sanity_base/min_fail_01.pl', ... : ...):-true))])])
   Call: (53) [$messages] msg_property(debug(logicmoo(found_eof_hook)), prefix(_31752))
   Unify: (53) [$messages] msg_property(debug(logicmoo(found_eof_hook)), prefix(_31752))
   Redo: (53) [$messages] msg_property(debug(logicmoo(found_eof_hook)), prefix(_31752))
   Unify: (53) [$messages] msg_property(debug(logicmoo(found_eof_hook)), prefix(_31752))
   Call: (54) [$messages] msg_prefix(debug(logicmoo(found_eof_hook)), _31752)
   Unify: (54) [$messages] msg_prefix(debug(logicmoo(found_eof_hook)), _31752)
   Call: (55) [$messages] msg_context('~N% ', _31752)
   Unify: (55) [$messages] msg_context('~N% ', _31752)
   Call: (56) [system] current_prolog_flag(message_context, _36698)
   Exit: (56) [system] current_prolog_flag(message_context, [thread])
   Call: (56) [system] is_list([thread])
   Exit: (56) [system] is_list([thread])
   Call: (56) [$messages] add_message_context([thread], '~N% ', _31752)
   Unify: (56) [$messages] add_message_context([thread], '~N% ', _31752)
   Call: (57) [$messages] add_message_context1(thread, '~N% ', _40414)
   Unify: (57) [$messages] add_message_context1(thread, '~N% ', _40414)
   Call: (58) [prolog] prolog:message_prefix_hook(thread, _41660)
   Fail: (58) [prolog] prolog:message_prefix_hook(thread, _41660)
   Redo: (57) [$messages] add_message_context1(thread, '~N% ', _40414)
   Unify: (57) [$messages] add_message_context1(thread, '~N% ', _40414)
   Call: (58) [system] thread_self(_44142)
   Exit: (58) [system] thread_self(main)
   Call: (58) [system] main\==main
   Redo: (56) [$messages] add_message_context([thread], '~N% ', _31752)
   Call: (57) [system] _46612='~N% '
   Exit: (57) [system] '~N% '='~N% '
   Call: (57) [$messages] add_message_context([], '~N% ', _31752)
   Unify: (57) [$messages] add_message_context([], '~N% ', '~N% ')
   Exit: (57) [$messages] add_message_context([], '~N% ', '~N% ')
   Exit: (56) [$messages] add_message_context([thread], '~N% ', '~N% ')
   Exit: (55) [$messages] msg_context('~N% ', '~N% ')
   Exit: (54) [$messages] msg_prefix(debug(logicmoo(found_eof_hook)), '~N% ')
   Exit: (53) [$messages] msg_property(debug(logicmoo(found_eof_hook)), prefix('~N% '))
   Call: (53) [$messages] insert_prefix(['~q'-(file_scope:[found_eof_hook((t_l:eof_hook('/var/lib/jenkins/workspace/logicmoo_workspace@2/packs_sys/pfc/t/sanity_base/min_fail_01.pl', ... : ...):-true))])], '~N% ', _52192, _52194)
   Unify: (53) [$messages] insert_prefix(['~q'-(file_scope:[found_eof_hook((t_l:eof_hook('/var/lib/jenkins/workspace/logicmoo_workspace@2/packs_sys/pfc/t/sanity_base/min_fail_01.pl', ... : ...):-true))])], '~N% ', _52192, [prefix('~N% ')|_52826])
   Call: (54) [$messages] prefix_nl(['~q'-(file_scope:[found_eof_hook((t_l:eof_hook('/var/lib/jenkins/workspace/logicmoo_workspace@2/packs_sys/pfc/t/sanity_base/min_fail_01.pl', ... : ...):-true))])], '~N% ', _52192, _52826)
   Unify: (54) [$messages] prefix_nl(['~q'-(file_scope:[found_eof_hook((t_l:eof_hook('/var/lib/jenkins/workspace/logicmoo_workspace@2/packs_sys/pfc/t/sanity_base/min_fail_01.pl', ... : ...):-true))])], '~N% ', _52192, ['~q'-(file_scope:[found_eof_hook((t_l:eof_hook('/var/lib/jenkins/workspace/logicmoo_workspace@2/packs_sys/pfc/t/sanity_base/min_fail_01.pl', ... : ...):-true))])|_54088])
   Call: (55) [$messages] prefix_nl([], '~N% ', _52192, _54088)
   Unify: (55) [$messages] prefix_nl([], '~N% ', _52192, [nl])
   Exit: (55) [$messages] prefix_nl([], '~N% ', _52192, [nl])
   Exit: (54) [$messages] prefix_nl(['~q'-(file_scope:[found_eof_hook((t_l:eof_hook('/var/lib/jenkins/workspace/logicmoo_workspace@2/packs_sys/pfc/t/sanity_base/min_fail_01.pl', ... : ...):-true))])], '~N% ', _52192, ['~q'-(file_scope:[found_eof_hook((t_l:eof_hook('/var/lib/jenkins/workspace/logicmoo_workspace@2/packs_sys/pfc/t/sanity_base/min_fail_01.pl', ... : ...):-true))]), nl])
   Exit: (53) [$messages] insert_prefix(['~q'-(file_scope:[found_eof_hook((t_l:eof_hook('/var/lib/jenkins/workspace/logicmoo_workspace@2/packs_sys/pfc/t/sanity_base/min_fail_01.pl', ... : ...):-true))])], '~N% ', _52192, [prefix('~N% '), '~q'-(file_scope:[found_eof_hook((t_l:eof_hook(..., ...):-true))]), nl])
   Call: (53) [$messages] print_message_lines(current_output, [begin(debug(logicmoo(found_eof_hook)), _52192), prefix('~N% '), '~q'-(file_scope:[found_eof_hook((... : ... :- true))]), nl, end(_52192)])
   Unify: (53) [$messages] print_message_lines(current_output, [begin(debug(logicmoo(found_eof_hook)), _52192), prefix('~N% '), '~q'-(file_scope:[found_eof_hook((... : ... :- true))]), nl, end(_52192)])
^  Call: (54) [$messages] with_output_to(current_output, notrace(print_message_lines_guarded(current_output, [begin(debug(logicmoo(found_eof_hook)), _52192), prefix('~N% '), '~q'-(file_scope:[found_eof_hook(...)]), nl, end(_52192)])))
% found_eof_hook((t_l:eof_hook('/var/lib/jenkins/workspace/logicmoo_workspace@2/packs_sys/pfc/t/sanity_base/min_fail_01.pl',file_scope:set_prolog_flag(subclause_expansion,true)):-true))
^  Exit: (54) [$messages] with_output_to(current_output, notrace(print_message_lines_guarded(current_output, [begin(debug(logicmoo(found_eof_hook)), _52192), prefix('~N% '), '~q'-(file_scope:[found_eof_hook(...)]), nl, end(_52192)])))
   Exit: (53) [$messages] print_message_lines(current_output, [begin(debug(logicmoo(found_eof_hook)), _52192), prefix('~N% '), '~q'-(file_scope:[found_eof_hook((... : ... :- true))]), nl, end(_52192)])
   Exit: (52) [$messages] print_message_lines(current_output, kind(debug(logicmoo(found_eof_hook))), ['~q'-(file_scope:[found_eof_hook((t_l:eof_hook('/var/lib/jenkins/workspace/logicmoo_workspace@2/packs_sys/pfc/t/sanity_base/min_fail_01.pl', ... : ...):-true))])])
^  Exit: (50) [prolog_debug] with_output_to(user_error, print_message_lines(current_output, kind(debug(logicmoo(found_eof_hook))), ['~q'-(file_scope:[found_eof_hook((t_l:eof_hook(..., ...):-true))])]))
   Call: (50) [system] fail
   Redo: (49) [prolog_debug] prolog_debug:print_debug_guarded(logicmoo(found_eof_hook), [user_error], '~q', file_scope:[found_eof_hook((t_l:eof_hook('/var/lib/jenkins/workspace/logicmoo_workspace@2/packs_sys/pfc/t/sanity_base/min_fail_01.pl', file_scope:set_prolog_flag(..., ...)):-true))])
   Call: (50) [system] true
   Exit: (50) [system] true
   Exit: (49) [prolog_debug] prolog_debug:print_debug_guarded(logicmoo(found_eof_hook), [user_error], '~q', file_scope:[found_eof_hook((t_l:eof_hook('/var/lib/jenkins/workspace/logicmoo_workspace@2/packs_sys/pfc/t/sanity_base/min_fail_01.pl', file_scope:set_prolog_flag(..., ...)):-true))])
   Call: (50) [system] nb_delete(prolog_debug_printing)
   Exit: (50) [system] nb_delete(prolog_debug_printing)
^  Exit: (48) [system] setup_call_catcher_cleanup(prolog_debug:nb_setval(prolog_debug_printing, true), prolog_debug:print_debug_guarded(logicmoo(found_eof_hook), [user_error], '~q', file_scope:[found_eof_hook((t_l:eof_hook('/var/lib/jenkins/workspace/logicmoo_workspace@2/packs_sys/pfc/t/sanity_base/min_fail_01.pl', ... : ...):-true))]), exit, prolog_debug:nb_delete(prolog_debug_printing))
^  Exit: (47) [system] setup_call_cleanup(prolog_debug:nb_setval(prolog_debug_printing, true), prolog_debug:print_debug_guarded(logicmoo(found_eof_hook), [user_error], '~q', file_scope:[found_eof_hook((t_l:eof_hook('/var/lib/jenkins/workspace/logicmoo_workspace@2/packs_sys/pfc/t/sanity_base/min_fail_01.pl', ... : ...):-true))]), prolog_debug:nb_delete(prolog_debug_printing))
   Exit: (46) [prolog_debug] prolog_debug:print_debug(logicmoo(found_eof_hook), [user_error], '~q', file_scope:[found_eof_hook((t_l:eof_hook('/var/lib/jenkins/workspace/logicmoo_workspace@2/packs_sys/pfc/t/sanity_base/min_fail_01.pl', file_scope:set_prolog_flag(..., ...)):-true))])
^  Exit: (45) [prolog_debug] debug(logicmoo(found_eof_hook), '~q', file_scope:[found_eof_hook((t_l:eof_hook('/var/lib/jenkins/workspace/logicmoo_workspace@2/packs_sys/pfc/t/sanity_base/min_fail_01.pl', file_scope:set_prolog_flag(subclause_expansion, true)):-true))])
^  Exit: (44) [file_scope] first:qdmsg(found_eof_hook((t_l:eof_hook('/var/lib/jenkins/workspace/logicmoo_workspace@2/packs_sys/pfc/t/sanity_base/min_fail_01.pl', file_scope:set_prolog_flag(subclause_expansion, true)):-true)))
^  Call: (44) [file_scope] doall(forall(true,  (qdmsg(call_eof_hook(user:on_f_log_ignore(t_l:eof_hook('/var/lib/jenkins/workspace/logicmoo_workspace@2/packs_sys/pfc/t/sanity_base/min_fail_01.pl', ... : ...)))), show_failure(signal_eom(user), user:on_f_log_ignore(file_scope:set_prolog_flag(subclause_expansion, true))))))
^  Unify: (44) [logicmoo_util_terms] doall(file_scope:forall(true,  (qdmsg(call_eof_hook(user:on_f_log_ignore(t_l:eof_hook(..., ...)))), show_failure(signal_eom(user), user:on_f_log_ignore(file_scope:set_prolog_flag(subclause_expansion, true))))))
^  Call: (45) [file_scope] ignore(file_scope:(forall(true,  (qdmsg(call_eof_hook(user:on_f_log_ignore(... : ...))), show_failure(signal_eom(user), user:on_f_log_ignore(file_scope:set_prolog_flag(..., ...))))), fail))
^  Unify: (45) [system] ignore(file_scope:(forall(true,  (qdmsg(call_eof_hook(user:on_f_log_ignore(... : ...))), show_failure(signal_eom(user), user:on_f_log_ignore(file_scope:set_prolog_flag(..., ...))))), fail))
^  Call: (47) [file_scope] forall(true,  (qdmsg(call_eof_hook(user:on_f_log_ignore(t_l:eof_hook('/var/lib/jenkins/workspace/logicmoo_workspace@2/packs_sys/pfc/t/sanity_base/min_fail_01.pl', file_scope:set_prolog_flag(..., ...))))), show_failure(signal_eom(user), user:on_f_log_ignore(file_scope:set_prolog_flag(subclause_expansion, true)))))
^  Unify: (47) [$apply] forall(file_scope:true, file_scope:(qdmsg(call_eof_hook(user:on_f_log_ignore(t_l:eof_hook('/var/lib/jenkins/workspace/logicmoo_workspace@2/packs_sys/pfc/t/sanity_base/min_fail_01.pl', ... : ...)))), show_failure(signal_eom(user), user:on_f_log_ignore(file_scope:set_prolog_flag(subclause_expansion, true)))))
   Call: (48) [system] true
   Exit: (48) [system] true
^  Call: (49) [file_scope] first:qdmsg(call_eof_hook(user:on_f_log_ignore(t_l:eof_hook('/var/lib/jenkins/workspace/logicmoo_workspace@2/packs_sys/pfc/t/sanity_base/min_fail_01.pl', file_scope:set_prolog_flag(subclause_expansion, true)))))
^  Unify: (49) [file_scope] first:qdmsg(call_eof_hook(user:on_f_log_ignore(t_l:eof_hook('/var/lib/jenkins/workspace/logicmoo_workspace@2/packs_sys/pfc/t/sanity_base/min_fail_01.pl', file_scope:set_prolog_flag(subclause_expansion, true)))))
   Call: (50) [system] current_prolog_flag(dmsg_level, never)
   Fail: (50) [system] current_prolog_flag(dmsg_level, never)
^  Redo: (49) [file_scope] first:qdmsg(call_eof_hook(user:on_f_log_ignore(t_l:eof_hook('/var/lib/jenkins/workspace/logicmoo_workspace@2/packs_sys/pfc/t/sanity_base/min_fail_01.pl', file_scope:set_prolog_flag(subclause_expansion, true)))))
^  Unify: (49) [file_scope] first:qdmsg(call_eof_hook(user:on_f_log_ignore(t_l:eof_hook('/var/lib/jenkins/workspace/logicmoo_workspace@2/packs_sys/pfc/t/sanity_base/min_fail_01.pl', file_scope:set_prolog_flag(subclause_expansion, true)))))
^  Call: (50) [file_scope] first:cfunctor(call_eof_hook(user:on_f_log_ignore(t_l:eof_hook('/var/lib/jenkins/workspace/logicmoo_workspace@2/packs_sys/pfc/t/sanity_base/min_fail_01.pl', file_scope:set_prolog_flag(subclause_expansion, true)))), _78542, _78604)
^  Unify: (50) [file_scope] first:cfunctor(call_eof_hook(user:on_f_log_ignore(t_l:eof_hook('/var/lib/jenkins/workspace/logicmoo_workspace@2/packs_sys/pfc/t/sanity_base/min_fail_01.pl', file_scope:set_prolog_flag(subclause_expansion, true)))), _78542, _79232)
   Call: (51) [system] compound_name_arity(call_eof_hook(user:on_f_log_ignore(t_l:eof_hook('/var/lib/jenkins/workspace/logicmoo_workspace@2/packs_sys/pfc/t/sanity_base/min_fail_01.pl', file_scope:set_prolog_flag(subclause_expansion, true)))), _78542, _79800)
   Exit: (51) [system] compound_name_arity(call_eof_hook(user:on_f_log_ignore(t_l:eof_hook('/var/lib/jenkins/workspace/logicmoo_workspace@2/packs_sys/pfc/t/sanity_base/min_fail_01.pl', file_scope:set_prolog_flag(subclause_expansion, true)))), call_eof_hook, 1)
^  Exit: (50) [file_scope] first:cfunctor(call_eof_hook(user:on_f_log_ignore(t_l:eof_hook('/var/lib/jenkins/workspace/logicmoo_workspace@2/packs_sys/pfc/t/sanity_base/min_fail_01.pl', file_scope:set_prolog_flag(subclause_expansion, true)))), call_eof_hook, 1)
^  Call: (50) [file_scope] debug(logicmoo(call_eof_hook), '~q', [call_eof_hook(user:on_f_log_ignore(t_l:eof_hook('/var/lib/jenkins/workspace/logicmoo_workspace@2/packs_sys/pfc/t/sanity_base/min_fail_01.pl', file_scope:set_prolog_flag(subclause_expansion, true))))])
^  Unify: (50) [prolog_debug] debug(logicmoo(call_eof_hook), '~q', file_scope:[call_eof_hook(user:on_f_log_ignore(t_l:eof_hook('/var/lib/jenkins/workspace/logicmoo_workspace@2/packs_sys/pfc/t/sanity_base/min_fail_01.pl', file_scope:set_prolog_flag(..., ...))))])
   Call: (51) [prolog_debug] debugging(logicmoo(call_eof_hook), true, _83002)
   Unify: (51) [prolog_debug] debugging(logicmoo(call_eof_hook), true, [])
   Call: (52) [system] current_prolog_flag(nodebugx, true)
   Redo: (51) [bugger] debugging(logicmoo(call_eof_hook), true, _83002)
   Unify: (51) [bugger] debugging(logicmoo(call_eof_hook), true, _83002)
^  Call: (52) [bugger] bugger:debugging_logicmoo_setting(logicmoo(call_eof_hook), true, _83002)
^  Unify: (52) [bugger] bugger:debugging_logicmoo_setting(logicmoo(call_eof_hook), true, [user_error])
^  Exit: (52) [bugger] bugger:debugging_logicmoo_setting(logicmoo(call_eof_hook), true, [user_error])
   Exit: (51) [bugger] debugging(logicmoo(call_eof_hook), true, [user_error])
   Call: (51) [prolog_debug] prolog_debug:print_debug(logicmoo(call_eof_hook), [user_error], '~q', file_scope:[call_eof_hook(user:on_f_log_ignore(t_l:eof_hook('/var/lib/jenkins/workspace/logicmoo_workspace@2/packs_sys/pfc/t/sanity_base/min_fail_01.pl', ... : ...)))])
   Unify: (51) [prolog_debug] prolog_debug:print_debug(logicmoo(call_eof_hook), [user_error], '~q', file_scope:[call_eof_hook(user:on_f_log_ignore(t_l:eof_hook('/var/lib/jenkins/workspace/logicmoo_workspace@2/packs_sys/pfc/t/sanity_base/min_fail_01.pl', ... : ...)))])
   Call: (52) [system] nb_current(prolog_debug_printing, true)
   Redo: (51) [prolog_debug] prolog_debug:print_debug(logicmoo(call_eof_hook), [user_error], '~q', file_scope:[call_eof_hook(user:on_f_log_ignore(t_l:eof_hook('/var/lib/jenkins/workspace/logicmoo_workspace@2/packs_sys/pfc/t/sanity_base/min_fail_01.pl', ... : ...)))])
   Unify: (51) [prolog_debug] prolog_debug:print_debug(logicmoo(call_eof_hook), [user_error], '~q', file_scope:[call_eof_hook(user:on_f_log_ignore(t_l:eof_hook('/var/lib/jenkins/workspace/logicmoo_workspace@2/packs_sys/pfc/t/sanity_base/min_fail_01.pl', ... : ...)))])
^  Call: (52) [prolog_debug] setup_call_cleanup(nb_setval(prolog_debug_printing, true), print_debug_guarded(logicmoo(call_eof_hook), [user_error], '~q', file_scope:[call_eof_hook(user:on_f_log_ignore(t_l:eof_hook('/var/lib/jenkins/workspace/logicmoo_workspace@2/packs_sys/pfc/t/sanity_base/min_fail_01.pl', ... : ...)))]), nb_delete(prolog_debug_printing))
^  Unify: (52) [system] setup_call_cleanup(prolog_debug:nb_setval(prolog_debug_printing, true), prolog_debug:print_debug_guarded(logicmoo(call_eof_hook), [user_error], '~q', file_scope:[call_eof_hook(user:on_f_log_ignore(t_l:eof_hook(..., ...)))]), prolog_debug:nb_delete(prolog_debug_printing))
^  Call: (53) [system] setup_call_catcher_cleanup(prolog_debug:nb_setval(prolog_debug_printing, true), prolog_debug:print_debug_guarded(logicmoo(call_eof_hook), [user_error], '~q', file_scope:[call_eof_hook(user:on_f_log_ignore(t_l:eof_hook(..., ...)))]), _93238, prolog_debug:nb_delete(prolog_debug_printing))
^  Unify: (53) [system] setup_call_catcher_cleanup(prolog_debug:nb_setval(prolog_debug_printing, true), prolog_debug:print_debug_guarded(logicmoo(call_eof_hook), [user_error], '~q', file_scope:[call_eof_hook(user:on_f_log_ignore(t_l:eof_hook(..., ...)))]), _93870, prolog_debug:nb_delete(prolog_debug_printing))
   Call: (56) [$syspreds] nb_setval(prolog_debug_printing, true)
   Unify: (56) [$syspreds] nb_setval(prolog_debug_printing, true)
   Call: (57) [system] duplicate_term(true, _95678)
   Exit: (57) [system] duplicate_term(true, true)
   Call: (57) [system] nb_linkval(prolog_debug_printing, true)
   Exit: (57) [system] nb_linkval(prolog_debug_printing, true)
   Exit: (56) [$syspreds] nb_setval(prolog_debug_printing, true)
   Call: (54) [prolog_debug] prolog_debug:print_debug_guarded(logicmoo(call_eof_hook), [user_error], '~q', file_scope:[call_eof_hook(user:on_f_log_ignore(t_l:eof_hook('/var/lib/jenkins/workspace/logicmoo_workspace@2/packs_sys/pfc/t/sanity_base/min_fail_01.pl', ... : ...)))])
   Unify: (54) [prolog_debug] prolog_debug:print_debug_guarded(logicmoo(call_eof_hook), [user_error], '~q', file_scope:[call_eof_hook(user:on_f_log_ignore(t_l:eof_hook('/var/lib/jenkins/workspace/logicmoo_workspace@2/packs_sys/pfc/t/sanity_base/min_fail_01.pl', ... : ...)))])
   Call: (55) [prolog] prolog:debug_print_hook(logicmoo(call_eof_hook), '~q', file_scope:[call_eof_hook(user:on_f_log_ignore(t_l:eof_hook('/var/lib/jenkins/workspace/logicmoo_workspace@2/packs_sys/pfc/t/sanity_base/min_fail_01.pl', ... : ...)))])
   Fail: (55) [prolog] prolog:debug_print_hook(logicmoo(call_eof_hook), '~q', file_scope:[call_eof_hook(user:on_f_log_ignore(t_l:eof_hook('/var/lib/jenkins/workspace/logicmoo_workspace@2/packs_sys/pfc/t/sanity_base/min_fail_01.pl', ... : ...)))])
   Redo: (54) [prolog_debug] prolog_debug:print_debug_guarded(logicmoo(call_eof_hook), [user_error], '~q', file_scope:[call_eof_hook(user:on_f_log_ignore(t_l:eof_hook('/var/lib/jenkins/workspace/logicmoo_workspace@2/packs_sys/pfc/t/sanity_base/min_fail_01.pl', ... : ...)))])
   Unify: (54) [prolog_debug] prolog_debug:print_debug_guarded(logicmoo(call_eof_hook), [user_error], '~q', file_scope:[call_eof_hook(user:on_f_log_ignore(t_l:eof_hook('/var/lib/jenkins/workspace/logicmoo_workspace@2/packs_sys/pfc/t/sanity_base/min_fail_01.pl', ... : ...)))])
^  Call: (55) [prolog_debug] phrase('$messages':translate_message(debug('~q', file_scope:[call_eof_hook(user:on_f_log_ignore(... : ...))])), _102534)
^  Unify: (55) [$dcg] phrase('$messages':translate_message(debug('~q', file_scope:[call_eof_hook(user:on_f_log_ignore(... : ...))])), _102534)
^  Call: (56) [$dcg] phrase('$messages':translate_message(debug('~q', file_scope:[call_eof_hook(user:on_f_log_ignore(... : ...))])), _102534, [])
^  Unify: (56) [$dcg] phrase('$messages':translate_message(debug('~q', file_scope:[call_eof_hook(user:on_f_log_ignore(... : ...))])), _102534, [])
   Call: (57) [$dcg] phrase_input(_102534)
   Unify: (57) [$dcg] phrase_input(_102534)
   Call: (58) [system] var(_102534)
   Exit: (58) [system] var(_102534)
   Exit: (57) [$dcg] phrase_input(_102534)
   Call: (57) [$dcg] phrase_input([])
   Unify: (57) [$dcg] phrase_input([])
   Call: (58) [system] var([])
   Redo: (57) [$dcg] phrase_input([])
   Unify: (57) [$dcg] phrase_input([])
   Exit: (57) [$dcg] phrase_input([])
^  Call: (57) [$dcg] call_dcg('$messages':translate_message(debug('~q', file_scope:[call_eof_hook(user:on_f_log_ignore(... : ...))])), _102534, [])
^  Unify: (57) [$dcg] call_dcg('$messages':translate_message(debug('~q', file_scope:[call_eof_hook(user:on_f_log_ignore(... : ...))])), _102534, [])
^  Call: (58) [$dcg] strip_module('$messages':translate_message(debug('~q', file_scope:[call_eof_hook(user:on_f_log_ignore(... : ...))])), _113050, _113052)
^  Exit: (58) [$dcg] strip_module('$messages':translate_message(debug('~q', file_scope:[call_eof_hook(user:on_f_log_ignore(... : ...))])), '$messages', translate_message(debug('~q', file_scope:[call_eof_hook(user:on_f_log_ignore(t_l:eof_hook(..., ...)))])))
   Call: (58) [system] nonvar(translate_message(debug('~q', file_scope:[call_eof_hook(user:on_f_log_ignore(t_l:eof_hook(..., ...)))])))
   Exit: (58) [system] nonvar(translate_message(debug('~q', file_scope:[call_eof_hook(user:on_f_log_ignore(t_l:eof_hook(..., ...)))])))
   Call: (58) [$dcg] dcg_special(translate_message(debug('~q', file_scope:[call_eof_hook(user:on_f_log_ignore(t_l:eof_hook(..., ...)))])))
   Unify: (58) [$dcg] dcg_special(translate_message(debug('~q', file_scope:[call_eof_hook(user:on_f_log_ignore(t_l:eof_hook(..., ...)))])))
^  Redo: (57) [$dcg] call_dcg('$messages':translate_message(debug('~q', file_scope:[call_eof_hook(user:on_f_log_ignore(... : ...))])), _102534, [])
   Call: (58) [$messages] translate_message(debug('~q', file_scope:[call_eof_hook(user:on_f_log_ignore(t_l:eof_hook('/var/lib/jenkins/workspace/logicmoo_workspace@2/packs_sys/pfc/t/sanity_base/min_fail_01.pl', ... : ...)))]), _102534, [])
   Unify: (58) [$messages] translate_message(debug('~q', file_scope:[call_eof_hook(user:on_f_log_ignore(t_l:eof_hook('/var/lib/jenkins/workspace/logicmoo_workspace@2/packs_sys/pfc/t/sanity_base/min_fail_01.pl', ... : ...)))]), _102534, [])
   Call: (59) [$messages] translate_message2(debug('~q', file_scope:[call_eof_hook(user:on_f_log_ignore(t_l:eof_hook('/var/lib/jenkins/workspace/logicmoo_workspace@2/packs_sys/pfc/t/sanity_base/min_fail_01.pl', ... : ...)))]), _102534, _118638)
   Unify: (59) [$messages] translate_message2(debug('~q', file_scope:[call_eof_hook(user:on_f_log_ignore(t_l:eof_hook('/var/lib/jenkins/workspace/logicmoo_workspace@2/packs_sys/pfc/t/sanity_base/min_fail_01.pl', ... : ...)))]), _102534, _118638)
   Call: (60) [system] var(debug('~q', file_scope:[call_eof_hook(user:on_f_log_ignore(t_l:eof_hook('/var/lib/jenkins/workspace/logicmoo_workspace@2/packs_sys/pfc/t/sanity_base/min_fail_01.pl', ... : ...)))]))
   Redo: (59) [$messages] translate_message2(debug('~q', file_scope:[call_eof_hook(user:on_f_log_ignore(t_l:eof_hook('/var/lib/jenkins/workspace/logicmoo_workspace@2/packs_sys/pfc/t/sanity_base/min_fail_01.pl', ... : ...)))]), _102534, _118638)
   Unify: (59) [$messages] translate_message2(debug('~q', file_scope:[call_eof_hook(user:on_f_log_ignore(t_l:eof_hook('/var/lib/jenkins/workspace/logicmoo_workspace@2/packs_sys/pfc/t/sanity_base/min_fail_01.pl', ... : ...)))]), _102534, _118638)
   Exit: (59) [$messages] translate_message2(debug('~q', file_scope:[call_eof_hook(user:on_f_log_ignore(t_l:eof_hook('/var/lib/jenkins/workspace/logicmoo_workspace@2/packs_sys/pfc/t/sanity_base/min_fail_01.pl', ... : ...)))]), ['~q'-(file_scope:[call_eof_hook(user:on_f_log_ignore(t_l:eof_hook(..., ...)))])|_118638], _118638)
   Call: (59) [system] []=_118638
   Exit: (59) [system] []=[]
   Exit: (58) [$messages] translate_message(debug('~q', file_scope:[call_eof_hook(user:on_f_log_ignore(t_l:eof_hook('/var/lib/jenkins/workspace/logicmoo_workspace@2/packs_sys/pfc/t/sanity_base/min_fail_01.pl', ... : ...)))]), ['~q'-(file_scope:[call_eof_hook(user:on_f_log_ignore(t_l:eof_hook(..., ...)))])], [])
^  Exit: (57) [$dcg] call_dcg('$messages':translate_message(debug('~q', file_scope:[call_eof_hook(user:on_f_log_ignore(... : ...))])), ['~q'-(file_scope:[call_eof_hook(user:on_f_log_ignore(t_l:eof_hook(..., ...)))])], [])
^  Exit: (56) [$dcg] phrase('$messages':translate_message(debug('~q', file_scope:[call_eof_hook(user:on_f_log_ignore(... : ...))])), ['~q'-(file_scope:[call_eof_hook(user:on_f_log_ignore(t_l:eof_hook(..., ...)))])], [])
^  Exit: (55) [$dcg] phrase('$messages':translate_message(debug('~q', file_scope:[call_eof_hook(user:on_f_log_ignore(... : ...))])), ['~q'-(file_scope:[call_eof_hook(user:on_f_log_ignore(t_l:eof_hook(..., ...)))])])
   Call: (55) [lists] lists:member(_126114, [user_error])
   Unify: (55) [lists] lists:member(_126114, [user_error])
   Call: (56) [lists] lists:member_([], _126114, user_error)
   Unify: (56) [lists] lists:member_([], user_error, user_error)
   Exit: (56) [lists] lists:member_([], user_error, user_error)
   Exit: (55) [lists] lists:member(user_error, [user_error])
   Call: (55) [prolog_debug] prolog_debug:debug_output(user_error, _129836)
   Unify: (55) [prolog_debug] prolog_debug:debug_output(user_error, user_error)
   Call: (56) [system] is_stream(user_error)
   Exit: (56) [system] is_stream(user_error)
   Exit: (55) [prolog_debug] prolog_debug:debug_output(user_error, user_error)
^  Call: (55) [prolog_debug] with_output_to(user_error, print_message_lines(current_output, kind(debug(logicmoo(call_eof_hook))), ['~q'-(file_scope:[call_eof_hook(user:on_f_log_ignore(... : ...))])]))
   Call: (57) [$messages] print_message_lines(current_output, kind(debug(logicmoo(call_eof_hook))), ['~q'-(file_scope:[call_eof_hook(user:on_f_log_ignore(t_l:eof_hook(..., ...)))])])
   Unify: (57) [$messages] print_message_lines(current_output, kind(debug(logicmoo(call_eof_hook))), ['~q'-(file_scope:[call_eof_hook(user:on_f_log_ignore(t_l:eof_hook(..., ...)))])])
   Call: (58) [$messages] msg_property(debug(logicmoo(call_eof_hook)), prefix(_4838))
   Unify: (58) [$messages] msg_property(debug(logicmoo(call_eof_hook)), prefix(_4838))
   Redo: (58) [$messages] msg_property(debug(logicmoo(call_eof_hook)), prefix(_4838))
   Unify: (58) [$messages] msg_property(debug(logicmoo(call_eof_hook)), prefix(_4838))
   Call: (59) [$messages] msg_prefix(debug(logicmoo(call_eof_hook)), _4838)
   Unify: (59) [$messages] msg_prefix(debug(logicmoo(call_eof_hook)), _4838)
   Call: (60) [$messages] msg_context('~N% ', _4838)
   Unify: (60) [$messages] msg_context('~N% ', _4838)
   Call: (61) [system] current_prolog_flag(message_context, _9784)
   Exit: (61) [system] current_prolog_flag(message_context, [thread])
   Call: (61) [system] is_list([thread])
   Exit: (61) [system] is_list([thread])
   Call: (61) [$messages] add_message_context([thread], '~N% ', _4838)
   Unify: (61) [$messages] add_message_context([thread], '~N% ', _4838)
   Call: (62) [$messages] add_message_context1(thread, '~N% ', _13500)
   Unify: (62) [$messages] add_message_context1(thread, '~N% ', _13500)
   Call: (63) [prolog] prolog:message_prefix_hook(thread, _14746)
   Fail: (63) [prolog] prolog:message_prefix_hook(thread, _14746)
   Redo: (62) [$messages] add_message_context1(thread, '~N% ', _13500)
   Unify: (62) [$messages] add_message_context1(thread, '~N% ', _13500)
   Call: (63) [system] thread_self(_17228)
   Exit: (63) [system] thread_self(main)
   Call: (63) [system] main\==main
   Redo: (61) [$messages] add_message_context([thread], '~N% ', _4838)
   Call: (62) [system] _19698='~N% '
   Exit: (62) [system] '~N% '='~N% '
   Call: (62) [$messages] add_message_context([], '~N% ', _4838)
   Unify: (62) [$messages] add_message_context([], '~N% ', '~N% ')
   Exit: (62) [$messages] add_message_context([], '~N% ', '~N% ')
   Exit: (61) [$messages] add_message_context([thread], '~N% ', '~N% ')
   Exit: (60) [$messages] msg_context('~N% ', '~N% ')
   Exit: (59) [$messages] msg_prefix(debug(logicmoo(call_eof_hook)), '~N% ')
   Exit: (58) [$messages] msg_property(debug(logicmoo(call_eof_hook)), prefix('~N% '))
   Call: (58) [$messages] insert_prefix(['~q'-(file_scope:[call_eof_hook(user:on_f_log_ignore(t_l:eof_hook(..., ...)))])], '~N% ', _25278, _25280)
   Unify: (58) [$messages] insert_prefix(['~q'-(file_scope:[call_eof_hook(user:on_f_log_ignore(t_l:eof_hook(..., ...)))])], '~N% ', _25278, [prefix('~N% ')|_25912])
   Call: (59) [$messages] prefix_nl(['~q'-(file_scope:[call_eof_hook(user:on_f_log_ignore(t_l:eof_hook(..., ...)))])], '~N% ', _25278, _25912)
   Unify: (59) [$messages] prefix_nl(['~q'-(file_scope:[call_eof_hook(user:on_f_log_ignore(t_l:eof_hook(..., ...)))])], '~N% ', _25278, ['~q'-(file_scope:[call_eof_hook(user:on_f_log_ignore(t_l:eof_hook(..., ...)))])|_27174])
   Call: (60) [$messages] prefix_nl([], '~N% ', _25278, _27174)
   Unify: (60) [$messages] prefix_nl([], '~N% ', _25278, [nl])
   Exit: (60) [$messages] prefix_nl([], '~N% ', _25278, [nl])
   Exit: (59) [$messages] prefix_nl(['~q'-(file_scope:[call_eof_hook(user:on_f_log_ignore(t_l:eof_hook(..., ...)))])], '~N% ', _25278, ['~q'-(file_scope:[call_eof_hook(user:on_f_log_ignore(t_l:eof_hook(..., ...)))]), nl])
   Exit: (58) [$messages] insert_prefix(['~q'-(file_scope:[call_eof_hook(user:on_f_log_ignore(t_l:eof_hook(..., ...)))])], '~N% ', _25278, [prefix('~N% '), '~q'-(file_scope:[call_eof_hook(user:on_f_log_ignore(... : ...))]), nl])
   Call: (58) [$messages] print_message_lines(current_output, [begin(debug(logicmoo(call_eof_hook)), _25278), prefix('~N% '), '~q'-(file_scope:[call_eof_hook(user:on_f_log_ignore(...))]), nl, end(_25278)])
   Unify: (58) [$messages] print_message_lines(current_output, [begin(debug(logicmoo(call_eof_hook)), _25278), prefix('~N% '), '~q'-(file_scope:[call_eof_hook(user:on_f_log_ignore(...))]), nl, end(_25278)])
^  Call: (59) [$messages] with_output_to(current_output, notrace(print_message_lines_guarded(current_output, [begin(debug(logicmoo(call_eof_hook)), _25278), prefix('~N% '), '~q'-(file_scope:[call_eof_hook(...)]), nl, end(_25278)])))
% call_eof_hook(user:on_f_log_ignore(t_l:eof_hook('/var/lib/jenkins/workspace/logicmoo_workspace@2/packs_sys/pfc/t/sanity_base/min_fail_01.pl',file_scope:set_prolog_flag(subclause_expansion,true))))
^  Exit: (59) [$messages] with_output_to(current_output, notrace(print_message_lines_guarded(current_output, [begin(debug(logicmoo(call_eof_hook)), _25278), prefix('~N% '), '~q'-(file_scope:[call_eof_hook(...)]), nl, end(_25278)])))
   Exit: (58) [$messages] print_message_lines(current_output, [begin(debug(logicmoo(call_eof_hook)), _25278), prefix('~N% '), '~q'-(file_scope:[call_eof_hook(user:on_f_log_ignore(...))]), nl, end(_25278)])
   Exit: (57) [$messages] print_message_lines(current_output, kind(debug(logicmoo(call_eof_hook))), ['~q'-(file_scope:[call_eof_hook(user:on_f_log_ignore(t_l:eof_hook(..., ...)))])])
^  Exit: (55) [prolog_debug] with_output_to(user_error, print_message_lines(current_output, kind(debug(logicmoo(call_eof_hook))), ['~q'-(file_scope:[call_eof_hook(user:on_f_log_ignore(... : ...))])]))
   Call: (55) [system] fail
   Redo: (54) [prolog_debug] prolog_debug:print_debug_guarded(logicmoo(call_eof_hook), [user_error], '~q', file_scope:[call_eof_hook(user:on_f_log_ignore(t_l:eof_hook('/var/lib/jenkins/workspace/logicmoo_workspace@2/packs_sys/pfc/t/sanity_base/min_fail_01.pl', ... : ...)))])
   Call: (55) [system] true
   Exit: (55) [system] true
   Exit: (54) [prolog_debug] prolog_debug:print_debug_guarded(logicmoo(call_eof_hook), [user_error], '~q', file_scope:[call_eof_hook(user:on_f_log_ignore(t_l:eof_hook('/var/lib/jenkins/workspace/logicmoo_workspace@2/packs_sys/pfc/t/sanity_base/min_fail_01.pl', ... : ...)))])
   Call: (55) [system] nb_delete(prolog_debug_printing)
   Exit: (55) [system] nb_delete(prolog_debug_printing)
^  Exit: (53) [system] setup_call_catcher_cleanup(prolog_debug:nb_setval(prolog_debug_printing, true), prolog_debug:print_debug_guarded(logicmoo(call_eof_hook), [user_error], '~q', file_scope:[call_eof_hook(user:on_f_log_ignore(t_l:eof_hook(..., ...)))]), exit, prolog_debug:nb_delete(prolog_debug_printing))
^  Exit: (52) [system] setup_call_cleanup(prolog_debug:nb_setval(prolog_debug_printing, true), prolog_debug:print_debug_guarded(logicmoo(call_eof_hook), [user_error], '~q', file_scope:[call_eof_hook(user:on_f_log_ignore(t_l:eof_hook(..., ...)))]), prolog_debug:nb_delete(prolog_debug_printing))
   Exit: (51) [prolog_debug] prolog_debug:print_debug(logicmoo(call_eof_hook), [user_error], '~q', file_scope:[call_eof_hook(user:on_f_log_ignore(t_l:eof_hook('/var/lib/jenkins/workspace/logicmoo_workspace@2/packs_sys/pfc/t/sanity_base/min_fail_01.pl', ... : ...)))])
^  Exit: (50) [prolog_debug] debug(logicmoo(call_eof_hook), '~q', file_scope:[call_eof_hook(user:on_f_log_ignore(t_l:eof_hook('/var/lib/jenkins/workspace/logicmoo_workspace@2/packs_sys/pfc/t/sanity_base/min_fail_01.pl', file_scope:set_prolog_flag(..., ...))))])
^  Exit: (49) [file_scope] first:qdmsg(call_eof_hook(user:on_f_log_ignore(t_l:eof_hook('/var/lib/jenkins/workspace/logicmoo_workspace@2/packs_sys/pfc/t/sanity_base/min_fail_01.pl', file_scope:set_prolog_flag(subclause_expansion, true)))))
^  Call: (49) [file_scope] bugger:show_failure(signal_eom(user), user:on_f_log_ignore(file_scope:set_prolog_flag(subclause_expansion, true)))
^  Unify: (49) [file_scope] bugger:show_failure(signal_eom(user), user:on_f_log_ignore(file_scope:set_prolog_flag(subclause_expansion, true)))
^  Call: (50) [file_scope] one_must(dcall0(user:on_f_log_ignore(file_scope:set_prolog_flag(subclause_expansion, true))),  (nop(dumpST), debugm1(signal_eom(user), show_failed(signal_eom(user), user:on_f_log_ignore(file_scope:set_prolog_flag(subclause_expansion, true)))), nop(break), !, fail))
^  Unify: (50) [ucatch] one_must(file_scope:dcall0(user:on_f_log_ignore(file_scope:set_prolog_flag(subclause_expansion, true))), file_scope:(nop(dumpST), debugm1(signal_eom(user), show_failed(signal_eom(user), user:on_f_log_ignore(file_scope:set_prolog_flag(..., ...)))), nop(break), !, fail))
^  Call: (51) [file_scope] dcall0(user:on_f_log_ignore(file_scope:set_prolog_flag(subclause_expansion, true)))
^  Unify: (51) [bugger] dcall0(user:on_f_log_ignore(file_scope:set_prolog_flag(subclause_expansion, true)))
^  Call: (52) [user] on_f_log_ignore(file_scope:set_prolog_flag(subclause_expansion, true))
^  Unify: (52) [bugger] on_f_log_ignore(file_scope:set_prolog_flag(subclause_expansion, true))
^  Call: (53) [bugger] ignore(logOnFailure0(on_x_log_throw(file_scope:set_prolog_flag(subclause_expansion, true))))
^  Unify: (53) [system] ignore(bugger:logOnFailure0(on_x_log_throw(file_scope:set_prolog_flag(subclause_expansion, true))))
^  Call: (54) [bugger] logOnFailure0(on_x_log_throw(file_scope:set_prolog_flag(subclause_expansion, true)))
^  Unify: (54) [bugger] logOnFailure0(bugger:on_x_log_throw(file_scope:set_prolog_flag(subclause_expansion, true)))
^  Call: (55) [bugger] one_must(bugger:on_x_log_throw(file_scope:set_prolog_flag(subclause_expansion, true)),  (dmsg(on_f_log_fail(bugger:on_x_log_throw(file_scope:set_prolog_flag(subclause_expansion, true)))), fail))
^  Unify: (55) [ucatch] one_must(bugger:on_x_log_throw(file_scope:set_prolog_flag(subclause_expansion, true)), bugger:(dmsg(on_f_log_fail(bugger:on_x_log_throw(file_scope:set_prolog_flag(subclause_expansion, true)))), fail))
^  Call: (56) [bugger] on_x_log_throw(file_scope:set_prolog_flag(subclause_expansion, true))
^  Unify: (56) [ucatch] on_x_log_throw(file_scope:set_prolog_flag(subclause_expansion, true))
^  Call: (57) [ucatch] catchv(file_scope:set_prolog_flag(subclause_expansion, true), _53256,  (ddmsg(on_x_log_throw(_53256, file_scope:set_prolog_flag(subclause_expansion, true))), throw(_53256)))
^  Unify: (57) [ucatch] catchv(file_scope:set_prolog_flag(subclause_expansion, true), _53256, ucatch:(ddmsg(on_x_log_throw(_53256, file_scope:set_prolog_flag(subclause_expansion, true))), throw(_53256)))
   Call: (58) [system] nonvar(_53256)
^  Redo: (57) [ucatch] catchv(file_scope:set_prolog_flag(subclause_expansion, true), _53256, ucatch:(ddmsg(on_x_log_throw(_53256, file_scope:set_prolog_flag(subclause_expansion, true))), throw(_53256)))
   Call: (59) [system] set_prolog_flag(subclause_expansion, true)
   Exit: (59) [system] set_prolog_flag(subclause_expansion, true)
^  Exit: (57) [ucatch] catchv(file_scope:set_prolog_flag(subclause_expansion, true), _53256, ucatch:(ddmsg(on_x_log_throw(_53256, file_scope:set_prolog_flag(subclause_expansion, true))), throw(_53256)))
^  Exit: (56) [ucatch] on_x_log_throw(file_scope:set_prolog_flag(subclause_expansion, true))
   Call: (56) [system] true
   Exit: (56) [system] true
^  Exit: (55) [ucatch] one_must(bugger:on_x_log_throw(file_scope:set_prolog_flag(subclause_expansion, true)), bugger:(dmsg(on_f_log_fail(bugger:on_x_log_throw(file_scope:set_prolog_flag(subclause_expansion, true)))), fail))
^  Exit: (54) [bugger] logOnFailure0(bugger:on_x_log_throw(file_scope:set_prolog_flag(subclause_expansion, true)))
^  Exit: (53) [system] ignore(bugger:logOnFailure0(on_x_log_throw(file_scope:set_prolog_flag(subclause_expansion, true))))
^  Exit: (52) [bugger] on_f_log_ignore(file_scope:set_prolog_flag(subclause_expansion, true))
^  Exit: (51) [bugger] dcall0(user:on_f_log_ignore(file_scope:set_prolog_flag(subclause_expansion, true)))
   Call: (51) [system] true
   Exit: (51) [system] true
^  Exit: (50) [ucatch] one_must(file_scope:dcall0(user:on_f_log_ignore(file_scope:set_prolog_flag(subclause_expansion, true))), file_scope:(nop(dumpST), debugm1(signal_eom(user), show_failed(signal_eom(user), user:on_f_log_ignore(file_scope:set_prolog_flag(..., ...)))), nop(break), !, fail))
^  Exit: (49) [file_scope] bugger:show_failure(signal_eom(user), user:on_f_log_ignore(file_scope:set_prolog_flag(subclause_expansion, true)))
^  Exit: (47) [$apply] forall(file_scope:true, file_scope:(qdmsg(call_eof_hook(user:on_f_log_ignore(t_l:eof_hook('/var/lib/jenkins/workspace/logicmoo_workspace@2/packs_sys/pfc/t/sanity_base/min_fail_01.pl', ... : ...)))), show_failure(signal_eom(user), user:on_f_log_ignore(file_scope:set_prolog_flag(subclause_expansion, true)))))
   Call: (47) [system] fail
   Fail: (47) [system] fail
^  Redo: (45) [system] ignore(file_scope:(forall(true,  (qdmsg(call_eof_hook(user:on_f_log_ignore(... : ...))), show_failure(signal_eom(user), user:on_f_log_ignore(file_scope:set_prolog_flag(..., ...))))), fail))
^  Unify: (45) [system] ignore(file_scope:(forall(true,  (qdmsg(call_eof_hook(user:on_f_log_ignore(... : ...))), show_failure(signal_eom(user), user:on_f_log_ignore(file_scope:set_prolog_flag(..., ...))))), fail))
^  Exit: (45) [system] ignore(file_scope:(forall(true,  (qdmsg(call_eof_hook(user:on_f_log_ignore(... : ...))), show_failure(signal_eom(user), user:on_f_log_ignore(file_scope:set_prolog_flag(..., ...))))), fail))
^  Exit: (44) [logicmoo_util_terms] doall(file_scope:forall(true,  (qdmsg(call_eof_hook(user:on_f_log_ignore(t_l:eof_hook(..., ...)))), show_failure(signal_eom(user), user:on_f_log_ignore(file_scope:set_prolog_flag(subclause_expansion, true))))))
^  Call: (44) [file_scope] ignore(erase(<clause>(0x55dcceffd3f0)))
^  Unify: (44) [system] ignore(file_scope:erase(<clause>(0x55dcceffd3f0)))
   Call: (45) [system] erase(<clause>(0x55dcceffd3f0))
   Exit: (45) [system] erase(<clause>(0x55dcceffd3f0))
^  Exit: (44) [system] ignore(file_scope:erase(<clause>(0x55dcceffd3f0)))
^  Redo: (43) [file_scope] clause(eof_hook('/var/lib/jenkins/workspace/logicmoo_workspace@2/packs_sys/pfc/t/sanity_base/min_fail_01.pl', _550), _562, _564)
^  Exit: (43) [file_scope] clause(eof_hook('/var/lib/jenkins/workspace/logicmoo_workspace@2/packs_sys/pfc/t/sanity_base/min_fail_01.pl', file_scope:set_prolog_flag(dialect_pfc, default)), true, <clause>(0x55dcceffd340))
^  Call: (44) [file_scope] first:qdmsg(found_eof_hook((t_l:eof_hook('/var/lib/jenkins/workspace/logicmoo_workspace@2/packs_sys/pfc/t/sanity_base/min_fail_01.pl', file_scope:set_prolog_flag(dialect_pfc, default)):-true)))
^  Unify: (44) [file_scope] first:qdmsg(found_eof_hook((t_l:eof_hook('/var/lib/jenkins/workspace/logicmoo_workspace@2/packs_sys/pfc/t/sanity_base/min_fail_01.pl', file_scope:set_prolog_flag(dialect_pfc, default)):-true)))
   Call: (45) [system] current_prolog_flag(dmsg_level, never)
   Fail: (45) [system] current_prolog_flag(dmsg_level, never)
^  Redo: (44) [file_scope] first:qdmsg(found_eof_hook((t_l:eof_hook('/var/lib/jenkins/workspace/logicmoo_workspace@2/packs_sys/pfc/t/sanity_base/min_fail_01.pl', file_scope:set_prolog_flag(dialect_pfc, default)):-true)))
^  Unify: (44) [file_scope] first:qdmsg(found_eof_hook((t_l:eof_hook('/var/lib/jenkins/workspace/logicmoo_workspace@2/packs_sys/pfc/t/sanity_base/min_fail_01.pl', file_scope:set_prolog_flag(dialect_pfc, default)):-true)))
^  Call: (45) [file_scope] first:cfunctor(found_eof_hook((t_l:eof_hook('/var/lib/jenkins/workspace/logicmoo_workspace@2/packs_sys/pfc/t/sanity_base/min_fail_01.pl', file_scope:set_prolog_flag(dialect_pfc, default)):-true)), _77766, _77828)
^  Unify: (45) [file_scope] first:cfunctor(found_eof_hook((t_l:eof_hook('/var/lib/jenkins/workspace/logicmoo_workspace@2/packs_sys/pfc/t/sanity_base/min_fail_01.pl', file_scope:set_prolog_flag(dialect_pfc, default)):-true)), _77766, _78456)
   Call: (46) [system] compound_name_arity(found_eof_hook((t_l:eof_hook('/var/lib/jenkins/workspace/logicmoo_workspace@2/packs_sys/pfc/t/sanity_base/min_fail_01.pl', file_scope:set_prolog_flag(dialect_pfc, default)):-true)), _77766, _79024)
   Exit: (46) [system] compound_name_arity(found_eof_hook((t_l:eof_hook('/var/lib/jenkins/workspace/logicmoo_workspace@2/packs_sys/pfc/t/sanity_base/min_fail_01.pl', file_scope:set_prolog_flag(dialect_pfc, default)):-true)), found_eof_hook, 1)
^  Exit: (45) [file_scope] first:cfunctor(found_eof_hook((t_l:eof_hook('/var/lib/jenkins/workspace/logicmoo_workspace@2/packs_sys/pfc/t/sanity_base/min_fail_01.pl', file_scope:set_prolog_flag(dialect_pfc, default)):-true)), found_eof_hook, 1)
^  Call: (45) [file_scope] debug(logicmoo(found_eof_hook), '~q', [found_eof_hook((t_l:eof_hook('/var/lib/jenkins/workspace/logicmoo_workspace@2/packs_sys/pfc/t/sanity_base/min_fail_01.pl', file_scope:set_prolog_flag(dialect_pfc, default)):-true))])
^  Unify: (45) [prolog_debug] debug(logicmoo(found_eof_hook), '~q', file_scope:[found_eof_hook((t_l:eof_hook('/var/lib/jenkins/workspace/logicmoo_workspace@2/packs_sys/pfc/t/sanity_base/min_fail_01.pl', file_scope:set_prolog_flag(dialect_pfc, default)):-true))])
   Call: (46) [prolog_debug] debugging(logicmoo(found_eof_hook), true, _82226)
   Unify: (46) [prolog_debug] debugging(logicmoo(found_eof_hook), true, [])
   Call: (47) [system] current_prolog_flag(nodebugx, true)
   Redo: (46) [bugger] debugging(logicmoo(found_eof_hook), true, _82226)
   Unify: (46) [bugger] debugging(logicmoo(found_eof_hook), true, _82226)
^  Call: (47) [bugger] bugger:debugging_logicmoo_setting(logicmoo(found_eof_hook), true, _82226)
^  Unify: (47) [bugger] bugger:debugging_logicmoo_setting(logicmoo(found_eof_hook), true, [user_error])
^  Exit: (47) [bugger] bugger:debugging_logicmoo_setting(logicmoo(found_eof_hook), true, [user_error])
   Exit: (46) [bugger] debugging(logicmoo(found_eof_hook), true, [user_error])
   Call: (46) [prolog_debug] prolog_debug:print_debug(logicmoo(found_eof_hook), [user_error], '~q', file_scope:[found_eof_hook((t_l:eof_hook('/var/lib/jenkins/workspace/logicmoo_workspace@2/packs_sys/pfc/t/sanity_base/min_fail_01.pl', file_scope:set_prolog_flag(..., ...)):-true))])
   Unify: (46) [prolog_debug] prolog_debug:print_debug(logicmoo(found_eof_hook), [user_error], '~q', file_scope:[found_eof_hook((t_l:eof_hook('/var/lib/jenkins/workspace/logicmoo_workspace@2/packs_sys/pfc/t/sanity_base/min_fail_01.pl', file_scope:set_prolog_flag(..., ...)):-true))])
   Call: (47) [system] nb_current(prolog_debug_printing, true)
   Redo: (46) [prolog_debug] prolog_debug:print_debug(logicmoo(found_eof_hook), [user_error], '~q', file_scope:[found_eof_hook((t_l:eof_hook('/var/lib/jenkins/workspace/logicmoo_workspace@2/packs_sys/pfc/t/sanity_base/min_fail_01.pl', file_scope:set_prolog_flag(..., ...)):-true))])
   Unify: (46) [prolog_debug] prolog_debug:print_debug(logicmoo(found_eof_hook), [user_error], '~q', file_scope:[found_eof_hook((t_l:eof_hook('/var/lib/jenkins/workspace/logicmoo_workspace@2/packs_sys/pfc/t/sanity_base/min_fail_01.pl', file_scope:set_prolog_flag(..., ...)):-true))])
^  Call: (47) [prolog_debug] setup_call_cleanup(nb_setval(prolog_debug_printing, true), print_debug_guarded(logicmoo(found_eof_hook), [user_error], '~q', file_scope:[found_eof_hook((t_l:eof_hook('/var/lib/jenkins/workspace/logicmoo_workspace@2/packs_sys/pfc/t/sanity_base/min_fail_01.pl', file_scope:set_prolog_flag(..., ...)):-true))]), nb_delete(prolog_debug_printing))
^  Unify: (47) [system] setup_call_cleanup(prolog_debug:nb_setval(prolog_debug_printing, true), prolog_debug:print_debug_guarded(logicmoo(found_eof_hook), [user_error], '~q', file_scope:[found_eof_hook((t_l:eof_hook('/var/lib/jenkins/workspace/logicmoo_workspace@2/packs_sys/pfc/t/sanity_base/min_fail_01.pl', ... : ...):-true))]), prolog_debug:nb_delete(prolog_debug_printing))
^  Call: (48) [system] setup_call_catcher_cleanup(prolog_debug:nb_setval(prolog_debug_printing, true), prolog_debug:print_debug_guarded(logicmoo(found_eof_hook), [user_error], '~q', file_scope:[found_eof_hook((t_l:eof_hook('/var/lib/jenkins/workspace/logicmoo_workspace@2/packs_sys/pfc/t/sanity_base/min_fail_01.pl', ... : ...):-true))]), _92462, prolog_debug:nb_delete(prolog_debug_printing))
^  Unify: (48) [system] setup_call_catcher_cleanup(prolog_debug:nb_setval(prolog_debug_printing, true), prolog_debug:print_debug_guarded(logicmoo(found_eof_hook), [user_error], '~q', file_scope:[found_eof_hook((t_l:eof_hook('/var/lib/jenkins/workspace/logicmoo_workspace@2/packs_sys/pfc/t/sanity_base/min_fail_01.pl', ... : ...):-true))]), _93094, prolog_debug:nb_delete(prolog_debug_printing))
   Call: (51) [$syspreds] nb_setval(prolog_debug_printing, true)
   Unify: (51) [$syspreds] nb_setval(prolog_debug_printing, true)
   Call: (52) [system] duplicate_term(true, _94902)
   Exit: (52) [system] duplicate_term(true, true)
   Call: (52) [system] nb_linkval(prolog_debug_printing, true)
   Exit: (52) [system] nb_linkval(prolog_debug_printing, true)
   Exit: (51) [$syspreds] nb_setval(prolog_debug_printing, true)
   Call: (49) [prolog_debug] prolog_debug:print_debug_guarded(logicmoo(found_eof_hook), [user_error], '~q', file_scope:[found_eof_hook((t_l:eof_hook('/var/lib/jenkins/workspace/logicmoo_workspace@2/packs_sys/pfc/t/sanity_base/min_fail_01.pl', file_scope:set_prolog_flag(..., ...)):-true))])
   Unify: (49) [prolog_debug] prolog_debug:print_debug_guarded(logicmoo(found_eof_hook), [user_error], '~q', file_scope:[found_eof_hook((t_l:eof_hook('/var/lib/jenkins/workspace/logicmoo_workspace@2/packs_sys/pfc/t/sanity_base/min_fail_01.pl', file_scope:set_prolog_flag(..., ...)):-true))])
   Call: (50) [prolog] prolog:debug_print_hook(logicmoo(found_eof_hook), '~q', file_scope:[found_eof_hook((t_l:eof_hook('/var/lib/jenkins/workspace/logicmoo_workspace@2/packs_sys/pfc/t/sanity_base/min_fail_01.pl', file_scope:set_prolog_flag(..., ...)):-true))])
   Fail: (50) [prolog] prolog:debug_print_hook(logicmoo(found_eof_hook), '~q', file_scope:[found_eof_hook((t_l:eof_hook('/var/lib/jenkins/workspace/logicmoo_workspace@2/packs_sys/pfc/t/sanity_base/min_fail_01.pl', file_scope:set_prolog_flag(..., ...)):-true))])
   Redo: (49) [prolog_debug] prolog_debug:print_debug_guarded(logicmoo(found_eof_hook), [user_error], '~q', file_scope:[found_eof_hook((t_l:eof_hook('/var/lib/jenkins/workspace/logicmoo_workspace@2/packs_sys/pfc/t/sanity_base/min_fail_01.pl', file_scope:set_prolog_flag(..., ...)):-true))])
   Unify: (49) [prolog_debug] prolog_debug:print_debug_guarded(logicmoo(found_eof_hook), [user_error], '~q', file_scope:[found_eof_hook((t_l:eof_hook('/var/lib/jenkins/workspace/logicmoo_workspace@2/packs_sys/pfc/t/sanity_base/min_fail_01.pl', file_scope:set_prolog_flag(..., ...)):-true))])
^  Call: (50) [prolog_debug] phrase('$messages':translate_message(debug('~q', file_scope:[found_eof_hook((t_l:eof_hook(..., ...):-true))])), _101758)
^  Unify: (50) [$dcg] phrase('$messages':translate_message(debug('~q', file_scope:[found_eof_hook((t_l:eof_hook(..., ...):-true))])), _101758)
^  Call: (51) [$dcg] phrase('$messages':translate_message(debug('~q', file_scope:[found_eof_hook((t_l:eof_hook(..., ...):-true))])), _101758, [])
^  Unify: (51) [$dcg] phrase('$messages':translate_message(debug('~q', file_scope:[found_eof_hook((t_l:eof_hook(..., ...):-true))])), _101758, [])
   Call: (52) [$dcg] phrase_input(_101758)
   Unify: (52) [$dcg] phrase_input(_101758)
   Call: (53) [system] var(_101758)
   Exit: (53) [system] var(_101758)
   Exit: (52) [$dcg] phrase_input(_101758)
   Call: (52) [$dcg] phrase_input([])
   Unify: (52) [$dcg] phrase_input([])
   Call: (53) [system] var([])
   Redo: (52) [$dcg] phrase_input([])
   Unify: (52) [$dcg] phrase_input([])
   Exit: (52) [$dcg] phrase_input([])
^  Call: (52) [$dcg] call_dcg('$messages':translate_message(debug('~q', file_scope:[found_eof_hook((t_l:eof_hook(..., ...):-true))])), _101758, [])
^  Unify: (52) [$dcg] call_dcg('$messages':translate_message(debug('~q', file_scope:[found_eof_hook((t_l:eof_hook(..., ...):-true))])), _101758, [])
^  Call: (53) [$dcg] strip_module('$messages':translate_message(debug('~q', file_scope:[found_eof_hook((t_l:eof_hook(..., ...):-true))])), _112274, _112276)
^  Exit: (53) [$dcg] strip_module('$messages':translate_message(debug('~q', file_scope:[found_eof_hook((t_l:eof_hook(..., ...):-true))])), '$messages', translate_message(debug('~q', file_scope:[found_eof_hook((t_l:eof_hook('/var/lib/jenkins/workspace/logicmoo_workspace@2/packs_sys/pfc/t/sanity_base/min_fail_01.pl', ... : ...):-true))])))
   Call: (53) [system] nonvar(translate_message(debug('~q', file_scope:[found_eof_hook((t_l:eof_hook('/var/lib/jenkins/workspace/logicmoo_workspace@2/packs_sys/pfc/t/sanity_base/min_fail_01.pl', ... : ...):-true))])))
   Exit: (53) [system] nonvar(translate_message(debug('~q', file_scope:[found_eof_hook((t_l:eof_hook('/var/lib/jenkins/workspace/logicmoo_workspace@2/packs_sys/pfc/t/sanity_base/min_fail_01.pl', ... : ...):-true))])))
   Call: (53) [$dcg] dcg_special(translate_message(debug('~q', file_scope:[found_eof_hook((t_l:eof_hook('/var/lib/jenkins/workspace/logicmoo_workspace@2/packs_sys/pfc/t/sanity_base/min_fail_01.pl', ... : ...):-true))])))
   Unify: (53) [$dcg] dcg_special(translate_message(debug('~q', file_scope:[found_eof_hook((t_l:eof_hook('/var/lib/jenkins/workspace/logicmoo_workspace@2/packs_sys/pfc/t/sanity_base/min_fail_01.pl', ... : ...):-true))])))
^  Redo: (52) [$dcg] call_dcg('$messages':translate_message(debug('~q', file_scope:[found_eof_hook((t_l:eof_hook(..., ...):-true))])), _101758, [])
   Call: (53) [$messages] translate_message(debug('~q', file_scope:[found_eof_hook((t_l:eof_hook('/var/lib/jenkins/workspace/logicmoo_workspace@2/packs_sys/pfc/t/sanity_base/min_fail_01.pl', file_scope:set_prolog_flag(..., ...)):-true))]), _101758, [])
   Unify: (53) [$messages] translate_message(debug('~q', file_scope:[found_eof_hook((t_l:eof_hook('/var/lib/jenkins/workspace/logicmoo_workspace@2/packs_sys/pfc/t/sanity_base/min_fail_01.pl', file_scope:set_prolog_flag(..., ...)):-true))]), _101758, [])
   Call: (54) [$messages] translate_message2(debug('~q', file_scope:[found_eof_hook((t_l:eof_hook('/var/lib/jenkins/workspace/logicmoo_workspace@2/packs_sys/pfc/t/sanity_base/min_fail_01.pl', file_scope:set_prolog_flag(..., ...)):-true))]), _101758, _117862)
   Unify: (54) [$messages] translate_message2(debug('~q', file_scope:[found_eof_hook((t_l:eof_hook('/var/lib/jenkins/workspace/logicmoo_workspace@2/packs_sys/pfc/t/sanity_base/min_fail_01.pl', file_scope:set_prolog_flag(..., ...)):-true))]), _101758, _117862)
   Call: (55) [system] var(debug('~q', file_scope:[found_eof_hook((t_l:eof_hook('/var/lib/jenkins/workspace/logicmoo_workspace@2/packs_sys/pfc/t/sanity_base/min_fail_01.pl', file_scope:set_prolog_flag(..., ...)):-true))]))
   Redo: (54) [$messages] translate_message2(debug('~q', file_scope:[found_eof_hook((t_l:eof_hook('/var/lib/jenkins/workspace/logicmoo_workspace@2/packs_sys/pfc/t/sanity_base/min_fail_01.pl', file_scope:set_prolog_flag(..., ...)):-true))]), _101758, _117862)
   Unify: (54) [$messages] translate_message2(debug('~q', file_scope:[found_eof_hook((t_l:eof_hook('/var/lib/jenkins/workspace/logicmoo_workspace@2/packs_sys/pfc/t/sanity_base/min_fail_01.pl', file_scope:set_prolog_flag(..., ...)):-true))]), _101758, _117862)
   Exit: (54) [$messages] translate_message2(debug('~q', file_scope:[found_eof_hook((t_l:eof_hook('/var/lib/jenkins/workspace/logicmoo_workspace@2/packs_sys/pfc/t/sanity_base/min_fail_01.pl', file_scope:set_prolog_flag(..., ...)):-true))]), ['~q'-(file_scope:[found_eof_hook((t_l:eof_hook('/var/lib/jenkins/workspace/logicmoo_workspace@2/packs_sys/pfc/t/sanity_base/min_fail_01.pl', ... : ...):-true))])|_117862], _117862)
   Call: (54) [system] []=_117862
   Exit: (54) [system] []=[]
   Exit: (53) [$messages] translate_message(debug('~q', file_scope:[found_eof_hook((t_l:eof_hook('/var/lib/jenkins/workspace/logicmoo_workspace@2/packs_sys/pfc/t/sanity_base/min_fail_01.pl', file_scope:set_prolog_flag(..., ...)):-true))]), ['~q'-(file_scope:[found_eof_hook((t_l:eof_hook('/var/lib/jenkins/workspace/logicmoo_workspace@2/packs_sys/pfc/t/sanity_base/min_fail_01.pl', ... : ...):-true))])], [])
^  Exit: (52) [$dcg] call_dcg('$messages':translate_message(debug('~q', file_scope:[found_eof_hook((t_l:eof_hook(..., ...):-true))])), ['~q'-(file_scope:[found_eof_hook((t_l:eof_hook('/var/lib/jenkins/workspace/logicmoo_workspace@2/packs_sys/pfc/t/sanity_base/min_fail_01.pl', ... : ...):-true))])], [])
^  Exit: (51) [$dcg] phrase('$messages':translate_message(debug('~q', file_scope:[found_eof_hook((t_l:eof_hook(..., ...):-true))])), ['~q'-(file_scope:[found_eof_hook((t_l:eof_hook('/var/lib/jenkins/workspace/logicmoo_workspace@2/packs_sys/pfc/t/sanity_base/min_fail_01.pl', ... : ...):-true))])], [])
^  Exit: (50) [$dcg] phrase('$messages':translate_message(debug('~q', file_scope:[found_eof_hook((t_l:eof_hook(..., ...):-true))])), ['~q'-(file_scope:[found_eof_hook((t_l:eof_hook('/var/lib/jenkins/workspace/logicmoo_workspace@2/packs_sys/pfc/t/sanity_base/min_fail_01.pl', ... : ...):-true))])])
   Call: (50) [lists] lists:member(_125338, [user_error])
   Unify: (50) [lists] lists:member(_125338, [user_error])
   Call: (51) [lists] lists:member_([], _125338, user_error)
   Unify: (51) [lists] lists:member_([], user_error, user_error)
   Exit: (51) [lists] lists:member_([], user_error, user_error)
   Exit: (50) [lists] lists:member(user_error, [user_error])
   Call: (50) [prolog_debug] prolog_debug:debug_output(user_error, _129060)
   Unify: (50) [prolog_debug] prolog_debug:debug_output(user_error, user_error)
   Call: (51) [system] is_stream(user_error)
   Exit: (51) [system] is_stream(user_error)
   Exit: (50) [prolog_debug] prolog_debug:debug_output(user_error, user_error)
^  Call: (50) [prolog_debug] with_output_to(user_error, print_message_lines(current_output, kind(debug(logicmoo(found_eof_hook))), ['~q'-(file_scope:[found_eof_hook((t_l:eof_hook(..., ...):-true))])]))
   Call: (52) [$messages] print_message_lines(current_output, kind(debug(logicmoo(found_eof_hook))), ['~q'-(file_scope:[found_eof_hook((t_l:eof_hook('/var/lib/jenkins/workspace/logicmoo_workspace@2/packs_sys/pfc/t/sanity_base/min_fail_01.pl', ... : ...):-true))])])
   Unify: (52) [$messages] print_message_lines(current_output, kind(debug(logicmoo(found_eof_hook))), ['~q'-(file_scope:[found_eof_hook((t_l:eof_hook('/var/lib/jenkins/workspace/logicmoo_workspace@2/packs_sys/pfc/t/sanity_base/min_fail_01.pl', ... : ...):-true))])])
   Call: (53) [$messages] msg_property(debug(logicmoo(found_eof_hook)), prefix(_3872))
   Unify: (53) [$messages] msg_property(debug(logicmoo(found_eof_hook)), prefix(_3872))
   Redo: (53) [$messages] msg_property(debug(logicmoo(found_eof_hook)), prefix(_3872))
   Unify: (53) [$messages] msg_property(debug(logicmoo(found_eof_hook)), prefix(_3872))
   Call: (54) [$messages] msg_prefix(debug(logicmoo(found_eof_hook)), _3872)
   Unify: (54) [$messages] msg_prefix(debug(logicmoo(found_eof_hook)), _3872)
   Call: (55) [$messages] msg_context('~N% ', _3872)
   Unify: (55) [$messages] msg_context('~N% ', _3872)
   Call: (56) [system] current_prolog_flag(message_context, _8818)
   Exit: (56) [system] current_prolog_flag(message_context, [thread])
   Call: (56) [system] is_list([thread])
   Exit: (56) [system] is_list([thread])
   Call: (56) [$messages] add_message_context([thread], '~N% ', _3872)
   Unify: (56) [$messages] add_message_context([thread], '~N% ', _3872)
   Call: (57) [$messages] add_message_context1(thread, '~N% ', _12534)
   Unify: (57) [$messages] add_message_context1(thread, '~N% ', _12534)
   Call: (58) [prolog] prolog:message_prefix_hook(thread, _13780)
   Fail: (58) [prolog] prolog:message_prefix_hook(thread, _13780)
   Redo: (57) [$messages] add_message_context1(thread, '~N% ', _12534)
   Unify: (57) [$messages] add_message_context1(thread, '~N% ', _12534)
   Call: (58) [system] thread_self(_16262)
   Exit: (58) [system] thread_self(main)
   Call: (58) [system] main\==main
   Redo: (56) [$messages] add_message_context([thread], '~N% ', _3872)
   Call: (57) [system] _18732='~N% '
   Exit: (57) [system] '~N% '='~N% '
   Call: (57) [$messages] add_message_context([], '~N% ', _3872)
   Unify: (57) [$messages] add_message_context([], '~N% ', '~N% ')
   Exit: (57) [$messages] add_message_context([], '~N% ', '~N% ')
   Exit: (56) [$messages] add_message_context([thread], '~N% ', '~N% ')
   Exit: (55) [$messages] msg_context('~N% ', '~N% ')
   Exit: (54) [$messages] msg_prefix(debug(logicmoo(found_eof_hook)), '~N% ')
   Exit: (53) [$messages] msg_property(debug(logicmoo(found_eof_hook)), prefix('~N% '))
   Call: (53) [$messages] insert_prefix(['~q'-(file_scope:[found_eof_hook((t_l:eof_hook('/var/lib/jenkins/workspace/logicmoo_workspace@2/packs_sys/pfc/t/sanity_base/min_fail_01.pl', ... : ...):-true))])], '~N% ', _24312, _24314)
   Unify: (53) [$messages] insert_prefix(['~q'-(file_scope:[found_eof_hook((t_l:eof_hook('/var/lib/jenkins/workspace/logicmoo_workspace@2/packs_sys/pfc/t/sanity_base/min_fail_01.pl', ... : ...):-true))])], '~N% ', _24312, [prefix('~N% ')|_24946])
   Call: (54) [$messages] prefix_nl(['~q'-(file_scope:[found_eof_hook((t_l:eof_hook('/var/lib/jenkins/workspace/logicmoo_workspace@2/packs_sys/pfc/t/sanity_base/min_fail_01.pl', ... : ...):-true))])], '~N% ', _24312, _24946)
   Unify: (54) [$messages] prefix_nl(['~q'-(file_scope:[found_eof_hook((t_l:eof_hook('/var/lib/jenkins/workspace/logicmoo_workspace@2/packs_sys/pfc/t/sanity_base/min_fail_01.pl', ... : ...):-true))])], '~N% ', _24312, ['~q'-(file_scope:[found_eof_hook((t_l:eof_hook('/var/lib/jenkins/workspace/logicmoo_workspace@2/packs_sys/pfc/t/sanity_base/min_fail_01.pl', ... : ...):-true))])|_26208])
   Call: (55) [$messages] prefix_nl([], '~N% ', _24312, _26208)
   Unify: (55) [$messages] prefix_nl([], '~N% ', _24312, [nl])
   Exit: (55) [$messages] prefix_nl([], '~N% ', _24312, [nl])
   Exit: (54) [$messages] prefix_nl(['~q'-(file_scope:[found_eof_hook((t_l:eof_hook('/var/lib/jenkins/workspace/logicmoo_workspace@2/packs_sys/pfc/t/sanity_base/min_fail_01.pl', ... : ...):-true))])], '~N% ', _24312, ['~q'-(file_scope:[found_eof_hook((t_l:eof_hook('/var/lib/jenkins/workspace/logicmoo_workspace@2/packs_sys/pfc/t/sanity_base/min_fail_01.pl', ... : ...):-true))]), nl])
   Exit: (53) [$messages] insert_prefix(['~q'-(file_scope:[found_eof_hook((t_l:eof_hook('/var/lib/jenkins/workspace/logicmoo_workspace@2/packs_sys/pfc/t/sanity_base/min_fail_01.pl', ... : ...):-true))])], '~N% ', _24312, [prefix('~N% '), '~q'-(file_scope:[found_eof_hook((t_l:eof_hook(..., ...):-true))]), nl])
   Call: (53) [$messages] print_message_lines(current_output, [begin(debug(logicmoo(found_eof_hook)), _24312), prefix('~N% '), '~q'-(file_scope:[found_eof_hook((... : ... :- true))]), nl, end(_24312)])
   Unify: (53) [$messages] print_message_lines(current_output, [begin(debug(logicmoo(found_eof_hook)), _24312), prefix('~N% '), '~q'-(file_scope:[found_eof_hook((... : ... :- true))]), nl, end(_24312)])
^  Call: (54) [$messages] with_output_to(current_output, notrace(print_message_lines_guarded(current_output, [begin(debug(logicmoo(found_eof_hook)), _24312), prefix('~N% '), '~q'-(file_scope:[found_eof_hook(...)]), nl, end(_24312)])))
% found_eof_hook((t_l:eof_hook('/var/lib/jenkins/workspace/logicmoo_workspace@2/packs_sys/pfc/t/sanity_base/min_fail_01.pl',file_scope:set_prolog_flag(dialect_pfc,default)):-true))
^  Exit: (54) [$messages] with_output_to(current_output, notrace(print_message_lines_guarded(current_output, [begin(debug(logicmoo(found_eof_hook)), _24312), prefix('~N% '), '~q'-(file_scope:[found_eof_hook(...)]), nl, end(_24312)])))
   Exit: (53) [$messages] print_message_lines(current_output, [begin(debug(logicmoo(found_eof_hook)), _24312), prefix('~N% '), '~q'-(file_scope:[found_eof_hook((... : ... :- true))]), nl, end(_24312)])
   Exit: (52) [$messages] print_message_lines(current_output, kind(debug(logicmoo(found_eof_hook))), ['~q'-(file_scope:[found_eof_hook((t_l:eof_hook('/var/lib/jenkins/workspace/logicmoo_workspace@2/packs_sys/pfc/t/sanity_base/min_fail_01.pl', ... : ...):-true))])])
^  Exit: (50) [prolog_debug] with_output_to(user_error, print_message_lines(current_output, kind(debug(logicmoo(found_eof_hook))), ['~q'-(file_scope:[found_eof_hook((t_l:eof_hook(..., ...):-true))])]))
   Call: (50) [system] fail
   Redo: (49) [prolog_debug] prolog_debug:print_debug_guarded(logicmoo(found_eof_hook), [user_error], '~q', file_scope:[found_eof_hook((t_l:eof_hook('/var/lib/jenkins/workspace/logicmoo_workspace@2/packs_sys/pfc/t/sanity_base/min_fail_01.pl', file_scope:set_prolog_flag(..., ...)):-true))])
   Call: (50) [system] true
   Exit: (50) [system] true
   Exit: (49) [prolog_debug] prolog_debug:print_debug_guarded(logicmoo(found_eof_hook), [user_error], '~q', file_scope:[found_eof_hook((t_l:eof_hook('/var/lib/jenkins/workspace/logicmoo_workspace@2/packs_sys/pfc/t/sanity_base/min_fail_01.pl', file_scope:set_prolog_flag(..., ...)):-true))])
   Call: (50) [system] nb_delete(prolog_debug_printing)
   Exit: (50) [system] nb_delete(prolog_debug_printing)
^  Exit: (48) [system] setup_call_catcher_cleanup(prolog_debug:nb_setval(prolog_debug_printing, true), prolog_debug:print_debug_guarded(logicmoo(found_eof_hook), [user_error], '~q', file_scope:[found_eof_hook((t_l:eof_hook('/var/lib/jenkins/workspace/logicmoo_workspace@2/packs_sys/pfc/t/sanity_base/min_fail_01.pl', ... : ...):-true))]), exit, prolog_debug:nb_delete(prolog_debug_printing))
^  Exit: (47) [system] setup_call_cleanup(prolog_debug:nb_setval(prolog_debug_printing, true), prolog_debug:print_debug_guarded(logicmoo(found_eof_hook), [user_error], '~q', file_scope:[found_eof_hook((t_l:eof_hook('/var/lib/jenkins/workspace/logicmoo_workspace@2/packs_sys/pfc/t/sanity_base/min_fail_01.pl', ... : ...):-true))]), prolog_debug:nb_delete(prolog_debug_printing))
   Exit: (46) [prolog_debug] prolog_debug:print_debug(logicmoo(found_eof_hook), [user_error], '~q', file_scope:[found_eof_hook((t_l:eof_hook('/var/lib/jenkins/workspace/logicmoo_workspace@2/packs_sys/pfc/t/sanity_base/min_fail_01.pl', file_scope:set_prolog_flag(..., ...)):-true))])
^  Exit: (45) [prolog_debug] debug(logicmoo(found_eof_hook), '~q', file_scope:[found_eof_hook((t_l:eof_hook('/var/lib/jenkins/workspace/logicmoo_workspace@2/packs_sys/pfc/t/sanity_base/min_fail_01.pl', file_scope:set_prolog_flag(dialect_pfc, default)):-true))])
^  Exit: (44) [file_scope] first:qdmsg(found_eof_hook((t_l:eof_hook('/var/lib/jenkins/workspace/logicmoo_workspace@2/packs_sys/pfc/t/sanity_base/min_fail_01.pl', file_scope:set_prolog_flag(dialect_pfc, default)):-true)))
^  Call: (44) [file_scope] doall(forall(true,  (qdmsg(call_eof_hook(user:on_f_log_ignore(t_l:eof_hook('/var/lib/jenkins/workspace/logicmoo_workspace@2/packs_sys/pfc/t/sanity_base/min_fail_01.pl', ... : ...)))), show_failure(signal_eom(user), user:on_f_log_ignore(file_scope:set_prolog_flag(dialect_pfc, default))))))
^  Unify: (44) [logicmoo_util_terms] doall(file_scope:forall(true,  (qdmsg(call_eof_hook(user:on_f_log_ignore(t_l:eof_hook(..., ...)))), show_failure(signal_eom(user), user:on_f_log_ignore(file_scope:set_prolog_flag(dialect_pfc, default))))))
^  Call: (45) [file_scope] ignore(file_scope:(forall(true,  (qdmsg(call_eof_hook(user:on_f_log_ignore(... : ...))), show_failure(signal_eom(user), user:on_f_log_ignore(file_scope:set_prolog_flag(..., ...))))), fail))
^  Unify: (45) [system] ignore(file_scope:(forall(true,  (qdmsg(call_eof_hook(user:on_f_log_ignore(... : ...))), show_failure(signal_eom(user), user:on_f_log_ignore(file_scope:set_prolog_flag(..., ...))))), fail))
^  Call: (47) [file_scope] forall(true,  (qdmsg(call_eof_hook(user:on_f_log_ignore(t_l:eof_hook('/var/lib/jenkins/workspace/logicmoo_workspace@2/packs_sys/pfc/t/sanity_base/min_fail_01.pl', file_scope:set_prolog_flag(..., ...))))), show_failure(signal_eom(user), user:on_f_log_ignore(file_scope:set_prolog_flag(dialect_pfc, default)))))
^  Unify: (47) [$apply] forall(file_scope:true, file_scope:(qdmsg(call_eof_hook(user:on_f_log_ignore(t_l:eof_hook('/var/lib/jenkins/workspace/logicmoo_workspace@2/packs_sys/pfc/t/sanity_base/min_fail_01.pl', ... : ...)))), show_failure(signal_eom(user), user:on_f_log_ignore(file_scope:set_prolog_flag(dialect_pfc, default)))))
   Call: (48) [system] true
   Exit: (48) [system] true
^  Call: (49) [file_scope] first:qdmsg(call_eof_hook(user:on_f_log_ignore(t_l:eof_hook('/var/lib/jenkins/workspace/logicmoo_workspace@2/packs_sys/pfc/t/sanity_base/min_fail_01.pl', file_scope:set_prolog_flag(dialect_pfc, default)))))
^  Unify: (49) [file_scope] first:qdmsg(call_eof_hook(user:on_f_log_ignore(t_l:eof_hook('/var/lib/jenkins/workspace/logicmoo_workspace@2/packs_sys/pfc/t/sanity_base/min_fail_01.pl', file_scope:set_prolog_flag(dialect_pfc, default)))))
   Call: (50) [system] current_prolog_flag(dmsg_level, never)
   Fail: (50) [system] current_prolog_flag(dmsg_level, never)
^  Redo: (49) [file_scope] first:qdmsg(call_eof_hook(user:on_f_log_ignore(t_l:eof_hook('/var/lib/jenkins/workspace/logicmoo_workspace@2/packs_sys/pfc/t/sanity_base/min_fail_01.pl', file_scope:set_prolog_flag(dialect_pfc, default)))))
^  Unify: (49) [file_scope] first:qdmsg(call_eof_hook(user:on_f_log_ignore(t_l:eof_hook('/var/lib/jenkins/workspace/logicmoo_workspace@2/packs_sys/pfc/t/sanity_base/min_fail_01.pl', file_scope:set_prolog_flag(dialect_pfc, default)))))
^  Call: (50) [file_scope] first:cfunctor(call_eof_hook(user:on_f_log_ignore(t_l:eof_hook('/var/lib/jenkins/workspace/logicmoo_workspace@2/packs_sys/pfc/t/sanity_base/min_fail_01.pl', file_scope:set_prolog_flag(dialect_pfc, default)))), _50662, _50724)
^  Unify: (50) [file_scope] first:cfunctor(call_eof_hook(user:on_f_log_ignore(t_l:eof_hook('/var/lib/jenkins/workspace/logicmoo_workspace@2/packs_sys/pfc/t/sanity_base/min_fail_01.pl', file_scope:set_prolog_flag(dialect_pfc, default)))), _50662, _51352)
   Call: (51) [system] compound_name_arity(call_eof_hook(user:on_f_log_ignore(t_l:eof_hook('/var/lib/jenkins/workspace/logicmoo_workspace@2/packs_sys/pfc/t/sanity_base/min_fail_01.pl', file_scope:set_prolog_flag(dialect_pfc, default)))), _50662, _51920)
   Exit: (51) [system] compound_name_arity(call_eof_hook(user:on_f_log_ignore(t_l:eof_hook('/var/lib/jenkins/workspace/logicmoo_workspace@2/packs_sys/pfc/t/sanity_base/min_fail_01.pl', file_scope:set_prolog_flag(dialect_pfc, default)))), call_eof_hook, 1)
^  Exit: (50) [file_scope] first:cfunctor(call_eof_hook(user:on_f_log_ignore(t_l:eof_hook('/var/lib/jenkins/workspace/logicmoo_workspace@2/packs_sys/pfc/t/sanity_base/min_fail_01.pl', file_scope:set_prolog_flag(dialect_pfc, default)))), call_eof_hook, 1)
^  Call: (50) [file_scope] debug(logicmoo(call_eof_hook), '~q', [call_eof_hook(user:on_f_log_ignore(t_l:eof_hook('/var/lib/jenkins/workspace/logicmoo_workspace@2/packs_sys/pfc/t/sanity_base/min_fail_01.pl', file_scope:set_prolog_flag(dialect_pfc, default))))])
^  Unify: (50) [prolog_debug] debug(logicmoo(call_eof_hook), '~q', file_scope:[call_eof_hook(user:on_f_log_ignore(t_l:eof_hook('/var/lib/jenkins/workspace/logicmoo_workspace@2/packs_sys/pfc/t/sanity_base/min_fail_01.pl', file_scope:set_prolog_flag(..., ...))))])
   Call: (51) [prolog_debug] debugging(logicmoo(call_eof_hook), true, _55122)
   Unify: (51) [prolog_debug] debugging(logicmoo(call_eof_hook), true, [])
   Call: (52) [system] current_prolog_flag(nodebugx, true)
   Redo: (51) [bugger] debugging(logicmoo(call_eof_hook), true, _55122)
   Unify: (51) [bugger] debugging(logicmoo(call_eof_hook), true, _55122)
^  Call: (52) [bugger] bugger:debugging_logicmoo_setting(logicmoo(call_eof_hook), true, _55122)
^  Unify: (52) [bugger] bugger:debugging_logicmoo_setting(logicmoo(call_eof_hook), true, [user_error])
^  Exit: (52) [bugger] bugger:debugging_logicmoo_setting(logicmoo(call_eof_hook), true, [user_error])
   Exit: (51) [bugger] debugging(logicmoo(call_eof_hook), true, [user_error])
   Call: (51) [prolog_debug] prolog_debug:print_debug(logicmoo(call_eof_hook), [user_error], '~q', file_scope:[call_eof_hook(user:on_f_log_ignore(t_l:eof_hook('/var/lib/jenkins/workspace/logicmoo_workspace@2/packs_sys/pfc/t/sanity_base/min_fail_01.pl', ... : ...)))])
   Unify: (51) [prolog_debug] prolog_debug:print_debug(logicmoo(call_eof_hook), [user_error], '~q', file_scope:[call_eof_hook(user:on_f_log_ignore(t_l:eof_hook('/var/lib/jenkins/workspace/logicmoo_workspace@2/packs_sys/pfc/t/sanity_base/min_fail_01.pl', ... : ...)))])
   Call: (52) [system] nb_current(prolog_debug_printing, true)
   Redo: (51) [prolog_debug] prolog_debug:print_debug(logicmoo(call_eof_hook), [user_error], '~q', file_scope:[call_eof_hook(user:on_f_log_ignore(t_l:eof_hook('/var/lib/jenkins/workspace/logicmoo_workspace@2/packs_sys/pfc/t/sanity_base/min_fail_01.pl', ... : ...)))])
   Unify: (51) [prolog_debug] prolog_debug:print_debug(logicmoo(call_eof_hook), [user_error], '~q', file_scope:[call_eof_hook(user:on_f_log_ignore(t_l:eof_hook('/var/lib/jenkins/workspace/logicmoo_workspace@2/packs_sys/pfc/t/sanity_base/min_fail_01.pl', ... : ...)))])
^  Call: (52) [prolog_debug] setup_call_cleanup(nb_setval(prolog_debug_printing, true), print_debug_guarded(logicmoo(call_eof_hook), [user_error], '~q', file_scope:[call_eof_hook(user:on_f_log_ignore(t_l:eof_hook('/var/lib/jenkins/workspace/logicmoo_workspace@2/packs_sys/pfc/t/sanity_base/min_fail_01.pl', ... : ...)))]), nb_delete(prolog_debug_printing))
^  Unify: (52) [system] setup_call_cleanup(prolog_debug:nb_setval(prolog_debug_printing, true), prolog_debug:print_debug_guarded(logicmoo(call_eof_hook), [user_error], '~q', file_scope:[call_eof_hook(user:on_f_log_ignore(t_l:eof_hook(..., ...)))]), prolog_debug:nb_delete(prolog_debug_printing))
^  Call: (53) [system] setup_call_catcher_cleanup(prolog_debug:nb_setval(prolog_debug_printing, true), prolog_debug:print_debug_guarded(logicmoo(call_eof_hook), [user_error], '~q', file_scope:[call_eof_hook(user:on_f_log_ignore(t_l:eof_hook(..., ...)))]), _65358, prolog_debug:nb_delete(prolog_debug_printing))
^  Unify: (53) [system] setup_call_catcher_cleanup(prolog_debug:nb_setval(prolog_debug_printing, true), prolog_debug:print_debug_guarded(logicmoo(call_eof_hook), [user_error], '~q', file_scope:[call_eof_hook(user:on_f_log_ignore(t_l:eof_hook(..., ...)))]), _65990, prolog_debug:nb_delete(prolog_debug_printing))
   Call: (56) [$syspreds] nb_setval(prolog_debug_printing, true)
   Unify: (56) [$syspreds] nb_setval(prolog_debug_printing, true)
   Call: (57) [system] duplicate_term(true, _67798)
   Exit: (57) [system] duplicate_term(true, true)
   Call: (57) [system] nb_linkval(prolog_debug_printing, true)
   Exit: (57) [system] nb_linkval(prolog_debug_printing, true)
   Exit: (56) [$syspreds] nb_setval(prolog_debug_printing, true)
   Call: (54) [prolog_debug] prolog_debug:print_debug_guarded(logicmoo(call_eof_hook), [user_error], '~q', file_scope:[call_eof_hook(user:on_f_log_ignore(t_l:eof_hook('/var/lib/jenkins/workspace/logicmoo_workspace@2/packs_sys/pfc/t/sanity_base/min_fail_01.pl', ... : ...)))])
   Unify: (54) [prolog_debug] prolog_debug:print_debug_guarded(logicmoo(call_eof_hook), [user_error], '~q', file_scope:[call_eof_hook(user:on_f_log_ignore(t_l:eof_hook('/var/lib/jenkins/workspace/logicmoo_workspace@2/packs_sys/pfc/t/sanity_base/min_fail_01.pl', ... : ...)))])
   Call: (55) [prolog] prolog:debug_print_hook(logicmoo(call_eof_hook), '~q', file_scope:[call_eof_hook(user:on_f_log_ignore(t_l:eof_hook('/var/lib/jenkins/workspace/logicmoo_workspace@2/packs_sys/pfc/t/sanity_base/min_fail_01.pl', ... : ...)))])
   Fail: (55) [prolog] prolog:debug_print_hook(logicmoo(call_eof_hook), '~q', file_scope:[call_eof_hook(user:on_f_log_ignore(t_l:eof_hook('/var/lib/jenkins/workspace/logicmoo_workspace@2/packs_sys/pfc/t/sanity_base/min_fail_01.pl', ... : ...)))])
   Redo: (54) [prolog_debug] prolog_debug:print_debug_guarded(logicmoo(call_eof_hook), [user_error], '~q', file_scope:[call_eof_hook(user:on_f_log_ignore(t_l:eof_hook('/var/lib/jenkins/workspace/logicmoo_workspace@2/packs_sys/pfc/t/sanity_base/min_fail_01.pl', ... : ...)))])
   Unify: (54) [prolog_debug] prolog_debug:print_debug_guarded(logicmoo(call_eof_hook), [user_error], '~q', file_scope:[call_eof_hook(user:on_f_log_ignore(t_l:eof_hook('/var/lib/jenkins/workspace/logicmoo_workspace@2/packs_sys/pfc/t/sanity_base/min_fail_01.pl', ... : ...)))])
^  Call: (55) [prolog_debug] phrase('$messages':translate_message(debug('~q', file_scope:[call_eof_hook(user:on_f_log_ignore(... : ...))])), _74654)
^  Unify: (55) [$dcg] phrase('$messages':translate_message(debug('~q', file_scope:[call_eof_hook(user:on_f_log_ignore(... : ...))])), _74654)
^  Call: (56) [$dcg] phrase('$messages':translate_message(debug('~q', file_scope:[call_eof_hook(user:on_f_log_ignore(... : ...))])), _74654, [])
^  Unify: (56) [$dcg] phrase('$messages':translate_message(debug('~q', file_scope:[call_eof_hook(user:on_f_log_ignore(... : ...))])), _74654, [])
   Call: (57) [$dcg] phrase_input(_74654)
   Unify: (57) [$dcg] phrase_input(_74654)
   Call: (58) [system] var(_74654)
   Exit: (58) [system] var(_74654)
   Exit: (57) [$dcg] phrase_input(_74654)
   Call: (57) [$dcg] phrase_input([])
   Unify: (57) [$dcg] phrase_input([])
   Call: (58) [system] var([])
   Redo: (57) [$dcg] phrase_input([])
   Unify: (57) [$dcg] phrase_input([])
   Exit: (57) [$dcg] phrase_input([])
^  Call: (57) [$dcg] call_dcg('$messages':translate_message(debug('~q', file_scope:[call_eof_hook(user:on_f_log_ignore(... : ...))])), _74654, [])
^  Unify: (57) [$dcg] call_dcg('$messages':translate_message(debug('~q', file_scope:[call_eof_hook(user:on_f_log_ignore(... : ...))])), _74654, [])
^  Call: (58) [$dcg] strip_module('$messages':translate_message(debug('~q', file_scope:[call_eof_hook(user:on_f_log_ignore(... : ...))])), _85170, _85172)
^  Exit: (58) [$dcg] strip_module('$messages':translate_message(debug('~q', file_scope:[call_eof_hook(user:on_f_log_ignore(... : ...))])), '$messages', translate_message(debug('~q', file_scope:[call_eof_hook(user:on_f_log_ignore(t_l:eof_hook(..., ...)))])))
   Call: (58) [system] nonvar(translate_message(debug('~q', file_scope:[call_eof_hook(user:on_f_log_ignore(t_l:eof_hook(..., ...)))])))
   Exit: (58) [system] nonvar(translate_message(debug('~q', file_scope:[call_eof_hook(user:on_f_log_ignore(t_l:eof_hook(..., ...)))])))
   Call: (58) [$dcg] dcg_special(translate_message(debug('~q', file_scope:[call_eof_hook(user:on_f_log_ignore(t_l:eof_hook(..., ...)))])))
   Unify: (58) [$dcg] dcg_special(translate_message(debug('~q', file_scope:[call_eof_hook(user:on_f_log_ignore(t_l:eof_hook(..., ...)))])))
^  Redo: (57) [$dcg] call_dcg('$messages':translate_message(debug('~q', file_scope:[call_eof_hook(user:on_f_log_ignore(... : ...))])), _74654, [])
   Call: (58) [$messages] translate_message(debug('~q', file_scope:[call_eof_hook(user:on_f_log_ignore(t_l:eof_hook('/var/lib/jenkins/workspace/logicmoo_workspace@2/packs_sys/pfc/t/sanity_base/min_fail_01.pl', ... : ...)))]), _74654, [])
   Unify: (58) [$messages] translate_message(debug('~q', file_scope:[call_eof_hook(user:on_f_log_ignore(t_l:eof_hook('/var/lib/jenkins/workspace/logicmoo_workspace@2/packs_sys/pfc/t/sanity_base/min_fail_01.pl', ... : ...)))]), _74654, [])
   Call: (59) [$messages] translate_message2(debug('~q', file_scope:[call_eof_hook(user:on_f_log_ignore(t_l:eof_hook('/var/lib/jenkins/workspace/logicmoo_workspace@2/packs_sys/pfc/t/sanity_base/min_fail_01.pl', ... : ...)))]), _74654, _90758)
   Unify: (59) [$messages] translate_message2(debug('~q', file_scope:[call_eof_hook(user:on_f_log_ignore(t_l:eof_hook('/var/lib/jenkins/workspace/logicmoo_workspace@2/packs_sys/pfc/t/sanity_base/min_fail_01.pl', ... : ...)))]), _74654, _90758)
   Call: (60) [system] var(debug('~q', file_scope:[call_eof_hook(user:on_f_log_ignore(t_l:eof_hook('/var/lib/jenkins/workspace/logicmoo_workspace@2/packs_sys/pfc/t/sanity_base/min_fail_01.pl', ... : ...)))]))
   Redo: (59) [$messages] translate_message2(debug('~q', file_scope:[call_eof_hook(user:on_f_log_ignore(t_l:eof_hook('/var/lib/jenkins/workspace/logicmoo_workspace@2/packs_sys/pfc/t/sanity_base/min_fail_01.pl', ... : ...)))]), _74654, _90758)
   Unify: (59) [$messages] translate_message2(debug('~q', file_scope:[call_eof_hook(user:on_f_log_ignore(t_l:eof_hook('/var/lib/jenkins/workspace/logicmoo_workspace@2/packs_sys/pfc/t/sanity_base/min_fail_01.pl', ... : ...)))]), _74654, _90758)
   Exit: (59) [$messages] translate_message2(debug('~q', file_scope:[call_eof_hook(user:on_f_log_ignore(t_l:eof_hook('/var/lib/jenkins/workspace/logicmoo_workspace@2/packs_sys/pfc/t/sanity_base/min_fail_01.pl', ... : ...)))]), ['~q'-(file_scope:[call_eof_hook(user:on_f_log_ignore(t_l:eof_hook(..., ...)))])|_90758], _90758)
   Call: (59) [system] []=_90758
   Exit: (59) [system] []=[]
   Exit: (58) [$messages] translate_message(debug('~q', file_scope:[call_eof_hook(user:on_f_log_ignore(t_l:eof_hook('/var/lib/jenkins/workspace/logicmoo_workspace@2/packs_sys/pfc/t/sanity_base/min_fail_01.pl', ... : ...)))]), ['~q'-(file_scope:[call_eof_hook(user:on_f_log_ignore(t_l:eof_hook(..., ...)))])], [])
^  Exit: (57) [$dcg] call_dcg('$messages':translate_message(debug('~q', file_scope:[call_eof_hook(user:on_f_log_ignore(... : ...))])), ['~q'-(file_scope:[call_eof_hook(user:on_f_log_ignore(t_l:eof_hook(..., ...)))])], [])
^  Exit: (56) [$dcg] phrase('$messages':translate_message(debug('~q', file_scope:[call_eof_hook(user:on_f_log_ignore(... : ...))])), ['~q'-(file_scope:[call_eof_hook(user:on_f_log_ignore(t_l:eof_hook(..., ...)))])], [])
^  Exit: (55) [$dcg] phrase('$messages':translate_message(debug('~q', file_scope:[call_eof_hook(user:on_f_log_ignore(... : ...))])), ['~q'-(file_scope:[call_eof_hook(user:on_f_log_ignore(t_l:eof_hook(..., ...)))])])
   Call: (55) [lists] lists:member(_98234, [user_error])
   Unify: (55) [lists] lists:member(_98234, [user_error])
   Call: (56) [lists] lists:member_([], _98234, user_error)
   Unify: (56) [lists] lists:member_([], user_error, user_error)
   Exit: (56) [lists] lists:member_([], user_error, user_error)
   Exit: (55) [lists] lists:member(user_error, [user_error])
   Call: (55) [prolog_debug] prolog_debug:debug_output(user_error, _101956)
   Unify: (55) [prolog_debug] prolog_debug:debug_output(user_error, user_error)
   Call: (56) [system] is_stream(user_error)
   Exit: (56) [system] is_stream(user_error)
   Exit: (55) [prolog_debug] prolog_debug:debug_output(user_error, user_error)
^  Call: (55) [prolog_debug] with_output_to(user_error, print_message_lines(current_output, kind(debug(logicmoo(call_eof_hook))), ['~q'-(file_scope:[call_eof_hook(user:on_f_log_ignore(... : ...))])]))
   Call: (57) [$messages] print_message_lines(current_output, kind(debug(logicmoo(call_eof_hook))), ['~q'-(file_scope:[call_eof_hook(user:on_f_log_ignore(t_l:eof_hook(..., ...)))])])
   Unify: (57) [$messages] print_message_lines(current_output, kind(debug(logicmoo(call_eof_hook))), ['~q'-(file_scope:[call_eof_hook(user:on_f_log_ignore(t_l:eof_hook(..., ...)))])])
   Call: (58) [$messages] msg_property(debug(logicmoo(call_eof_hook)), prefix(_106926))
   Unify: (58) [$messages] msg_property(debug(logicmoo(call_eof_hook)), prefix(_106926))
   Redo: (58) [$messages] msg_property(debug(logicmoo(call_eof_hook)), prefix(_106926))
   Unify: (58) [$messages] msg_property(debug(logicmoo(call_eof_hook)), prefix(_106926))
   Call: (59) [$messages] msg_prefix(debug(logicmoo(call_eof_hook)), _106926)
   Unify: (59) [$messages] msg_prefix(debug(logicmoo(call_eof_hook)), _106926)
   Call: (60) [$messages] msg_context('~N% ', _106926)
   Unify: (60) [$messages] msg_context('~N% ', _106926)
   Call: (61) [system] current_prolog_flag(message_context, _111872)
   Exit: (61) [system] current_prolog_flag(message_context, [thread])
   Call: (61) [system] is_list([thread])
   Exit: (61) [system] is_list([thread])
   Call: (61) [$messages] add_message_context([thread], '~N% ', _106926)
   Unify: (61) [$messages] add_message_context([thread], '~N% ', _106926)
   Call: (62) [$messages] add_message_context1(thread, '~N% ', _115588)
   Unify: (62) [$messages] add_message_context1(thread, '~N% ', _115588)
   Call: (63) [prolog] prolog:message_prefix_hook(thread, _116834)
   Fail: (63) [prolog] prolog:message_prefix_hook(thread, _116834)
   Redo: (62) [$messages] add_message_context1(thread, '~N% ', _115588)
   Unify: (62) [$messages] add_message_context1(thread, '~N% ', _115588)
   Call: (63) [system] thread_self(_119316)
   Exit: (63) [system] thread_self(main)
   Call: (63) [system] main\==main
   Redo: (61) [$messages] add_message_context([thread], '~N% ', _106926)
   Call: (62) [system] _121786='~N% '
   Exit: (62) [system] '~N% '='~N% '
   Call: (62) [$messages] add_message_context([], '~N% ', _106926)
   Unify: (62) [$messages] add_message_context([], '~N% ', '~N% ')
   Exit: (62) [$messages] add_message_context([], '~N% ', '~N% ')
   Exit: (61) [$messages] add_message_context([thread], '~N% ', '~N% ')
   Exit: (60) [$messages] msg_context('~N% ', '~N% ')
   Exit: (59) [$messages] msg_prefix(debug(logicmoo(call_eof_hook)), '~N% ')
   Exit: (58) [$messages] msg_property(debug(logicmoo(call_eof_hook)), prefix('~N% '))
   Call: (58) [$messages] insert_prefix(['~q'-(file_scope:[call_eof_hook(user:on_f_log_ignore(t_l:eof_hook(..., ...)))])], '~N% ', _127366, _127368)
   Unify: (58) [$messages] insert_prefix(['~q'-(file_scope:[call_eof_hook(user:on_f_log_ignore(t_l:eof_hook(..., ...)))])], '~N% ', _127366, [prefix('~N% ')|_128000])
   Call: (59) [$messages] prefix_nl(['~q'-(file_scope:[call_eof_hook(user:on_f_log_ignore(t_l:eof_hook(..., ...)))])], '~N% ', _127366, _128000)
   Unify: (59) [$messages] prefix_nl(['~q'-(file_scope:[call_eof_hook(user:on_f_log_ignore(t_l:eof_hook(..., ...)))])], '~N% ', _127366, ['~q'-(file_scope:[call_eof_hook(user:on_f_log_ignore(t_l:eof_hook(..., ...)))])|_129262])
   Call: (60) [$messages] prefix_nl([], '~N% ', _127366, _129262)
   Unify: (60) [$messages] prefix_nl([], '~N% ', _816, [nl])
   Exit: (60) [$messages] prefix_nl([], '~N% ', _816, [nl])
   Exit: (59) [$messages] prefix_nl(['~q'-(file_scope:[call_eof_hook(user:on_f_log_ignore(t_l:eof_hook(..., ...)))])], '~N% ', _816, ['~q'-(file_scope:[call_eof_hook(user:on_f_log_ignore(t_l:eof_hook(..., ...)))]), nl])
   Exit: (58) [$messages] insert_prefix(['~q'-(file_scope:[call_eof_hook(user:on_f_log_ignore(t_l:eof_hook(..., ...)))])], '~N% ', _816, [prefix('~N% '), '~q'-(file_scope:[call_eof_hook(user:on_f_log_ignore(... : ...))]), nl])
   Call: (58) [$messages] print_message_lines(current_output, [begin(debug(logicmoo(call_eof_hook)), _816), prefix('~N% '), '~q'-(file_scope:[call_eof_hook(user:on_f_log_ignore(...))]), nl, end(_816)])
   Unify: (58) [$messages] print_message_lines(current_output, [begin(debug(logicmoo(call_eof_hook)), _816), prefix('~N% '), '~q'-(file_scope:[call_eof_hook(user:on_f_log_ignore(...))]), nl, end(_816)])
^  Call: (59) [$messages] with_output_to(current_output, notrace(print_message_lines_guarded(current_output, [begin(debug(logicmoo(call_eof_hook)), _816), prefix('~N% '), '~q'-(file_scope:[call_eof_hook(...)]), nl, end(_816)])))
% call_eof_hook(user:on_f_log_ignore(t_l:eof_hook('/var/lib/jenkins/workspace/logicmoo_workspace@2/packs_sys/pfc/t/sanity_base/min_fail_01.pl',file_scope:set_prolog_flag(dialect_pfc,default))))
^  Exit: (59) [$messages] with_output_to(current_output, notrace(print_message_lines_guarded(current_output, [begin(debug(logicmoo(call_eof_hook)), _816), prefix('~N% '), '~q'-(file_scope:[call_eof_hook(...)]), nl, end(_816)])))
   Exit: (58) [$messages] print_message_lines(current_output, [begin(debug(logicmoo(call_eof_hook)), _816), prefix('~N% '), '~q'-(file_scope:[call_eof_hook(user:on_f_log_ignore(...))]), nl, end(_816)])
   Exit: (57) [$messages] print_message_lines(current_output, kind(debug(logicmoo(call_eof_hook))), ['~q'-(file_scope:[call_eof_hook(user:on_f_log_ignore(t_l:eof_hook(..., ...)))])])
^  Exit: (55) [prolog_debug] with_output_to(user_error, print_message_lines(current_output, kind(debug(logicmoo(call_eof_hook))), ['~q'-(file_scope:[call_eof_hook(user:on_f_log_ignore(... : ...))])]))
   Call: (55) [system] fail
   Redo: (54) [prolog_debug] prolog_debug:print_debug_guarded(logicmoo(call_eof_hook), [user_error], '~q', file_scope:[call_eof_hook(user:on_f_log_ignore(t_l:eof_hook('/var/lib/jenkins/workspace/logicmoo_workspace@2/packs_sys/pfc/t/sanity_base/min_fail_01.pl', ... : ...)))])
   Call: (55) [system] true
   Exit: (55) [system] true
   Exit: (54) [prolog_debug] prolog_debug:print_debug_guarded(logicmoo(call_eof_hook), [user_error], '~q', file_scope:[call_eof_hook(user:on_f_log_ignore(t_l:eof_hook('/var/lib/jenkins/workspace/logicmoo_workspace@2/packs_sys/pfc/t/sanity_base/min_fail_01.pl', ... : ...)))])
   Call: (55) [system] nb_delete(prolog_debug_printing)
   Exit: (55) [system] nb_delete(prolog_debug_printing)
^  Exit: (53) [system] setup_call_catcher_cleanup(prolog_debug:nb_setval(prolog_debug_printing, true), prolog_debug:print_debug_guarded(logicmoo(call_eof_hook), [user_error], '~q', file_scope:[call_eof_hook(user:on_f_log_ignore(t_l:eof_hook(..., ...)))]), exit, prolog_debug:nb_delete(prolog_debug_printing))
^  Exit: (52) [system] setup_call_cleanup(prolog_debug:nb_setval(prolog_debug_printing, true), prolog_debug:print_debug_guarded(logicmoo(call_eof_hook), [user_error], '~q', file_scope:[call_eof_hook(user:on_f_log_ignore(t_l:eof_hook(..., ...)))]), prolog_debug:nb_delete(prolog_debug_printing))
   Exit: (51) [prolog_debug] prolog_debug:print_debug(logicmoo(call_eof_hook), [user_error], '~q', file_scope:[call_eof_hook(user:on_f_log_ignore(t_l:eof_hook('/var/lib/jenkins/workspace/logicmoo_workspace@2/packs_sys/pfc/t/sanity_base/min_fail_01.pl', ... : ...)))])
^  Exit: (50) [prolog_debug] debug(logicmoo(call_eof_hook), '~q', file_scope:[call_eof_hook(user:on_f_log_ignore(t_l:eof_hook('/var/lib/jenkins/workspace/logicmoo_workspace@2/packs_sys/pfc/t/sanity_base/min_fail_01.pl', file_scope:set_prolog_flag(..., ...))))])
^  Exit: (49) [file_scope] first:qdmsg(call_eof_hook(user:on_f_log_ignore(t_l:eof_hook('/var/lib/jenkins/workspace/logicmoo_workspace@2/packs_sys/pfc/t/sanity_base/min_fail_01.pl', file_scope:set_prolog_flag(dialect_pfc, default)))))
^  Call: (49) [file_scope] bugger:show_failure(signal_eom(user), user:on_f_log_ignore(file_scope:set_prolog_flag(dialect_pfc, default)))
^  Unify: (49) [file_scope] bugger:show_failure(signal_eom(user), user:on_f_log_ignore(file_scope:set_prolog_flag(dialect_pfc, default)))
^  Call: (50) [file_scope] one_must(dcall0(user:on_f_log_ignore(file_scope:set_prolog_flag(dialect_pfc, default))),  (nop(dumpST), debugm1(signal_eom(user), show_failed(signal_eom(user), user:on_f_log_ignore(file_scope:set_prolog_flag(dialect_pfc, default)))), nop(break), !, fail))
^  Unify: (50) [ucatch] one_must(file_scope:dcall0(user:on_f_log_ignore(file_scope:set_prolog_flag(dialect_pfc, default))), file_scope:(nop(dumpST), debugm1(signal_eom(user), show_failed(signal_eom(user), user:on_f_log_ignore(file_scope:set_prolog_flag(..., ...)))), nop(break), !, fail))
^  Call: (51) [file_scope] dcall0(user:on_f_log_ignore(file_scope:set_prolog_flag(dialect_pfc, default)))
^  Unify: (51) [bugger] dcall0(user:on_f_log_ignore(file_scope:set_prolog_flag(dialect_pfc, default)))
^  Call: (52) [user] on_f_log_ignore(file_scope:set_prolog_flag(dialect_pfc, default))
^  Unify: (52) [bugger] on_f_log_ignore(file_scope:set_prolog_flag(dialect_pfc, default))
^  Call: (53) [bugger] ignore(logOnFailure0(on_x_log_throw(file_scope:set_prolog_flag(dialect_pfc, default))))
^  Unify: (53) [system] ignore(bugger:logOnFailure0(on_x_log_throw(file_scope:set_prolog_flag(dialect_pfc, default))))
^  Call: (54) [bugger] logOnFailure0(on_x_log_throw(file_scope:set_prolog_flag(dialect_pfc, default)))
^  Unify: (54) [bugger] logOnFailure0(bugger:on_x_log_throw(file_scope:set_prolog_flag(dialect_pfc, default)))
^  Call: (55) [bugger] one_must(bugger:on_x_log_throw(file_scope:set_prolog_flag(dialect_pfc, default)),  (dmsg(on_f_log_fail(bugger:on_x_log_throw(file_scope:set_prolog_flag(dialect_pfc, default)))), fail))
^  Unify: (55) [ucatch] one_must(bugger:on_x_log_throw(file_scope:set_prolog_flag(dialect_pfc, default)), bugger:(dmsg(on_f_log_fail(bugger:on_x_log_throw(file_scope:set_prolog_flag(dialect_pfc, default)))), fail))
^  Call: (56) [bugger] on_x_log_throw(file_scope:set_prolog_flag(dialect_pfc, default))
^  Unify: (56) [ucatch] on_x_log_throw(file_scope:set_prolog_flag(dialect_pfc, default))
^  Call: (57) [ucatch] catchv(file_scope:set_prolog_flag(dialect_pfc, default), _25416,  (ddmsg(on_x_log_throw(_25416, file_scope:set_prolog_flag(dialect_pfc, default))), throw(_25416)))
^  Unify: (57) [ucatch] catchv(file_scope:set_prolog_flag(dialect_pfc, default), _25416, ucatch:(ddmsg(on_x_log_throw(_25416, file_scope:set_prolog_flag(dialect_pfc, default))), throw(_25416)))
   Call: (58) [system] nonvar(_25416)
^  Redo: (57) [ucatch] catchv(file_scope:set_prolog_flag(dialect_pfc, default), _25416, ucatch:(ddmsg(on_x_log_throw(_25416, file_scope:set_prolog_flag(dialect_pfc, default))), throw(_25416)))
   Call: (59) [system] set_prolog_flag(dialect_pfc, default)
   Exit: (59) [system] set_prolog_flag(dialect_pfc, default)
^  Exit: (57) [ucatch] catchv(file_scope:set_prolog_flag(dialect_pfc, default), _25416, ucatch:(ddmsg(on_x_log_throw(_25416, file_scope:set_prolog_flag(dialect_pfc, default))), throw(_25416)))
^  Exit: (56) [ucatch] on_x_log_throw(file_scope:set_prolog_flag(dialect_pfc, default))
   Call: (56) [system] true
   Exit: (56) [system] true
^  Exit: (55) [ucatch] one_must(bugger:on_x_log_throw(file_scope:set_prolog_flag(dialect_pfc, default)), bugger:(dmsg(on_f_log_fail(bugger:on_x_log_throw(file_scope:set_prolog_flag(dialect_pfc, default)))), fail))
^  Exit: (54) [bugger] logOnFailure0(bugger:on_x_log_throw(file_scope:set_prolog_flag(dialect_pfc, default)))
^  Exit: (53) [system] ignore(bugger:logOnFailure0(on_x_log_throw(file_scope:set_prolog_flag(dialect_pfc, default))))
^  Exit: (52) [bugger] on_f_log_ignore(file_scope:set_prolog_flag(dialect_pfc, default))
^  Exit: (51) [bugger] dcall0(user:on_f_log_ignore(file_scope:set_prolog_flag(dialect_pfc, default)))
   Call: (51) [system] true
   Exit: (51) [system] true
^  Exit: (50) [ucatch] one_must(file_scope:dcall0(user:on_f_log_ignore(file_scope:set_prolog_flag(dialect_pfc, default))), file_scope:(nop(dumpST), debugm1(signal_eom(user), show_failed(signal_eom(user), user:on_f_log_ignore(file_scope:set_prolog_flag(..., ...)))), nop(break), !, fail))
^  Exit: (49) [file_scope] bugger:show_failure(signal_eom(user), user:on_f_log_ignore(file_scope:set_prolog_flag(dialect_pfc, default)))
^  Exit: (47) [$apply] forall(file_scope:true, file_scope:(qdmsg(call_eof_hook(user:on_f_log_ignore(t_l:eof_hook('/var/lib/jenkins/workspace/logicmoo_workspace@2/packs_sys/pfc/t/sanity_base/min_fail_01.pl', ... : ...)))), show_failure(signal_eom(user), user:on_f_log_ignore(file_scope:set_prolog_flag(dialect_pfc, default)))))
   Call: (47) [system] fail
   Fail: (47) [system] fail
^  Redo: (45) [system] ignore(file_scope:(forall(true,  (qdmsg(call_eof_hook(user:on_f_log_ignore(... : ...))), show_failure(signal_eom(user), user:on_f_log_ignore(file_scope:set_prolog_flag(..., ...))))), fail))
^  Unify: (45) [system] ignore(file_scope:(forall(true,  (qdmsg(call_eof_hook(user:on_f_log_ignore(... : ...))), show_failure(signal_eom(user), user:on_f_log_ignore(file_scope:set_prolog_flag(..., ...))))), fail))
^  Exit: (45) [system] ignore(file_scope:(forall(true,  (qdmsg(call_eof_hook(user:on_f_log_ignore(... : ...))), show_failure(signal_eom(user), user:on_f_log_ignore(file_scope:set_prolog_flag(..., ...))))), fail))
^  Exit: (44) [logicmoo_util_terms] doall(file_scope:forall(true,  (qdmsg(call_eof_hook(user:on_f_log_ignore(t_l:eof_hook(..., ...)))), show_failure(signal_eom(user), user:on_f_log_ignore(file_scope:set_prolog_flag(dialect_pfc, default))))))
^  Call: (44) [file_scope] ignore(erase(<clause>(0x55dcceffd340)))
^  Unify: (44) [system] ignore(file_scope:erase(<clause>(0x55dcceffd340)))
   Call: (45) [system] erase(<clause>(0x55dcceffd340))
   Exit: (45) [system] erase(<clause>(0x55dcceffd340))
^  Exit: (44) [system] ignore(file_scope:erase(<clause>(0x55dcceffd340)))
^  Exit: (42) [$apply] forall(file_scope:clause(t_l:eof_hook('/var/lib/jenkins/workspace/logicmoo_workspace@2/packs_sys/pfc/t/sanity_base/min_fail_01.pl', _550), _562, _564), file_scope:(qdmsg(found_eof_hook((t_l:eof_hook('/var/lib/jenkins/workspace/logicmoo_workspace@2/packs_sys/pfc/t/sanity_base/min_fail_01.pl', _550):-_562))), doall(forall(_562,  (qdmsg(call_eof_hook(... : ...)), show_failure(signal_eom(user), user:on_f_log_ignore(...))))), ignore(erase(_564))))
   Call: (42) [system] true
   Exit: (42) [system] true
^  Exit: (41) [must_sanity] must(file_scope:forall(clause(t_l:eof_hook('/var/lib/jenkins/workspace/logicmoo_workspace@2/packs_sys/pfc/t/sanity_base/min_fail_01.pl', _550), _562, _564),  (qdmsg(found_eof_hook((t_l:eof_hook('/var/lib/jenkins/workspace/logicmoo_workspace@2/packs_sys/pfc/t/sanity_base/min_fail_01.pl', _550):-_562))), doall(forall(_562,  (qdmsg(call_eof_hook(...)), show_failure(signal_eom(...), ... : ...)))), ignore(erase(_564)))))
   Call: (41) [system] fail
   Fail: (41) [system] fail
^  Redo: (40) [file_scope] file_scope:do_eof_actions(user, '/var/lib/jenkins/workspace/logicmoo_workspace@2/packs_sys/pfc/t/sanity_base/min_fail_01.pl')
^  Unify: (40) [file_scope] file_scope:do_eof_actions(user, '/var/lib/jenkins/workspace/logicmoo_workspace@2/packs_sys/pfc/t/sanity_base/min_fail_01.pl')
   Call: (41) [must_sanity] nop(dmsg(do_eof_actions(user, '/var/lib/jenkins/workspace/logicmoo_workspace@2/packs_sys/pfc/t/sanity_base/min_fail_01.pl')))
   Unify: (41) [must_sanity] nop(dmsg(do_eof_actions(user, '/var/lib/jenkins/workspace/logicmoo_workspace@2/packs_sys/pfc/t/sanity_base/min_fail_01.pl')))
   Exit: (41) [must_sanity] nop(dmsg(do_eof_actions(user, '/var/lib/jenkins/workspace/logicmoo_workspace@2/packs_sys/pfc/t/sanity_base/min_fail_01.pl')))
^  Exit: (40) [file_scope] file_scope:do_eof_actions(user, '/var/lib/jenkins/workspace/logicmoo_workspace@2/packs_sys/pfc/t/sanity_base/min_fail_01.pl')
   Call: (40) [system] fail
   Fail: (40) [system] fail
^  Redo: (39) [file_scope] file_scope:signal_eof('/var/lib/jenkins/workspace/logicmoo_workspace@2/packs_sys/pfc/t/sanity_base/min_fail_01.pl')
^  Unify: (39) [file_scope] file_scope:signal_eof('/var/lib/jenkins/workspace/logicmoo_workspace@2/packs_sys/pfc/t/sanity_base/min_fail_01.pl')
   Call: (40) [$syspreds] prolog_load_context(source, '/var/lib/jenkins/workspace/logicmoo_workspace@2/packs_sys/pfc/t/sanity_base/min_fail_01.pl')
   Unify: (40) [$syspreds] prolog_load_context(source, '/var/lib/jenkins/workspace/logicmoo_workspace@2/packs_sys/pfc/t/sanity_base/min_fail_01.pl')
   Call: (41) [$syspreds] input_file(_56128)
   Unify: (41) [$syspreds] input_file(_56128)
   Call: (42) [system] stream_property(<stream>(0x55dcceaaae00), file_name(_56128))
   Unify: (42) [system] stream_property(<stream>(0x55dcceaaae00), file_name(_56128))
   Call: (43) [system] nonvar(<stream>(0x55dcceaaae00))
   Exit: (43) [system] nonvar(<stream>(0x55dcceaaae00))
   Call: (43) [system] nonvar(file_name(_56128))
   Exit: (43) [system] nonvar(file_name(_56128))
   Exit: (42) [system] stream_property(<stream>(0x55dcceaaae00), file_name('/var/lib/jenkins/workspace/logicmoo_workspace@2/packs_sys/pfc/t/sanity_base/min_fail_01.pl'))
   Exit: (41) [$syspreds] input_file('/var/lib/jenkins/workspace/logicmoo_workspace@2/packs_sys/pfc/t/sanity_base/min_fail_01.pl')
   Exit: (40) [$syspreds] prolog_load_context(source, '/var/lib/jenkins/workspace/logicmoo_workspace@2/packs_sys/pfc/t/sanity_base/min_fail_01.pl')
^  Call: (40) [file_scope] must(prolog_load_context(module, _62928))
^  Unify: (40) [must_sanity] must(file_scope:prolog_load_context(module, _62928))
   Call: (41) [$syspreds] prolog_load_context(module, _62928)
   Unify: (41) [$syspreds] prolog_load_context(module, _62928)
   Exit: (41) [$syspreds] prolog_load_context(module, user)
   Call: (41) [system] true
   Exit: (41) [system] true
^  Exit: (40) [must_sanity] must(file_scope:prolog_load_context(module, user))
^  Call: (40) [file_scope] must(signal_eom(user))
^  Unify: (40) [must_sanity] must(file_scope:signal_eom(user))
^  Call: (41) [file_scope] file_scope:signal_eom(user)
^  Unify: (41) [file_scope] file_scope:signal_eom(user)
^  Exit: (41) [file_scope] file_scope:signal_eom(user)
   Call: (41) [system] true
   Exit: (41) [system] true
^  Exit: (40) [must_sanity] must(file_scope:signal_eom(user))
^  Exit: (39) [file_scope] file_scope:signal_eof('/var/lib/jenkins/workspace/logicmoo_workspace@2/packs_sys/pfc/t/sanity_base/min_fail_01.pl')
   Call: (39) [system] true
   Exit: (39) [system] true
^  Exit: (38) [file_scope] l_once(file_scope:signal_eof('/var/lib/jenkins/workspace/logicmoo_workspace@2/packs_sys/pfc/t/sanity_base/min_fail_01.pl'))
^  Call: (38) [file_scope] retractall('$file_scope':opened_file('/var/lib/jenkins/workspace/logicmoo_workspace@2/packs_sys/pfc/t/sanity_base/min_fail_01.pl', _75462))
^  Exit: (38) [file_scope] retractall('$file_scope':opened_file('/var/lib/jenkins/workspace/logicmoo_workspace@2/packs_sys/pfc/t/sanity_base/min_fail_01.pl', _75462))
^  Exit: (37) [file_scope] file_scope:notice_file(end_of_file, '/var/lib/jenkins/workspace/logicmoo_workspace@2/packs_sys/pfc/t/sanity_base/min_fail_01.pl', 5)
   Call: (37) [system] fail
   Fail: (37) [system] fail
^  Redo: (36) [file_scope] term_expansion(end_of_file, 68-79, _518, _520)
^  Unify: (36) [file_scope] term_expansion(end_of_file, 68-79, _518, _520)
^  Redo: (36) [echo_files] term_expansion(end_of_file, 68-79, _518, _520)
^  Unify: (36) [echo_files] term_expansion(end_of_file, 68-79, _518, _520)
   Call: (37) [system] nonvar(68-79)
   Exit: (37) [system] nonvar(68-79)
^  Call: (37) [common_logic_utils] common_logic_utils:grovel_kif_option(end_of_file)
^  Unify: (37) [common_logic_utils] common_logic_utils:grovel_kif_option(end_of_file)
   Call: (38) [system] fail
   Fail: (38) [system] fail
^  Fail: (37) [common_logic_utils] common_logic_utils:grovel_kif_option(end_of_file)
^  Redo: (36) [common_logic_utils] term_expansion(end_of_file, 68-79, _518, _520)
^  Unify: (36) [common_logic_utils] term_expansion(end_of_file, 68-79, _518, _520)
^  Unify: (36) [logicmoo_i_cyc_rewriting] term_expansion(end_of_file, 68-79, _518, _520)
^  Redo: (36) [pfc_test] term_expansion(end_of_file, 68-79, _518, _520)
^  Unify: (36) [pfc_test] term_expansion(end_of_file, 68-79, _518, _520)
^  Call: (37) [pfc_lib] pfc_clause_expansion(end_of_file, _518)
^  Unify: (37) [pfc_lib] pfc_clause_expansion(end_of_file, _518)
   Call: (38) [system] nonvar(end_of_file)
   Exit: (38) [system] nonvar(end_of_file)
   Call: (38) [system] end_of_file\==end_of_file
^  Fail: (37) [pfc_lib] pfc_clause_expansion(end_of_file, _518)
^  Redo: (36) [pfc_lib] term_expansion(end_of_file, 68-79, _518, _520)
^  Unify: (36) [pfc_lib] term_expansion(end_of_file, 68-79, _518, _520)
   Call: (37) [system] end_of_file\==end_of_file
   Fail: (37) [system] end_of_file\==end_of_file
^  Fail: (36) [common_logic_loader] term_expansion(end_of_file, 68-79, _518, _520)
   Call: (36) [system] (term_expansion/2)==(term_expansion/2)
   Exit: (36) [system] (term_expansion/2)==(term_expansion/2)
^  Call: (36) [system] term_expansion(end_of_file, _96718)
^  Unify: (36) [system] term_expansion(end_of_file, end_of_file)
^  Redo: (36) [system] term_expansion(end_of_file, _96718)
^  Unify: (36) [system] term_expansion(end_of_file, _96718)
   Call: (37) [$dicts] expand_dict_function(end_of_file, _96718)
^  Redo: (36) [$dicts] term_expansion(end_of_file, _96718)
^  Unify: (36) [$dicts] term_expansion(end_of_file, _96718)
^  Call: (37) [plunit] loading_unit(_101140, _101142, _101082, _101146)
^  Redo: (36) [plunit] term_expansion(end_of_file, _96718)
^  Unify: (36) [plunit] term_expansion(end_of_file, _96718)
   Call: (37) [system] current_prolog_flag(loading_pfc_dialect, true)
^  Redo: (36) [pfc_dia] term_expansion(end_of_file, _96718)
   Call: (37) [system] end_of_file==end_of_file
   Exit: (37) [system] end_of_file==end_of_file
   Call: (37) [$syspreds] prolog_load_context(module, _105484)
   Unify: (37) [$syspreds] prolog_load_context(module, _105484)
   Exit: (37) [$syspreds] prolog_load_context(module, user)
   Call: (37) [pfc_dia] pfc_dia:term_expansion_pfc_eof(user)
   Unify: (37) [pfc_dia] pfc_dia:term_expansion_pfc_eof(user)
   Call: (38) [$syspreds] prolog_load_context(dialect, pfc)
   Unify: (38) [$syspreds] prolog_load_context(dialect, pfc)
   Call: (39) [system] current_prolog_flag(emulated_dialect, pfc)
   Fail: (38) [$syspreds] prolog_load_context(dialect, pfc)
   Fail: (37) [pfc_dia] pfc_dia:term_expansion_pfc_eof(user)
^  Redo: (36) [pfc_dia] term_expansion(end_of_file, _96718)
^  Unify: (36) [pfc_dia] term_expansion(end_of_file, _96718)
   Call: (37) [block_directive] block_directive:head(end_of_file, _112904:_112906)
   Unify: (37) [block_directive] block_directive:head(end_of_file, _112904:_112906)
   Call: (38) [system] var(end_of_file)
   Fail: (38) [system] var(end_of_file)
   Redo: (37) [block_directive] block_directive:head(end_of_file, _112904:_112906)
   Unify: (37) [block_directive] block_directive:head(end_of_file, _112904:_112906)
   Call: (38) [system] end_of_file=_116610:_116612
   Fail: (38) [system] end_of_file=_116610:_116612
   Redo: (37) [block_directive] block_directive:head(end_of_file, _112904:_112906)
   Call: (38) [$syspreds] prolog_load_context(module, _118468)
   Unify: (38) [$syspreds] prolog_load_context(module, _118468)
   Exit: (38) [$syspreds] prolog_load_context(module, user)
   Call: (38) [system] _112904:_112906=user:end_of_file
   Exit: (38) [system] user:end_of_file=user:end_of_file
   Exit: (37) [block_directive] block_directive:head(end_of_file, user:end_of_file)
   Call: (37) [block_directive] block_declaration(end_of_file, user)
^  Redo: (36) [block_directive] term_expansion(end_of_file, _96718)
^  Unify: (36) [block_directive] term_expansion(end_of_file, _96718)
^  Call: (37) [logicmoo_ocl] do_ss
^  Redo: (36) [logicmoo_ocl] term_expansion(end_of_file, _96718)
^  Unify: (36) [logicmoo_ocl] term_expansion(end_of_file, _96718)
^  Call: (37) [parser_chat80] parser_chat80:processing_xg
^  Unify: (37) [parser_chat80] parser_chat80:processing_xg
^  Call: (38) [parser_chat80] parser_chat80:is_file_ext(xg)
^  Unify: (38) [parser_chat80] parser_chat80:is_file_ext(xg)
   Call: (39) [$syspreds] prolog_load_context(file, _128430)
   Unify: (39) [$syspreds] prolog_load_context(file, _128430)
   Call: (40) [$syspreds] input_file(_128430)
   Unify: (40) [$syspreds] input_file(_128430)
   Call: (41) [system] stream_property(<stream>(0x55dcceaaae00), file_name(_520))
   Unify: (41) [system] stream_property(<stream>(0x55dcceaaae00), file_name(_520))
   Call: (42) [system] nonvar(<stream>(0x55dcceaaae00))
   Exit: (42) [system] nonvar(<stream>(0x55dcceaaae00))
   Call: (42) [system] nonvar(file_name(_520))
   Exit: (42) [system] nonvar(file_name(_520))
   Exit: (41) [system] stream_property(<stream>(0x55dcceaaae00), file_name('/var/lib/jenkins/workspace/logicmoo_workspace@2/packs_sys/pfc/t/sanity_base/min_fail_01.pl'))
   Exit: (40) [$syspreds] input_file('/var/lib/jenkins/workspace/logicmoo_workspace@2/packs_sys/pfc/t/sanity_base/min_fail_01.pl')
   Exit: (39) [$syspreds] prolog_load_context(file, '/var/lib/jenkins/workspace/logicmoo_workspace@2/packs_sys/pfc/t/sanity_base/min_fail_01.pl')
   Call: (39) [system] file_name_extension(_6110, xg, '/var/lib/jenkins/workspace/logicmoo_workspace@2/packs_sys/pfc/t/sanity_base/min_fail_01.pl')
   Fail: (39) [system] file_name_extension(_6732, xg, '/var/lib/jenkins/workspace/logicmoo_workspace@2/packs_sys/pfc/t/sanity_base/min_fail_01.pl')
^  Fail: (38) [parser_chat80] parser_chat80:is_file_ext(xg)
^  Redo: (37) [parser_chat80] parser_chat80:processing_xg
^  Unify: (37) [parser_chat80] parser_chat80:processing_xg
   Call: (38) [tlxgproc] tlxgproc:do_xg_process_te
   Fail: (38) [tlxgproc] tlxgproc:do_xg_process_te
^  Fail: (37) [parser_chat80] parser_chat80:processing_xg
   Redo: (35) [$expand] call_term_expansion([system-[(term_expansion/4), (term_expansion/2)]], end_of_file, 68-79, _512, _514)
   Call: (36) [$expand] call_term_expansion([], end_of_file, 68-79, _512, _514)
   Unify: (36) [$expand] call_term_expansion([], end_of_file, 68-79, end_of_file, 68-79)
   Exit: (36) [$expand] call_term_expansion([], end_of_file, 68-79, end_of_file, 68-79)
   Exit: (35) [$expand] call_term_expansion([system-[(term_expansion/4), (term_expansion/2)]], end_of_file, 68-79, end_of_file, 68-79)
   Exit: (34) [$expand] call_term_expansion([user-[(term_expansion/4), (term_expansion/2)], system-[(term_expansion/4), (term_expansion/2)]], end_of_file, 68-79, end_of_file, 68-79)
^  Call: (34) [$expand] expand_terms(expand_term_2, end_of_file, 68-79, _14746, _430)
^  Unify: (34) [$expand] expand_terms('$expand':expand_term_2, end_of_file, 68-79, end_of_file, 68-79)
   Call: (35) [system] var(end_of_file)
^  Redo: (34) [$expand] expand_terms('$expand':expand_term_2, end_of_file, 68-79, _14746, _430)
^  Unify: (34) [$expand] expand_terms('$expand':expand_term_2, end_of_file, 68-79, _14746, _430)
   Call: (35) [system] nonvar(end_of_file)
   Exit: (35) [system] nonvar(end_of_file)
   Call: (35) [system] end_of_file=[_19142|_19144]
^  Redo: (34) [$expand] expand_terms('$expand':expand_term_2, end_of_file, 68-79, _14746, _430)
^  Unify: (34) [$expand] expand_terms('$expand':expand_term_2, end_of_file, 68-79, _14746, _430)
   Call: (35) [$expand] expand_term_2(end_of_file, 68-79, _14746, _430)
   Unify: (35) [$expand] expand_term_2(end_of_file, 68-79, _14746, _430)
   Call: (36) [system] nonvar(end_of_file)
   Exit: (36) [system] nonvar(end_of_file)
   Call: (36) [$expand] expand_bodies(end_of_file, 68-79, _14746, _430)
   Unify: (36) [$expand] expand_bodies(end_of_file, 68-79, _14746, _430)
^  Call: (37) [$expand] expand_terms(expand_body([user-[(goal_expansion/2)], system-[(goal_expansion/4), (goal_expansion/2)]]), end_of_file, 68-79, _14746, _430)
^  Unify: (37) [$expand] expand_terms('$expand':expand_body([user-[(goal_expansion/2)], system-[(goal_expansion/4), (goal_expansion/2)]]), end_of_file, 68-79, end_of_file, 68-79)
   Call: (38) [system] var(end_of_file)
^  Redo: (37) [$expand] expand_terms('$expand':expand_body([user-[(goal_expansion/2)], system-[(goal_expansion/4), (goal_expansion/2)]]), end_of_file, 68-79, _14746, _430)
^  Unify: (37) [$expand] expand_terms('$expand':expand_body([user-[(goal_expansion/2)], system-[(goal_expansion/4), (goal_expansion/2)]]), end_of_file, 68-79, _14746, _430)
   Call: (38) [system] nonvar(end_of_file)
   Exit: (38) [system] nonvar(end_of_file)
   Call: (38) [system] end_of_file=[_29234|_29236]
^  Redo: (37) [$expand] expand_terms('$expand':expand_body([user-[(goal_expansion/2)], system-[(goal_expansion/4), (goal_expansion/2)]]), end_of_file, 68-79, _14746, _430)
^  Unify: (37) [$expand] expand_terms('$expand':expand_body([user-[(goal_expansion/2)], system-[(goal_expansion/4), (goal_expansion/2)]]), end_of_file, 68-79, _14746, _430)
   Call: (38) [$expand] expand_body([user-[(goal_expansion/2)], system-[(goal_expansion/4), (goal_expansion/2)]], end_of_file, 68-79, _14746, _430)
   Unify: (38) [$expand] expand_body([user-[(goal_expansion/2)], system-[(goal_expansion/4), (goal_expansion/2)]], end_of_file, 68-79, _14746, _430)
   Call: (39) [$expand] clause_head_body(end_of_file, _32388, _32390, _32392)
   Redo: (38) [$expand] expand_body([user-[(goal_expansion/2)], system-[(goal_expansion/4), (goal_expansion/2)]], end_of_file, 68-79, _14746, _430)
   Unify: (38) [$expand] expand_body([user-[(goal_expansion/2)], system-[(goal_expansion/4), (goal_expansion/2)]], end_of_file, 68-79, _14746, 68-79)
   Unify: (38) [$expand] expand_body([user-[(goal_expansion/2)], system-[(goal_expansion/4), (goal_expansion/2)]], end_of_file, 68-79, end_of_file, 68-79)
   Exit: (38) [$expand] expand_body([user-[(goal_expansion/2)], system-[(goal_expansion/4), (goal_expansion/2)]], end_of_file, 68-79, end_of_file, 68-79)
^  Exit: (37) [$expand] expand_terms('$expand':expand_body([user-[(goal_expansion/2)], system-[(goal_expansion/4), (goal_expansion/2)]]), end_of_file, 68-79, end_of_file, 68-79)
   Call: (37) [$expand] remove_attributes(end_of_file, '$var_info')
   Unify: (37) [$expand] remove_attributes(end_of_file, '$var_info')
   Call: (38) [system] term_variables(end_of_file, _37412)
   Exit: (38) [system] term_variables(end_of_file, [])
   Call: (38) [$expand] remove_var_attr([], '$var_info')
   Unify: (38) [$expand] remove_var_attr([], '$var_info')
   Exit: (38) [$expand] remove_var_attr([], '$var_info')
   Exit: (37) [$expand] remove_attributes(end_of_file, '$var_info')
   Exit: (36) [$expand] expand_bodies(end_of_file, 68-79, end_of_file, 68-79)
   Exit: (35) [$expand] expand_term_2(end_of_file, 68-79, end_of_file, 68-79)
^  Exit: (34) [$expand] expand_terms('$expand':expand_term_2, end_of_file, 68-79, end_of_file, 68-79)
   Call: (34) [$expand] rename(end_of_file, _428)
   Unify: (34) [$expand] rename(end_of_file, end_of_file)
   Call: (35) [system] var(end_of_file)
   Redo: (34) [$expand] rename(end_of_file, _428)
   Unify: (34) [$expand] rename(end_of_file, end_of_file)
   Exit: (34) [$expand] rename(end_of_file, end_of_file)
   Call: (34) [system] b_setval('$term', [])
   Exit: (34) [system] b_setval('$term', [])
   Exit: (33) [$expand] expand_term(end_of_file, 68-79, end_of_file, 68-79)
   Call: (31) [system] end_of_file\==[]
   Exit: (31) [system] end_of_file\==[]
   Call: (32) [system] var(end_of_file)
   Call: (32) [system] is_list(end_of_file)
   Call: (31) [system] nonvar(end_of_file)
   Exit: (31) [system] nonvar(end_of_file)
   Call: (31) [system] end_of_file=(:-_52276)
   Call: (31) [system] _314=end_of_file
   Exit: (31) [system] end_of_file=end_of_file
   Call: (31) [system] _316=68-79
   Exit: (31) [system] 68-79=68-79
   Call: (31) [system] _322=<stream>(0x55dcceaaae00)
   Exit: (31) [system] <stream>(0x55dcceaaae00)=<stream>(0x55dcceaaae00)
   Call: (31) [system] _318=end_of_file
   Exit: (31) [system] end_of_file=end_of_file
   Call: (31) [system] _320=68-79
   Exit: (31) [system] 68-79=68-79
   Call: (31) [system] erase(<clause>(0x55dccea0fdc0))
   Exit: (31) [system] erase(<clause>(0x55dccea0fdc0))
^  Call: (32) [system] setup_call_catcher_cleanup(true, system:close(<stream>(0x55dcceaaae00)), _60380, system:'$pop_input_context')
^  Unify: (32) [system] setup_call_catcher_cleanup(system:true, system:close(<stream>(0x55dcceaaae00)), _61018, system:'$pop_input_context')
   Call: (33) [system] close(<stream>(0x55dcceaaae00))
   Exit: (33) [system] close(<stream>(0x55dcceaaae00))
^  Exit: (32) [system] setup_call_catcher_cleanup(system:true, system:close(<stream>(0x55dcceaaae00)), exit, system:'$pop_input_context')
^  Exit: (28) [system] setup_call_catcher_cleanup(system:'$open_source'('/var/lib/jenkins/workspace/logicmoo_workspace@2/packs_sys/pfc/t/sanity_base/min_fail_01.pl', <stream>(0x55dcceaaae00), close(<stream>(0x55dcceaaae00), '/var/lib/jenkins/workspace/logicmoo_workspace@2/packs_sys/pfc/t/sanity_base/min_fail_01.pl', <clause>(0x55dccea0fdc0)), [], [expand(false)]), system:'$term_in_file'(<stream>(0x55dcceaaae00), end_of_file, 68-79, end_of_file, 68-79, <stream>(0x55dcceaaae00), ['/var/lib/jenkins/workspace/logicmoo_workspace@2/packs_sys/pfc/t/sanity_base/min_fail_01.pl'], [expand(false)]), exit, system:'$close_source'(close(<stream>(0x55dcceaaae00), '/var/lib/jenkins/workspace/logicmoo_workspace@2/packs_sys/pfc/t/sanity_base/min_fail_01.pl', <clause>(0x55dccea0fdc0)), true))
   Call: (26) [system] end_of_file==end_of_file
   Exit: (26) [system] end_of_file==end_of_file
   Call: (26) [system] fail
   Call: (26) [system] arg(1, state(false, user, end_non_module, false, '/var/lib/jenkins/workspace/logicmoo_workspace@2/packs_sys/pfc/t/sanity_base/min_fail_01.pl', -), true)
   Call: (26) [system] arg(3, state(false, user, end_non_module, false, '/var/lib/jenkins/workspace/logicmoo_workspace@2/packs_sys/pfc/t/sanity_base/min_fail_01.pl', -), _66546)
   Exit: (26) [system] arg(3, state(false, user, end_non_module, false, '/var/lib/jenkins/workspace/logicmoo_workspace@2/packs_sys/pfc/t/sanity_base/min_fail_01.pl', -), end_non_module)
   Call: (29) [system] database=database
   Exit: (29) [system] database=database
   Call: (28) [system] true
   Exit: (28) [system] true
   Call: (25) [system] arg(2, state(false, user, end_non_module, false, '/var/lib/jenkins/workspace/logicmoo_workspace@2/packs_sys/pfc/t/sanity_base/min_fail_01.pl', -), _244)
   Exit: (25) [system] arg(2, state(false, user, end_non_module, false, '/var/lib/jenkins/workspace/logicmoo_workspace@2/packs_sys/pfc/t/sanity_base/min_fail_01.pl', -), user)
   Call: (27) [system] set_prolog_flag(emulated_dialect, swi)
   Exit: (27) [system] set_prolog_flag(emulated_dialect, swi)
^  Exit: (23) [system] setup_call_catcher_cleanup(system:'$start_consult'('/var/lib/jenkins/workspace/logicmoo_workspace@2/packs_sys/pfc/t/sanity_base/min_fail_01.pl', 1631494506.8803298), system:'$load_file'('/var/lib/jenkins/workspace/logicmoo_workspace@2/packs_sys/pfc/t/sanity_base/min_fail_01.pl', '/var/lib/jenkins/workspace/logicmoo_workspace@2/packs_sys/pfc/t/sanity_base/min_fail_01.pl', user, [expand(false)]), exit, system:'$end_consult'('/var/lib/jenkins/workspace/logicmoo_workspace@2/packs_sys/pfc/t/sanity_base/min_fail_01.pl', lexstate(202, swi), user))
   Call: (20) [system] true
   Exit: (20) [system] true
   Call: (21) [system] user\==user
   Call: (20) [system] statistics(cputime, _75190)
   Exit: (20) [system] statistics(cputime, 1.067221374)
^  Call: (21) [system] current_predicate(system:(print_message/2))
^  Exit: (21) [system] current_predicate(system:(print_message/2))
   Call: (21) [$messages] print_message(silent, load_file(done(0, file('min_fail_01.pl', '/var/lib/jenkins/workspace/logicmoo_workspace@2/packs_sys/pfc/t/sanity_base/min_fail_01.pl'), compiled, user, 0.1612178540000001, 2)))
   Unify: (21) [$messages] print_message(silent, load_file(done(0, file('min_fail_01.pl', '/var/lib/jenkins/workspace/logicmoo_workspace@2/packs_sys/pfc/t/sanity_base/min_fail_01.pl'), compiled, user, 0.1612178540000001, 2)))
^  Call: (22) [$messages] setup_call_cleanup(push_msg(load_file(done(0, file('min_fail_01.pl', '/var/lib/jenkins/workspace/logicmoo_workspace@2/packs_sys/pfc/t/sanity_base/min_fail_01.pl'), compiled, user, 0.1612178540000001, 2))), print_message_guarded(silent, load_file(done(0, file('min_fail_01.pl', '/var/lib/jenkins/workspace/logicmoo_workspace@2/packs_sys/pfc/t/sanity_base/min_fail_01.pl'), compiled, user, 0.1612178540000001, 2))), pop_msg)
^  Unify: (22) [system] setup_call_cleanup('$messages':push_msg(load_file(done(0, file('min_fail_01.pl', '/var/lib/jenkins/workspace/logicmoo_workspace@2/packs_sys/pfc/t/sanity_base/min_fail_01.pl'), compiled, user, 0.1612178540000001, 2))), '$messages':print_message_guarded(silent, load_file(done(0, file('min_fail_01.pl', '/var/lib/jenkins/workspace/logicmoo_workspace@2/packs_sys/pfc/t/sanity_base/min_fail_01.pl'), compiled, user, 0.1612178540000001, 2))), '$messages':pop_msg)
^  Call: (23) [system] setup_call_catcher_cleanup('$messages':push_msg(load_file(done(0, file('min_fail_01.pl', '/var/lib/jenkins/workspace/logicmoo_workspace@2/packs_sys/pfc/t/sanity_base/min_fail_01.pl'), compiled, user, 0.1612178540000001, 2))), '$messages':print_message_guarded(silent, load_file(done(0, file('min_fail_01.pl', '/var/lib/jenkins/workspace/logicmoo_workspace@2/packs_sys/pfc/t/sanity_base/min_fail_01.pl'), compiled, user, 0.1612178540000001, 2))), _80296, '$messages':pop_msg)
^  Unify: (23) [system] setup_call_catcher_cleanup('$messages':push_msg(load_file(done(0, file('min_fail_01.pl', '/var/lib/jenkins/workspace/logicmoo_workspace@2/packs_sys/pfc/t/sanity_base/min_fail_01.pl'), compiled, user, 0.1612178540000001, 2))), '$messages':print_message_guarded(silent, load_file(done(0, file('min_fail_01.pl', '/var/lib/jenkins/workspace/logicmoo_workspace@2/packs_sys/pfc/t/sanity_base/min_fail_01.pl'), compiled, user, 0.1612178540000001, 2))), _80928, '$messages':pop_msg)
   Call: (27) [system] nb_current('$inprint_message', _81500)
   Call: (27) [system] b_setval('$inprint_message', [load_file(done(0, file('min_fail_01.pl', '/var/lib/jenkins/workspace/logicmoo_workspace@2/packs_sys/pfc/t/sanity_base/min_fail_01.pl'), compiled, user, 0.1612178540000001, 2))])
   Exit: (27) [system] b_setval('$inprint_message', [load_file(done(0, file('min_fail_01.pl', '/var/lib/jenkins/workspace/logicmoo_workspace@2/packs_sys/pfc/t/sanity_base/min_fail_01.pl'), compiled, user, 0.1612178540000001, 2))])
   Call: (24) [$messages] print_message_guarded(silent, load_file(done(0, file('min_fail_01.pl', '/var/lib/jenkins/workspace/logicmoo_workspace@2/packs_sys/pfc/t/sanity_base/min_fail_01.pl'), compiled, user, 0.1612178540000001, 2)))
   Unify: (24) [$messages] print_message_guarded(silent, load_file(done(0, file('min_fail_01.pl', '/var/lib/jenkins/workspace/logicmoo_workspace@2/packs_sys/pfc/t/sanity_base/min_fail_01.pl'), compiled, user, 0.1612178540000001, 2)))
   Call: (25) [$messages] must_print(silent, load_file(done(0, file('min_fail_01.pl', '/var/lib/jenkins/workspace/logicmoo_workspace@2/packs_sys/pfc/t/sanity_base/min_fail_01.pl'), compiled, user, 0.1612178540000001, 2)))
   Unify: (25) [$messages] must_print(silent, load_file(done(0, file('min_fail_01.pl', '/var/lib/jenkins/workspace/logicmoo_workspace@2/packs_sys/pfc/t/sanity_base/min_fail_01.pl'), compiled, user, 0.1612178540000001, 2)))
   Call: (26) [system] nonvar(load_file(done(0, file('min_fail_01.pl', '/var/lib/jenkins/workspace/logicmoo_workspace@2/packs_sys/pfc/t/sanity_base/min_fail_01.pl'), compiled, user, 0.1612178540000001, 2)))
   Exit: (26) [system] nonvar(load_file(done(0, file('min_fail_01.pl', '/var/lib/jenkins/workspace/logicmoo_workspace@2/packs_sys/pfc/t/sanity_base/min_fail_01.pl'), compiled, user, 0.1612178540000001, 2)))
   Call: (26) [$messages] print_once(load_file(done(0, file('min_fail_01.pl', '/var/lib/jenkins/workspace/logicmoo_workspace@2/packs_sys/pfc/t/sanity_base/min_fail_01.pl'), compiled, user, 0.1612178540000001, 2)), silent)
   Redo: (25) [$messages] must_print(silent, load_file(done(0, file('min_fail_01.pl', '/var/lib/jenkins/workspace/logicmoo_workspace@2/packs_sys/pfc/t/sanity_base/min_fail_01.pl'), compiled, user, 0.1612178540000001, 2)))
   Unify: (25) [$messages] must_print(silent, load_file(done(0, file('min_fail_01.pl', '/var/lib/jenkins/workspace/logicmoo_workspace@2/packs_sys/pfc/t/sanity_base/min_fail_01.pl'), compiled, user, 0.1612178540000001, 2)))
   Exit: (25) [$messages] must_print(silent, load_file(done(0, file('min_fail_01.pl', '/var/lib/jenkins/workspace/logicmoo_workspace@2/packs_sys/pfc/t/sanity_base/min_fail_01.pl'), compiled, user, 0.1612178540000001, 2)))
   Call: (25) [$messages] translate_message(load_file(done(0, file('min_fail_01.pl', '/var/lib/jenkins/workspace/logicmoo_workspace@2/packs_sys/pfc/t/sanity_base/min_fail_01.pl'), compiled, user, 0.1612178540000001, 2)), _82746, [])
   Unify: (25) [$messages] translate_message(load_file(done(0, file('min_fail_01.pl', '/var/lib/jenkins/workspace/logicmoo_workspace@2/packs_sys/pfc/t/sanity_base/min_fail_01.pl'), compiled, user, 0.1612178540000001, 2)), _82746, [])
   Call: (26) [$messages] translate_message2(load_file(done(0, file('min_fail_01.pl', '/var/lib/jenkins/workspace/logicmoo_workspace@2/packs_sys/pfc/t/sanity_base/min_fail_01.pl'), compiled, user, 0.1612178540000001, 2)), _82746, _82748)
   Unify: (26) [$messages] translate_message2(load_file(done(0, file('min_fail_01.pl', '/var/lib/jenkins/workspace/logicmoo_workspace@2/packs_sys/pfc/t/sanity_base/min_fail_01.pl'), compiled, user, 0.1612178540000001, 2)), _82746, _82748)
   Call: (27) [system] var(load_file(done(0, file('min_fail_01.pl', '/var/lib/jenkins/workspace/logicmoo_workspace@2/packs_sys/pfc/t/sanity_base/min_fail_01.pl'), compiled, user, 0.1612178540000001, 2)))
   Redo: (26) [$messages] translate_message2(load_file(done(0, file('min_fail_01.pl', '/var/lib/jenkins/workspace/logicmoo_workspace@2/packs_sys/pfc/t/sanity_base/min_fail_01.pl'), compiled, user, 0.1612178540000001, 2)), _82746, _82748)
   Unify: (26) [$messages] translate_message2(load_file(done(0, file('min_fail_01.pl', '/var/lib/jenkins/workspace/logicmoo_workspace@2/packs_sys/pfc/t/sanity_base/min_fail_01.pl'), compiled, user, 0.1612178540000001, 2)), _82746, _82748)
   Redo: (26) [$messages] translate_message2(load_file(done(0, file('min_fail_01.pl', '/var/lib/jenkins/workspace/logicmoo_workspace@2/packs_sys/pfc/t/sanity_base/min_fail_01.pl'), compiled, user, 0.1612178540000001, 2)), _82746, _82748)
   Unify: (26) [$messages] translate_message2(load_file(done(0, file('min_fail_01.pl', '/var/lib/jenkins/workspace/logicmoo_workspace@2/packs_sys/pfc/t/sanity_base/min_fail_01.pl'), compiled, user, 0.1612178540000001, 2)), _82746, _82748)
   Call: (27) [$messages] prolog_message(load_file(done(0, file('min_fail_01.pl', '/var/lib/jenkins/workspace/logicmoo_workspace@2/packs_sys/pfc/t/sanity_base/min_fail_01.pl'), compiled, user, 0.1612178540000001, 2)), _82746, _82748)
   Unify: (27) [$messages] prolog_message(load_file(done(0, file('min_fail_01.pl', '/var/lib/jenkins/workspace/logicmoo_workspace@2/packs_sys/pfc/t/sanity_base/min_fail_01.pl'), compiled, user, 0.1612178540000001, 2)), ['~|~t~*+'-[0]|_82754], _82748)
   Call: (28) [$messages] load_file(file('min_fail_01.pl', '/var/lib/jenkins/workspace/logicmoo_workspace@2/packs_sys/pfc/t/sanity_base/min_fail_01.pl'), _82754, _82768)
   Unify: (28) [$messages] load_file(file('min_fail_01.pl', '/var/lib/jenkins/workspace/logicmoo_workspace@2/packs_sys/pfc/t/sanity_base/min_fail_01.pl'), _82754, _82768)
   Call: (29) [system] _82770=_82754
   Exit: (29) [system] _82754=_82754
   Call: (29) [system] _82754=['~w'-['min_fail_01.pl']|_82768]
   Exit: (29) [system] ['~w'-['min_fail_01.pl']|_82768]=['~w'-['min_fail_01.pl']|_82768]
   Exit: (28) [$messages] load_file(file('min_fail_01.pl', '/var/lib/jenkins/workspace/logicmoo_workspace@2/packs_sys/pfc/t/sanity_base/min_fail_01.pl'), ['~w'-['min_fail_01.pl']|_82768], _82768)
   Call: (28) [system] _82768=[' ~w'-[compiled]|_82794]
   Exit: (28) [system] [' ~w'-[compiled]|_82794]=[' ~w'-[compiled]|_82794]
   Call: (28) [$messages] load_module(user, _82794, _82808)
   Unify: (28) [$messages] load_module(user, _82794, _82808)
   Call: (29) [system] _82808=_82794
   Exit: (29) [system] _82794=_82794
   Exit: (28) [$messages] load_module(user, _82794, _82794)
   Call: (28) [system] _82794=[' ~2f sec, ~D clauses'-[0.1612178540000001, 2]|_82748]
   Exit: (28) [system] [' ~2f sec, ~D clauses'-[0.1612178540000001, 2]|_82748]=[' ~2f sec, ~D clauses'-[0.1612178540000001, 2]|_82748]
   Exit: (27) [$messages] prolog_message(load_file(done(0, file('min_fail_01.pl', '/var/lib/jenkins/workspace/logicmoo_workspace@2/packs_sys/pfc/t/sanity_base/min_fail_01.pl'), compiled, user, 0.1612178540000001, 2)), ['~|~t~*+'-[0], '~w'-['min_fail_01.pl'], ' ~w'-[compiled], ' ~2f sec, ~D clauses'-[0.1612178540000001, 2]|_82748], _82748)
   Exit: (26) [$messages] translate_message2(load_file(done(0, file('min_fail_01.pl', '/var/lib/jenkins/workspace/logicmoo_workspace@2/packs_sys/pfc/t/sanity_base/min_fail_01.pl'), compiled, user, 0.1612178540000001, 2)), ['~|~t~*+'-[0], '~w'-['min_fail_01.pl'], ' ~w'-[compiled], ' ~2f sec, ~D clauses'-[0.1612178540000001, 2]|_82748], _82748)
   Call: (26) [system] []=_82748
   Exit: (26) [system] []=[]
   Exit: (25) [$messages] translate_message(load_file(done(0, file('min_fail_01.pl', '/var/lib/jenkins/workspace/logicmoo_workspace@2/packs_sys/pfc/t/sanity_base/min_fail_01.pl'), compiled, user, 0.1612178540000001, 2)), ['~|~t~*+'-[0], '~w'-['min_fail_01.pl'], ' ~w'-[compiled], ' ~2f sec, ~D clauses'-[0.1612178540000001, 2]], [])
   Call: (25) [system] nonvar(load_file(done(0, file('min_fail_01.pl', '/var/lib/jenkins/workspace/logicmoo_workspace@2/packs_sys/pfc/t/sanity_base/min_fail_01.pl'), compiled, user, 0.1612178540000001, 2)))
   Exit: (25) [system] nonvar(load_file(done(0, file('min_fail_01.pl', '/var/lib/jenkins/workspace/logicmoo_workspace@2/packs_sys/pfc/t/sanity_base/min_fail_01.pl'), compiled, user, 0.1612178540000001, 2)))
   Redo: (24) [$messages] print_message_guarded(silent, load_file(done(0, file('min_fail_01.pl', '/var/lib/jenkins/workspace/logicmoo_workspace@2/packs_sys/pfc/t/sanity_base/min_fail_01.pl'), compiled, user, 0.1612178540000001, 2)))
   Redo: (24) [$messages] print_message_guarded(silent, load_file(done(0, file('min_fail_01.pl', '/var/lib/jenkins/workspace/logicmoo_workspace@2/packs_sys/pfc/t/sanity_base/min_fail_01.pl'), compiled, user, 0.1612178540000001, 2)))
   Call: (25) [$messages] print_system_message(load_file(done(0, file('min_fail_01.pl', '/var/lib/jenkins/workspace/logicmoo_workspace@2/packs_sys/pfc/t/sanity_base/min_fail_01.pl'), compiled, user, 0.1612178540000001, 2)), silent, ['~|~t~*+'-[0], '~w'-['min_fail_01.pl'], ' ~w'-[compiled], ' ~2f sec, ~D clauses'-[0.1612178540000001, 2]])
   Unify: (25) [$messages] print_system_message(load_file(done(0, file('min_fail_01.pl', '/var/lib/jenkins/workspace/logicmoo_workspace@2/packs_sys/pfc/t/sanity_base/min_fail_01.pl'), compiled, user, 0.1612178540000001, 2)), silent, ['~|~t~*+'-[0], '~w'-['min_fail_01.pl'], ' ~w'-[compiled], ' ~2f sec, ~D clauses'-[0.1612178540000001, 2]])
   Exit: (25) [$messages] print_system_message(load_file(done(0, file('min_fail_01.pl', '/var/lib/jenkins/workspace/logicmoo_workspace@2/packs_sys/pfc/t/sanity_base/min_fail_01.pl'), compiled, user, 0.1612178540000001, 2)), silent, ['~|~t~*+'-[0], '~w'-['min_fail_01.pl'], ' ~w'-[compiled], ' ~2f sec, ~D clauses'-[0.1612178540000001, 2]])
   Call: (25) [$messages] maybe_halt_on_error(silent)
   Unify: (25) [$messages] maybe_halt_on_error(silent)
   Exit: (25) [$messages] maybe_halt_on_error(silent)
   Exit: (24) [$messages] print_message_guarded(silent, load_file(done(0, file('min_fail_01.pl', '/var/lib/jenkins/workspace/logicmoo_workspace@2/packs_sys/pfc/t/sanity_base/min_fail_01.pl'), compiled, user, 0.1612178540000001, 2)))
   Call: (26) [system] nb_current('$inprint_message', [_82836|_82838])
   Exit: (26) [system] nb_current('$inprint_message', [load_file(done(0, file('min_fail_01.pl', '/var/lib/jenkins/workspace/logicmoo_workspace@2/packs_sys/pfc/t/sanity_base/min_fail_01.pl'), compiled, user, 0.1612178540000001, 2))])
   Call: (26) [system] []\==[]
   Call: (26) [system] nb_delete('$inprint_message')
   Exit: (26) [system] nb_delete('$inprint_message')
   Call: (26) [system] b_setval('$inprint_message', [])
   Exit: (26) [system] b_setval('$inprint_message', [])
^  Exit: (23) [system] setup_call_catcher_cleanup('$messages':push_msg(load_file(done(0, file('min_fail_01.pl', '/var/lib/jenkins/workspace/logicmoo_workspace@2/packs_sys/pfc/t/sanity_base/min_fail_01.pl'), compiled, user, 0.1612178540000001, 2))), '$messages':print_message_guarded(silent, load_file(done(0, file('min_fail_01.pl', '/var/lib/jenkins/workspace/logicmoo_workspace@2/packs_sys/pfc/t/sanity_base/min_fail_01.pl'), compiled, user, 0.1612178540000001, 2))), exit, '$messages':pop_msg)
^  Exit: (22) [system] setup_call_cleanup('$messages':push_msg(load_file(done(0, file('min_fail_01.pl', '/var/lib/jenkins/workspace/logicmoo_workspace@2/packs_sys/pfc/t/sanity_base/min_fail_01.pl'), compiled, user, 0.1612178540000001, 2))), '$messages':print_message_guarded(silent, load_file(done(0, file('min_fail_01.pl', '/var/lib/jenkins/workspace/logicmoo_workspace@2/packs_sys/pfc/t/sanity_base/min_fail_01.pl'), compiled, user, 0.1612178540000001, 2))), '$messages':pop_msg)
   Exit: (21) [$messages] print_message(silent, load_file(done(0, file('min_fail_01.pl', '/var/lib/jenkins/workspace/logicmoo_workspace@2/packs_sys/pfc/t/sanity_base/min_fail_01.pl'), compiled, user, 0.1612178540000001, 2)))
^  Call: (22) [system] retractall('$autoload_nesting'(_86570))
^  Exit: (22) [system] retractall('$autoload_nesting'(_86570))
^  Call: (22) [system] asserta('$autoload_nesting'(0))
^  Exit: (22) [system] asserta('$autoload_nesting'(0))
   Call: (21) [system] set_prolog_flag(xref, false)
   Exit: (21) [system] set_prolog_flag(xref, false)
   Call: (21) [system] set_prolog_flag(verbose_load, silent)
   Exit: (21) [system] set_prolog_flag(verbose_load, silent)
   Call: (21) [system] set_prolog_flag(sandboxed_load, false)
   Exit: (21) [system] set_prolog_flag(sandboxed_load, false)
   Call: (22) [system] set_prolog_flag(generate_debug_info, true)
   Exit: (22) [system] set_prolog_flag(generate_debug_info, true)
   Call: (23) [system] set_prolog_flag(optimise, false)
   Exit: (23) [system] set_prolog_flag(optimise, false)
   Call: (24) [system] set_prolog_flag(xref, false)
   Exit: (24) [system] set_prolog_flag(xref, false)
   Call: (18) [system] sub_atom('/var/lib/jenkins/workspace/logicmoo_workspace@2/packs_sys/pfc/t/sanity_base/min_fail_01.pl', 0, _96532, _96534, 'res://')
   Call: (18) [system] true
   Exit: (18) [system] true
^  Call: (19) [system] setup_call_cleanup('$start_run_initialization'([expand(false)], _98318), '$run_initialization_2'('/var/lib/jenkins/workspace/logicmoo_workspace@2/packs_sys/pfc/t/sanity_base/min_fail_01.pl'), '$end_run_initialization'(_98318))
^  Unify: (19) [system] setup_call_cleanup(system:'$start_run_initialization'([expand(false)], _98318), system:'$run_initialization_2'('/var/lib/jenkins/workspace/logicmoo_workspace@2/packs_sys/pfc/t/sanity_base/min_fail_01.pl'), system:'$end_run_initialization'(_98318))
^  Call: (20) [system] setup_call_catcher_cleanup(system:'$start_run_initialization'([expand(false)], _98318), system:'$run_initialization_2'('/var/lib/jenkins/workspace/logicmoo_workspace@2/packs_sys/pfc/t/sanity_base/min_fail_01.pl'), _99662, system:'$end_run_initialization'(_98318))
^  Unify: (20) [system] setup_call_catcher_cleanup(system:'$start_run_initialization'([expand(false)], _98318), system:'$run_initialization_2'('/var/lib/jenkins/workspace/logicmoo_workspace@2/packs_sys/pfc/t/sanity_base/min_fail_01.pl'), _100294, system:'$end_run_initialization'(_98318))
   Call: (25) [system] current_prolog_flag(sandboxed_load, _98318)
   Exit: (25) [system] current_prolog_flag(sandboxed_load, false)
   Call: (25) [system] memberchk(sandboxed(_102104), [expand(false)])
   Call: (25) [system] true
   Exit: (25) [system] true
   Call: (22) [system] true
   Exit: (22) [system] true
   Call: (23) [system] set_prolog_flag(sandboxed_load, false)
   Exit: (23) [system] set_prolog_flag(sandboxed_load, false)
^  Exit: (20) [system] setup_call_catcher_cleanup(system:'$start_run_initialization'([expand(false)], false), system:'$run_initialization_2'('/var/lib/jenkins/workspace/logicmoo_workspace@2/packs_sys/pfc/t/sanity_base/min_fail_01.pl'), exit, system:'$end_run_initialization'(false))
^  Exit: (19) [system] setup_call_cleanup(system:'$start_run_initialization'([expand(false)], false), system:'$run_initialization_2'('/var/lib/jenkins/workspace/logicmoo_workspace@2/packs_sys/pfc/t/sanity_base/min_fail_01.pl'), system:'$end_run_initialization'(false))
^  Call: (17) [system] clause('$loading_file'(_107646, _107648, _107650), _107710, <clause>(0x55dccf02d980))
^  Exit: (17) [system] clause('$loading_file'('/var/lib/jenkins/workspace/logicmoo_workspace@2/packs_sys/pfc/t/sanity_base/min_fail_01.pl', <message_queue>(0x55dccea9b860), main), true, <clause>(0x55dccf02d980))
   Call: (17) [system] erase(<clause>(0x55dccf02d980))
   Exit: (17) [system] erase(<clause>(0x55dccf02d980))
   Call: (17) [system] thread_send_message(<message_queue>(0x55dccea9b860), done)
   Exit: (17) [system] thread_send_message(<message_queue>(0x55dccea9b860), done)
   Call: (17) [system] message_queue_destroy(<message_queue>(0x55dccea9b860))
   Exit: (17) [system] message_queue_destroy(<message_queue>(0x55dccea9b860))
^  Exit: (14) [system] setup_call_catcher_cleanup(system:with_mutex('$load_file', '$mt_start_load'('/var/lib/jenkins/workspace/logicmoo_workspace@2/packs_sys/pfc/t/sanity_base/min_fail_01.pl', <clause>(0x55dccf02d980), [expand(false)])), system:'$mt_do_load'(<clause>(0x55dccf02d980), 'min_fail_01.pl', '/var/lib/jenkins/workspace/logicmoo_workspace@2/packs_sys/pfc/t/sanity_base/min_fail_01.pl', user, [expand(false)]), exit, system:'$mt_end_load'(<clause>(0x55dccf02d980)))
   Call: (10) [system] current_prolog_flag(threads, true)
   Exit: (10) [system] current_prolog_flag(threads, true)
   Call: (10) [system] thread_self(_114480)
   Exit: (10) [system] thread_self(main)
   Call: (10) [system] thread_statistics(main, errors, _113240)
   Exit: (10) [system] thread_statistics(main, errors, 0)
   Call: (10) [system] thread_statistics(main, warnings, _113242)
   Exit: (10) [system] thread_statistics(main, warnings, 1)
^  Call: (10) [system] current_predicate(system:(print_message/2))
^  Exit: (10) [system] current_predicate(system:(print_message/2))
   Call: (10) [$messages] print_message(silent, load_file_errors('min_fail_01.pl', 0, 1))
   Unify: (10) [$messages] print_message(silent, load_file_errors('min_fail_01.pl', 0, 1))
^  Call: (11) [$messages] setup_call_cleanup(push_msg(load_file_errors('min_fail_01.pl', 0, 1)), print_message_guarded(silent, load_file_errors('min_fail_01.pl', 0, 1)), pop_msg)
^  Unify: (11) [system] setup_call_cleanup('$messages':push_msg(load_file_errors('min_fail_01.pl', 0, 1)), '$messages':print_message_guarded(silent, load_file_errors('min_fail_01.pl', 0, 1)), '$messages':pop_msg)
^  Call: (12) [system] setup_call_catcher_cleanup('$messages':push_msg(load_file_errors('min_fail_01.pl', 0, 1)), '$messages':print_message_guarded(silent, load_file_errors('min_fail_01.pl', 0, 1)), _122038, '$messages':pop_msg)
^  Unify: (12) [system] setup_call_catcher_cleanup('$messages':push_msg(load_file_errors('min_fail_01.pl', 0, 1)), '$messages':print_message_guarded(silent, load_file_errors('min_fail_01.pl', 0, 1)), _122670, '$messages':pop_msg)
   Call: (16) [system] nb_current('$inprint_message', _123242)
   Call: (16) [system] b_setval('$inprint_message', [load_file_errors('min_fail_01.pl', 0, 1)])
   Exit: (16) [system] b_setval('$inprint_message', [load_file_errors('min_fail_01.pl', 0, 1)])
   Call: (13) [$messages] print_message_guarded(silent, load_file_errors('min_fail_01.pl', 0, 1))
   Unify: (13) [$messages] print_message_guarded(silent, load_file_errors('min_fail_01.pl', 0, 1))
   Call: (14) [$messages] must_print(silent, load_file_errors('min_fail_01.pl', 0, 1))
   Unify: (14) [$messages] must_print(silent, load_file_errors('min_fail_01.pl', 0, 1))
   Call: (15) [system] nonvar(load_file_errors('min_fail_01.pl', 0, 1))
   Exit: (15) [system] nonvar(load_file_errors('min_fail_01.pl', 0, 1))
   Call: (15) [$messages] print_once(load_file_errors('min_fail_01.pl', 0, 1), silent)
   Redo: (14) [$messages] must_print(silent, load_file_errors('min_fail_01.pl', 0, 1))
   Unify: (14) [$messages] must_print(silent, load_file_errors('min_fail_01.pl', 0, 1))
   Exit: (14) [$messages] must_print(silent, load_file_errors('min_fail_01.pl', 0, 1))
   Call: (14) [$messages] translate_message(load_file_errors('min_fail_01.pl', 0, 1), _124488, [])
   Unify: (14) [$messages] translate_message(load_file_errors('min_fail_01.pl', 0, 1), _124488, [])
   Call: (15) [$messages] translate_message2(load_file_errors('min_fail_01.pl', 0, 1), _124488, _124490)
   Unify: (15) [$messages] translate_message2(load_file_errors('min_fail_01.pl', 0, 1), _124488, _124490)
   Call: (16) [system] var(load_file_errors('min_fail_01.pl', 0, 1))
   Redo: (15) [$messages] translate_message2(load_file_errors('min_fail_01.pl', 0, 1), _124488, _124490)
   Unify: (15) [$messages] translate_message2(load_file_errors('min_fail_01.pl', 0, 1), _124488, _124490)
   Redo: (15) [$messages] translate_message2(load_file_errors('min_fail_01.pl', 0, 1), _124488, _124490)
   Unify: (15) [$messages] translate_message2(load_file_errors('min_fail_01.pl', 0, 1), _124488, _124490)
   Call: (16) [$messages] prolog_message(load_file_errors('min_fail_01.pl', 0, 1), _124488, _124490)
   Redo: (14) [$messages] translate_message(load_file_errors('min_fail_01.pl', 0, 1), _124488, [])
   Unify: (14) [$messages] translate_message(load_file_errors('min_fail_01.pl', 0, 1), ['Unknown message: ~p'-[load_file_errors('min_fail_01.pl', 0, 1)]], [])
   Exit: (14) [$messages] translate_message(load_file_errors('min_fail_01.pl', 0, 1), ['Unknown message: ~p'-[load_file_errors('min_fail_01.pl', 0, 1)]], [])
   Call: (14) [system] nonvar(load_file_errors('min_fail_01.pl', 0, 1))
   Exit: (14) [system] nonvar(load_file_errors('min_fail_01.pl', 0, 1))
   Redo: (13) [$messages] print_message_guarded(silent, load_file_errors('min_fail_01.pl', 0, 1))
   Redo: (13) [$messages] print_message_guarded(silent, load_file_errors('min_fail_01.pl', 0, 1))
   Call: (14) [$messages] print_system_message(load_file_errors('min_fail_01.pl', 0, 1), silent, ['Unknown message: ~p'-[load_file_errors('min_fail_01.pl', 0, 1)]])
   Unify: (14) [$messages] print_system_message(load_file_errors('min_fail_01.pl', 0, 1), silent, ['Unknown message: ~p'-[load_file_errors('min_fail_01.pl', 0, 1)]])
   Exit: (14) [$messages] print_system_message(load_file_errors('min_fail_01.pl', 0, 1), silent, ['Unknown message: ~p'-[load_file_errors('min_fail_01.pl', 0, 1)]])
   Call: (14) [$messages] maybe_halt_on_error(silent)
   Unify: (14) [$messages] maybe_halt_on_error(silent)
   Exit: (14) [$messages] maybe_halt_on_error(silent)
   Exit: (13) [$messages] print_message_guarded(silent, load_file_errors('min_fail_01.pl', 0, 1))
   Call: (15) [system] nb_current('$inprint_message', [_124510|_124512])
   Exit: (15) [system] nb_current('$inprint_message', [load_file_errors('min_fail_01.pl', 0, 1)])
   Call: (15) [system] []\==[]
   Call: (15) [system] nb_delete('$inprint_message')
   Exit: (15) [system] nb_delete('$inprint_message')
   Call: (15) [system] b_setval('$inprint_message', [])
   Exit: (15) [system] b_setval('$inprint_message', [])
^  Exit: (12) [system] setup_call_catcher_cleanup('$messages':push_msg(load_file_errors('min_fail_01.pl', 0, 1)), '$messages':print_message_guarded(silent, load_file_errors('min_fail_01.pl', 0, 1)), exit, '$messages':pop_msg)
^  Exit: (11) [system] setup_call_cleanup('$messages':push_msg(load_file_errors('min_fail_01.pl', 0, 1)), '$messages':print_message_guarded(silent, load_file_errors('min_fail_01.pl', 0, 1)), '$messages':pop_msg)
   Exit: (10) [$messages] print_message(silent, load_file_errors('min_fail_01.pl', 0, 1))
   Call: (5) [system] fail
   Redo: (4) [$toplevel] load_associated_files('<garbage_collected>')
   Call: (5) [system] true
   Exit: (5) [system] true
   Exit: (4) [$toplevel] load_associated_files('<garbage_collected>')
   Call: (4) [system] ['baseKB:true']==[]
   Redo: (3) [$toplevel] initialise_prolog
   Call: (4) [$toplevel] run_init_goals(['baseKB:true'])
   Unify: (4) [$toplevel] run_init_goals(['baseKB:true'])
   Call: (5) [$toplevel] run_init_goal('baseKB:true')
   Unify: (5) [$toplevel] run_init_goal('baseKB:true')
   Call: (7) [system] term_to_atom(_4294, 'baseKB:true')
   Exit: (7) [system] term_to_atom(baseKB:true, 'baseKB:true')
   Call: (6) [$toplevel] run_init_goal(baseKB:true, 'baseKB:true')
   Unify: (6) [$toplevel] run_init_goal(baseKB:true, 'baseKB:true')
^  Call: (7) [$toplevel] catch_with_backtrace(user:baseKB:true, _6818, true)
^  Unify: (7) [system] catch_with_backtrace(baseKB:true, _6818, '$toplevel':true)
   Call: (9) [system] true
   Exit: (9) [system] true
^  Exit: (7) [system] catch_with_backtrace(baseKB:true, _6818, '$toplevel':true)
   Call: (7) [system] var(_6818)
   Exit: (7) [system] var(_6818)
   Call: (7) [system] true
   Exit: (7) [system] true
   Exit: (6) [$toplevel] run_init_goal(baseKB:true, 'baseKB:true')
   Exit: (5) [$toplevel] run_init_goal('baseKB:true')
   Call: (5) [$toplevel] run_init_goals([])
   Unify: (5) [$toplevel] run_init_goals([])
   Exit: (5) [$toplevel] run_init_goals([])
   Exit: (4) [$toplevel] run_init_goals(['baseKB:true'])
   Call: (4) [$toplevel] load_only
   Unify: (4) [$toplevel] load_only
   Call: (5) [system] current_prolog_flag(os_argv, _17262)
   Exit: (5) [system] current_prolog_flag(os_argv, ['/var/lib/jenkins/workspace/logicmoo_workspace/lib/swipl/bin/x86_64-linux/swipl', '-x', '/var/lib/jenkins/workspace/logicmoo_workspace@2/bin/lmoo-clif', 'min_fail_01.pl'])
   Call: (5) [system] memberchk('-l', ['/var/lib/jenkins/workspace/logicmoo_workspace/lib/swipl/bin/x86_64-linux/swipl', '-x', '/var/lib/jenkins/workspace/logicmoo_workspace@2/bin/lmoo-clif', 'min_fail_01.pl'])
   Redo: (3) [$toplevel] initialise_prolog
   Call: (4) [$toplevel] run_program_init
   Unify: (4) [$toplevel] run_program_init
^  Call: (5) [$toplevel] forall('$init_goal'(when(program), _20964, _20966), run_init_goal(_20964, @(_20964, _20966)))
^  Unify: (5) [$apply] forall('$toplevel':'$init_goal'(when(program), _20964, _20966), '$toplevel':run_init_goal(_20964, @(_20964, _20966)))
   Call: (6) [$toplevel] run_init_goal(call_from:fix_baseKB_imports, @(call_from:fix_baseKB_imports, '/var/lib/jenkins/.local/share/swi-prolog/pack/logicmoo_utils/prolog/logicmoo/call_from_module.pl':217))
   Unify: (6) [$toplevel] run_init_goal(call_from:fix_baseKB_imports, @(call_from:fix_baseKB_imports, '/var/lib/jenkins/.local/share/swi-prolog/pack/logicmoo_utils/prolog/logicmoo/call_from_module.pl':217))
^  Call: (7) [$toplevel] catch_with_backtrace(user:call_from:fix_baseKB_imports, _23498, true)
^  Unify: (7) [system] catch_with_backtrace(call_from:fix_baseKB_imports, _23498, '$toplevel':true)
^  Call: (9) [call_from] call_from:fix_baseKB_imports
^  Unify: (9) [call_from] call_from:fix_baseKB_imports
^  Exit: (9) [call_from] call_from:fix_baseKB_imports
^  Exit: (7) [system] catch_with_backtrace(call_from:fix_baseKB_imports, _23498, '$toplevel':true)
   Call: (7) [system] var(_23498)
   Exit: (7) [system] var(_23498)
   Call: (7) [system] true
   Exit: (7) [system] true
   Exit: (6) [$toplevel] run_init_goal(call_from:fix_baseKB_imports, @(call_from:fix_baseKB_imports, '/var/lib/jenkins/.local/share/swi-prolog/pack/logicmoo_utils/prolog/logicmoo/call_from_module.pl':217))
   Call: (6) [$toplevel] run_init_goal(logicmoo_startup:nop(dmsg(init_phase(program))), @(logicmoo_startup:nop(dmsg(init_phase(program))), '/var/lib/jenkins/.local/share/swi-prolog/pack/logicmoo_utils/prolog/logicmoo_startup.pl':1684))
   Unify: (6) [$toplevel] run_init_goal(logicmoo_startup:nop(dmsg(init_phase(program))), @(logicmoo_startup:nop(dmsg(init_phase(program))), '/var/lib/jenkins/.local/share/swi-prolog/pack/logicmoo_utils/prolog/logicmoo_startup.pl':1684))
^  Call: (7) [$toplevel] catch_with_backtrace(user:logicmoo_startup:nop(dmsg(init_phase(program))), _31550, true)
^  Unify: (7) [system] catch_with_backtrace(logicmoo_startup:nop(dmsg(init_phase(program))), _31550, '$toplevel':true)
   Call: (9) [must_sanity] nop(dmsg(init_phase(program)))
   Unify: (9) [must_sanity] nop(dmsg(init_phase(program)))
   Exit: (9) [must_sanity] nop(dmsg(init_phase(program)))
^  Exit: (7) [system] catch_with_backtrace(logicmoo_startup:nop(dmsg(init_phase(program))), _31550, '$toplevel':true)
   Call: (7) [system] var(_31550)
   Exit: (7) [system] var(_31550)
   Call: (7) [system] true
   Exit: (7) [system] true
   Exit: (6) [$toplevel] run_init_goal(logicmoo_startup:nop(dmsg(init_phase(program))), @(logicmoo_startup:nop(dmsg(init_phase(program))), '/var/lib/jenkins/.local/share/swi-prolog/pack/logicmoo_utils/prolog/logicmoo_startup.pl':1684))
   Call: (6) [$toplevel] run_init_goal(logicmoo_startup:init_why(after_boot, program), @(logicmoo_startup:init_why(after_boot, program), '/var/lib/jenkins/.local/share/swi-prolog/pack/logicmoo_utils/prolog/logicmoo_startup.pl':1694))
   Unify: (6) [$toplevel] run_init_goal(logicmoo_startup:init_why(after_boot, program), @(logicmoo_startup:init_why(after_boot, program), '/var/lib/jenkins/.local/share/swi-prolog/pack/logicmoo_utils/prolog/logicmoo_startup.pl':1694))
^  Call: (7) [$toplevel] catch_with_backtrace(user:logicmoo_startup:init_why(after_boot, program), _39686, true)
^  Unify: (7) [system] catch_with_backtrace(logicmoo_startup:init_why(after_boot, program), _39686, '$toplevel':true)
^  Call: (9) [logicmoo_startup] logicmoo_startup:init_why(after_boot, program)
^  Unify: (9) [logicmoo_startup] logicmoo_startup:init_why(after_boot, program)
   Call: (11) [t_l] t_l:hide_dmsg
   Fail: (11) [t_l] t_l:hide_dmsg
^  Call: (11) [logicmoo_startup] dmsg:dzotrace((tlbugger:no_slow_io, !, stream_property(_43442, file_no(2)), writeln(_43442, dmsg(init_why(after_boot, program)))))
^  Unify: (11) [logicmoo_startup] dmsg:dzotrace((tlbugger:no_slow_io, !, stream_property(_43442, file_no(2)), writeln(_43442, dmsg(init_why(after_boot, program)))))
^  Fail: (11) [logicmoo_startup] dmsg:dzotrace((tlbugger:no_slow_io, !, stream_property(_43442, file_no(2)), writeln(_43442, dmsg(init_why(after_boot, program)))))
^  Call: (11) [logicmoo_startup] quietly(likely_folded(locally(set_prolog_flag(retry_undefined, none), if_defined_local(dmsg0(init_why(after_boot, program)), logicmoo_util_catch:ddmsg(init_why(after_boot, program))))))
^  Unify: (11) [rtrace] quietly(logicmoo_startup:likely_folded(locally(set_prolog_flag(retry_undefined, none), if_defined_local(dmsg0(init_why(after_boot, program)), logicmoo_util_catch:ddmsg(init_why(after_boot, program))))))
   Call: (13) [system] _46838=mquietly_if(true, rtrace:tAt_rtrace)
   Exit: (13) [system] mquietly_if(true, rtrace:tAt_rtrace)=mquietly_if(true, rtrace:tAt_rtrace)
^  Call: (13) [must_sanity] setup_call_cleanup(rtrace:notrace(visible(-all)),  ((logicmoo_startup:likely_folded(locally(set_prolog_flag(retry_undefined, none), if_defined_local(dmsg0(init_why(after_boot, program)), logicmoo_util_catch:ddmsg(init_why(..., ...))))), deterministic(_48096)), (notrace(_48096==true)->!;rtrace:tAt_rtrace, notrace(nb_setarg(1, mquietly_if(true, rtrace:tAt_rtrace), false));rtrace:notrace(visible(-all)), notrace(nb_setarg(1, mquietly_if(true, ... : ...), true)), notrace(fail))), mquietly_if(true, rtrace:tAt_rtrace))
^  Unify: (13) [system] setup_call_cleanup(rtrace:notrace(visible(-all)), must_sanity:((logicmoo_startup:likely_folded(locally(set_prolog_flag(retry_undefined, none), if_defined_local(dmsg0(init_why(..., ...)), logicmoo_util_catch:ddmsg(...)))), deterministic(_48096)), (notrace(_48096==true)->!;rtrace:tAt_rtrace, notrace(nb_setarg(1, mquietly_if(true, ... : ...), false));rtrace:notrace(visible(- ...)), notrace(nb_setarg(1, mquietly_if(..., ...), true)), notrace(fail))), must_sanity:mquietly_if(true, rtrace:tAt_rtrace))
^  Call: (14) [system] setup_call_catcher_cleanup(rtrace:notrace(visible(-all)), must_sanity:((logicmoo_startup:likely_folded(locally(set_prolog_flag(retry_undefined, none), if_defined_local(dmsg0(init_why(..., ...)), logicmoo_util_catch:ddmsg(...)))), deterministic(_48096)), (notrace(_48096==true)->!;rtrace:tAt_rtrace, notrace(nb_setarg(1, mquietly_if(true, ... : ...), false));rtrace:notrace(visible(- ...)), notrace(nb_setarg(1, mquietly_if(..., ...), true)), notrace(fail))), _49500, must_sanity:mquietly_if(true, rtrace:tAt_rtrace))
^  Unify: (14) [system] setup_call_catcher_cleanup(rtrace:notrace(visible(-all)), must_sanity:((logicmoo_startup:likely_folded(locally(set_prolog_flag(retry_undefined, none), if_defined_local(dmsg0(init_why(..., ...)), logicmoo_util_catch:ddmsg(...)))), deterministic(_48096)), (notrace(_48096==true)->!;rtrace:tAt_rtrace, notrace(nb_setarg(1, mquietly_if(true, ... : ...), false));rtrace:notrace(visible(- ...)), notrace(nb_setarg(1, mquietly_if(..., ...), true)), notrace(fail))), _50132, must_sanity:mquietly_if(true, rtrace:tAt_rtrace))
%~ init_why(after_boot,program)
^  Exit: (16) [must_sanity] must_sanity:mquietly_if(true, rtrace:tAt_rtrace)
^  Exit: (14) [system] setup_call_catcher_cleanup(rtrace:notrace(visible(-all)), must_sanity:((logicmoo_startup:likely_folded(locally(set_prolog_flag(retry_undefined, none), if_defined_local(dmsg0(init_why(..., ...)), logicmoo_util_catch:ddmsg(...)))), deterministic(true)), (notrace(true==true)->!;rtrace:tAt_rtrace, notrace(nb_setarg(1, mquietly_if(true, ... : ...), false));rtrace:notrace(visible(- ...)), notrace(nb_setarg(1, mquietly_if(..., ...), true)), notrace(fail))), exit, must_sanity:mquietly_if(true, rtrace:tAt_rtrace))
^  Exit: (13) [system] setup_call_cleanup(rtrace:notrace(visible(-all)), must_sanity:((logicmoo_startup:likely_folded(locally(set_prolog_flag(retry_undefined, none), if_defined_local(dmsg0(init_why(..., ...)), logicmoo_util_catch:ddmsg(...)))), deterministic(true)), (notrace(true==true)->!;rtrace:tAt_rtrace, notrace(nb_setarg(1, mquietly_if(true, ... : ...), false));rtrace:notrace(visible(- ...)), notrace(nb_setarg(1, mquietly_if(..., ...), true)), notrace(fail))), must_sanity:mquietly_if(true, rtrace:tAt_rtrace))
^  Exit: (11) [rtrace] quietly(logicmoo_startup:likely_folded(locally(set_prolog_flag(retry_undefined, none), if_defined_local(dmsg0(init_why(after_boot, program)), logicmoo_util_catch:ddmsg(init_why(after_boot, program))))))
   Call: (10) [system] set_prolog_flag(current_phase, after_boot)
   Exit: (10) [system] set_prolog_flag(current_phase, after_boot)
^  Call: (10) [logicmoo_startup] logicmoo_startup:run_pending_inits(after_boot)
^  Unify: (10) [logicmoo_startup] logicmoo_startup:run_pending_inits(after_boot)
^  Call: (11) [logicmoo_startup] logicmoo_startup:number_phase(_61278, after_boot)
^  Unify: (11) [logicmoo_startup] logicmoo_startup:number_phase(4, after_boot)
^  Exit: (11) [logicmoo_startup] logicmoo_startup:number_phase(4, after_boot)
^  Call: (11) [logicmoo_startup] forall((number_phase(_63160, _63162), lmconf:at_restore_goal(_63162, _63180), _63160=<4), try_pending_init(_63162, _63180))
^  Unify: (11) [$apply] forall(logicmoo_startup:(number_phase(_63160, _63162), lmconf:at_restore_goal(_63162, _63180), _63160=<4), logicmoo_startup:try_pending_init(_63162, _63180))
^  Call: (13) [logicmoo_startup] logicmoo_startup:number_phase(_63160, _63162)
^  Unify: (13) [logicmoo_startup] logicmoo_startup:number_phase(1, load)
^  Exit: (13) [logicmoo_startup] logicmoo_startup:number_phase(1, load)
   Call: (13) [lmconf] lmconf:at_restore_goal(load, _63180)
   Fail: (13) [lmconf] lmconf:at_restore_goal(load, _63180)
^  Redo: (13) [logicmoo_startup] logicmoo_startup:number_phase(_63160, _63162)
^  Unify: (13) [logicmoo_startup] logicmoo_startup:number_phase(2, before_boot)
^  Exit: (13) [logicmoo_startup] logicmoo_startup:number_phase(2, before_boot)
   Call: (13) [lmconf] lmconf:at_restore_goal(before_boot, _63180)
   Unify: (13) [lmconf] lmconf:at_restore_goal(before_boot, logicmoo_startup:at_current_Y(cuz('/var/lib/jenkins/.local/share/swi-prolog/pack/logicmoo_utils/prolog/logicmoo_packs.pl':48), logicmoo_packages:rescan_pack_autoload_packages))
   Exit: (13) [lmconf] lmconf:at_restore_goal(before_boot, logicmoo_startup:at_current_Y(cuz('/var/lib/jenkins/.local/share/swi-prolog/pack/logicmoo_utils/prolog/logicmoo_packs.pl':48), logicmoo_packages:rescan_pack_autoload_packages))
   Call: (13) [system] 2=<4
   Exit: (13) [system] 2=<4
^  Call: (12) [logicmoo_startup] try_pending_init(before_boot, logicmoo_startup:at_current_Y(cuz('/var/lib/jenkins/.local/share/swi-prolog/pack/logicmoo_utils/prolog/logicmoo_packs.pl':48), logicmoo_packages:rescan_pack_autoload_packages))
^  Unify: (12) [logicmoo_startup] try_pending_init(before_boot, logicmoo_startup:at_current_Y(cuz('/var/lib/jenkins/.local/share/swi-prolog/pack/logicmoo_utils/prolog/logicmoo_packs.pl':48), logicmoo_packages:rescan_pack_autoload_packages))
^  Call: (13) [logicmoo_startup] logicmoo_startup:has_ran_once(_73912, logicmoo_startup:at_current_Y(cuz('/var/lib/jenkins/.local/share/swi-prolog/pack/logicmoo_utils/prolog/logicmoo_packs.pl':48), logicmoo_packages:rescan_pack_autoload_packages))
^  Unify: (13) [logicmoo_startup] logicmoo_startup:has_ran_once(_74536, logicmoo_startup:at_current_Y(cuz('/var/lib/jenkins/.local/share/swi-prolog/pack/logicmoo_utils/prolog/logicmoo_packs.pl':48), logicmoo_packages:rescan_pack_autoload_packages))
   Call: (14) [lmcache] lmcache:called_startup_goal(_75104, _75106)
   Fail: (14) [lmcache] lmcache:called_startup_goal(_75104, _75106)
^  Fail: (13) [logicmoo_startup] logicmoo_startup:has_ran_once(_76400, logicmoo_startup:at_current_Y(cuz('/var/lib/jenkins/.local/share/swi-prolog/pack/logicmoo_utils/prolog/logicmoo_packs.pl':48), logicmoo_packages:rescan_pack_autoload_packages))
^  Redo: (12) [logicmoo_startup] try_pending_init(before_boot, logicmoo_startup:at_current_Y(cuz('/var/lib/jenkins/.local/share/swi-prolog/pack/logicmoo_utils/prolog/logicmoo_packs.pl':48), logicmoo_packages:rescan_pack_autoload_packages))
^  Unify: (12) [logicmoo_startup] try_pending_init(before_boot, logicmoo_startup:at_current_Y(cuz('/var/lib/jenkins/.local/share/swi-prolog/pack/logicmoo_utils/prolog/logicmoo_packs.pl':48), logicmoo_packages:rescan_pack_autoload_packages))
^  Call: (13) [logicmoo_startup] assertz(lmcache:called_startup_goal(before_boot, logicmoo_startup:at_current_Y(cuz('/var/lib/jenkins/.local/share/swi-prolog/pack/logicmoo_utils/prolog/logicmoo_packs.pl':48), logicmoo_packages:rescan_pack_autoload_packages)))
^  Exit: (13) [logicmoo_startup] assertz(lmcache:called_startup_goal(before_boot, logicmoo_startup:at_current_Y(cuz('/var/lib/jenkins/.local/share/swi-prolog/pack/logicmoo_utils/prolog/logicmoo_packs.pl':48), logicmoo_packages:rescan_pack_autoload_packages)))
^  Call: (13) [logicmoo_startup] maybe_notrace(logicmoo_startup:at_current_Y(cuz('/var/lib/jenkins/.local/share/swi-prolog/pack/logicmoo_utils/prolog/logicmoo_packs.pl':48), logicmoo_packages:rescan_pack_autoload_packages))
^  Unify: (13) [logicmoo_startup] maybe_notrace(logicmoo_startup:at_current_Y(cuz('/var/lib/jenkins/.local/share/swi-prolog/pack/logicmoo_utils/prolog/logicmoo_packs.pl':48), logicmoo_packages:rescan_pack_autoload_packages))
   Call: (14) [edinburgh] edinburgh:debug
   Unify: (14) [edinburgh] edinburgh:debug
   Call: (15) [system] set_prolog_flag(debug, true)
   Exit: (15) [system] set_prolog_flag(debug, true)
   Exit: (14) [edinburgh] edinburgh:debug
^  Call: (14) [logicmoo_startup] maybe_one(quietly(logicmoo_startup:at_current_Y(cuz('/var/lib/jenkins/.local/share/swi-prolog/pack/logicmoo_utils/prolog/logicmoo_packs.pl':48), logicmoo_packages:rescan_pack_autoload_packages)), ftrace(logicmoo_startup:at_current_Y(cuz('/var/lib/jenkins/.local/share/swi-prolog/pack/logicmoo_utils/prolog/logicmoo_packs.pl':48), logicmoo_packages:rescan_pack_autoload_packages)))
^  Unify: (14) [logicmoo_startup] maybe_one(logicmoo_startup:quietly(logicmoo_startup:at_current_Y(cuz('/var/lib/jenkins/.local/share/swi-prolog/pack/logicmoo_utils/prolog/logicmoo_packs.pl':48), logicmoo_packages:rescan_pack_autoload_packages)), logicmoo_startup:ftrace(logicmoo_startup:at_current_Y(cuz('/var/lib/jenkins/.local/share/swi-prolog/pack/logicmoo_utils/prolog/logicmoo_packs.pl':48), logicmoo_packages:rescan_pack_autoload_packages)))
^  Call: (16) [logicmoo_startup] call(logicmoo_startup:quietly(logicmoo_startup:at_current_Y(cuz('/var/lib/jenkins/.local/share/swi-prolog/pack/logicmoo_utils/prolog/logicmoo_packs.pl':48), logicmoo_packages:rescan_pack_autoload_packages)))
^  Unify: (16) [system] call(logicmoo_startup:quietly(logicmoo_startup:at_current_Y(cuz('/var/lib/jenkins/.local/share/swi-prolog/pack/logicmoo_utils/prolog/logicmoo_packs.pl':48), logicmoo_packages:rescan_pack_autoload_packages)))
^  Call: (17) [logicmoo_startup] quietly(logicmoo_startup:at_current_Y(cuz('/var/lib/jenkins/.local/share/swi-prolog/pack/logicmoo_utils/prolog/logicmoo_packs.pl':48), logicmoo_packages:rescan_pack_autoload_packages))
^  Unify: (17) [rtrace] quietly(logicmoo_startup:at_current_Y(cuz('/var/lib/jenkins/.local/share/swi-prolog/pack/logicmoo_utils/prolog/logicmoo_packs.pl':48), logicmoo_packages:rescan_pack_autoload_packages))
   Call: (19) [system] _88014=mquietly_if(true, rtrace:tAt_rtrace)
   Exit: (19) [system] mquietly_if(true, rtrace:tAt_rtrace)=mquietly_if(true, rtrace:tAt_rtrace)
^  Call: (19) [must_sanity] setup_call_cleanup(rtrace:notrace(visible(-all)),  ((logicmoo_startup:at_current_Y(cuz('/var/lib/jenkins/.local/share/swi-prolog/pack/logicmoo_utils/prolog/logicmoo_packs.pl':48), logicmoo_packages:rescan_pack_autoload_packages), deterministic(_89272)), (notrace(_89272==true)->!;rtrace:tAt_rtrace, notrace(nb_setarg(1, mquietly_if(true, rtrace:tAt_rtrace), false));rtrace:notrace(visible(-all)), notrace(nb_setarg(1, mquietly_if(true, ... : ...), true)), notrace(fail))), mquietly_if(true, rtrace:tAt_rtrace))
^  Unify: (19) [system] setup_call_cleanup(rtrace:notrace(visible(-all)), must_sanity:((logicmoo_startup:at_current_Y(cuz('/var/lib/jenkins/.local/share/swi-prolog/pack/logicmoo_utils/prolog/logicmoo_packs.pl':48), logicmoo_packages:rescan_pack_autoload_packages), deterministic(_89272)), (notrace(_89272==true)->!;rtrace:tAt_rtrace, notrace(nb_setarg(1, mquietly_if(true, ... : ...), false));rtrace:notrace(visible(- ...)), notrace(nb_setarg(1, mquietly_if(..., ...), true)), notrace(fail))), must_sanity:mquietly_if(true, rtrace:tAt_rtrace))
^  Call: (20) [system] setup_call_catcher_cleanup(rtrace:notrace(visible(-all)), must_sanity:((logicmoo_startup:at_current_Y(cuz('/var/lib/jenkins/.local/share/swi-prolog/pack/logicmoo_utils/prolog/logicmoo_packs.pl':48), logicmoo_packages:rescan_pack_autoload_packages), deterministic(_89272)), (notrace(_89272==true)->!;rtrace:tAt_rtrace, notrace(nb_setarg(1, mquietly_if(true, ... : ...), false));rtrace:notrace(visible(- ...)), notrace(nb_setarg(1, mquietly_if(..., ...), true)), notrace(fail))), _90676, must_sanity:mquietly_if(true, rtrace:tAt_rtrace))
^  Unify: (20) [system] setup_call_catcher_cleanup(rtrace:notrace(visible(-all)), must_sanity:((logicmoo_startup:at_current_Y(cuz('/var/lib/jenkins/.local/share/swi-prolog/pack/logicmoo_utils/prolog/logicmoo_packs.pl':48), logicmoo_packages:rescan_pack_autoload_packages), deterministic(_89272)), (notrace(_89272==true)->!;rtrace:tAt_rtrace, notrace(nb_setarg(1, mquietly_if(true, ... : ...), false));rtrace:notrace(visible(- ...)), notrace(nb_setarg(1, mquietly_if(..., ...), true)), notrace(fail))), _91308, must_sanity:mquietly_if(true, rtrace:tAt_rtrace))
%~ READONLY PACKAGES
^  Exit: (22) [must_sanity] must_sanity:mquietly_if(true, rtrace:tAt_rtrace)
^  Exit: (20) [system] setup_call_catcher_cleanup(rtrace:notrace(visible(-all)), must_sanity:((logicmoo_startup:at_current_Y(cuz('/var/lib/jenkins/.local/share/swi-prolog/pack/logicmoo_utils/prolog/logicmoo_packs.pl':48), logicmoo_packages:rescan_pack_autoload_packages), deterministic(true)), (notrace(true==true)->!;rtrace:tAt_rtrace, notrace(nb_setarg(1, mquietly_if(true, ... : ...), false));rtrace:notrace(visible(- ...)), notrace(nb_setarg(1, mquietly_if(..., ...), true)), notrace(fail))), exit, must_sanity:mquietly_if(true, rtrace:tAt_rtrace))
^  Exit: (19) [system] setup_call_cleanup(rtrace:notrace(visible(-all)), must_sanity:((logicmoo_startup:at_current_Y(cuz('/var/lib/jenkins/.local/share/swi-prolog/pack/logicmoo_utils/prolog/logicmoo_packs.pl':48), logicmoo_packages:rescan_pack_autoload_packages), deterministic(true)), (notrace(true==true)->!;rtrace:tAt_rtrace, notrace(nb_setarg(1, mquietly_if(true, ... : ...), false));rtrace:notrace(visible(- ...)), notrace(nb_setarg(1, mquietly_if(..., ...), true)), notrace(fail))), must_sanity:mquietly_if(true, rtrace:tAt_rtrace))
^  Exit: (17) [rtrace] quietly(logicmoo_startup:at_current_Y(cuz('/var/lib/jenkins/.local/share/swi-prolog/pack/logicmoo_utils/prolog/logicmoo_packs.pl':48), logicmoo_packages:rescan_pack_autoload_packages))
^  Exit: (16) [system] call(logicmoo_startup:quietly(logicmoo_startup:at_current_Y(cuz('/var/lib/jenkins/.local/share/swi-prolog/pack/logicmoo_utils/prolog/logicmoo_packs.pl':48), logicmoo_packages:rescan_pack_autoload_packages)))
   Call: (15) [system] true
   Exit: (15) [system] true
^  Exit: (14) [logicmoo_startup] maybe_one(logicmoo_startup:quietly(logicmoo_startup:at_current_Y(cuz('/var/lib/jenkins/.local/share/swi-prolog/pack/logicmoo_utils/prolog/logicmoo_packs.pl':48), logicmoo_packages:rescan_pack_autoload_packages)), logicmoo_startup:ftrace(logicmoo_startup:at_current_Y(cuz('/var/lib/jenkins/.local/share/swi-prolog/pack/logicmoo_utils/prolog/logicmoo_packs.pl':48), logicmoo_packages:rescan_pack_autoload_packages)))
^  Exit: (13) [logicmoo_startup] maybe_notrace(logicmoo_startup:at_current_Y(cuz('/var/lib/jenkins/.local/share/swi-prolog/pack/logicmoo_utils/prolog/logicmoo_packs.pl':48), logicmoo_packages:rescan_pack_autoload_packages))
   Call: (13) [system] true
   Exit: (13) [system] true
^  Exit: (12) [logicmoo_startup] try_pending_init(before_boot, logicmoo_startup:at_current_Y(cuz('/var/lib/jenkins/.local/share/swi-prolog/pack/logicmoo_utils/prolog/logicmoo_packs.pl':48), logicmoo_packages:rescan_pack_autoload_packages))
   Redo: (13) [lmconf] lmconf:at_restore_goal(before_boot, _63180)
   Unify: (13) [lmconf] lmconf:at_restore_goal(before_boot, logicmoo_startup:at_current_Y(cuz('/var/lib/jenkins/.local/share/swi-prolog/pack/logicmoo_utils/prolog/logicmoo_lib.pl':108), user:gripe_time(40, if_file_exists(ensure_loaded(system:logicmoo_packs)))))
   Exit: (13) [lmconf] lmconf:at_restore_goal(before_boot, logicmoo_startup:at_current_Y(cuz('/var/lib/jenkins/.local/share/swi-prolog/pack/logicmoo_utils/prolog/logicmoo_lib.pl':108), user:gripe_time(40, if_file_exists(ensure_loaded(system:logicmoo_packs)))))
   Call: (13) [system] 2=<4
   Exit: (13) [system] 2=<4
^  Call: (12) [logicmoo_startup] try_pending_init(before_boot, logicmoo_startup:at_current_Y(cuz('/var/lib/jenkins/.local/share/swi-prolog/pack/logicmoo_utils/prolog/logicmoo_lib.pl':108), user:gripe_time(40, if_file_exists(ensure_loaded(system:logicmoo_packs)))))
^  Unify: (12) [logicmoo_startup] try_pending_init(before_boot, logicmoo_startup:at_current_Y(cuz('/var/lib/jenkins/.local/share/swi-prolog/pack/logicmoo_utils/prolog/logicmoo_lib.pl':108), user:gripe_time(40, if_file_exists(ensure_loaded(system:logicmoo_packs)))))
^  Call: (13) [logicmoo_startup] logicmoo_startup:has_ran_once(_110454, logicmoo_startup:at_current_Y(cuz('/var/lib/jenkins/.local/share/swi-prolog/pack/logicmoo_utils/prolog/logicmoo_lib.pl':108), user:gripe_time(40, if_file_exists(ensure_loaded(system:logicmoo_packs)))))
^  Unify: (13) [logicmoo_startup] logicmoo_startup:has_ran_once(_111078, logicmoo_startup:at_current_Y(cuz('/var/lib/jenkins/.local/share/swi-prolog/pack/logicmoo_utils/prolog/logicmoo_lib.pl':108), user:gripe_time(40, if_file_exists(ensure_loaded(system:logicmoo_packs)))))
   Call: (14) [lmcache] lmcache:called_startup_goal(_111646, _111648)
   Unify: (14) [lmcache] lmcache:called_startup_goal(before_boot, logicmoo_startup:at_current_Y(cuz('/var/lib/jenkins/.local/share/swi-prolog/pack/logicmoo_utils/prolog/logicmoo_packs.pl':48), logicmoo_packages:rescan_pack_autoload_packages))
   Exit: (14) [lmcache] lmcache:called_startup_goal(before_boot, logicmoo_startup:at_current_Y(cuz('/var/lib/jenkins/.local/share/swi-prolog/pack/logicmoo_utils/prolog/logicmoo_packs.pl':48), logicmoo_packages:rescan_pack_autoload_packages))
   Call: (14) [system] logicmoo_startup:at_current_Y(cuz('/var/lib/jenkins/.local/share/swi-prolog/pack/logicmoo_utils/prolog/logicmoo_packs.pl':48), logicmoo_packages:rescan_pack_autoload_packages)=@=logicmoo_startup:at_current_Y(cuz('/var/lib/jenkins/.local/share/swi-prolog/pack/logicmoo_utils/prolog/logicmoo_lib.pl':108), user:gripe_time(40, if_file_exists(ensure_loaded(system:logicmoo_packs))))
   Fail: (14) [system] logicmoo_startup:at_current_Y(cuz('/var/lib/jenkins/.local/share/swi-prolog/pack/logicmoo_utils/prolog/logicmoo_packs.pl':48), logicmoo_packages:rescan_pack_autoload_packages)=@=logicmoo_startup:at_current_Y(cuz('/var/lib/jenkins/.local/share/swi-prolog/pack/logicmoo_utils/prolog/logicmoo_lib.pl':108), user:gripe_time(40, if_file_exists(ensure_loaded(system:logicmoo_packs))))
^  Fail: (13) [logicmoo_startup] logicmoo_startup:has_ran_once(_114824, logicmoo_startup:at_current_Y(cuz('/var/lib/jenkins/.local/share/swi-prolog/pack/logicmoo_utils/prolog/logicmoo_lib.pl':108), user:gripe_time(40, if_file_exists(ensure_loaded(system:logicmoo_packs)))))
^  Redo: (12) [logicmoo_startup] try_pending_init(before_boot, logicmoo_startup:at_current_Y(cuz('/var/lib/jenkins/.local/share/swi-prolog/pack/logicmoo_utils/prolog/logicmoo_lib.pl':108), user:gripe_time(40, if_file_exists(ensure_loaded(system:logicmoo_packs)))))
^  Unify: (12) [logicmoo_startup] try_pending_init(before_boot, logicmoo_startup:at_current_Y(cuz('/var/lib/jenkins/.local/share/swi-prolog/pack/logicmoo_utils/prolog/logicmoo_lib.pl':108), user:gripe_time(40, if_file_exists(ensure_loaded(system:logicmoo_packs)))))
^  Call: (13) [logicmoo_startup] assertz(lmcache:called_startup_goal(before_boot, logicmoo_startup:at_current_Y(cuz('/var/lib/jenkins/.local/share/swi-prolog/pack/logicmoo_utils/prolog/logicmoo_lib.pl':108), user:gripe_time(40, if_file_exists(ensure_loaded(... : ...))))))
^  Exit: (13) [logicmoo_startup] assertz(lmcache:called_startup_goal(before_boot, logicmoo_startup:at_current_Y(cuz('/var/lib/jenkins/.local/share/swi-prolog/pack/logicmoo_utils/prolog/logicmoo_lib.pl':108), user:gripe_time(40, if_file_exists(ensure_loaded(... : ...))))))
^  Call: (13) [logicmoo_startup] maybe_notrace(logicmoo_startup:at_current_Y(cuz('/var/lib/jenkins/.local/share/swi-prolog/pack/logicmoo_utils/prolog/logicmoo_lib.pl':108), user:gripe_time(40, if_file_exists(ensure_loaded(system:logicmoo_packs)))))
^  Unify: (13) [logicmoo_startup] maybe_notrace(logicmoo_startup:at_current_Y(cuz('/var/lib/jenkins/.local/share/swi-prolog/pack/logicmoo_utils/prolog/logicmoo_lib.pl':108), user:gripe_time(40, if_file_exists(ensure_loaded(system:logicmoo_packs)))))
   Call: (14) [edinburgh] edinburgh:debug
   Unify: (14) [edinburgh] edinburgh:debug
   Call: (15) [system] set_prolog_flag(debug, true)
   Exit: (15) [system] set_prolog_flag(debug, true)
   Exit: (14) [edinburgh] edinburgh:debug
^  Call: (14) [logicmoo_startup] maybe_one(quietly(logicmoo_startup:at_current_Y(cuz('/var/lib/jenkins/.local/share/swi-prolog/pack/logicmoo_utils/prolog/logicmoo_lib.pl':108), user:gripe_time(40, if_file_exists(ensure_loaded(system:logicmoo_packs))))), ftrace(logicmoo_startup:at_current_Y(cuz('/var/lib/jenkins/.local/share/swi-prolog/pack/logicmoo_utils/prolog/logicmoo_lib.pl':108), user:gripe_time(40, if_file_exists(ensure_loaded(system:logicmoo_packs))))))
^  Unify: (14) [logicmoo_startup] maybe_one(logicmoo_startup:quietly(logicmoo_startup:at_current_Y(cuz('/var/lib/jenkins/.local/share/swi-prolog/pack/logicmoo_utils/prolog/logicmoo_lib.pl':108), user:gripe_time(40, if_file_exists(ensure_loaded(... : ...))))), logicmoo_startup:ftrace(logicmoo_startup:at_current_Y(cuz('/var/lib/jenkins/.local/share/swi-prolog/pack/logicmoo_utils/prolog/logicmoo_lib.pl':108), user:gripe_time(40, if_file_exists(ensure_loaded(... : ...))))))
^  Call: (16) [logicmoo_startup] call(logicmoo_startup:quietly(logicmoo_startup:at_current_Y(cuz('/var/lib/jenkins/.local/share/swi-prolog/pack/logicmoo_utils/prolog/logicmoo_lib.pl':108), user:gripe_time(40, if_file_exists(ensure_loaded(... : ...))))))
^  Unify: (16) [system] call(logicmoo_startup:quietly(logicmoo_startup:at_current_Y(cuz('/var/lib/jenkins/.local/share/swi-prolog/pack/logicmoo_utils/prolog/logicmoo_lib.pl':108), user:gripe_time(40, if_file_exists(ensure_loaded(... : ...))))))
^  Call: (17) [logicmoo_startup] quietly(logicmoo_startup:at_current_Y(cuz('/var/lib/jenkins/.local/share/swi-prolog/pack/logicmoo_utils/prolog/logicmoo_lib.pl':108), user:gripe_time(40, if_file_exists(ensure_loaded(system:logicmoo_packs)))))
^  Unify: (17) [rtrace] quietly(logicmoo_startup:at_current_Y(cuz('/var/lib/jenkins/.local/share/swi-prolog/pack/logicmoo_utils/prolog/logicmoo_lib.pl':108), user:gripe_time(40, if_file_exists(ensure_loaded(system:logicmoo_packs)))))
   Call: (19) [system] _126438=mquietly_if(true, rtrace:tAt_rtrace)
   Exit: (19) [system] mquietly_if(true, rtrace:tAt_rtrace)=mquietly_if(true, rtrace:tAt_rtrace)
^  Call: (19) [must_sanity] setup_call_cleanup(rtrace:notrace(visible(-all)),  ((logicmoo_startup:at_current_Y(cuz('/var/lib/jenkins/.local/share/swi-prolog/pack/logicmoo_utils/prolog/logicmoo_lib.pl':108), user:gripe_time(40, if_file_exists(ensure_loaded(... : ...)))), deterministic(_127696)), (notrace(_127696==true)->!;rtrace:tAt_rtrace, notrace(nb_setarg(1, mquietly_if(true, rtrace:tAt_rtrace), false));rtrace:notrace(visible(-all)), notrace(nb_setarg(1, mquietly_if(true, ... : ...), true)), notrace(fail))), mquietly_if(true, rtrace:tAt_rtrace))
^  Unify: (19) [system] setup_call_cleanup(rtrace:notrace(visible(-all)), must_sanity:((logicmoo_startup:at_current_Y(cuz('/var/lib/jenkins/.local/share/swi-prolog/pack/logicmoo_utils/prolog/logicmoo_lib.pl':108), user:gripe_time(40, if_file_exists(ensure_loaded(...)))), deterministic(_127696)), (notrace(_127696==true)->!;rtrace:tAt_rtrace, notrace(nb_setarg(1, mquietly_if(true, ... : ...), false));rtrace:notrace(visible(- ...)), notrace(nb_setarg(1, mquietly_if(..., ...), true)), notrace(fail))), must_sanity:mquietly_if(true, rtrace:tAt_rtrace))
^  Call: (20) [system] setup_call_catcher_cleanup(rtrace:notrace(visible(-all)), must_sanity:((logicmoo_startup:at_current_Y(cuz('/var/lib/jenkins/.local/share/swi-prolog/pack/logicmoo_utils/prolog/logicmoo_lib.pl':108), user:gripe_time(40, if_file_exists(ensure_loaded(...)))), deterministic(_127696)), (notrace(_127696==true)->!;rtrace:tAt_rtrace, notrace(nb_setarg(1, mquietly_if(true, ... : ...), false));rtrace:notrace(visible(- ...)), notrace(nb_setarg(1, mquietly_if(..., ...), true)), notrace(fail))), _129100, must_sanity:mquietly_if(true, rtrace:tAt_rtrace))
^  Unify: (20) [system] setup_call_catcher_cleanup(rtrace:notrace(visible(-all)), must_sanity:((logicmoo_startup:at_current_Y(cuz('/var/lib/jenkins/.local/share/swi-prolog/pack/logicmoo_utils/prolog/logicmoo_lib.pl':108), user:gripe_time(40, if_file_exists(ensure_loaded(...)))), deterministic(_127696)), (notrace(_127696==true)->!;rtrace:tAt_rtrace, notrace(nb_setarg(1, mquietly_if(true, ... : ...), false));rtrace:notrace(visible(- ...)), notrace(nb_setarg(1, mquietly_if(..., ...), true)), notrace(fail))), _129732, must_sanity:mquietly_if(true, rtrace:tAt_rtrace))
^  Exit: (22) [must_sanity] must_sanity:mquietly_if(true, rtrace:tAt_rtrace)
^  Exit: (20) [system] setup_call_catcher_cleanup(rtrace:notrace(visible(-all)), must_sanity:((logicmoo_startup:at_current_Y(cuz('/var/lib/jenkins/.local/share/swi-prolog/pack/logicmoo_utils/prolog/logicmoo_lib.pl':108), user:gripe_time(40, if_file_exists(ensure_loaded(...)))), deterministic(true)), (notrace(true==true)->!;rtrace:tAt_rtrace, notrace(nb_setarg(1, mquietly_if(true, ... : ...), false));rtrace:notrace(visible(- ...)), notrace(nb_setarg(1, mquietly_if(..., ...), true)), notrace(fail))), exit, must_sanity:mquietly_if(true, rtrace:tAt_rtrace))
^  Exit: (19) [system] setup_call_cleanup(rtrace:notrace(visible(-all)), must_sanity:((logicmoo_startup:at_current_Y(cuz('/var/lib/jenkins/.local/share/swi-prolog/pack/logicmoo_utils/prolog/logicmoo_lib.pl':108), user:gripe_time(40, if_file_exists(ensure_loaded(...)))), deterministic(true)), (notrace(true==true)->!;rtrace:tAt_rtrace, notrace(nb_setarg(1, mquietly_if(true, ... : ...), false));rtrace:notrace(visible(- ...)), notrace(nb_setarg(1, mquietly_if(..., ...), true)), notrace(fail))), must_sanity:mquietly_if(true, rtrace:tAt_rtrace))
^  Exit: (17) [rtrace] quietly(logicmoo_startup:at_current_Y(cuz('/var/lib/jenkins/.local/share/swi-prolog/pack/logicmoo_utils/prolog/logicmoo_lib.pl':108), user:gripe_time(40, if_file_exists(ensure_loaded(system:logicmoo_packs)))))
^  Exit: (16) [system] call(logicmoo_startup:quietly(logicmoo_startup:at_current_Y(cuz('/var/lib/jenkins/.local/share/swi-prolog/pack/logicmoo_utils/prolog/logicmoo_lib.pl':108), user:gripe_time(40, if_file_exists(ensure_loaded(... : ...))))))
   Call: (15) [system] true
   Exit: (15) [system] true
^  Exit: (14) [logicmoo_startup] maybe_one(logicmoo_startup:quietly(logicmoo_startup:at_current_Y(cuz('/var/lib/jenkins/.local/share/swi-prolog/pack/logicmoo_utils/prolog/logicmoo_lib.pl':108), user:gripe_time(40, if_file_exists(ensure_loaded(... : ...))))), logicmoo_startup:ftrace(logicmoo_startup:at_current_Y(cuz('/var/lib/jenkins/.local/share/swi-prolog/pack/logicmoo_utils/prolog/logicmoo_lib.pl':108), user:gripe_time(40, if_file_exists(ensure_loaded(... : ...))))))
^  Exit: (13) [logicmoo_startup] maybe_notrace(logicmoo_startup:at_current_Y(cuz('/var/lib/jenkins/.local/share/swi-prolog/pack/logicmoo_utils/prolog/logicmoo_lib.pl':108), user:gripe_time(40, if_file_exists(ensure_loaded(system:logicmoo_packs)))))
   Call: (13) [system] true
   Exit: (13) [system] true
^  Exit: (12) [logicmoo_startup] try_pending_init(before_boot, logicmoo_startup:at_current_Y(cuz('/var/lib/jenkins/.local/share/swi-prolog/pack/logicmoo_utils/prolog/logicmoo_lib.pl':108), user:gripe_time(40, if_file_exists(ensure_loaded(system:logicmoo_packs)))))
   Redo: (13) [lmconf] lmconf:at_restore_goal(before_boot, _63180)
   Unify: (13) [lmconf] lmconf:at_restore_goal(before_boot, logicmoo_startup:at_current_Y(cuz('/var/lib/jenkins/.local/share/swi-prolog/pack/logicmoo_utils/prolog/logicmoo_lib.pl':116), logicmoo_lib:rescan_pack_autoload_packages))
   Exit: (13) [lmconf] lmconf:at_restore_goal(before_boot, logicmoo_startup:at_current_Y(cuz('/var/lib/jenkins/.local/share/swi-prolog/pack/logicmoo_utils/prolog/logicmoo_lib.pl':116), logicmoo_lib:rescan_pack_autoload_packages))
   Call: (13) [system] 2=<4
   Exit: (13) [system] 2=<4
^  Call: (12) [logicmoo_startup] try_pending_init(before_boot, logicmoo_startup:at_current_Y(cuz('/var/lib/jenkins/.local/share/swi-prolog/pack/logicmoo_utils/prolog/logicmoo_lib.pl':116), logicmoo_lib:rescan_pack_autoload_packages))
^  Unify: (12) [logicmoo_startup] try_pending_init(before_boot, logicmoo_startup:at_current_Y(cuz('/var/lib/jenkins/.local/share/swi-prolog/pack/logicmoo_utils/prolog/logicmoo_lib.pl':116), logicmoo_lib:rescan_pack_autoload_packages))
^  Call: (13) [logicmoo_startup] logicmoo_startup:has_ran_once(_143036, logicmoo_startup:at_current_Y(cuz('/var/lib/jenkins/.local/share/swi-prolog/pack/logicmoo_utils/prolog/logicmoo_lib.pl':116), logicmoo_lib:rescan_pack_autoload_packages))
^  Unify: (13) [logicmoo_startup] logicmoo_startup:has_ran_once(_143660, logicmoo_startup:at_current_Y(cuz('/var/lib/jenkins/.local/share/swi-prolog/pack/logicmoo_utils/prolog/logicmoo_lib.pl':116), logicmoo_lib:rescan_pack_autoload_packages))
   Call: (14) [lmcache] lmcache:called_startup_goal(_144228, _144230)
   Unify: (14) [lmcache] lmcache:called_startup_goal(before_boot, logicmoo_startup:at_current_Y(cuz('/var/lib/jenkins/.local/share/swi-prolog/pack/logicmoo_utils/prolog/logicmoo_packs.pl':48), logicmoo_packages:rescan_pack_autoload_packages))
   Exit: (14) [lmcache] lmcache:called_startup_goal(before_boot, logicmoo_startup:at_current_Y(cuz('/var/lib/jenkins/.local/share/swi-prolog/pack/logicmoo_utils/prolog/logicmoo_packs.pl':48), logicmoo_packages:rescan_pack_autoload_packages))
   Call: (14) [system] logicmoo_startup:at_current_Y(cuz('/var/lib/jenkins/.local/share/swi-prolog/pack/logicmoo_utils/prolog/logicmoo_packs.pl':48), logicmoo_packages:rescan_pack_autoload_packages)=@=logicmoo_startup:at_current_Y(cuz('/var/lib/jenkins/.local/share/swi-prolog/pack/logicmoo_utils/prolog/logicmoo_lib.pl':116), logicmoo_lib:rescan_pack_autoload_packages)
   Fail: (14) [system] logicmoo_startup:at_current_Y(cuz('/var/lib/jenkins/.local/share/swi-prolog/pack/logicmoo_utils/prolog/logicmoo_packs.pl':48), logicmoo_packages:rescan_pack_autoload_packages)=@=logicmoo_startup:at_current_Y(cuz('/var/lib/jenkins/.local/share/swi-prolog/pack/logicmoo_utils/prolog/logicmoo_lib.pl':116), logicmoo_lib:rescan_pack_autoload_packages)
   Redo: (14) [lmcache] lmcache:called_startup_goal(_144228, _144230)
   Unify: (14) [lmcache] lmcache:called_startup_goal(before_boot, logicmoo_startup:at_current_Y(cuz('/var/lib/jenkins/.local/share/swi-prolog/pack/logicmoo_utils/prolog/logicmoo_lib.pl':108), user:gripe_time(40, if_file_exists(ensure_loaded(system:logicmoo_packs)))))
   Exit: (14) [lmcache] lmcache:called_startup_goal(before_boot, logicmoo_startup:at_current_Y(cuz('/var/lib/jenkins/.local/share/swi-prolog/pack/logicmoo_utils/prolog/logicmoo_lib.pl':108), user:gripe_time(40, if_file_exists(ensure_loaded(system:logicmoo_packs)))))
   Call: (14) [system] logicmoo_startup:at_current_Y(cuz('/var/lib/jenkins/.local/share/swi-prolog/pack/logicmoo_utils/prolog/logicmoo_lib.pl':108), user:gripe_time(40, if_file_exists(ensure_loaded(system:logicmoo_packs))))=@=logicmoo_startup:at_current_Y(cuz('/var/lib/jenkins/.local/share/swi-prolog/pack/logicmoo_utils/prolog/logicmoo_lib.pl':116), logicmoo_lib:rescan_pack_autoload_packages)
   Fail: (14) [system] logicmoo_startup:at_current_Y(cuz('/var/lib/jenkins/.local/share/swi-prolog/pack/logicmoo_utils/prolog/logicmoo_lib.pl':108), user:gripe_time(40, if_file_exists(ensure_loaded(system:logicmoo_packs))))=@=logicmoo_startup:at_current_Y(cuz('/var/lib/jenkins/.local/share/swi-prolog/pack/logicmoo_utils/prolog/logicmoo_lib.pl':116), logicmoo_lib:rescan_pack_autoload_packages)
^  Fail: (13) [logicmoo_startup] logicmoo_startup:has_ran_once(_150544, logicmoo_startup:at_current_Y(cuz('/var/lib/jenkins/.local/share/swi-prolog/pack/logicmoo_utils/prolog/logicmoo_lib.pl':116), logicmoo_lib:rescan_pack_autoload_packages))
^  Redo: (12) [logicmoo_startup] try_pending_init(before_boot, logicmoo_startup:at_current_Y(cuz('/var/lib/jenkins/.local/share/swi-prolog/pack/logicmoo_utils/prolog/logicmoo_lib.pl':116), logicmoo_lib:rescan_pack_autoload_packages))
^  Unify: (12) [logicmoo_startup] try_pending_init(before_boot, logicmoo_startup:at_current_Y(cuz('/var/lib/jenkins/.local/share/swi-prolog/pack/logicmoo_utils/prolog/logicmoo_lib.pl':116), logicmoo_lib:rescan_pack_autoload_packages))
^  Call: (13) [logicmoo_startup] assertz(lmcache:called_startup_goal(before_boot, logicmoo_startup:at_current_Y(cuz('/var/lib/jenkins/.local/share/swi-prolog/pack/logicmoo_utils/prolog/logicmoo_lib.pl':116), logicmoo_lib:rescan_pack_autoload_packages)))
^  Exit: (13) [logicmoo_startup] assertz(lmcache:called_startup_goal(before_boot, logicmoo_startup:at_current_Y(cuz('/var/lib/jenkins/.local/share/swi-prolog/pack/logicmoo_utils/prolog/logicmoo_lib.pl':116), logicmoo_lib:rescan_pack_autoload_packages)))
^  Call: (13) [logicmoo_startup] maybe_notrace(logicmoo_startup:at_current_Y(cuz('/var/lib/jenkins/.local/share/swi-prolog/pack/logicmoo_utils/prolog/logicmoo_lib.pl':116), logicmoo_lib:rescan_pack_autoload_packages))
^  Unify: (13) [logicmoo_startup] maybe_notrace(logicmoo_startup:at_current_Y(cuz('/var/lib/jenkins/.local/share/swi-prolog/pack/logicmoo_utils/prolog/logicmoo_lib.pl':116), logicmoo_lib:rescan_pack_autoload_packages))
   Call: (14) [edinburgh] edinburgh:debug
   Unify: (14) [edinburgh] edinburgh:debug
   Call: (15) [system] set_prolog_flag(debug, true)
   Exit: (15) [system] set_prolog_flag(debug, true)
   Exit: (14) [edinburgh] edinburgh:debug
^  Call: (14) [logicmoo_startup] maybe_one(quietly(logicmoo_startup:at_current_Y(cuz('/var/lib/jenkins/.local/share/swi-prolog/pack/logicmoo_utils/prolog/logicmoo_lib.pl':116), logicmoo_lib:rescan_pack_autoload_packages)), ftrace(logicmoo_startup:at_current_Y(cuz('/var/lib/jenkins/.local/share/swi-prolog/pack/logicmoo_utils/prolog/logicmoo_lib.pl':116), logicmoo_lib:rescan_pack_autoload_packages)))
^  Unify: (14) [logicmoo_startup] maybe_one(logicmoo_startup:quietly(logicmoo_startup:at_current_Y(cuz('/var/lib/jenkins/.local/share/swi-prolog/pack/logicmoo_utils/prolog/logicmoo_lib.pl':116), logicmoo_lib:rescan_pack_autoload_packages)), logicmoo_startup:ftrace(logicmoo_startup:at_current_Y(cuz('/var/lib/jenkins/.local/share/swi-prolog/pack/logicmoo_utils/prolog/logicmoo_lib.pl':116), logicmoo_lib:rescan_pack_autoload_packages)))
^  Call: (16) [logicmoo_startup] call(logicmoo_startup:quietly(logicmoo_startup:at_current_Y(cuz('/var/lib/jenkins/.local/share/swi-prolog/pack/logicmoo_utils/prolog/logicmoo_lib.pl':116), logicmoo_lib:rescan_pack_autoload_packages)))
^  Unify: (16) [system] call(logicmoo_startup:quietly(logicmoo_startup:at_current_Y(cuz('/var/lib/jenkins/.local/share/swi-prolog/pack/logicmoo_utils/prolog/logicmoo_lib.pl':116), logicmoo_lib:rescan_pack_autoload_packages)))
^  Call: (17) [logicmoo_startup] quietly(logicmoo_startup:at_current_Y(cuz('/var/lib/jenkins/.local/share/swi-prolog/pack/logicmoo_utils/prolog/logicmoo_lib.pl':116), logicmoo_lib:rescan_pack_autoload_packages))
^  Unify: (17) [rtrace] quietly(logicmoo_startup:at_current_Y(cuz('/var/lib/jenkins/.local/share/swi-prolog/pack/logicmoo_utils/prolog/logicmoo_lib.pl':116), logicmoo_lib:rescan_pack_autoload_packages))
   Call: (19) [system] _162158=mquietly_if(true, rtrace:tAt_rtrace)
   Exit: (19) [system] mquietly_if(true, rtrace:tAt_rtrace)=mquietly_if(true, rtrace:tAt_rtrace)
^  Call: (19) [must_sanity] setup_call_cleanup(rtrace:notrace(visible(-all)),  ((logicmoo_startup:at_current_Y(cuz('/var/lib/jenkins/.local/share/swi-prolog/pack/logicmoo_utils/prolog/logicmoo_lib.pl':116), logicmoo_lib:rescan_pack_autoload_packages), deterministic(_163416)), (notrace(_163416==true)->!;rtrace:tAt_rtrace, notrace(nb_setarg(1, mquietly_if(true, rtrace:tAt_rtrace), false));rtrace:notrace(visible(-all)), notrace(nb_setarg(1, mquietly_if(true, ... : ...), true)), notrace(fail))), mquietly_if(true, rtrace:tAt_rtrace))
^  Unify: (19) [system] setup_call_cleanup(rtrace:notrace(visible(-all)), must_sanity:((logicmoo_startup:at_current_Y(cuz('/var/lib/jenkins/.local/share/swi-prolog/pack/logicmoo_utils/prolog/logicmoo_lib.pl':116), logicmoo_lib:rescan_pack_autoload_packages), deterministic(_163416)), (notrace(_163416==true)->!;rtrace:tAt_rtrace, notrace(nb_setarg(1, mquietly_if(true, ... : ...), false));rtrace:notrace(visible(- ...)), notrace(nb_setarg(1, mquietly_if(..., ...), true)), notrace(fail))), must_sanity:mquietly_if(true, rtrace:tAt_rtrace))
^  Call: (20) [system] setup_call_catcher_cleanup(rtrace:notrace(visible(-all)), must_sanity:((logicmoo_startup:at_current_Y(cuz('/var/lib/jenkins/.local/share/swi-prolog/pack/logicmoo_utils/prolog/logicmoo_lib.pl':116), logicmoo_lib:rescan_pack_autoload_packages), deterministic(_163416)), (notrace(_163416==true)->!;rtrace:tAt_rtrace, notrace(nb_setarg(1, mquietly_if(true, ... : ...), false));rtrace:notrace(visible(- ...)), notrace(nb_setarg(1, mquietly_if(..., ...), true)), notrace(fail))), _164820, must_sanity:mquietly_if(true, rtrace:tAt_rtrace))
^  Unify: (20) [system] setup_call_catcher_cleanup(rtrace:notrace(visible(-all)), must_sanity:((logicmoo_startup:at_current_Y(cuz('/var/lib/jenkins/.local/share/swi-prolog/pack/logicmoo_utils/prolog/logicmoo_lib.pl':116), logicmoo_lib:rescan_pack_autoload_packages), deterministic(_163416)), (notrace(_163416==true)->!;rtrace:tAt_rtrace, notrace(nb_setarg(1, mquietly_if(true, ... : ...), false));rtrace:notrace(visible(- ...)), notrace(nb_setarg(1, mquietly_if(..., ...), true)), notrace(fail))), _165452, must_sanity:mquietly_if(true, rtrace:tAt_rtrace))
%~ READONLY PACKAGES
^  Exit: (22) [must_sanity] must_sanity:mquietly_if(true, rtrace:tAt_rtrace)
^  Exit: (20) [system] setup_call_catcher_cleanup(rtrace:notrace(visible(-all)), must_sanity:((logicmoo_startup:at_current_Y(cuz('/var/lib/jenkins/.local/share/swi-prolog/pack/logicmoo_utils/prolog/logicmoo_lib.pl':116), logicmoo_lib:rescan_pack_autoload_packages), deterministic(true)), (notrace(true==true)->!;rtrace:tAt_rtrace, notrace(nb_setarg(1, mquietly_if(true, ... : ...), false));rtrace:notrace(visible(- ...)), notrace(nb_setarg(1, mquietly_if(..., ...), true)), notrace(fail))), exit, must_sanity:mquietly_if(true, rtrace:tAt_rtrace))
^  Exit: (19) [system] setup_call_cleanup(rtrace:notrace(visible(-all)), must_sanity:((logicmoo_startup:at_current_Y(cuz('/var/lib/jenkins/.local/share/swi-prolog/pack/logicmoo_utils/prolog/logicmoo_lib.pl':116), logicmoo_lib:rescan_pack_autoload_packages), deterministic(true)), (notrace(true==true)->!;rtrace:tAt_rtrace, notrace(nb_setarg(1, mquietly_if(true, ... : ...), false));rtrace:notrace(visible(- ...)), notrace(nb_setarg(1, mquietly_if(..., ...), true)), notrace(fail))), must_sanity:mquietly_if(true, rtrace:tAt_rtrace))
^  Exit: (17) [rtrace] quietly(logicmoo_startup:at_current_Y(cuz('/var/lib/jenkins/.local/share/swi-prolog/pack/logicmoo_utils/prolog/logicmoo_lib.pl':116), logicmoo_lib:rescan_pack_autoload_packages))
^  Exit: (16) [system] call(logicmoo_startup:quietly(logicmoo_startup:at_current_Y(cuz('/var/lib/jenkins/.local/share/swi-prolog/pack/logicmoo_utils/prolog/logicmoo_lib.pl':116), logicmoo_lib:rescan_pack_autoload_packages)))
   Call: (15) [system] true
   Exit: (15) [system] true
^  Exit: (14) [logicmoo_startup] maybe_one(logicmoo_startup:quietly(logicmoo_startup:at_current_Y(cuz('/var/lib/jenkins/.local/share/swi-prolog/pack/logicmoo_utils/prolog/logicmoo_lib.pl':116), logicmoo_lib:rescan_pack_autoload_packages)), logicmoo_startup:ftrace(logicmoo_startup:at_current_Y(cuz('/var/lib/jenkins/.local/share/swi-prolog/pack/logicmoo_utils/prolog/logicmoo_lib.pl':116), logicmoo_lib:rescan_pack_autoload_packages)))
^  Exit: (13) [logicmoo_startup] maybe_notrace(logicmoo_startup:at_current_Y(cuz('/var/lib/jenkins/.local/share/swi-prolog/pack/logicmoo_utils/prolog/logicmoo_lib.pl':116), logicmoo_lib:rescan_pack_autoload_packages))
   Call: (13) [system] true
   Exit: (13) [system] true
^  Exit: (12) [logicmoo_startup] try_pending_init(before_boot, logicmoo_startup:at_current_Y(cuz('/var/lib/jenkins/.local/share/swi-prolog/pack/logicmoo_utils/prolog/logicmoo_lib.pl':116), logicmoo_lib:rescan_pack_autoload_packages))
   Redo: (13) [lmconf] lmconf:at_restore_goal(before_boot, _63180)
   Unify: (13) [lmconf] lmconf:at_restore_goal(before_boot, logicmoo_startup:at_current_Y(cuz('/var/lib/jenkins/.local/share/swi-prolog/pack/logicmoo_utils/prolog/logicmoo_lib.pl':196), user:gripe_time(40, if_file_exists(ensure_loaded(system:logicmoo_swilib)))))
   Exit: (13) [lmconf] lmconf:at_restore_goal(before_boot, logicmoo_startup:at_current_Y(cuz('/var/lib/jenkins/.local/share/swi-prolog/pack/logicmoo_utils/prolog/logicmoo_lib.pl':196), user:gripe_time(40, if_file_exists(ensure_loaded(system:logicmoo_swilib)))))
   Call: (13) [system] 2=<4
   Exit: (13) [system] 2=<4
^  Call: (12) [logicmoo_startup] try_pending_init(before_boot, logicmoo_startup:at_current_Y(cuz('/var/lib/jenkins/.local/share/swi-prolog/pack/logicmoo_utils/prolog/logicmoo_lib.pl':196), user:gripe_time(40, if_file_exists(ensure_loaded(system:logicmoo_swilib)))))
^  Unify: (12) [logicmoo_startup] try_pending_init(before_boot, logicmoo_startup:at_current_Y(cuz('/var/lib/jenkins/.local/share/swi-prolog/pack/logicmoo_utils/prolog/logicmoo_lib.pl':196), user:gripe_time(40, if_file_exists(ensure_loaded(system:logicmoo_swilib)))))
^  Call: (13) [logicmoo_startup] logicmoo_startup:has_ran_once(_182998, logicmoo_startup:at_current_Y(cuz('/var/lib/jenkins/.local/share/swi-prolog/pack/logicmoo_utils/prolog/logicmoo_lib.pl':196), user:gripe_time(40, if_file_exists(ensure_loaded(system:logicmoo_swilib)))))
^  Unify: (13) [logicmoo_startup] logicmoo_startup:has_ran_once(_183622, logicmoo_startup:at_current_Y(cuz('/var/lib/jenkins/.local/share/swi-prolog/pack/logicmoo_utils/prolog/logicmoo_lib.pl':196), user:gripe_time(40, if_file_exists(ensure_loaded(system:logicmoo_swilib)))))
   Call: (14) [lmcache] lmcache:called_startup_goal(_184190, _184192)
   Unify: (14) [lmcache] lmcache:called_startup_goal(before_boot, logicmoo_startup:at_current_Y(cuz('/var/lib/jenkins/.local/share/swi-prolog/pack/logicmoo_utils/prolog/logicmoo_packs.pl':48), logicmoo_packages:rescan_pack_autoload_packages))
   Exit: (14) [lmcache] lmcache:called_startup_goal(before_boot, logicmoo_startup:at_current_Y(cuz('/var/lib/jenkins/.local/share/swi-prolog/pack/logicmoo_utils/prolog/logicmoo_packs.pl':48), logicmoo_packages:rescan_pack_autoload_packages))
   Call: (14) [system] logicmoo_startup:at_current_Y(cuz('/var/lib/jenkins/.local/share/swi-prolog/pack/logicmoo_utils/prolog/logicmoo_packs.pl':48), logicmoo_packages:rescan_pack_autoload_packages)=@=logicmoo_startup:at_current_Y(cuz('/var/lib/jenkins/.local/share/swi-prolog/pack/logicmoo_utils/prolog/logicmoo_lib.pl':196), user:gripe_time(40, if_file_exists(ensure_loaded(system:logicmoo_swilib))))
   Fail: (14) [system] logicmoo_startup:at_current_Y(cuz('/var/lib/jenkins/.local/share/swi-prolog/pack/logicmoo_utils/prolog/logicmoo_packs.pl':48), logicmoo_packages:rescan_pack_autoload_packages)=@=logicmoo_startup:at_current_Y(cuz('/var/lib/jenkins/.local/share/swi-prolog/pack/logicmoo_utils/prolog/logicmoo_lib.pl':196), user:gripe_time(40, if_file_exists(ensure_loaded(system:logicmoo_swilib))))
   Redo: (14) [lmcache] lmcache:called_startup_goal(_184190, _184192)
   Unify: (14) [lmcache] lmcache:called_startup_goal(before_boot, logicmoo_startup:at_current_Y(cuz('/var/lib/jenkins/.local/share/swi-prolog/pack/logicmoo_utils/prolog/logicmoo_lib.pl':108), user:gripe_time(40, if_file_exists(ensure_loaded(system:logicmoo_packs)))))
   Exit: (14) [lmcache] lmcache:called_startup_goal(before_boot, logicmoo_startup:at_current_Y(cuz('/var/lib/jenkins/.local/share/swi-prolog/pack/logicmoo_utils/prolog/logicmoo_lib.pl':108), user:gripe_time(40, if_file_exists(ensure_loaded(system:logicmoo_packs)))))
   Call: (14) [system] logicmoo_startup:at_current_Y(cuz('/var/lib/jenkins/.local/share/swi-prolog/pack/logicmoo_utils/prolog/logicmoo_lib.pl':108), user:gripe_time(40, if_file_exists(ensure_loaded(system:logicmoo_packs))))=@=logicmoo_startup:at_current_Y(cuz('/var/lib/jenkins/.local/share/swi-prolog/pack/logicmoo_utils/prolog/logicmoo_lib.pl':196), user:gripe_time(40, if_file_exists(ensure_loaded(system:logicmoo_swilib))))
   Fail: (14) [system] logicmoo_startup:at_current_Y(cuz('/var/lib/jenkins/.local/share/swi-prolog/pack/logicmoo_utils/prolog/logicmoo_lib.pl':108), user:gripe_time(40, if_file_exists(ensure_loaded(system:logicmoo_packs))))=@=logicmoo_startup:at_current_Y(cuz('/var/lib/jenkins/.local/share/swi-prolog/pack/logicmoo_utils/prolog/logicmoo_lib.pl':196), user:gripe_time(40, if_file_exists(ensure_loaded(system:logicmoo_swilib))))
   Redo: (14) [lmcache] lmcache:called_startup_goal(_184190, _184192)
   Unify: (14) [lmcache] lmcache:called_startup_goal(before_boot, logicmoo_startup:at_current_Y(cuz('/var/lib/jenkins/.local/share/swi-prolog/pack/logicmoo_utils/prolog/logicmoo_lib.pl':116), logicmoo_lib:rescan_pack_autoload_packages))
   Exit: (14) [lmcache] lmcache:called_startup_goal(before_boot, logicmoo_startup:at_current_Y(cuz('/var/lib/jenkins/.local/share/swi-prolog/pack/logicmoo_utils/prolog/logicmoo_lib.pl':116), logicmoo_lib:rescan_pack_autoload_packages))
   Call: (14) [system] logicmoo_startup:at_current_Y(cuz('/var/lib/jenkins/.local/share/swi-prolog/pack/logicmoo_utils/prolog/logicmoo_lib.pl':116), logicmoo_lib:rescan_pack_autoload_packages)=@=logicmoo_startup:at_current_Y(cuz('/var/lib/jenkins/.local/share/swi-prolog/pack/logicmoo_utils/prolog/logicmoo_lib.pl':196), user:gripe_time(40, if_file_exists(ensure_loaded(system:logicmoo_swilib))))
   Fail: (14) [system] logicmoo_startup:at_current_Y(cuz('/var/lib/jenkins/.local/share/swi-prolog/pack/logicmoo_utils/prolog/logicmoo_lib.pl':116), logicmoo_lib:rescan_pack_autoload_packages)=@=logicmoo_startup:at_current_Y(cuz('/var/lib/jenkins/.local/share/swi-prolog/pack/logicmoo_utils/prolog/logicmoo_lib.pl':196), user:gripe_time(40, if_file_exists(ensure_loaded(system:logicmoo_swilib))))
^  Fail: (13) [logicmoo_startup] logicmoo_startup:has_ran_once(_193624, logicmoo_startup:at_current_Y(cuz('/var/lib/jenkins/.local/share/swi-prolog/pack/logicmoo_utils/prolog/logicmoo_lib.pl':196), user:gripe_time(40, if_file_exists(ensure_loaded(system:logicmoo_swilib)))))
^  Redo: (12) [logicmoo_startup] try_pending_init(before_boot, logicmoo_startup:at_current_Y(cuz('/var/lib/jenkins/.local/share/swi-prolog/pack/logicmoo_utils/prolog/logicmoo_lib.pl':196), user:gripe_time(40, if_file_exists(ensure_loaded(system:logicmoo_swilib)))))
^  Unify: (12) [logicmoo_startup] try_pending_init(before_boot, logicmoo_startup:at_current_Y(cuz('/var/lib/jenkins/.local/share/swi-prolog/pack/logicmoo_utils/prolog/logicmoo_lib.pl':196), user:gripe_time(40, if_file_exists(ensure_loaded(system:logicmoo_swilib)))))
^  Call: (13) [logicmoo_startup] assertz(lmcache:called_startup_goal(before_boot, logicmoo_startup:at_current_Y(cuz('/var/lib/jenkins/.local/share/swi-prolog/pack/logicmoo_utils/prolog/logicmoo_lib.pl':196), user:gripe_time(40, if_file_exists(ensure_loaded(... : ...))))))
^  Exit: (13) [logicmoo_startup] assertz(lmcache:called_startup_goal(before_boot, logicmoo_startup:at_current_Y(cuz('/var/lib/jenkins/.local/share/swi-prolog/pack/logicmoo_utils/prolog/logicmoo_lib.pl':196), user:gripe_time(40, if_file_exists(ensure_loaded(... : ...))))))
^  Call: (13) [logicmoo_startup] maybe_notrace(logicmoo_startup:at_current_Y(cuz('/var/lib/jenkins/.local/share/swi-prolog/pack/logicmoo_utils/prolog/logicmoo_lib.pl':196), user:gripe_time(40, if_file_exists(ensure_loaded(system:logicmoo_swilib)))))
^  Unify: (13) [logicmoo_startup] maybe_notrace(logicmoo_startup:at_current_Y(cuz('/var/lib/jenkins/.local/share/swi-prolog/pack/logicmoo_utils/prolog/logicmoo_lib.pl':196), user:gripe_time(40, if_file_exists(ensure_loaded(system:logicmoo_swilib)))))
   Call: (14) [edinburgh] edinburgh:debug
   Unify: (14) [edinburgh] edinburgh:debug
   Call: (15) [system] set_prolog_flag(debug, true)
   Exit: (15) [system] set_prolog_flag(debug, true)
   Exit: (14) [edinburgh] edinburgh:debug
^  Call: (14) [logicmoo_startup] maybe_one(quietly(logicmoo_startup:at_current_Y(cuz('/var/lib/jenkins/.local/share/swi-prolog/pack/logicmoo_utils/prolog/logicmoo_lib.pl':196), user:gripe_time(40, if_file_exists(ensure_loaded(system:logicmoo_swilib))))), ftrace(logicmoo_startup:at_current_Y(cuz('/var/lib/jenkins/.local/share/swi-prolog/pack/logicmoo_utils/prolog/logicmoo_lib.pl':196), user:gripe_time(40, if_file_exists(ensure_loaded(system:logicmoo_swilib))))))
^  Unify: (14) [logicmoo_startup] maybe_one(logicmoo_startup:quietly(logicmoo_startup:at_current_Y(cuz('/var/lib/jenkins/.local/share/swi-prolog/pack/logicmoo_utils/prolog/logicmoo_lib.pl':196), user:gripe_time(40, if_file_exists(ensure_loaded(... : ...))))), logicmoo_startup:ftrace(logicmoo_startup:at_current_Y(cuz('/var/lib/jenkins/.local/share/swi-prolog/pack/logicmoo_utils/prolog/logicmoo_lib.pl':196), user:gripe_time(40, if_file_exists(ensure_loaded(... : ...))))))
^  Call: (16) [logicmoo_startup] call(logicmoo_startup:quietly(logicmoo_startup:at_current_Y(cuz('/var/lib/jenkins/.local/share/swi-prolog/pack/logicmoo_utils/prolog/logicmoo_lib.pl':196), user:gripe_time(40, if_file_exists(ensure_loaded(... : ...))))))
^  Unify: (16) [system] call(logicmoo_startup:quietly(logicmoo_startup:at_current_Y(cuz('/var/lib/jenkins/.local/share/swi-prolog/pack/logicmoo_utils/prolog/logicmoo_lib.pl':196), user:gripe_time(40, if_file_exists(ensure_loaded(... : ...))))))
^  Call: (17) [logicmoo_startup] quietly(logicmoo_startup:at_current_Y(cuz('/var/lib/jenkins/.local/share/swi-prolog/pack/logicmoo_utils/prolog/logicmoo_lib.pl':196), user:gripe_time(40, if_file_exists(ensure_loaded(system:logicmoo_swilib)))))
^  Unify: (17) [rtrace] quietly(logicmoo_startup:at_current_Y(cuz('/var/lib/jenkins/.local/share/swi-prolog/pack/logicmoo_utils/prolog/logicmoo_lib.pl':196), user:gripe_time(40, if_file_exists(ensure_loaded(system:logicmoo_swilib)))))
   Call: (19) [system] _205238=mquietly_if(true, rtrace:tAt_rtrace)
   Exit: (19) [system] mquietly_if(true, rtrace:tAt_rtrace)=mquietly_if(true, rtrace:tAt_rtrace)
^  Call: (19) [must_sanity] setup_call_cleanup(rtrace:notrace(visible(-all)),  ((logicmoo_startup:at_current_Y(cuz('/var/lib/jenkins/.local/share/swi-prolog/pack/logicmoo_utils/prolog/logicmoo_lib.pl':196), user:gripe_time(40, if_file_exists(ensure_loaded(... : ...)))), deterministic(_206496)), (notrace(_206496==true)->!;rtrace:tAt_rtrace, notrace(nb_setarg(1, mquietly_if(true, rtrace:tAt_rtrace), false));rtrace:notrace(visible(-all)), notrace(nb_setarg(1, mquietly_if(true, ... : ...), true)), notrace(fail))), mquietly_if(true, rtrace:tAt_rtrace))
^  Unify: (19) [system] setup_call_cleanup(rtrace:notrace(visible(-all)), must_sanity:((logicmoo_startup:at_current_Y(cuz('/var/lib/jenkins/.local/share/swi-prolog/pack/logicmoo_utils/prolog/logicmoo_lib.pl':196), user:gripe_time(40, if_file_exists(ensure_loaded(...)))), deterministic(_206496)), (notrace(_206496==true)->!;rtrace:tAt_rtrace, notrace(nb_setarg(1, mquietly_if(true, ... : ...), false));rtrace:notrace(visible(- ...)), notrace(nb_setarg(1, mquietly_if(..., ...), true)), notrace(fail))), must_sanity:mquietly_if(true, rtrace:tAt_rtrace))
^  Call: (20) [system] setup_call_catcher_cleanup(rtrace:notrace(visible(-all)), must_sanity:((logicmoo_startup:at_current_Y(cuz('/var/lib/jenkins/.local/share/swi-prolog/pack/logicmoo_utils/prolog/logicmoo_lib.pl':196), user:gripe_time(40, if_file_exists(ensure_loaded(...)))), deterministic(_206496)), (notrace(_206496==true)->!;rtrace:tAt_rtrace, notrace(nb_setarg(1, mquietly_if(true, ... : ...), false));rtrace:notrace(visible(- ...)), notrace(nb_setarg(1, mquietly_if(..., ...), true)), notrace(fail))), _207900, must_sanity:mquietly_if(true, rtrace:tAt_rtrace))
^  Unify: (20) [system] setup_call_catcher_cleanup(rtrace:notrace(visible(-all)), must_sanity:((logicmoo_startup:at_current_Y(cuz('/var/lib/jenkins/.local/share/swi-prolog/pack/logicmoo_utils/prolog/logicmoo_lib.pl':196), user:gripe_time(40, if_file_exists(ensure_loaded(...)))), deterministic(_206496)), (notrace(_206496==true)->!;rtrace:tAt_rtrace, notrace(nb_setarg(1, mquietly_if(true, ... : ...), false));rtrace:notrace(visible(- ...)), notrace(nb_setarg(1, mquietly_if(..., ...), true)), notrace(fail))), _208532, must_sanity:mquietly_if(true, rtrace:tAt_rtrace))
^  Exit: (22) [must_sanity] must_sanity:mquietly_if(true, rtrace:tAt_rtrace)
^  Exit: (20) [system] setup_call_catcher_cleanup(rtrace:notrace(visible(-all)), must_sanity:((logicmoo_startup:at_current_Y(cuz('/var/lib/jenkins/.local/share/swi-prolog/pack/logicmoo_utils/prolog/logicmoo_lib.pl':196), user:gripe_time(40, if_file_exists(ensure_loaded(...)))), deterministic(true)), (notrace(true==true)->!;rtrace:tAt_rtrace, notrace(nb_setarg(1, mquietly_if(true, ... : ...), false));rtrace:notrace(visible(- ...)), notrace(nb_setarg(1, mquietly_if(..., ...), true)), notrace(fail))), exit, must_sanity:mquietly_if(true, rtrace:tAt_rtrace))
^  Exit: (19) [system] setup_call_cleanup(rtrace:notrace(visible(-all)), must_sanity:((logicmoo_startup:at_current_Y(cuz('/var/lib/jenkins/.local/share/swi-prolog/pack/logicmoo_utils/prolog/logicmoo_lib.pl':196), user:gripe_time(40, if_file_exists(ensure_loaded(...)))), deterministic(true)), (notrace(true==true)->!;rtrace:tAt_rtrace, notrace(nb_setarg(1, mquietly_if(true, ... : ...), false));rtrace:notrace(visible(- ...)), notrace(nb_setarg(1, mquietly_if(..., ...), true)), notrace(fail))), must_sanity:mquietly_if(true, rtrace:tAt_rtrace))
^  Exit: (17) [rtrace] quietly(logicmoo_startup:at_current_Y(cuz('/var/lib/jenkins/.local/share/swi-prolog/pack/logicmoo_utils/prolog/logicmoo_lib.pl':196), user:gripe_time(40, if_file_exists(ensure_loaded(system:logicmoo_swilib)))))
^  Exit: (16) [system] call(logicmoo_startup:quietly(logicmoo_startup:at_current_Y(cuz('/var/lib/jenkins/.local/share/swi-prolog/pack/logicmoo_utils/prolog/logicmoo_lib.pl':196), user:gripe_time(40, if_file_exists(ensure_loaded(... : ...))))))
   Call: (15) [system] true
   Exit: (15) [system] true
^  Exit: (14) [logicmoo_startup] maybe_one(logicmoo_startup:quietly(logicmoo_startup:at_current_Y(cuz('/var/lib/jenkins/.local/share/swi-prolog/pack/logicmoo_utils/prolog/logicmoo_lib.pl':196), user:gripe_time(40, if_file_exists(ensure_loaded(... : ...))))), logicmoo_startup:ftrace(logicmoo_startup:at_current_Y(cuz('/var/lib/jenkins/.local/share/swi-prolog/pack/logicmoo_utils/prolog/logicmoo_lib.pl':196), user:gripe_time(40, if_file_exists(ensure_loaded(... : ...))))))
^  Exit: (13) [logicmoo_startup] maybe_notrace(logicmoo_startup:at_current_Y(cuz('/var/lib/jenkins/.local/share/swi-prolog/pack/logicmoo_utils/prolog/logicmoo_lib.pl':196), user:gripe_time(40, if_file_exists(ensure_loaded(system:logicmoo_swilib)))))
   Call: (13) [system] true
   Exit: (13) [system] true
^  Exit: (12) [logicmoo_startup] try_pending_init(before_boot, logicmoo_startup:at_current_Y(cuz('/var/lib/jenkins/.local/share/swi-prolog/pack/logicmoo_utils/prolog/logicmoo_lib.pl':196), user:gripe_time(40, if_file_exists(ensure_loaded(system:logicmoo_swilib)))))
   Redo: (13) [lmconf] lmconf:at_restore_goal(before_boot, _63180)
   Unify: (13) [lmconf] lmconf:at_restore_goal(before_boot, logicmoo_startup:at_current_Y(cuz('/var/lib/jenkins/.local/share/swi-prolog/pack/pfc/prolog/pfc_lib.pl':519), pfc_lib:set_how_virtualize_file(false, '/var/lib/jenkins/.local/share/swi-prolog/pack/pfc/prolog/pfc_lib.pl')))
   Exit: (13) [lmconf] lmconf:at_restore_goal(before_boot, logicmoo_startup:at_current_Y(cuz('/var/lib/jenkins/.local/share/swi-prolog/pack/pfc/prolog/pfc_lib.pl':519), pfc_lib:set_how_virtualize_file(false, '/var/lib/jenkins/.local/share/swi-prolog/pack/pfc/prolog/pfc_lib.pl')))
   Call: (13) [system] 2=<4
   Exit: (13) [system] 2=<4
^  Call: (12) [logicmoo_startup] try_pending_init(before_boot, logicmoo_startup:at_current_Y(cuz('/var/lib/jenkins/.local/share/swi-prolog/pack/pfc/prolog/pfc_lib.pl':519), pfc_lib:set_how_virtualize_file(false, '/var/lib/jenkins/.local/share/swi-prolog/pack/pfc/prolog/pfc_lib.pl')))
^  Unify: (12) [logicmoo_startup] try_pending_init(before_boot, logicmoo_startup:at_current_Y(cuz('/var/lib/jenkins/.local/share/swi-prolog/pack/pfc/prolog/pfc_lib.pl':519), pfc_lib:set_how_virtualize_file(false, '/var/lib/jenkins/.local/share/swi-prolog/pack/pfc/prolog/pfc_lib.pl')))
^  Call: (13) [logicmoo_startup] logicmoo_startup:has_ran_once(_221842, logicmoo_startup:at_current_Y(cuz('/var/lib/jenkins/.local/share/swi-prolog/pack/pfc/prolog/pfc_lib.pl':519), pfc_lib:set_how_virtualize_file(false, '/var/lib/jenkins/.local/share/swi-prolog/pack/pfc/prolog/pfc_lib.pl')))
^  Unify: (13) [logicmoo_startup] logicmoo_startup:has_ran_once(_222466, logicmoo_startup:at_current_Y(cuz('/var/lib/jenkins/.local/share/swi-prolog/pack/pfc/prolog/pfc_lib.pl':519), pfc_lib:set_how_virtualize_file(false, '/var/lib/jenkins/.local/share/swi-prolog/pack/pfc/prolog/pfc_lib.pl')))
   Call: (14) [lmcache] lmcache:called_startup_goal(_223034, _223036)
   Unify: (14) [lmcache] lmcache:called_startup_goal(before_boot, logicmoo_startup:at_current_Y(cuz('/var/lib/jenkins/.local/share/swi-prolog/pack/logicmoo_utils/prolog/logicmoo_packs.pl':48), logicmoo_packages:rescan_pack_autoload_packages))
   Exit: (14) [lmcache] lmcache:called_startup_goal(before_boot, logicmoo_startup:at_current_Y(cuz('/var/lib/jenkins/.local/share/swi-prolog/pack/logicmoo_utils/prolog/logicmoo_packs.pl':48), logicmoo_packages:rescan_pack_autoload_packages))
   Call: (14) [system] logicmoo_startup:at_current_Y(cuz('/var/lib/jenkins/.local/share/swi-prolog/pack/logicmoo_utils/prolog/logicmoo_packs.pl':48), logicmoo_packages:rescan_pack_autoload_packages)=@=logicmoo_startup:at_current_Y(cuz('/var/lib/jenkins/.local/share/swi-prolog/pack/pfc/prolog/pfc_lib.pl':519), pfc_lib:set_how_virtualize_file(false, '/var/lib/jenkins/.local/share/swi-prolog/pack/pfc/prolog/pfc_lib.pl'))
   Fail: (14) [system] logicmoo_startup:at_current_Y(cuz('/var/lib/jenkins/.local/share/swi-prolog/pack/logicmoo_utils/prolog/logicmoo_packs.pl':48), logicmoo_packages:rescan_pack_autoload_packages)=@=logicmoo_startup:at_current_Y(cuz('/var/lib/jenkins/.local/share/swi-prolog/pack/pfc/prolog/pfc_lib.pl':519), pfc_lib:set_how_virtualize_file(false, '/var/lib/jenkins/.local/share/swi-prolog/pack/pfc/prolog/pfc_lib.pl'))
   Redo: (14) [lmcache] lmcache:called_startup_goal(_223034, _223036)
   Unify: (14) [lmcache] lmcache:called_startup_goal(before_boot, logicmoo_startup:at_current_Y(cuz('/var/lib/jenkins/.local/share/swi-prolog/pack/logicmoo_utils/prolog/logicmoo_lib.pl':108), user:gripe_time(40, if_file_exists(ensure_loaded(system:logicmoo_packs)))))
   Exit: (14) [lmcache] lmcache:called_startup_goal(before_boot, logicmoo_startup:at_current_Y(cuz('/var/lib/jenkins/.local/share/swi-prolog/pack/logicmoo_utils/prolog/logicmoo_lib.pl':108), user:gripe_time(40, if_file_exists(ensure_loaded(system:logicmoo_packs)))))
   Call: (14) [system] logicmoo_startup:at_current_Y(cuz('/var/lib/jenkins/.local/share/swi-prolog/pack/logicmoo_utils/prolog/logicmoo_lib.pl':108), user:gripe_time(40, if_file_exists(ensure_loaded(system:logicmoo_packs))))=@=logicmoo_startup:at_current_Y(cuz('/var/lib/jenkins/.local/share/swi-prolog/pack/pfc/prolog/pfc_lib.pl':519), pfc_lib:set_how_virtualize_file(false, '/var/lib/jenkins/.local/share/swi-prolog/pack/pfc/prolog/pfc_lib.pl'))
   Fail: (14) [system] logicmoo_startup:at_current_Y(cuz('/var/lib/jenkins/.local/share/swi-prolog/pack/logicmoo_utils/prolog/logicmoo_lib.pl':108), user:gripe_time(40, if_file_exists(ensure_loaded(system:logicmoo_packs))))=@=logicmoo_startup:at_current_Y(cuz('/var/lib/jenkins/.local/share/swi-prolog/pack/pfc/prolog/pfc_lib.pl':519), pfc_lib:set_how_virtualize_file(false, '/var/lib/jenkins/.local/share/swi-prolog/pack/pfc/prolog/pfc_lib.pl'))
   Redo: (14) [lmcache] lmcache:called_startup_goal(_223034, _223036)
   Unify: (14) [lmcache] lmcache:called_startup_goal(before_boot, logicmoo_startup:at_current_Y(cuz('/var/lib/jenkins/.local/share/swi-prolog/pack/logicmoo_utils/prolog/logicmoo_lib.pl':116), logicmoo_lib:rescan_pack_autoload_packages))
   Exit: (14) [lmcache] lmcache:called_startup_goal(before_boot, logicmoo_startup:at_current_Y(cuz('/var/lib/jenkins/.local/share/swi-prolog/pack/logicmoo_utils/prolog/logicmoo_lib.pl':116), logicmoo_lib:rescan_pack_autoload_packages))
   Call: (14) [system] logicmoo_startup:at_current_Y(cuz('/var/lib/jenkins/.local/share/swi-prolog/pack/logicmoo_utils/prolog/logicmoo_lib.pl':116), logicmoo_lib:rescan_pack_autoload_packages)=@=logicmoo_startup:at_current_Y(cuz('/var/lib/jenkins/.local/share/swi-prolog/pack/pfc/prolog/pfc_lib.pl':519), pfc_lib:set_how_virtualize_file(false, '/var/lib/jenkins/.local/share/swi-prolog/pack/pfc/prolog/pfc_lib.pl'))
   Fail: (14) [system] logicmoo_startup:at_current_Y(cuz('/var/lib/jenkins/.local/share/swi-prolog/pack/logicmoo_utils/prolog/logicmoo_lib.pl':116), logicmoo_lib:rescan_pack_autoload_packages)=@=logicmoo_startup:at_current_Y(cuz('/var/lib/jenkins/.local/share/swi-prolog/pack/pfc/prolog/pfc_lib.pl':519), pfc_lib:set_how_virtualize_file(false, '/var/lib/jenkins/.local/share/swi-prolog/pack/pfc/prolog/pfc_lib.pl'))
   Redo: (14) [lmcache] lmcache:called_startup_goal(_223034, _223036)
   Unify: (14) [lmcache] lmcache:called_startup_goal(before_boot, logicmoo_startup:at_current_Y(cuz('/var/lib/jenkins/.local/share/swi-prolog/pack/logicmoo_utils/prolog/logicmoo_lib.pl':196), user:gripe_time(40, if_file_exists(ensure_loaded(system:logicmoo_swilib)))))
   Exit: (14) [lmcache] lmcache:called_startup_goal(before_boot, logicmoo_startup:at_current_Y(cuz('/var/lib/jenkins/.local/share/swi-prolog/pack/logicmoo_utils/prolog/logicmoo_lib.pl':196), user:gripe_time(40, if_file_exists(ensure_loaded(system:logicmoo_swilib)))))
   Call: (14) [system] logicmoo_startup:at_current_Y(cuz('/var/lib/jenkins/.local/share/swi-prolog/pack/logicmoo_utils/prolog/logicmoo_lib.pl':196), user:gripe_time(40, if_file_exists(ensure_loaded(system:logicmoo_swilib))))=@=logicmoo_startup:at_current_Y(cuz('/var/lib/jenkins/.local/share/swi-prolog/pack/pfc/prolog/pfc_lib.pl':519), pfc_lib:set_how_virtualize_file(false, '/var/lib/jenkins/.local/share/swi-prolog/pack/pfc/prolog/pfc_lib.pl'))
   Fail: (14) [system] logicmoo_startup:at_current_Y(cuz('/var/lib/jenkins/.local/share/swi-prolog/pack/logicmoo_utils/prolog/logicmoo_lib.pl':196), user:gripe_time(40, if_file_exists(ensure_loaded(system:logicmoo_swilib))))=@=logicmoo_startup:at_current_Y(cuz('/var/lib/jenkins/.local/share/swi-prolog/pack/pfc/prolog/pfc_lib.pl':519), pfc_lib:set_how_virtualize_file(false, '/var/lib/jenkins/.local/share/swi-prolog/pack/pfc/prolog/pfc_lib.pl'))
^  Fail: (13) [logicmoo_startup] logicmoo_startup:has_ran_once(_235606, logicmoo_startup:at_current_Y(cuz('/var/lib/jenkins/.local/share/swi-prolog/pack/pfc/prolog/pfc_lib.pl':519), pfc_lib:set_how_virtualize_file(false, '/var/lib/jenkins/.local/share/swi-prolog/pack/pfc/prolog/pfc_lib.pl')))
^  Redo: (12) [logicmoo_startup] try_pending_init(before_boot, logicmoo_startup:at_current_Y(cuz('/var/lib/jenkins/.local/share/swi-prolog/pack/pfc/prolog/pfc_lib.pl':519), pfc_lib:set_how_virtualize_file(false, '/var/lib/jenkins/.local/share/swi-prolog/pack/pfc/prolog/pfc_lib.pl')))
^  Unify: (12) [logicmoo_startup] try_pending_init(before_boot, logicmoo_startup:at_current_Y(cuz('/var/lib/jenkins/.local/share/swi-prolog/pack/pfc/prolog/pfc_lib.pl':519), pfc_lib:set_how_virtualize_file(false, '/var/lib/jenkins/.local/share/swi-prolog/pack/pfc/prolog/pfc_lib.pl')))
^  Call: (13) [logicmoo_startup] assertz(lmcache:called_startup_goal(before_boot, logicmoo_startup:at_current_Y(cuz('/var/lib/jenkins/.local/share/swi-prolog/pack/pfc/prolog/pfc_lib.pl':519), pfc_lib:set_how_virtualize_file(false, '/var/lib/jenkins/.local/share/swi-prolog/pack/pfc/prolog/pfc_lib.pl'))))
^  Exit: (13) [logicmoo_startup] assertz(lmcache:called_startup_goal(before_boot, logicmoo_startup:at_current_Y(cuz('/var/lib/jenkins/.local/share/swi-prolog/pack/pfc/prolog/pfc_lib.pl':519), pfc_lib:set_how_virtualize_file(false, '/var/lib/jenkins/.local/share/swi-prolog/pack/pfc/prolog/pfc_lib.pl'))))
^  Call: (13) [logicmoo_startup] maybe_notrace(logicmoo_startup:at_current_Y(cuz('/var/lib/jenkins/.local/share/swi-prolog/pack/pfc/prolog/pfc_lib.pl':519), pfc_lib:set_how_virtualize_file(false, '/var/lib/jenkins/.local/share/swi-prolog/pack/pfc/prolog/pfc_lib.pl')))
^  Unify: (13) [logicmoo_startup] maybe_notrace(logicmoo_startup:at_current_Y(cuz('/var/lib/jenkins/.local/share/swi-prolog/pack/pfc/prolog/pfc_lib.pl':519), pfc_lib:set_how_virtualize_file(false, '/var/lib/jenkins/.local/share/swi-prolog/pack/pfc/prolog/pfc_lib.pl')))
   Call: (14) [edinburgh] edinburgh:debug
   Unify: (14) [edinburgh] edinburgh:debug
   Call: (15) [system] set_prolog_flag(debug, true)
   Exit: (15) [system] set_prolog_flag(debug, true)
   Exit: (14) [edinburgh] edinburgh:debug
^  Call: (14) [logicmoo_startup] maybe_one(quietly(logicmoo_startup:at_current_Y(cuz('/var/lib/jenkins/.local/share/swi-prolog/pack/pfc/prolog/pfc_lib.pl':519), pfc_lib:set_how_virtualize_file(false, '/var/lib/jenkins/.local/share/swi-prolog/pack/pfc/prolog/pfc_lib.pl'))), ftrace(logicmoo_startup:at_current_Y(cuz('/var/lib/jenkins/.local/share/swi-prolog/pack/pfc/prolog/pfc_lib.pl':519), pfc_lib:set_how_virtualize_file(false, '/var/lib/jenkins/.local/share/swi-prolog/pack/pfc/prolog/pfc_lib.pl'))))
^  Unify: (14) [logicmoo_startup] maybe_one(logicmoo_startup:quietly(logicmoo_startup:at_current_Y(cuz('/var/lib/jenkins/.local/share/swi-prolog/pack/pfc/prolog/pfc_lib.pl':519), pfc_lib:set_how_virtualize_file(false, '/var/lib/jenkins/.local/share/swi-prolog/pack/pfc/prolog/pfc_lib.pl'))), logicmoo_startup:ftrace(logicmoo_startup:at_current_Y(cuz('/var/lib/jenkins/.local/share/swi-prolog/pack/pfc/prolog/pfc_lib.pl':519), pfc_lib:set_how_virtualize_file(false, '/var/lib/jenkins/.local/share/swi-prolog/pack/pfc/prolog/pfc_lib.pl'))))
^  Call: (16) [logicmoo_startup] call(logicmoo_startup:quietly(logicmoo_startup:at_current_Y(cuz('/var/lib/jenkins/.local/share/swi-prolog/pack/pfc/prolog/pfc_lib.pl':519), pfc_lib:set_how_virtualize_file(false, '/var/lib/jenkins/.local/share/swi-prolog/pack/pfc/prolog/pfc_lib.pl'))))
^  Unify: (16) [system] call(logicmoo_startup:quietly(logicmoo_startup:at_current_Y(cuz('/var/lib/jenkins/.local/share/swi-prolog/pack/pfc/prolog/pfc_lib.pl':519), pfc_lib:set_how_virtualize_file(false, '/var/lib/jenkins/.local/share/swi-prolog/pack/pfc/prolog/pfc_lib.pl'))))
^  Call: (17) [logicmoo_startup] quietly(logicmoo_startup:at_current_Y(cuz('/var/lib/jenkins/.local/share/swi-prolog/pack/pfc/prolog/pfc_lib.pl':519), pfc_lib:set_how_virtualize_file(false, '/var/lib/jenkins/.local/share/swi-prolog/pack/pfc/prolog/pfc_lib.pl')))
^  Unify: (17) [rtrace] quietly(logicmoo_startup:at_current_Y(cuz('/var/lib/jenkins/.local/share/swi-prolog/pack/pfc/prolog/pfc_lib.pl':519), pfc_lib:set_how_virtualize_file(false, '/var/lib/jenkins/.local/share/swi-prolog/pack/pfc/prolog/pfc_lib.pl')))
   Call: (19) [system] _247220=mquietly_if(true, rtrace:tAt_rtrace)
   Exit: (19) [system] mquietly_if(true, rtrace:tAt_rtrace)=mquietly_if(true, rtrace:tAt_rtrace)
^  Call: (19) [must_sanity] setup_call_cleanup(rtrace:notrace(visible(-all)),  ((logicmoo_startup:at_current_Y(cuz('/var/lib/jenkins/.local/share/swi-prolog/pack/pfc/prolog/pfc_lib.pl':519), pfc_lib:set_how_virtualize_file(false, '/var/lib/jenkins/.local/share/swi-prolog/pack/pfc/prolog/pfc_lib.pl')), deterministic(_248478)), (notrace(_248478==true)->!;rtrace:tAt_rtrace, notrace(nb_setarg(1, mquietly_if(true, rtrace:tAt_rtrace), false));rtrace:notrace(visible(-all)), notrace(nb_setarg(1, mquietly_if(true, ... : ...), true)), notrace(fail))), mquietly_if(true, rtrace:tAt_rtrace))
^  Unify: (19) [system] setup_call_cleanup(rtrace:notrace(visible(-all)), must_sanity:((logicmoo_startup:at_current_Y(cuz('/var/lib/jenkins/.local/share/swi-prolog/pack/pfc/prolog/pfc_lib.pl':519), pfc_lib:set_how_virtualize_file(false, '/var/lib/jenkins/.local/share/swi-prolog/pack/pfc/prolog/pfc_lib.pl')), deterministic(_248478)), (notrace(_248478==true)->!;rtrace:tAt_rtrace, notrace(nb_setarg(1, mquietly_if(true, ... : ...), false));rtrace:notrace(visible(- ...)), notrace(nb_setarg(1, mquietly_if(..., ...), true)), notrace(fail))), must_sanity:mquietly_if(true, rtrace:tAt_rtrace))
^  Call: (20) [system] setup_call_catcher_cleanup(rtrace:notrace(visible(-all)), must_sanity:((logicmoo_startup:at_current_Y(cuz('/var/lib/jenkins/.local/share/swi-prolog/pack/pfc/prolog/pfc_lib.pl':519), pfc_lib:set_how_virtualize_file(false, '/var/lib/jenkins/.local/share/swi-prolog/pack/pfc/prolog/pfc_lib.pl')), deterministic(_248478)), (notrace(_248478==true)->!;rtrace:tAt_rtrace, notrace(nb_setarg(1, mquietly_if(true, ... : ...), false));rtrace:notrace(visible(- ...)), notrace(nb_setarg(1, mquietly_if(..., ...), true)), notrace(fail))), _249882, must_sanity:mquietly_if(true, rtrace:tAt_rtrace))
^  Unify: (20) [system] setup_call_catcher_cleanup(rtrace:notrace(visible(-all)), must_sanity:((logicmoo_startup:at_current_Y(cuz('/var/lib/jenkins/.local/share/swi-prolog/pack/pfc/prolog/pfc_lib.pl':519), pfc_lib:set_how_virtualize_file(false, '/var/lib/jenkins/.local/share/swi-prolog/pack/pfc/prolog/pfc_lib.pl')), deterministic(_248478)), (notrace(_248478==true)->!;rtrace:tAt_rtrace, notrace(nb_setarg(1, mquietly_if(true, ... : ...), false));rtrace:notrace(visible(- ...)), notrace(nb_setarg(1, mquietly_if(..., ...), true)), notrace(fail))), _250514, must_sanity:mquietly_if(true, rtrace:tAt_rtrace))
^  Exit: (22) [must_sanity] must_sanity:mquietly_if(true, rtrace:tAt_rtrace)
^  Exit: (20) [system] setup_call_catcher_cleanup(rtrace:notrace(visible(-all)), must_sanity:((logicmoo_startup:at_current_Y(cuz('/var/lib/jenkins/.local/share/swi-prolog/pack/pfc/prolog/pfc_lib.pl':519), pfc_lib:set_how_virtualize_file(false, '/var/lib/jenkins/.local/share/swi-prolog/pack/pfc/prolog/pfc_lib.pl')), deterministic(true)), (notrace(true==true)->!;rtrace:tAt_rtrace, notrace(nb_setarg(1, mquietly_if(true, ... : ...), false));rtrace:notrace(visible(- ...)), notrace(nb_setarg(1, mquietly_if(..., ...), true)), notrace(fail))), exit, must_sanity:mquietly_if(true, rtrace:tAt_rtrace))
^  Exit: (19) [system] setup_call_cleanup(rtrace:notrace(visible(-all)), must_sanity:((logicmoo_startup:at_current_Y(cuz('/var/lib/jenkins/.local/share/swi-prolog/pack/pfc/prolog/pfc_lib.pl':519), pfc_lib:set_how_virtualize_file(false, '/var/lib/jenkins/.local/share/swi-prolog/pack/pfc/prolog/pfc_lib.pl')), deterministic(true)), (notrace(true==true)->!;rtrace:tAt_rtrace, notrace(nb_setarg(1, mquietly_if(true, ... : ...), false));rtrace:notrace(visible(- ...)), notrace(nb_setarg(1, mquietly_if(..., ...), true)), notrace(fail))), must_sanity:mquietly_if(true, rtrace:tAt_rtrace))
^  Exit: (17) [rtrace] quietly(logicmoo_startup:at_current_Y(cuz('/var/lib/jenkins/.local/share/swi-prolog/pack/pfc/prolog/pfc_lib.pl':519), pfc_lib:set_how_virtualize_file(false, '/var/lib/jenkins/.local/share/swi-prolog/pack/pfc/prolog/pfc_lib.pl')))
^  Exit: (16) [system] call(logicmoo_startup:quietly(logicmoo_startup:at_current_Y(cuz('/var/lib/jenkins/.local/share/swi-prolog/pack/pfc/prolog/pfc_lib.pl':519), pfc_lib:set_how_virtualize_file(false, '/var/lib/jenkins/.local/share/swi-prolog/pack/pfc/prolog/pfc_lib.pl'))))
   Call: (15) [system] true
   Exit: (15) [system] true
^  Exit: (14) [logicmoo_startup] maybe_one(logicmoo_startup:quietly(logicmoo_startup:at_current_Y(cuz('/var/lib/jenkins/.local/share/swi-prolog/pack/pfc/prolog/pfc_lib.pl':519), pfc_lib:set_how_virtualize_file(false, '/var/lib/jenkins/.local/share/swi-prolog/pack/pfc/prolog/pfc_lib.pl'))), logicmoo_startup:ftrace(logicmoo_startup:at_current_Y(cuz('/var/lib/jenkins/.local/share/swi-prolog/pack/pfc/prolog/pfc_lib.pl':519), pfc_lib:set_how_virtualize_file(false, '/var/lib/jenkins/.local/share/swi-prolog/pack/pfc/prolog/pfc_lib.pl'))))
^  Exit: (13) [logicmoo_startup] maybe_notrace(logicmoo_startup:at_current_Y(cuz('/var/lib/jenkins/.local/share/swi-prolog/pack/pfc/prolog/pfc_lib.pl':519), pfc_lib:set_how_virtualize_file(false, '/var/lib/jenkins/.local/share/swi-prolog/pack/pfc/prolog/pfc_lib.pl')))
   Call: (13) [system] true
   Exit: (13) [system] true
^  Exit: (12) [logicmoo_startup] try_pending_init(before_boot, logicmoo_startup:at_current_Y(cuz('/var/lib/jenkins/.local/share/swi-prolog/pack/pfc/prolog/pfc_lib.pl':519), pfc_lib:set_how_virtualize_file(false, '/var/lib/jenkins/.local/share/swi-prolog/pack/pfc/prolog/pfc_lib.pl')))
   Redo: (13) [lmconf] lmconf:at_restore_goal(before_boot, _63180)
   Unify: (13) [lmconf] lmconf:at_restore_goal(before_boot, logicmoo_startup:at_current_Y(cuz('/var/lib/jenkins/.local/share/swi-prolog/pack/logicmoo_utils/prolog/logicmoo_lib.pl':286), logicmoo_lib:gripe_time(40, if_file_exists(ensure_loaded(logicmoo_lib:library(...))))))
   Exit: (13) [lmconf] lmconf:at_restore_goal(before_boot, logicmoo_startup:at_current_Y(cuz('/var/lib/jenkins/.local/share/swi-prolog/pack/logicmoo_utils/prolog/logicmoo_lib.pl':286), logicmoo_lib:gripe_time(40, if_file_exists(ensure_loaded(logicmoo_lib:library(...))))))
   Call: (13) [system] 2=<4
   Exit: (13) [system] 2=<4
^  Call: (12) [logicmoo_startup] try_pending_init(before_boot, logicmoo_startup:at_current_Y(cuz('/var/lib/jenkins/.local/share/swi-prolog/pack/logicmoo_utils/prolog/logicmoo_lib.pl':286), logicmoo_lib:gripe_time(40, if_file_exists(ensure_loaded(logicmoo_lib:library(logicmoo_typesystem))))))
^  Unify: (12) [logicmoo_startup] try_pending_init(before_boot, logicmoo_startup:at_current_Y(cuz('/var/lib/jenkins/.local/share/swi-prolog/pack/logicmoo_utils/prolog/logicmoo_lib.pl':286), logicmoo_lib:gripe_time(40, if_file_exists(ensure_loaded(logicmoo_lib:library(logicmoo_typesystem))))))
^  Call: (13) [logicmoo_startup] logicmoo_startup:has_ran_once(_264500, logicmoo_startup:at_current_Y(cuz('/var/lib/jenkins/.local/share/swi-prolog/pack/logicmoo_utils/prolog/logicmoo_lib.pl':286), logicmoo_lib:gripe_time(40, if_file_exists(ensure_loaded(logicmoo_lib:library(...))))))
^  Unify: (13) [logicmoo_startup] logicmoo_startup:has_ran_once(_265124, logicmoo_startup:at_current_Y(cuz('/var/lib/jenkins/.local/share/swi-prolog/pack/logicmoo_utils/prolog/logicmoo_lib.pl':286), logicmoo_lib:gripe_time(40, if_file_exists(ensure_loaded(logicmoo_lib:library(...))))))
   Call: (14) [lmcache] lmcache:called_startup_goal(_265692, _265694)
   Unify: (14) [lmcache] lmcache:called_startup_goal(before_boot, logicmoo_startup:at_current_Y(cuz('/var/lib/jenkins/.local/share/swi-prolog/pack/logicmoo_utils/prolog/logicmoo_packs.pl':48), logicmoo_packages:rescan_pack_autoload_packages))
   Exit: (14) [lmcache] lmcache:called_startup_goal(before_boot, logicmoo_startup:at_current_Y(cuz('/var/lib/jenkins/.local/share/swi-prolog/pack/logicmoo_utils/prolog/logicmoo_packs.pl':48), logicmoo_packages:rescan_pack_autoload_packages))
   Call: (14) [system] logicmoo_startup:at_current_Y(cuz('/var/lib/jenkins/.local/share/swi-prolog/pack/logicmoo_utils/prolog/logicmoo_packs.pl':48), logicmoo_packages:rescan_pack_autoload_packages)=@=logicmoo_startup:at_current_Y(cuz('/var/lib/jenkins/.local/share/swi-prolog/pack/logicmoo_utils/prolog/logicmoo_lib.pl':286), logicmoo_lib:gripe_time(40, if_file_exists(ensure_loaded(logicmoo_lib:library(logicmoo_typesystem)))))
   Fail: (14) [system] logicmoo_startup:at_current_Y(cuz('/var/lib/jenkins/.local/share/swi-prolog/pack/logicmoo_utils/prolog/logicmoo_packs.pl':48), logicmoo_packages:rescan_pack_autoload_packages)=@=logicmoo_startup:at_current_Y(cuz('/var/lib/jenkins/.local/share/swi-prolog/pack/logicmoo_utils/prolog/logicmoo_lib.pl':286), logicmoo_lib:gripe_time(40, if_file_exists(ensure_loaded(logicmoo_lib:library(logicmoo_typesystem)))))
   Redo: (14) [lmcache] lmcache:called_startup_goal(_265692, _265694)
   Unify: (14) [lmcache] lmcache:called_startup_goal(before_boot, logicmoo_startup:at_current_Y(cuz('/var/lib/jenkins/.local/share/swi-prolog/pack/logicmoo_utils/prolog/logicmoo_lib.pl':108), user:gripe_time(40, if_file_exists(ensure_loaded(system:logicmoo_packs)))))
   Exit: (14) [lmcache] lmcache:called_startup_goal(before_boot, logicmoo_startup:at_current_Y(cuz('/var/lib/jenkins/.local/share/swi-prolog/pack/logicmoo_utils/prolog/logicmoo_lib.pl':108), user:gripe_time(40, if_file_exists(ensure_loaded(system:logicmoo_packs)))))
   Call: (14) [system] logicmoo_startup:at_current_Y(cuz('/var/lib/jenkins/.local/share/swi-prolog/pack/logicmoo_utils/prolog/logicmoo_lib.pl':108), user:gripe_time(40, if_file_exists(ensure_loaded(system:logicmoo_packs))))=@=logicmoo_startup:at_current_Y(cuz('/var/lib/jenkins/.local/share/swi-prolog/pack/logicmoo_utils/prolog/logicmoo_lib.pl':286), logicmoo_lib:gripe_time(40, if_file_exists(ensure_loaded(logicmoo_lib:library(logicmoo_typesystem)))))
   Fail: (14) [system] logicmoo_startup:at_current_Y(cuz('/var/lib/jenkins/.local/share/swi-prolog/pack/logicmoo_utils/prolog/logicmoo_lib.pl':108), user:gripe_time(40, if_file_exists(ensure_loaded(system:logicmoo_packs))))=@=logicmoo_startup:at_current_Y(cuz('/var/lib/jenkins/.local/share/swi-prolog/pack/logicmoo_utils/prolog/logicmoo_lib.pl':286), logicmoo_lib:gripe_time(40, if_file_exists(ensure_loaded(logicmoo_lib:library(logicmoo_typesystem)))))
   Redo: (14) [lmcache] lmcache:called_startup_goal(_265692, _265694)
   Unify: (14) [lmcache] lmcache:called_startup_goal(before_boot, logicmoo_startup:at_current_Y(cuz('/var/lib/jenkins/.local/share/swi-prolog/pack/logicmoo_utils/prolog/logicmoo_lib.pl':116), logicmoo_lib:rescan_pack_autoload_packages))
   Exit: (14) [lmcache] lmcache:called_startup_goal(before_boot, logicmoo_startup:at_current_Y(cuz('/var/lib/jenkins/.local/share/swi-prolog/pack/logicmoo_utils/prolog/logicmoo_lib.pl':116), logicmoo_lib:rescan_pack_autoload_packages))
   Call: (14) [system] logicmoo_startup:at_current_Y(cuz('/var/lib/jenkins/.local/share/swi-prolog/pack/logicmoo_utils/prolog/logicmoo_lib.pl':116), logicmoo_lib:rescan_pack_autoload_packages)=@=logicmoo_startup:at_current_Y(cuz('/var/lib/jenkins/.local/share/swi-prolog/pack/logicmoo_utils/prolog/logicmoo_lib.pl':286), logicmoo_lib:gripe_time(40, if_file_exists(ensure_loaded(logicmoo_lib:library(logicmoo_typesystem)))))
   Fail: (14) [system] logicmoo_startup:at_current_Y(cuz('/var/lib/jenkins/.local/share/swi-prolog/pack/logicmoo_utils/prolog/logicmoo_lib.pl':116), logicmoo_lib:rescan_pack_autoload_packages)=@=logicmoo_startup:at_current_Y(cuz('/var/lib/jenkins/.local/share/swi-prolog/pack/logicmoo_utils/prolog/logicmoo_lib.pl':286), logicmoo_lib:gripe_time(40, if_file_exists(ensure_loaded(logicmoo_lib:library(logicmoo_typesystem)))))
   Redo: (14) [lmcache] lmcache:called_startup_goal(_265692, _265694)
   Unify: (14) [lmcache] lmcache:called_startup_goal(before_boot, logicmoo_startup:at_current_Y(cuz('/var/lib/jenkins/.local/share/swi-prolog/pack/logicmoo_utils/prolog/logicmoo_lib.pl':196), user:gripe_time(40, if_file_exists(ensure_loaded(system:logicmoo_swilib)))))
   Exit: (14) [lmcache] lmcache:called_startup_goal(before_boot, logicmoo_startup:at_current_Y(cuz('/var/lib/jenkins/.local/share/swi-prolog/pack/logicmoo_utils/prolog/logicmoo_lib.pl':196), user:gripe_time(40, if_file_exists(ensure_loaded(system:logicmoo_swilib)))))
   Call: (14) [system] logicmoo_startup:at_current_Y(cuz('/var/lib/jenkins/.local/share/swi-prolog/pack/logicmoo_utils/prolog/logicmoo_lib.pl':196), user:gripe_time(40, if_file_exists(ensure_loaded(system:logicmoo_swilib))))=@=logicmoo_startup:at_current_Y(cuz('/var/lib/jenkins/.local/share/swi-prolog/pack/logicmoo_utils/prolog/logicmoo_lib.pl':286), logicmoo_lib:gripe_time(40, if_file_exists(ensure_loaded(logicmoo_lib:library(logicmoo_typesystem)))))
   Fail: (14) [system] logicmoo_startup:at_current_Y(cuz('/var/lib/jenkins/.local/share/swi-prolog/pack/logicmoo_utils/prolog/logicmoo_lib.pl':196), user:gripe_time(40, if_file_exists(ensure_loaded(system:logicmoo_swilib))))=@=logicmoo_startup:at_current_Y(cuz('/var/lib/jenkins/.local/share/swi-prolog/pack/logicmoo_utils/prolog/logicmoo_lib.pl':286), logicmoo_lib:gripe_time(40, if_file_exists(ensure_loaded(logicmoo_lib:library(logicmoo_typesystem)))))
   Redo: (14) [lmcache] lmcache:called_startup_goal(_265692, _265694)
   Unify: (14) [lmcache] lmcache:called_startup_goal(before_boot, logicmoo_startup:at_current_Y(cuz('/var/lib/jenkins/.local/share/swi-prolog/pack/pfc/prolog/pfc_lib.pl':519), pfc_lib:set_how_virtualize_file(false, '/var/lib/jenkins/.local/share/swi-prolog/pack/pfc/prolog/pfc_lib.pl')))
   Exit: (14) [lmcache] lmcache:called_startup_goal(before_boot, logicmoo_startup:at_current_Y(cuz('/var/lib/jenkins/.local/share/swi-prolog/pack/pfc/prolog/pfc_lib.pl':519), pfc_lib:set_how_virtualize_file(false, '/var/lib/jenkins/.local/share/swi-prolog/pack/pfc/prolog/pfc_lib.pl')))
   Call: (14) [system] logicmoo_startup:at_current_Y(cuz('/var/lib/jenkins/.local/share/swi-prolog/pack/pfc/prolog/pfc_lib.pl':519), pfc_lib:set_how_virtualize_file(false, '/var/lib/jenkins/.local/share/swi-prolog/pack/pfc/prolog/pfc_lib.pl'))=@=logicmoo_startup:at_current_Y(cuz('/var/lib/jenkins/.local/share/swi-prolog/pack/logicmoo_utils/prolog/logicmoo_lib.pl':286), logicmoo_lib:gripe_time(40, if_file_exists(ensure_loaded(logicmoo_lib:library(logicmoo_typesystem)))))
   Fail: (14) [system] logicmoo_startup:at_current_Y(cuz('/var/lib/jenkins/.local/share/swi-prolog/pack/pfc/prolog/pfc_lib.pl':519), pfc_lib:set_how_virtualize_file(false, '/var/lib/jenkins/.local/share/swi-prolog/pack/pfc/prolog/pfc_lib.pl'))=@=logicmoo_startup:at_current_Y(cuz('/var/lib/jenkins/.local/share/swi-prolog/pack/logicmoo_utils/prolog/logicmoo_lib.pl':286), logicmoo_lib:gripe_time(40, if_file_exists(ensure_loaded(logicmoo_lib:library(logicmoo_typesystem)))))
^  Fail: (13) [logicmoo_startup] logicmoo_startup:has_ran_once(_281388, logicmoo_startup:at_current_Y(cuz('/var/lib/jenkins/.local/share/swi-prolog/pack/logicmoo_utils/prolog/logicmoo_lib.pl':286), logicmoo_lib:gripe_time(40, if_file_exists(ensure_loaded(logicmoo_lib:library(...))))))
^  Redo: (12) [logicmoo_startup] try_pending_init(before_boot, logicmoo_startup:at_current_Y(cuz('/var/lib/jenkins/.local/share/swi-prolog/pack/logicmoo_utils/prolog/logicmoo_lib.pl':286), logicmoo_lib:gripe_time(40, if_file_exists(ensure_loaded(logicmoo_lib:library(logicmoo_typesystem))))))
^  Unify: (12) [logicmoo_startup] try_pending_init(before_boot, logicmoo_startup:at_current_Y(cuz('/var/lib/jenkins/.local/share/swi-prolog/pack/logicmoo_utils/prolog/logicmoo_lib.pl':286), logicmoo_lib:gripe_time(40, if_file_exists(ensure_loaded(logicmoo_lib:library(logicmoo_typesystem))))))
^  Call: (13) [logicmoo_startup] assertz(lmcache:called_startup_goal(before_boot, logicmoo_startup:at_current_Y(cuz('/var/lib/jenkins/.local/share/swi-prolog/pack/logicmoo_utils/prolog/logicmoo_lib.pl':286), logicmoo_lib:gripe_time(40, if_file_exists(ensure_loaded(... : ...))))))
^  Exit: (13) [logicmoo_startup] assertz(lmcache:called_startup_goal(before_boot, logicmoo_startup:at_current_Y(cuz('/var/lib/jenkins/.local/share/swi-prolog/pack/logicmoo_utils/prolog/logicmoo_lib.pl':286), logicmoo_lib:gripe_time(40, if_file_exists(ensure_loaded(... : ...))))))
^  Call: (13) [logicmoo_startup] maybe_notrace(logicmoo_startup:at_current_Y(cuz('/var/lib/jenkins/.local/share/swi-prolog/pack/logicmoo_utils/prolog/logicmoo_lib.pl':286), logicmoo_lib:gripe_time(40, if_file_exists(ensure_loaded(logicmoo_lib:library(logicmoo_typesystem))))))
^  Unify: (13) [logicmoo_startup] maybe_notrace(logicmoo_startup:at_current_Y(cuz('/var/lib/jenkins/.local/share/swi-prolog/pack/logicmoo_utils/prolog/logicmoo_lib.pl':286), logicmoo_lib:gripe_time(40, if_file_exists(ensure_loaded(logicmoo_lib:library(logicmoo_typesystem))))))
   Call: (14) [edinburgh] edinburgh:debug
   Unify: (14) [edinburgh] edinburgh:debug
   Call: (15) [system] set_prolog_flag(debug, true)
   Exit: (15) [system] set_prolog_flag(debug, true)
   Exit: (14) [edinburgh] edinburgh:debug
^  Call: (14) [logicmoo_startup] maybe_one(quietly(logicmoo_startup:at_current_Y(cuz('/var/lib/jenkins/.local/share/swi-prolog/pack/logicmoo_utils/prolog/logicmoo_lib.pl':286), logicmoo_lib:gripe_time(40, if_file_exists(ensure_loaded(logicmoo_lib:library(...)))))), ftrace(logicmoo_startup:at_current_Y(cuz('/var/lib/jenkins/.local/share/swi-prolog/pack/logicmoo_utils/prolog/logicmoo_lib.pl':286), logicmoo_lib:gripe_time(40, if_file_exists(ensure_loaded(logicmoo_lib:library(...)))))))
^  Unify: (14) [logicmoo_startup] maybe_one(logicmoo_startup:quietly(logicmoo_startup:at_current_Y(cuz('/var/lib/jenkins/.local/share/swi-prolog/pack/logicmoo_utils/prolog/logicmoo_lib.pl':286), logicmoo_lib:gripe_time(40, if_file_exists(ensure_loaded(... : ...))))), logicmoo_startup:ftrace(logicmoo_startup:at_current_Y(cuz('/var/lib/jenkins/.local/share/swi-prolog/pack/logicmoo_utils/prolog/logicmoo_lib.pl':286), logicmoo_lib:gripe_time(40, if_file_exists(ensure_loaded(... : ...))))))
^  Call: (16) [logicmoo_startup] call(logicmoo_startup:quietly(logicmoo_startup:at_current_Y(cuz('/var/lib/jenkins/.local/share/swi-prolog/pack/logicmoo_utils/prolog/logicmoo_lib.pl':286), logicmoo_lib:gripe_time(40, if_file_exists(ensure_loaded(... : ...))))))
^  Unify: (16) [system] call(logicmoo_startup:quietly(logicmoo_startup:at_current_Y(cuz('/var/lib/jenkins/.local/share/swi-prolog/pack/logicmoo_utils/prolog/logicmoo_lib.pl':286), logicmoo_lib:gripe_time(40, if_file_exists(ensure_loaded(... : ...))))))
^  Call: (17) [logicmoo_startup] quietly(logicmoo_startup:at_current_Y(cuz('/var/lib/jenkins/.local/share/swi-prolog/pack/logicmoo_utils/prolog/logicmoo_lib.pl':286), logicmoo_lib:gripe_time(40, if_file_exists(ensure_loaded(logicmoo_lib:library(logicmoo_typesystem))))))
^  Unify: (17) [rtrace] quietly(logicmoo_startup:at_current_Y(cuz('/var/lib/jenkins/.local/share/swi-prolog/pack/logicmoo_utils/prolog/logicmoo_lib.pl':286), logicmoo_lib:gripe_time(40, if_file_exists(ensure_loaded(logicmoo_lib:library(logicmoo_typesystem))))))
   Call: (19) [system] _293002=mquietly_if(true, rtrace:tAt_rtrace)
   Exit: (19) [system] mquietly_if(true, rtrace:tAt_rtrace)=mquietly_if(true, rtrace:tAt_rtrace)
^  Call: (19) [must_sanity] setup_call_cleanup(rtrace:notrace(visible(-all)),  ((logicmoo_startup:at_current_Y(cuz('/var/lib/jenkins/.local/share/swi-prolog/pack/logicmoo_utils/prolog/logicmoo_lib.pl':286), logicmoo_lib:gripe_time(40, if_file_exists(ensure_loaded(... : ...)))), deterministic(_294260)), (notrace(_294260==true)->!;rtrace:tAt_rtrace, notrace(nb_setarg(1, mquietly_if(true, rtrace:tAt_rtrace), false));rtrace:notrace(visible(-all)), notrace(nb_setarg(1, mquietly_if(true, ... : ...), true)), notrace(fail))), mquietly_if(true, rtrace:tAt_rtrace))
^  Unify: (19) [system] setup_call_cleanup(rtrace:notrace(visible(-all)), must_sanity:((logicmoo_startup:at_current_Y(cuz('/var/lib/jenkins/.local/share/swi-prolog/pack/logicmoo_utils/prolog/logicmoo_lib.pl':286), logicmoo_lib:gripe_time(40, if_file_exists(ensure_loaded(...)))), deterministic(_294260)), (notrace(_294260==true)->!;rtrace:tAt_rtrace, notrace(nb_setarg(1, mquietly_if(true, ... : ...), false));rtrace:notrace(visible(- ...)), notrace(nb_setarg(1, mquietly_if(..., ...), true)), notrace(fail))), must_sanity:mquietly_if(true, rtrace:tAt_rtrace))
^  Call: (20) [system] setup_call_catcher_cleanup(rtrace:notrace(visible(-all)), must_sanity:((logicmoo_startup:at_current_Y(cuz('/var/lib/jenkins/.local/share/swi-prolog/pack/logicmoo_utils/prolog/logicmoo_lib.pl':286), logicmoo_lib:gripe_time(40, if_file_exists(ensure_loaded(...)))), deterministic(_294260)), (notrace(_294260==true)->!;rtrace:tAt_rtrace, notrace(nb_setarg(1, mquietly_if(true, ... : ...), false));rtrace:notrace(visible(- ...)), notrace(nb_setarg(1, mquietly_if(..., ...), true)), notrace(fail))), _295664, must_sanity:mquietly_if(true, rtrace:tAt_rtrace))
^  Unify: (20) [system] setup_call_catcher_cleanup(rtrace:notrace(visible(-all)), must_sanity:((logicmoo_startup:at_current_Y(cuz('/var/lib/jenkins/.local/share/swi-prolog/pack/logicmoo_utils/prolog/logicmoo_lib.pl':286), logicmoo_lib:gripe_time(40, if_file_exists(ensure_loaded(...)))), deterministic(_294260)), (notrace(_294260==true)->!;rtrace:tAt_rtrace, notrace(nb_setarg(1, mquietly_if(true, ... : ...), false));rtrace:notrace(visible(- ...)), notrace(nb_setarg(1, mquietly_if(..., ...), true)), notrace(fail))), _296296, must_sanity:mquietly_if(true, rtrace:tAt_rtrace))
^  Exit: (22) [must_sanity] must_sanity:mquietly_if(true, rtrace:tAt_rtrace)
^  Exit: (20) [system] setup_call_catcher_cleanup(rtrace:notrace(visible(-all)), must_sanity:((logicmoo_startup:at_current_Y(cuz('/var/lib/jenkins/.local/share/swi-prolog/pack/logicmoo_utils/prolog/logicmoo_lib.pl':286), logicmoo_lib:gripe_time(40, if_file_exists(ensure_loaded(...)))), deterministic(true)), (notrace(true==true)->!;rtrace:tAt_rtrace, notrace(nb_setarg(1, mquietly_if(true, ... : ...), false));rtrace:notrace(visible(- ...)), notrace(nb_setarg(1, mquietly_if(..., ...), true)), notrace(fail))), exit, must_sanity:mquietly_if(true, rtrace:tAt_rtrace))
^  Exit: (19) [system] setup_call_cleanup(rtrace:notrace(visible(-all)), must_sanity:((logicmoo_startup:at_current_Y(cuz('/var/lib/jenkins/.local/share/swi-prolog/pack/logicmoo_utils/prolog/logicmoo_lib.pl':286), logicmoo_lib:gripe_time(40, if_file_exists(ensure_loaded(...)))), deterministic(true)), (notrace(true==true)->!;rtrace:tAt_rtrace, notrace(nb_setarg(1, mquietly_if(true, ... : ...), false));rtrace:notrace(visible(- ...)), notrace(nb_setarg(1, mquietly_if(..., ...), true)), notrace(fail))), must_sanity:mquietly_if(true, rtrace:tAt_rtrace))
^  Exit: (17) [rtrace] quietly(logicmoo_startup:at_current_Y(cuz('/var/lib/jenkins/.local/share/swi-prolog/pack/logicmoo_utils/prolog/logicmoo_lib.pl':286), logicmoo_lib:gripe_time(40, if_file_exists(ensure_loaded(logicmoo_lib:library(logicmoo_typesystem))))))
^  Exit: (16) [system] call(logicmoo_startup:quietly(logicmoo_startup:at_current_Y(cuz('/var/lib/jenkins/.local/share/swi-prolog/pack/logicmoo_utils/prolog/logicmoo_lib.pl':286), logicmoo_lib:gripe_time(40, if_file_exists(ensure_loaded(... : ...))))))
   Call: (15) [system] true
   Exit: (15) [system] true
^  Exit: (14) [logicmoo_startup] maybe_one(logicmoo_startup:quietly(logicmoo_startup:at_current_Y(cuz('/var/lib/jenkins/.local/share/swi-prolog/pack/logicmoo_utils/prolog/logicmoo_lib.pl':286), logicmoo_lib:gripe_time(40, if_file_exists(ensure_loaded(... : ...))))), logicmoo_startup:ftrace(logicmoo_startup:at_current_Y(cuz('/var/lib/jenkins/.local/share/swi-prolog/pack/logicmoo_utils/prolog/logicmoo_lib.pl':286), logicmoo_lib:gripe_time(40, if_file_exists(ensure_loaded(... : ...))))))
^  Exit: (13) [logicmoo_startup] maybe_notrace(logicmoo_startup:at_current_Y(cuz('/var/lib/jenkins/.local/share/swi-prolog/pack/logicmoo_utils/prolog/logicmoo_lib.pl':286), logicmoo_lib:gripe_time(40, if_file_exists(ensure_loaded(logicmoo_lib:library(logicmoo_typesystem))))))
   Call: (13) [system] true
   Exit: (13) [system] true
^  Exit: (12) [logicmoo_startup] try_pending_init(before_boot, logicmoo_startup:at_current_Y(cuz('/var/lib/jenkins/.local/share/swi-prolog/pack/logicmoo_utils/prolog/logicmoo_lib.pl':286), logicmoo_lib:gripe_time(40, if_file_exists(ensure_loaded(logicmoo_lib:library(logicmoo_typesystem))))))
   Redo: (13) [lmconf] lmconf:at_restore_goal(before_boot, _63180)
   Unify: (13) [lmconf] lmconf:at_restore_goal(before_boot, logicmoo_startup:at_current_Y(cuz('/var/lib/jenkins/.local/share/swi-prolog/pack/logicmoo_utils/prolog/logicmoo_lib.pl':301), logicmoo_lib:gripe_time(40, if_file_exists(ensure_loaded(logicmoo_lib:library(...))))))
   Exit: (13) [lmconf] lmconf:at_restore_goal(before_boot, logicmoo_startup:at_current_Y(cuz('/var/lib/jenkins/.local/share/swi-prolog/pack/logicmoo_utils/prolog/logicmoo_lib.pl':301), logicmoo_lib:gripe_time(40, if_file_exists(ensure_loaded(logicmoo_lib:library(...))))))
   Call: (13) [system] 2=<4
   Exit: (13) [system] 2=<4
^  Call: (12) [logicmoo_startup] try_pending_init(before_boot, logicmoo_startup:at_current_Y(cuz('/var/lib/jenkins/.local/share/swi-prolog/pack/logicmoo_utils/prolog/logicmoo_lib.pl':301), logicmoo_lib:gripe_time(40, if_file_exists(ensure_loaded(logicmoo_lib:library(logicmoo_plarkc))))))
^  Unify: (12) [logicmoo_startup] try_pending_init(before_boot, logicmoo_startup:at_current_Y(cuz('/var/lib/jenkins/.local/share/swi-prolog/pack/logicmoo_utils/prolog/logicmoo_lib.pl':301), logicmoo_lib:gripe_time(40, if_file_exists(ensure_loaded(logicmoo_lib:library(logicmoo_plarkc))))))
^  Call: (13) [logicmoo_startup] logicmoo_startup:has_ran_once(_310972, logicmoo_startup:at_current_Y(cuz('/var/lib/jenkins/.local/share/swi-prolog/pack/logicmoo_utils/prolog/logicmoo_lib.pl':301), logicmoo_lib:gripe_time(40, if_file_exists(ensure_loaded(logicmoo_lib:library(...))))))
^  Unify: (13) [logicmoo_startup] logicmoo_startup:has_ran_once(_311596, logicmoo_startup:at_current_Y(cuz('/var/lib/jenkins/.local/share/swi-prolog/pack/logicmoo_utils/prolog/logicmoo_lib.pl':301), logicmoo_lib:gripe_time(40, if_file_exists(ensure_loaded(logicmoo_lib:library(...))))))
   Call: (14) [lmcache] lmcache:called_startup_goal(_312164, _312166)
   Unify: (14) [lmcache] lmcache:called_startup_goal(before_boot, logicmoo_startup:at_current_Y(cuz('/var/lib/jenkins/.local/share/swi-prolog/pack/logicmoo_utils/prolog/logicmoo_packs.pl':48), logicmoo_packages:rescan_pack_autoload_packages))
   Exit: (14) [lmcache] lmcache:called_startup_goal(before_boot, logicmoo_startup:at_current_Y(cuz('/var/lib/jenkins/.local/share/swi-prolog/pack/logicmoo_utils/prolog/logicmoo_packs.pl':48), logicmoo_packages:rescan_pack_autoload_packages))
   Call: (14) [system] logicmoo_startup:at_current_Y(cuz('/var/lib/jenkins/.local/share/swi-prolog/pack/logicmoo_utils/prolog/logicmoo_packs.pl':48), logicmoo_packages:rescan_pack_autoload_packages)=@=logicmoo_startup:at_current_Y(cuz('/var/lib/jenkins/.local/share/swi-prolog/pack/logicmoo_utils/prolog/logicmoo_lib.pl':301), logicmoo_lib:gripe_time(40, if_file_exists(ensure_loaded(logicmoo_lib:library(logicmoo_plarkc)))))
   Fail: (14) [system] logicmoo_startup:at_current_Y(cuz('/var/lib/jenkins/.local/share/swi-prolog/pack/logicmoo_utils/prolog/logicmoo_packs.pl':48), logicmoo_packages:rescan_pack_autoload_packages)=@=logicmoo_startup:at_current_Y(cuz('/var/lib/jenkins/.local/share/swi-prolog/pack/logicmoo_utils/prolog/logicmoo_lib.pl':301), logicmoo_lib:gripe_time(40, if_file_exists(ensure_loaded(logicmoo_lib:library(logicmoo_plarkc)))))
   Redo: (14) [lmcache] lmcache:called_startup_goal(_312164, _312166)
   Unify: (14) [lmcache] lmcache:called_startup_goal(before_boot, logicmoo_startup:at_current_Y(cuz('/var/lib/jenkins/.local/share/swi-prolog/pack/logicmoo_utils/prolog/logicmoo_lib.pl':108), user:gripe_time(40, if_file_exists(ensure_loaded(system:logicmoo_packs)))))
   Exit: (14) [lmcache] lmcache:called_startup_goal(before_boot, logicmoo_startup:at_current_Y(cuz('/var/lib/jenkins/.local/share/swi-prolog/pack/logicmoo_utils/prolog/logicmoo_lib.pl':108), user:gripe_time(40, if_file_exists(ensure_loaded(system:logicmoo_packs)))))
   Call: (14) [system] logicmoo_startup:at_current_Y(cuz('/var/lib/jenkins/.local/share/swi-prolog/pack/logicmoo_utils/prolog/logicmoo_lib.pl':108), user:gripe_time(40, if_file_exists(ensure_loaded(system:logicmoo_packs))))=@=logicmoo_startup:at_current_Y(cuz('/var/lib/jenkins/.local/share/swi-prolog/pack/logicmoo_utils/prolog/logicmoo_lib.pl':301), logicmoo_lib:gripe_time(40, if_file_exists(ensure_loaded(logicmoo_lib:library(logicmoo_plarkc)))))
   Fail: (14) [system] logicmoo_startup:at_current_Y(cuz('/var/lib/jenkins/.local/share/swi-prolog/pack/logicmoo_utils/prolog/logicmoo_lib.pl':108), user:gripe_time(40, if_file_exists(ensure_loaded(system:logicmoo_packs))))=@=logicmoo_startup:at_current_Y(cuz('/var/lib/jenkins/.local/share/swi-prolog/pack/logicmoo_utils/prolog/logicmoo_lib.pl':301), logicmoo_lib:gripe_time(40, if_file_exists(ensure_loaded(logicmoo_lib:library(logicmoo_plarkc)))))
   Redo: (14) [lmcache] lmcache:called_startup_goal(_312164, _312166)
   Unify: (14) [lmcache] lmcache:called_startup_goal(before_boot, logicmoo_startup:at_current_Y(cuz('/var/lib/jenkins/.local/share/swi-prolog/pack/logicmoo_utils/prolog/logicmoo_lib.pl':116), logicmoo_lib:rescan_pack_autoload_packages))
   Exit: (14) [lmcache] lmcache:called_startup_goal(before_boot, logicmoo_startup:at_current_Y(cuz('/var/lib/jenkins/.local/share/swi-prolog/pack/logicmoo_utils/prolog/logicmoo_lib.pl':116), logicmoo_lib:rescan_pack_autoload_packages))
   Call: (14) [system] logicmoo_startup:at_current_Y(cuz('/var/lib/jenkins/.local/share/swi-prolog/pack/logicmoo_utils/prolog/logicmoo_lib.pl':116), logicmoo_lib:rescan_pack_autoload_packages)=@=logicmoo_startup:at_current_Y(cuz('/var/lib/jenkins/.local/share/swi-prolog/pack/logicmoo_utils/prolog/logicmoo_lib.pl':301), logicmoo_lib:gripe_time(40, if_file_exists(ensure_loaded(logicmoo_lib:library(logicmoo_plarkc)))))
   Fail: (14) [system] logicmoo_startup:at_current_Y(cuz('/var/lib/jenkins/.local/share/swi-prolog/pack/logicmoo_utils/prolog/logicmoo_lib.pl':116), logicmoo_lib:rescan_pack_autoload_packages)=@=logicmoo_startup:at_current_Y(cuz('/var/lib/jenkins/.local/share/swi-prolog/pack/logicmoo_utils/prolog/logicmoo_lib.pl':301), logicmoo_lib:gripe_time(40, if_file_exists(ensure_loaded(logicmoo_lib:library(logicmoo_plarkc)))))
   Redo: (14) [lmcache] lmcache:called_startup_goal(_312164, _312166)
   Unify: (14) [lmcache] lmcache:called_startup_goal(before_boot, logicmoo_startup:at_current_Y(cuz('/var/lib/jenkins/.local/share/swi-prolog/pack/logicmoo_utils/prolog/logicmoo_lib.pl':196), user:gripe_time(40, if_file_exists(ensure_loaded(system:logicmoo_swilib)))))
   Exit: (14) [lmcache] lmcache:called_startup_goal(before_boot, logicmoo_startup:at_current_Y(cuz('/var/lib/jenkins/.local/share/swi-prolog/pack/logicmoo_utils/prolog/logicmoo_lib.pl':196), user:gripe_time(40, if_file_exists(ensure_loaded(system:logicmoo_swilib)))))
   Call: (14) [system] logicmoo_startup:at_current_Y(cuz('/var/lib/jenkins/.local/share/swi-prolog/pack/logicmoo_utils/prolog/logicmoo_lib.pl':196), user:gripe_time(40, if_file_exists(ensure_loaded(system:logicmoo_swilib))))=@=logicmoo_startup:at_current_Y(cuz('/var/lib/jenkins/.local/share/swi-prolog/pack/logicmoo_utils/prolog/logicmoo_lib.pl':301), logicmoo_lib:gripe_time(40, if_file_exists(ensure_loaded(logicmoo_lib:library(logicmoo_plarkc)))))
   Fail: (14) [system] logicmoo_startup:at_current_Y(cuz('/var/lib/jenkins/.local/share/swi-prolog/pack/logicmoo_utils/prolog/logicmoo_lib.pl':196), user:gripe_time(40, if_file_exists(ensure_loaded(system:logicmoo_swilib))))=@=logicmoo_startup:at_current_Y(cuz('/var/lib/jenkins/.local/share/swi-prolog/pack/logicmoo_utils/prolog/logicmoo_lib.pl':301), logicmoo_lib:gripe_time(40, if_file_exists(ensure_loaded(logicmoo_lib:library(logicmoo_plarkc)))))
   Redo: (14) [lmcache] lmcache:called_startup_goal(_312164, _312166)
   Unify: (14) [lmcache] lmcache:called_startup_goal(before_boot, logicmoo_startup:at_current_Y(cuz('/var/lib/jenkins/.local/share/swi-prolog/pack/pfc/prolog/pfc_lib.pl':519), pfc_lib:set_how_virtualize_file(false, '/var/lib/jenkins/.local/share/swi-prolog/pack/pfc/prolog/pfc_lib.pl')))
   Exit: (14) [lmcache] lmcache:called_startup_goal(before_boot, logicmoo_startup:at_current_Y(cuz('/var/lib/jenkins/.local/share/swi-prolog/pack/pfc/prolog/pfc_lib.pl':519), pfc_lib:set_how_virtualize_file(false, '/var/lib/jenkins/.local/share/swi-prolog/pack/pfc/prolog/pfc_lib.pl')))
   Call: (14) [system] logicmoo_startup:at_current_Y(cuz('/var/lib/jenkins/.local/share/swi-prolog/pack/pfc/prolog/pfc_lib.pl':519), pfc_lib:set_how_virtualize_file(false, '/var/lib/jenkins/.local/share/swi-prolog/pack/pfc/prolog/pfc_lib.pl'))=@=logicmoo_startup:at_current_Y(cuz('/var/lib/jenkins/.local/share/swi-prolog/pack/logicmoo_utils/prolog/logicmoo_lib.pl':301), logicmoo_lib:gripe_time(40, if_file_exists(ensure_loaded(logicmoo_lib:library(logicmoo_plarkc)))))
   Fail: (14) [system] logicmoo_startup:at_current_Y(cuz('/var/lib/jenkins/.local/share/swi-prolog/pack/pfc/prolog/pfc_lib.pl':519), pfc_lib:set_how_virtualize_file(false, '/var/lib/jenkins/.local/share/swi-prolog/pack/pfc/prolog/pfc_lib.pl'))=@=logicmoo_startup:at_current_Y(cuz('/var/lib/jenkins/.local/share/swi-prolog/pack/logicmoo_utils/prolog/logicmoo_lib.pl':301), logicmoo_lib:gripe_time(40, if_file_exists(ensure_loaded(logicmoo_lib:library(logicmoo_plarkc)))))
   Redo: (14) [lmcache] lmcache:called_startup_goal(_312164, _312166)
   Unify: (14) [lmcache] lmcache:called_startup_goal(before_boot, logicmoo_startup:at_current_Y(cuz('/var/lib/jenkins/.local/share/swi-prolog/pack/logicmoo_utils/prolog/logicmoo_lib.pl':286), logicmoo_lib:gripe_time(40, if_file_exists(ensure_loaded(logicmoo_lib:library(...))))))
   Exit: (14) [lmcache] lmcache:called_startup_goal(before_boot, logicmoo_startup:at_current_Y(cuz('/var/lib/jenkins/.local/share/swi-prolog/pack/logicmoo_utils/prolog/logicmoo_lib.pl':286), logicmoo_lib:gripe_time(40, if_file_exists(ensure_loaded(logicmoo_lib:library(...))))))
   Call: (14) [system] logicmoo_startup:at_current_Y(cuz('/var/lib/jenkins/.local/share/swi-prolog/pack/logicmoo_utils/prolog/logicmoo_lib.pl':286), logicmoo_lib:gripe_time(40, if_file_exists(ensure_loaded(logicmoo_lib:library(logicmoo_typesystem)))))=@=logicmoo_startup:at_current_Y(cuz('/var/lib/jenkins/.local/share/swi-prolog/pack/logicmoo_utils/prolog/logicmoo_lib.pl':301), logicmoo_lib:gripe_time(40, if_file_exists(ensure_loaded(logicmoo_lib:library(logicmoo_plarkc)))))
   Fail: (14) [system] logicmoo_startup:at_current_Y(cuz('/var/lib/jenkins/.local/share/swi-prolog/pack/logicmoo_utils/prolog/logicmoo_lib.pl':286), logicmoo_lib:gripe_time(40, if_file_exists(ensure_loaded(logicmoo_lib:library(logicmoo_typesystem)))))=@=logicmoo_startup:at_current_Y(cuz('/var/lib/jenkins/.local/share/swi-prolog/pack/logicmoo_utils/prolog/logicmoo_lib.pl':301), logicmoo_lib:gripe_time(40, if_file_exists(ensure_loaded(logicmoo_lib:library(logicmoo_plarkc)))))
^  Fail: (13) [logicmoo_startup] logicmoo_startup:has_ran_once(_331002, logicmoo_startup:at_current_Y(cuz('/var/lib/jenkins/.local/share/swi-prolog/pack/logicmoo_utils/prolog/logicmoo_lib.pl':301), logicmoo_lib:gripe_time(40, if_file_exists(ensure_loaded(logicmoo_lib:library(...))))))
^  Redo: (12) [logicmoo_startup] try_pending_init(before_boot, logicmoo_startup:at_current_Y(cuz('/var/lib/jenkins/.local/share/swi-prolog/pack/logicmoo_utils/prolog/logicmoo_lib.pl':301), logicmoo_lib:gripe_time(40, if_file_exists(ensure_loaded(logicmoo_lib:library(logicmoo_plarkc))))))
^  Unify: (12) [logicmoo_startup] try_pending_init(before_boot, logicmoo_startup:at_current_Y(cuz('/var/lib/jenkins/.local/share/swi-prolog/pack/logicmoo_utils/prolog/logicmoo_lib.pl':301), logicmoo_lib:gripe_time(40, if_file_exists(ensure_loaded(logicmoo_lib:library(logicmoo_plarkc))))))
^  Call: (13) [logicmoo_startup] assertz(lmcache:called_startup_goal(before_boot, logicmoo_startup:at_current_Y(cuz('/var/lib/jenkins/.local/share/swi-prolog/pack/logicmoo_utils/prolog/logicmoo_lib.pl':301), logicmoo_lib:gripe_time(40, if_file_exists(ensure_loaded(... : ...))))))
^  Exit: (13) [logicmoo_startup] assertz(lmcache:called_startup_goal(before_boot, logicmoo_startup:at_current_Y(cuz('/var/lib/jenkins/.local/share/swi-prolog/pack/logicmoo_utils/prolog/logicmoo_lib.pl':301), logicmoo_lib:gripe_time(40, if_file_exists(ensure_loaded(... : ...))))))
^  Call: (13) [logicmoo_startup] maybe_notrace(logicmoo_startup:at_current_Y(cuz('/var/lib/jenkins/.local/share/swi-prolog/pack/logicmoo_utils/prolog/logicmoo_lib.pl':301), logicmoo_lib:gripe_time(40, if_file_exists(ensure_loaded(logicmoo_lib:library(logicmoo_plarkc))))))
^  Unify: (13) [logicmoo_startup] maybe_notrace(logicmoo_startup:at_current_Y(cuz('/var/lib/jenkins/.local/share/swi-prolog/pack/logicmoo_utils/prolog/logicmoo_lib.pl':301), logicmoo_lib:gripe_time(40, if_file_exists(ensure_loaded(logicmoo_lib:library(logicmoo_plarkc))))))
   Call: (14) [edinburgh] edinburgh:debug
   Unify: (14) [edinburgh] edinburgh:debug
   Call: (15) [system] set_prolog_flag(debug, true)
   Exit: (15) [system] set_prolog_flag(debug, true)
   Exit: (14) [edinburgh] edinburgh:debug
^  Call: (14) [logicmoo_startup] maybe_one(quietly(logicmoo_startup:at_current_Y(cuz('/var/lib/jenkins/.local/share/swi-prolog/pack/logicmoo_utils/prolog/logicmoo_lib.pl':301), logicmoo_lib:gripe_time(40, if_file_exists(ensure_loaded(logicmoo_lib:library(...)))))), ftrace(logicmoo_startup:at_current_Y(cuz('/var/lib/jenkins/.local/share/swi-prolog/pack/logicmoo_utils/prolog/logicmoo_lib.pl':301), logicmoo_lib:gripe_time(40, if_file_exists(ensure_loaded(logicmoo_lib:library(...)))))))
^  Unify: (14) [logicmoo_startup] maybe_one(logicmoo_startup:quietly(logicmoo_startup:at_current_Y(cuz('/var/lib/jenkins/.local/share/swi-prolog/pack/logicmoo_utils/prolog/logicmoo_lib.pl':301), logicmoo_lib:gripe_time(40, if_file_exists(ensure_loaded(... : ...))))), logicmoo_startup:ftrace(logicmoo_startup:at_current_Y(cuz('/var/lib/jenkins/.local/share/swi-prolog/pack/logicmoo_utils/prolog/logicmoo_lib.pl':301), logicmoo_lib:gripe_time(40, if_file_exists(ensure_loaded(... : ...))))))
^  Call: (16) [logicmoo_startup] call(logicmoo_startup:quietly(logicmoo_startup:at_current_Y(cuz('/var/lib/jenkins/.local/share/swi-prolog/pack/logicmoo_utils/prolog/logicmoo_lib.pl':301), logicmoo_lib:gripe_time(40, if_file_exists(ensure_loaded(... : ...))))))
^  Unify: (16) [system] call(logicmoo_startup:quietly(logicmoo_startup:at_current_Y(cuz('/var/lib/jenkins/.local/share/swi-prolog/pack/logicmoo_utils/prolog/logicmoo_lib.pl':301), logicmoo_lib:gripe_time(40, if_file_exists(ensure_loaded(... : ...))))))
^  Call: (17) [logicmoo_startup] quietly(logicmoo_startup:at_current_Y(cuz('/var/lib/jenkins/.local/share/swi-prolog/pack/logicmoo_utils/prolog/logicmoo_lib.pl':301), logicmoo_lib:gripe_time(40, if_file_exists(ensure_loaded(logicmoo_lib:library(logicmoo_plarkc))))))
^  Unify: (17) [rtrace] quietly(logicmoo_startup:at_current_Y(cuz('/var/lib/jenkins/.local/share/swi-prolog/pack/logicmoo_utils/prolog/logicmoo_lib.pl':301), logicmoo_lib:gripe_time(40, if_file_exists(ensure_loaded(logicmoo_lib:library(logicmoo_plarkc))))))
   Call: (19) [system] _342616=mquietly_if(true, rtrace:tAt_rtrace)
   Exit: (19) [system] mquietly_if(true, rtrace:tAt_rtrace)=mquietly_if(true, rtrace:tAt_rtrace)
^  Call: (19) [must_sanity] setup_call_cleanup(rtrace:notrace(visible(-all)),  ((logicmoo_startup:at_current_Y(cuz('/var/lib/jenkins/.local/share/swi-prolog/pack/logicmoo_utils/prolog/logicmoo_lib.pl':301), logicmoo_lib:gripe_time(40, if_file_exists(ensure_loaded(... : ...)))), deterministic(_343874)), (notrace(_343874==true)->!;rtrace:tAt_rtrace, notrace(nb_setarg(1, mquietly_if(true, rtrace:tAt_rtrace), false));rtrace:notrace(visible(-all)), notrace(nb_setarg(1, mquietly_if(true, ... : ...), true)), notrace(fail))), mquietly_if(true, rtrace:tAt_rtrace))
^  Unify: (19) [system] setup_call_cleanup(rtrace:notrace(visible(-all)), must_sanity:((logicmoo_startup:at_current_Y(cuz('/var/lib/jenkins/.local/share/swi-prolog/pack/logicmoo_utils/prolog/logicmoo_lib.pl':301), logicmoo_lib:gripe_time(40, if_file_exists(ensure_loaded(...)))), deterministic(_343874)), (notrace(_343874==true)->!;rtrace:tAt_rtrace, notrace(nb_setarg(1, mquietly_if(true, ... : ...), false));rtrace:notrace(visible(- ...)), notrace(nb_setarg(1, mquietly_if(..., ...), true)), notrace(fail))), must_sanity:mquietly_if(true, rtrace:tAt_rtrace))
^  Call: (20) [system] setup_call_catcher_cleanup(rtrace:notrace(visible(-all)), must_sanity:((logicmoo_startup:at_current_Y(cuz('/var/lib/jenkins/.local/share/swi-prolog/pack/logicmoo_utils/prolog/logicmoo_lib.pl':301), logicmoo_lib:gripe_time(40, if_file_exists(ensure_loaded(...)))), deterministic(_343874)), (notrace(_343874==true)->!;rtrace:tAt_rtrace, notrace(nb_setarg(1, mquietly_if(true, ... : ...), false));rtrace:notrace(visible(- ...)), notrace(nb_setarg(1, mquietly_if(..., ...), true)), notrace(fail))), _345278, must_sanity:mquietly_if(true, rtrace:tAt_rtrace))
^  Unify: (20) [system] setup_call_catcher_cleanup(rtrace:notrace(visible(-all)), must_sanity:((logicmoo_startup:at_current_Y(cuz('/var/lib/jenkins/.local/share/swi-prolog/pack/logicmoo_utils/prolog/logicmoo_lib.pl':301), logicmoo_lib:gripe_time(40, if_file_exists(ensure_loaded(...)))), deterministic(_343874)), (notrace(_343874==true)->!;rtrace:tAt_rtrace, notrace(nb_setarg(1, mquietly_if(true, ... : ...), false));rtrace:notrace(visible(- ...)), notrace(nb_setarg(1, mquietly_if(..., ...), true)), notrace(fail))), _345910, must_sanity:mquietly_if(true, rtrace:tAt_rtrace))
^  Exit: (22) [must_sanity] must_sanity:mquietly_if(true, rtrace:tAt_rtrace)
^  Exit: (20) [system] setup_call_catcher_cleanup(rtrace:notrace(visible(-all)), must_sanity:((logicmoo_startup:at_current_Y(cuz('/var/lib/jenkins/.local/share/swi-prolog/pack/logicmoo_utils/prolog/logicmoo_lib.pl':301), logicmoo_lib:gripe_time(40, if_file_exists(ensure_loaded(...)))), deterministic(true)), (notrace(true==true)->!;rtrace:tAt_rtrace, notrace(nb_setarg(1, mquietly_if(true, ... : ...), false));rtrace:notrace(visible(- ...)), notrace(nb_setarg(1, mquietly_if(..., ...), true)), notrace(fail))), exit, must_sanity:mquietly_if(true, rtrace:tAt_rtrace))
^  Exit: (19) [system] setup_call_cleanup(rtrace:notrace(visible(-all)), must_sanity:((logicmoo_startup:at_current_Y(cuz('/var/lib/jenkins/.local/share/swi-prolog/pack/logicmoo_utils/prolog/logicmoo_lib.pl':301), logicmoo_lib:gripe_time(40, if_file_exists(ensure_loaded(...)))), deterministic(true)), (notrace(true==true)->!;rtrace:tAt_rtrace, notrace(nb_setarg(1, mquietly_if(true, ... : ...), false));rtrace:notrace(visible(- ...)), notrace(nb_setarg(1, mquietly_if(..., ...), true)), notrace(fail))), must_sanity:mquietly_if(true, rtrace:tAt_rtrace))
^  Exit: (17) [rtrace] quietly(logicmoo_startup:at_current_Y(cuz('/var/lib/jenkins/.local/share/swi-prolog/pack/logicmoo_utils/prolog/logicmoo_lib.pl':301), logicmoo_lib:gripe_time(40, if_file_exists(ensure_loaded(logicmoo_lib:library(logicmoo_plarkc))))))
^  Exit: (16) [system] call(logicmoo_startup:quietly(logicmoo_startup:at_current_Y(cuz('/var/lib/jenkins/.local/share/swi-prolog/pack/logicmoo_utils/prolog/logicmoo_lib.pl':301), logicmoo_lib:gripe_time(40, if_file_exists(ensure_loaded(... : ...))))))
   Call: (15) [system] true
   Exit: (15) [system] true
^  Exit: (14) [logicmoo_startup] maybe_one(logicmoo_startup:quietly(logicmoo_startup:at_current_Y(cuz('/var/lib/jenkins/.local/share/swi-prolog/pack/logicmoo_utils/prolog/logicmoo_lib.pl':301), logicmoo_lib:gripe_time(40, if_file_exists(ensure_loaded(... : ...))))), logicmoo_startup:ftrace(logicmoo_startup:at_current_Y(cuz('/var/lib/jenkins/.local/share/swi-prolog/pack/logicmoo_utils/prolog/logicmoo_lib.pl':301), logicmoo_lib:gripe_time(40, if_file_exists(ensure_loaded(... : ...))))))
^  Exit: (13) [logicmoo_startup] maybe_notrace(logicmoo_startup:at_current_Y(cuz('/var/lib/jenkins/.local/share/swi-prolog/pack/logicmoo_utils/prolog/logicmoo_lib.pl':301), logicmoo_lib:gripe_time(40, if_file_exists(ensure_loaded(logicmoo_lib:library(logicmoo_plarkc))))))
   Call: (13) [system] true
   Exit: (13) [system] true
^  Exit: (12) [logicmoo_startup] try_pending_init(before_boot, logicmoo_startup:at_current_Y(cuz('/var/lib/jenkins/.local/share/swi-prolog/pack/logicmoo_utils/prolog/logicmoo_lib.pl':301), logicmoo_lib:gripe_time(40, if_file_exists(ensure_loaded(logicmoo_lib:library(logicmoo_plarkc))))))
   Redo: (13) [lmconf] lmconf:at_restore_goal(before_boot, _63180)
   Unify: (13) [lmconf] lmconf:at_restore_goal(before_boot, logicmoo_startup:at_current_Y(cuz('/var/lib/jenkins/.local/share/swi-prolog/pack/logicmoo_utils/prolog/logicmoo_lib.pl':308), logicmoo_lib:gripe_time(40, if_file_exists(ensure_loaded(logicmoo_lib:library(...))))))
   Exit: (13) [lmconf] lmconf:at_restore_goal(before_boot, logicmoo_startup:at_current_Y(cuz('/var/lib/jenkins/.local/share/swi-prolog/pack/logicmoo_utils/prolog/logicmoo_lib.pl':308), logicmoo_lib:gripe_time(40, if_file_exists(ensure_loaded(logicmoo_lib:library(...))))))
   Call: (13) [system] 2=<4
   Exit: (13) [system] 2=<4
^  Call: (12) [logicmoo_startup] try_pending_init(before_boot, logicmoo_startup:at_current_Y(cuz('/var/lib/jenkins/.local/share/swi-prolog/pack/logicmoo_utils/prolog/logicmoo_lib.pl':308), logicmoo_lib:gripe_time(40, if_file_exists(ensure_loaded(logicmoo_lib:library(logicmoo_clif))))))
^  Unify: (12) [logicmoo_startup] try_pending_init(before_boot, logicmoo_startup:at_current_Y(cuz('/var/lib/jenkins/.local/share/swi-prolog/pack/logicmoo_utils/prolog/logicmoo_lib.pl':308), logicmoo_lib:gripe_time(40, if_file_exists(ensure_loaded(logicmoo_lib:library(logicmoo_clif))))))
^  Call: (13) [logicmoo_startup] logicmoo_startup:has_ran_once(_360586, logicmoo_startup:at_current_Y(cuz('/var/lib/jenkins/.local/share/swi-prolog/pack/logicmoo_utils/prolog/logicmoo_lib.pl':308), logicmoo_lib:gripe_time(40, if_file_exists(ensure_loaded(logicmoo_lib:library(...))))))
^  Unify: (13) [logicmoo_startup] logicmoo_startup:has_ran_once(_361210, logicmoo_startup:at_current_Y(cuz('/var/lib/jenkins/.local/share/swi-prolog/pack/logicmoo_utils/prolog/logicmoo_lib.pl':308), logicmoo_lib:gripe_time(40, if_file_exists(ensure_loaded(logicmoo_lib:library(...))))))
   Call: (14) [lmcache] lmcache:called_startup_goal(_361778, _361780)
   Unify: (14) [lmcache] lmcache:called_startup_goal(before_boot, logicmoo_startup:at_current_Y(cuz('/var/lib/jenkins/.local/share/swi-prolog/pack/logicmoo_utils/prolog/logicmoo_packs.pl':48), logicmoo_packages:rescan_pack_autoload_packages))
   Exit: (14) [lmcache] lmcache:called_startup_goal(before_boot, logicmoo_startup:at_current_Y(cuz('/var/lib/jenkins/.local/share/swi-prolog/pack/logicmoo_utils/prolog/logicmoo_packs.pl':48), logicmoo_packages:rescan_pack_autoload_packages))
   Call: (14) [system] logicmoo_startup:at_current_Y(cuz('/var/lib/jenkins/.local/share/swi-prolog/pack/logicmoo_utils/prolog/logicmoo_packs.pl':48), logicmoo_packages:rescan_pack_autoload_packages)=@=logicmoo_startup:at_current_Y(cuz('/var/lib/jenkins/.local/share/swi-prolog/pack/logicmoo_utils/prolog/logicmoo_lib.pl':308), logicmoo_lib:gripe_time(40, if_file_exists(ensure_loaded(logicmoo_lib:library(logicmoo_clif)))))
   Fail: (14) [system] logicmoo_startup:at_current_Y(cuz('/var/lib/jenkins/.local/share/swi-prolog/pack/logicmoo_utils/prolog/logicmoo_packs.pl':48), logicmoo_packages:rescan_pack_autoload_packages)=@=logicmoo_startup:at_current_Y(cuz('/var/lib/jenkins/.local/share/swi-prolog/pack/logicmoo_utils/prolog/logicmoo_lib.pl':308), logicmoo_lib:gripe_time(40, if_file_exists(ensure_loaded(logicmoo_lib:library(logicmoo_clif)))))
   Redo: (14) [lmcache] lmcache:called_startup_goal(_361778, _361780)
   Unify: (14) [lmcache] lmcache:called_startup_goal(before_boot, logicmoo_startup:at_current_Y(cuz('/var/lib/jenkins/.local/share/swi-prolog/pack/logicmoo_utils/prolog/logicmoo_lib.pl':108), user:gripe_time(40, if_file_exists(ensure_loaded(system:logicmoo_packs)))))
   Exit: (14) [lmcache] lmcache:called_startup_goal(before_boot, logicmoo_startup:at_current_Y(cuz('/var/lib/jenkins/.local/share/swi-prolog/pack/logicmoo_utils/prolog/logicmoo_lib.pl':108), user:gripe_time(40, if_file_exists(ensure_loaded(system:logicmoo_packs)))))
   Call: (14) [system] logicmoo_startup:at_current_Y(cuz('/var/lib/jenkins/.local/share/swi-prolog/pack/logicmoo_utils/prolog/logicmoo_lib.pl':108), user:gripe_time(40, if_file_exists(ensure_loaded(system:logicmoo_packs))))=@=logicmoo_startup:at_current_Y(cuz('/var/lib/jenkins/.local/share/swi-prolog/pack/logicmoo_utils/prolog/logicmoo_lib.pl':308), logicmoo_lib:gripe_time(40, if_file_exists(ensure_loaded(logicmoo_lib:library(logicmoo_clif)))))
   Fail: (14) [system] logicmoo_startup:at_current_Y(cuz('/var/lib/jenkins/.local/share/swi-prolog/pack/logicmoo_utils/prolog/logicmoo_lib.pl':108), user:gripe_time(40, if_file_exists(ensure_loaded(system:logicmoo_packs))))=@=logicmoo_startup:at_current_Y(cuz('/var/lib/jenkins/.local/share/swi-prolog/pack/logicmoo_utils/prolog/logicmoo_lib.pl':308), logicmoo_lib:gripe_time(40, if_file_exists(ensure_loaded(logicmoo_lib:library(logicmoo_clif)))))
   Redo: (14) [lmcache] lmcache:called_startup_goal(_361778, _361780)
   Unify: (14) [lmcache] lmcache:called_startup_goal(before_boot, logicmoo_startup:at_current_Y(cuz('/var/lib/jenkins/.local/share/swi-prolog/pack/logicmoo_utils/prolog/logicmoo_lib.pl':116), logicmoo_lib:rescan_pack_autoload_packages))
   Exit: (14) [lmcache] lmcache:called_startup_goal(before_boot, logicmoo_startup:at_current_Y(cuz('/var/lib/jenkins/.local/share/swi-prolog/pack/logicmoo_utils/prolog/logicmoo_lib.pl':116), logicmoo_lib:rescan_pack_autoload_packages))
   Call: (14) [system] logicmoo_startup:at_current_Y(cuz('/var/lib/jenkins/.local/share/swi-prolog/pack/logicmoo_utils/prolog/logicmoo_lib.pl':116), logicmoo_lib:rescan_pack_autoload_packages)=@=logicmoo_startup:at_current_Y(cuz('/var/lib/jenkins/.local/share/swi-prolog/pack/logicmoo_utils/prolog/logicmoo_lib.pl':308), logicmoo_lib:gripe_time(40, if_file_exists(ensure_loaded(logicmoo_lib:library(logicmoo_clif)))))
   Fail: (14) [system] logicmoo_startup:at_current_Y(cuz('/var/lib/jenkins/.local/share/swi-prolog/pack/logicmoo_utils/prolog/logicmoo_lib.pl':116), logicmoo_lib:rescan_pack_autoload_packages)=@=logicmoo_startup:at_current_Y(cuz('/var/lib/jenkins/.local/share/swi-prolog/pack/logicmoo_utils/prolog/logicmoo_lib.pl':308), logicmoo_lib:gripe_time(40, if_file_exists(ensure_loaded(logicmoo_lib:library(logicmoo_clif)))))
   Redo: (14) [lmcache] lmcache:called_startup_goal(_361778, _361780)
   Unify: (14) [lmcache] lmcache:called_startup_goal(before_boot, logicmoo_startup:at_current_Y(cuz('/var/lib/jenkins/.local/share/swi-prolog/pack/logicmoo_utils/prolog/logicmoo_lib.pl':196), user:gripe_time(40, if_file_exists(ensure_loaded(system:logicmoo_swilib)))))
   Exit: (14) [lmcache] lmcache:called_startup_goal(before_boot, logicmoo_startup:at_current_Y(cuz('/var/lib/jenkins/.local/share/swi-prolog/pack/logicmoo_utils/prolog/logicmoo_lib.pl':196), user:gripe_time(40, if_file_exists(ensure_loaded(system:logicmoo_swilib)))))
   Call: (14) [system] logicmoo_startup:at_current_Y(cuz('/var/lib/jenkins/.local/share/swi-prolog/pack/logicmoo_utils/prolog/logicmoo_lib.pl':196), user:gripe_time(40, if_file_exists(ensure_loaded(system:logicmoo_swilib))))=@=logicmoo_startup:at_current_Y(cuz('/var/lib/jenkins/.local/share/swi-prolog/pack/logicmoo_utils/prolog/logicmoo_lib.pl':308), logicmoo_lib:gripe_time(40, if_file_exists(ensure_loaded(logicmoo_lib:library(logicmoo_clif)))))
   Fail: (14) [system] logicmoo_startup:at_current_Y(cuz('/var/lib/jenkins/.local/share/swi-prolog/pack/logicmoo_utils/prolog/logicmoo_lib.pl':196), user:gripe_time(40, if_file_exists(ensure_loaded(system:logicmoo_swilib))))=@=logicmoo_startup:at_current_Y(cuz('/var/lib/jenkins/.local/share/swi-prolog/pack/logicmoo_utils/prolog/logicmoo_lib.pl':308), logicmoo_lib:gripe_time(40, if_file_exists(ensure_loaded(logicmoo_lib:library(logicmoo_clif)))))
   Redo: (14) [lmcache] lmcache:called_startup_goal(_361778, _361780)
   Unify: (14) [lmcache] lmcache:called_startup_goal(before_boot, logicmoo_startup:at_current_Y(cuz('/var/lib/jenkins/.local/share/swi-prolog/pack/pfc/prolog/pfc_lib.pl':519), pfc_lib:set_how_virtualize_file(false, '/var/lib/jenkins/.local/share/swi-prolog/pack/pfc/prolog/pfc_lib.pl')))
   Exit: (14) [lmcache] lmcache:called_startup_goal(before_boot, logicmoo_startup:at_current_Y(cuz('/var/lib/jenkins/.local/share/swi-prolog/pack/pfc/prolog/pfc_lib.pl':519), pfc_lib:set_how_virtualize_file(false, '/var/lib/jenkins/.local/share/swi-prolog/pack/pfc/prolog/pfc_lib.pl')))
   Call: (14) [system] logicmoo_startup:at_current_Y(cuz('/var/lib/jenkins/.local/share/swi-prolog/pack/pfc/prolog/pfc_lib.pl':519), pfc_lib:set_how_virtualize_file(false, '/var/lib/jenkins/.local/share/swi-prolog/pack/pfc/prolog/pfc_lib.pl'))=@=logicmoo_startup:at_current_Y(cuz('/var/lib/jenkins/.local/share/swi-prolog/pack/logicmoo_utils/prolog/logicmoo_lib.pl':308), logicmoo_lib:gripe_time(40, if_file_exists(ensure_loaded(logicmoo_lib:library(logicmoo_clif)))))
   Fail: (14) [system] logicmoo_startup:at_current_Y(cuz('/var/lib/jenkins/.local/share/swi-prolog/pack/pfc/prolog/pfc_lib.pl':519), pfc_lib:set_how_virtualize_file(false, '/var/lib/jenkins/.local/share/swi-prolog/pack/pfc/prolog/pfc_lib.pl'))=@=logicmoo_startup:at_current_Y(cuz('/var/lib/jenkins/.local/share/swi-prolog/pack/logicmoo_utils/prolog/logicmoo_lib.pl':308), logicmoo_lib:gripe_time(40, if_file_exists(ensure_loaded(logicmoo_lib:library(logicmoo_clif)))))
   Redo: (14) [lmcache] lmcache:called_startup_goal(_361778, _361780)
   Unify: (14) [lmcache] lmcache:called_startup_goal(before_boot, logicmoo_startup:at_current_Y(cuz('/var/lib/jenkins/.local/share/swi-prolog/pack/logicmoo_utils/prolog/logicmoo_lib.pl':286), logicmoo_lib:gripe_time(40, if_file_exists(ensure_loaded(logicmoo_lib:library(...))))))
   Exit: (14) [lmcache] lmcache:called_startup_goal(before_boot, logicmoo_startup:at_current_Y(cuz('/var/lib/jenkins/.local/share/swi-prolog/pack/logicmoo_utils/prolog/logicmoo_lib.pl':286), logicmoo_lib:gripe_time(40, if_file_exists(ensure_loaded(logicmoo_lib:library(...))))))
   Call: (14) [system] logicmoo_startup:at_current_Y(cuz('/var/lib/jenkins/.local/share/swi-prolog/pack/logicmoo_utils/prolog/logicmoo_lib.pl':286), logicmoo_lib:gripe_time(40, if_file_exists(ensure_loaded(logicmoo_lib:library(logicmoo_typesystem)))))=@=logicmoo_startup:at_current_Y(cuz('/var/lib/jenkins/.local/share/swi-prolog/pack/logicmoo_utils/prolog/logicmoo_lib.pl':308), logicmoo_lib:gripe_time(40, if_file_exists(ensure_loaded(logicmoo_lib:library(logicmoo_clif)))))
   Fail: (14) [system] logicmoo_startup:at_current_Y(cuz('/var/lib/jenkins/.local/share/swi-prolog/pack/logicmoo_utils/prolog/logicmoo_lib.pl':286), logicmoo_lib:gripe_time(40, if_file_exists(ensure_loaded(logicmoo_lib:library(logicmoo_typesystem)))))=@=logicmoo_startup:at_current_Y(cuz('/var/lib/jenkins/.local/share/swi-prolog/pack/logicmoo_utils/prolog/logicmoo_lib.pl':308), logicmoo_lib:gripe_time(40, if_file_exists(ensure_loaded(logicmoo_lib:library(logicmoo_clif)))))
   Redo: (14) [lmcache] lmcache:called_startup_goal(_361778, _361780)
   Unify: (14) [lmcache] lmcache:called_startup_goal(before_boot, logicmoo_startup:at_current_Y(cuz('/var/lib/jenkins/.local/share/swi-prolog/pack/logicmoo_utils/prolog/logicmoo_lib.pl':301), logicmoo_lib:gripe_time(40, if_file_exists(ensure_loaded(logicmoo_lib:library(...))))))
   Exit: (14) [lmcache] lmcache:called_startup_goal(before_boot, logicmoo_startup:at_current_Y(cuz('/var/lib/jenkins/.local/share/swi-prolog/pack/logicmoo_utils/prolog/logicmoo_lib.pl':301), logicmoo_lib:gripe_time(40, if_file_exists(ensure_loaded(logicmoo_lib:library(...))))))
   Call: (14) [system] logicmoo_startup:at_current_Y(cuz('/var/lib/jenkins/.local/share/swi-prolog/pack/logicmoo_utils/prolog/logicmoo_lib.pl':301), logicmoo_lib:gripe_time(40, if_file_exists(ensure_loaded(logicmoo_lib:library(logicmoo_plarkc)))))=@=logicmoo_startup:at_current_Y(cuz('/var/lib/jenkins/.local/share/swi-prolog/pack/logicmoo_utils/prolog/logicmoo_lib.pl':308), logicmoo_lib:gripe_time(40, if_file_exists(ensure_loaded(logicmoo_lib:library(logicmoo_clif)))))
   Fail: (14) [system] logicmoo_startup:at_current_Y(cuz('/var/lib/jenkins/.local/share/swi-prolog/pack/logicmoo_utils/prolog/logicmoo_lib.pl':301), logicmoo_lib:gripe_time(40, if_file_exists(ensure_loaded(logicmoo_lib:library(logicmoo_plarkc)))))=@=logicmoo_startup:at_current_Y(cuz('/var/lib/jenkins/.local/share/swi-prolog/pack/logicmoo_utils/prolog/logicmoo_lib.pl':308), logicmoo_lib:gripe_time(40, if_file_exists(ensure_loaded(logicmoo_lib:library(logicmoo_clif)))))
^  Fail: (13) [logicmoo_startup] logicmoo_startup:has_ran_once(_383758, logicmoo_startup:at_current_Y(cuz('/var/lib/jenkins/.local/share/swi-prolog/pack/logicmoo_utils/prolog/logicmoo_lib.pl':308), logicmoo_lib:gripe_time(40, if_file_exists(ensure_loaded(logicmoo_lib:library(...))))))
^  Redo: (12) [logicmoo_startup] try_pending_init(before_boot, logicmoo_startup:at_current_Y(cuz('/var/lib/jenkins/.local/share/swi-prolog/pack/logicmoo_utils/prolog/logicmoo_lib.pl':308), logicmoo_lib:gripe_time(40, if_file_exists(ensure_loaded(logicmoo_lib:library(logicmoo_clif))))))
^  Unify: (12) [logicmoo_startup] try_pending_init(before_boot, logicmoo_startup:at_current_Y(cuz('/var/lib/jenkins/.local/share/swi-prolog/pack/logicmoo_utils/prolog/logicmoo_lib.pl':308), logicmoo_lib:gripe_time(40, if_file_exists(ensure_loaded(logicmoo_lib:library(logicmoo_clif))))))
^  Call: (13) [logicmoo_startup] assertz(lmcache:called_startup_goal(before_boot, logicmoo_startup:at_current_Y(cuz('/var/lib/jenkins/.local/share/swi-prolog/pack/logicmoo_utils/prolog/logicmoo_lib.pl':308), logicmoo_lib:gripe_time(40, if_file_exists(ensure_loaded(... : ...))))))
^  Exit: (13) [logicmoo_startup] assertz(lmcache:called_startup_goal(before_boot, logicmoo_startup:at_current_Y(cuz('/var/lib/jenkins/.local/share/swi-prolog/pack/logicmoo_utils/prolog/logicmoo_lib.pl':308), logicmoo_lib:gripe_time(40, if_file_exists(ensure_loaded(... : ...))))))
^  Call: (13) [logicmoo_startup] maybe_notrace(logicmoo_startup:at_current_Y(cuz('/var/lib/jenkins/.local/share/swi-prolog/pack/logicmoo_utils/prolog/logicmoo_lib.pl':308), logicmoo_lib:gripe_time(40, if_file_exists(ensure_loaded(logicmoo_lib:library(logicmoo_clif))))))
^  Unify: (13) [logicmoo_startup] maybe_notrace(logicmoo_startup:at_current_Y(cuz('/var/lib/jenkins/.local/share/swi-prolog/pack/logicmoo_utils/prolog/logicmoo_lib.pl':308), logicmoo_lib:gripe_time(40, if_file_exists(ensure_loaded(logicmoo_lib:library(logicmoo_clif))))))
   Call: (14) [edinburgh] edinburgh:debug
   Unify: (14) [edinburgh] edinburgh:debug
   Call: (15) [system] set_prolog_flag(debug, true)
   Exit: (15) [system] set_prolog_flag(debug, true)
   Exit: (14) [edinburgh] edinburgh:debug
^  Call: (14) [logicmoo_startup] maybe_one(quietly(logicmoo_startup:at_current_Y(cuz('/var/lib/jenkins/.local/share/swi-prolog/pack/logicmoo_utils/prolog/logicmoo_lib.pl':308), logicmoo_lib:gripe_time(40, if_file_exists(ensure_loaded(logicmoo_lib:library(...)))))), ftrace(logicmoo_startup:at_current_Y(cuz('/var/lib/jenkins/.local/share/swi-prolog/pack/logicmoo_utils/prolog/logicmoo_lib.pl':308), logicmoo_lib:gripe_time(40, if_file_exists(ensure_loaded(logicmoo_lib:library(...)))))))
^  Unify: (14) [logicmoo_startup] maybe_one(logicmoo_startup:quietly(logicmoo_startup:at_current_Y(cuz('/var/lib/jenkins/.local/share/swi-prolog/pack/logicmoo_utils/prolog/logicmoo_lib.pl':308), logicmoo_lib:gripe_time(40, if_file_exists(ensure_loaded(... : ...))))), logicmoo_startup:ftrace(logicmoo_startup:at_current_Y(cuz('/var/lib/jenkins/.local/share/swi-prolog/pack/logicmoo_utils/prolog/logicmoo_lib.pl':308), logicmoo_lib:gripe_time(40, if_file_exists(ensure_loaded(... : ...))))))
^  Call: (16) [logicmoo_startup] call(logicmoo_startup:quietly(logicmoo_startup:at_current_Y(cuz('/var/lib/jenkins/.local/share/swi-prolog/pack/logicmoo_utils/prolog/logicmoo_lib.pl':308), logicmoo_lib:gripe_time(40, if_file_exists(ensure_loaded(... : ...))))))
^  Unify: (16) [system] call(logicmoo_startup:quietly(logicmoo_startup:at_current_Y(cuz('/var/lib/jenkins/.local/share/swi-prolog/pack/logicmoo_utils/prolog/logicmoo_lib.pl':308), logicmoo_lib:gripe_time(40, if_file_exists(ensure_loaded(... : ...))))))
^  Call: (17) [logicmoo_startup] quietly(logicmoo_startup:at_current_Y(cuz('/var/lib/jenkins/.local/share/swi-prolog/pack/logicmoo_utils/prolog/logicmoo_lib.pl':308), logicmoo_lib:gripe_time(40, if_file_exists(ensure_loaded(logicmoo_lib:library(logicmoo_clif))))))
^  Unify: (17) [rtrace] quietly(logicmoo_startup:at_current_Y(cuz('/var/lib/jenkins/.local/share/swi-prolog/pack/logicmoo_utils/prolog/logicmoo_lib.pl':308), logicmoo_lib:gripe_time(40, if_file_exists(ensure_loaded(logicmoo_lib:library(logicmoo_clif))))))
   Call: (19) [system] _395372=mquietly_if(true, rtrace:tAt_rtrace)
   Exit: (19) [system] mquietly_if(true, rtrace:tAt_rtrace)=mquietly_if(true, rtrace:tAt_rtrace)
^  Call: (19) [must_sanity] setup_call_cleanup(rtrace:notrace(visible(-all)),  ((logicmoo_startup:at_current_Y(cuz('/var/lib/jenkins/.local/share/swi-prolog/pack/logicmoo_utils/prolog/logicmoo_lib.pl':308), logicmoo_lib:gripe_time(40, if_file_exists(ensure_loaded(... : ...)))), deterministic(_396630)), (notrace(_396630==true)->!;rtrace:tAt_rtrace, notrace(nb_setarg(1, mquietly_if(true, rtrace:tAt_rtrace), false));rtrace:notrace(visible(-all)), notrace(nb_setarg(1, mquietly_if(true, ... : ...), true)), notrace(fail))), mquietly_if(true, rtrace:tAt_rtrace))
^  Unify: (19) [system] setup_call_cleanup(rtrace:notrace(visible(-all)), must_sanity:((logicmoo_startup:at_current_Y(cuz('/var/lib/jenkins/.local/share/swi-prolog/pack/logicmoo_utils/prolog/logicmoo_lib.pl':308), logicmoo_lib:gripe_time(40, if_file_exists(ensure_loaded(...)))), deterministic(_396630)), (notrace(_396630==true)->!;rtrace:tAt_rtrace, notrace(nb_setarg(1, mquietly_if(true, ... : ...), false));rtrace:notrace(visible(- ...)), notrace(nb_setarg(1, mquietly_if(..., ...), true)), notrace(fail))), must_sanity:mquietly_if(true, rtrace:tAt_rtrace))
^  Call: (20) [system] setup_call_catcher_cleanup(rtrace:notrace(visible(-all)), must_sanity:((logicmoo_startup:at_current_Y(cuz('/var/lib/jenkins/.local/share/swi-prolog/pack/logicmoo_utils/prolog/logicmoo_lib.pl':308), logicmoo_lib:gripe_time(40, if_file_exists(ensure_loaded(...)))), deterministic(_396630)), (notrace(_396630==true)->!;rtrace:tAt_rtrace, notrace(nb_setarg(1, mquietly_if(true, ... : ...), false));rtrace:notrace(visible(- ...)), notrace(nb_setarg(1, mquietly_if(..., ...), true)), notrace(fail))), _398034, must_sanity:mquietly_if(true, rtrace:tAt_rtrace))
^  Unify: (20) [system] setup_call_catcher_cleanup(rtrace:notrace(visible(-all)), must_sanity:((logicmoo_startup:at_current_Y(cuz('/var/lib/jenkins/.local/share/swi-prolog/pack/logicmoo_utils/prolog/logicmoo_lib.pl':308), logicmoo_lib:gripe_time(40, if_file_exists(ensure_loaded(...)))), deterministic(_396630)), (notrace(_396630==true)->!;rtrace:tAt_rtrace, notrace(nb_setarg(1, mquietly_if(true, ... : ...), false));rtrace:notrace(visible(- ...)), notrace(nb_setarg(1, mquietly_if(..., ...), true)), notrace(fail))), _398666, must_sanity:mquietly_if(true, rtrace:tAt_rtrace))
^  Exit: (22) [must_sanity] must_sanity:mquietly_if(true, rtrace:tAt_rtrace)
^  Exit: (20) [system] setup_call_catcher_cleanup(rtrace:notrace(visible(-all)), must_sanity:((logicmoo_startup:at_current_Y(cuz('/var/lib/jenkins/.local/share/swi-prolog/pack/logicmoo_utils/prolog/logicmoo_lib.pl':308), logicmoo_lib:gripe_time(40, if_file_exists(ensure_loaded(...)))), deterministic(true)), (notrace(true==true)->!;rtrace:tAt_rtrace, notrace(nb_setarg(1, mquietly_if(true, ... : ...), false));rtrace:notrace(visible(- ...)), notrace(nb_setarg(1, mquietly_if(..., ...), true)), notrace(fail))), exit, must_sanity:mquietly_if(true, rtrace:tAt_rtrace))
^  Exit: (19) [system] setup_call_cleanup(rtrace:notrace(visible(-all)), must_sanity:((logicmoo_startup:at_current_Y(cuz('/var/lib/jenkins/.local/share/swi-prolog/pack/logicmoo_utils/prolog/logicmoo_lib.pl':308), logicmoo_lib:gripe_time(40, if_file_exists(ensure_loaded(...)))), deterministic(true)), (notrace(true==true)->!;rtrace:tAt_rtrace, notrace(nb_setarg(1, mquietly_if(true, ... : ...), false));rtrace:notrace(visible(- ...)), notrace(nb_setarg(1, mquietly_if(..., ...), true)), notrace(fail))), must_sanity:mquietly_if(true, rtrace:tAt_rtrace))
^  Exit: (17) [rtrace] quietly(logicmoo_startup:at_current_Y(cuz('/var/lib/jenkins/.local/share/swi-prolog/pack/logicmoo_utils/prolog/logicmoo_lib.pl':308), logicmoo_lib:gripe_time(40, if_file_exists(ensure_loaded(logicmoo_lib:library(logicmoo_clif))))))
^  Exit: (16) [system] call(logicmoo_startup:quietly(logicmoo_startup:at_current_Y(cuz('/var/lib/jenkins/.local/share/swi-prolog/pack/logicmoo_utils/prolog/logicmoo_lib.pl':308), logicmoo_lib:gripe_time(40, if_file_exists(ensure_loaded(... : ...))))))
   Call: (15) [system] true
   Exit: (15) [system] true
^  Exit: (14) [logicmoo_startup] maybe_one(logicmoo_startup:quietly(logicmoo_startup:at_current_Y(cuz('/var/lib/jenkins/.local/share/swi-prolog/pack/logicmoo_utils/prolog/logicmoo_lib.pl':308), logicmoo_lib:gripe_time(40, if_file_exists(ensure_loaded(... : ...))))), logicmoo_startup:ftrace(logicmoo_startup:at_current_Y(cuz('/var/lib/jenkins/.local/share/swi-prolog/pack/logicmoo_utils/prolog/logicmoo_lib.pl':308), logicmoo_lib:gripe_time(40, if_file_exists(ensure_loaded(... : ...))))))
^  Exit: (13) [logicmoo_startup] maybe_notrace(logicmoo_startup:at_current_Y(cuz('/var/lib/jenkins/.local/share/swi-prolog/pack/logicmoo_utils/prolog/logicmoo_lib.pl':308), logicmoo_lib:gripe_time(40, if_file_exists(ensure_loaded(logicmoo_lib:library(logicmoo_clif))))))
   Call: (13) [system] true
   Exit: (13) [system] true
^  Exit: (12) [logicmoo_startup] try_pending_init(before_boot, logicmoo_startup:at_current_Y(cuz('/var/lib/jenkins/.local/share/swi-prolog/pack/logicmoo_utils/prolog/logicmoo_lib.pl':308), logicmoo_lib:gripe_time(40, if_file_exists(ensure_loaded(logicmoo_lib:library(logicmoo_clif))))))
   Redo: (13) [lmconf] lmconf:at_restore_goal(before_boot, _63180)
   Unify: (13) [lmconf] lmconf:at_restore_goal(before_boot, logicmoo_startup:at_current_Y(cuz('/var/lib/jenkins/.local/share/swi-prolog/pack/logicmoo_utils/prolog/logicmoo_lib.pl':314), logicmoo_lib:(set_prolog_flag(do_renames, restore), gripe_time(60, baseKB:ensure_loaded(library(...))))))
   Exit: (13) [lmconf] lmconf:at_restore_goal(before_boot, logicmoo_startup:at_current_Y(cuz('/var/lib/jenkins/.local/share/swi-prolog/pack/logicmoo_utils/prolog/logicmoo_lib.pl':314), logicmoo_lib:(set_prolog_flag(do_renames, restore), gripe_time(60, baseKB:ensure_loaded(library(...))))))
   Call: (13) [system] 2=<4
   Exit: (13) [system] 2=<4
^  Call: (12) [logicmoo_startup] try_pending_init(before_boot, logicmoo_startup:at_current_Y(cuz('/var/lib/jenkins/.local/share/swi-prolog/pack/logicmoo_utils/prolog/logicmoo_lib.pl':314), logicmoo_lib:(set_prolog_flag(do_renames, restore), gripe_time(60, baseKB:ensure_loaded(library('logicmoo/plarkc/logicmoo_u_cyc_kb_tinykb.pl'))))))
^  Unify: (12) [logicmoo_startup] try_pending_init(before_boot, logicmoo_startup:at_current_Y(cuz('/var/lib/jenkins/.local/share/swi-prolog/pack/logicmoo_utils/prolog/logicmoo_lib.pl':314), logicmoo_lib:(set_prolog_flag(do_renames, restore), gripe_time(60, baseKB:ensure_loaded(library('logicmoo/plarkc/logicmoo_u_cyc_kb_tinykb.pl'))))))
^  Call: (13) [logicmoo_startup] logicmoo_startup:has_ran_once(_415030, logicmoo_startup:at_current_Y(cuz('/var/lib/jenkins/.local/share/swi-prolog/pack/logicmoo_utils/prolog/logicmoo_lib.pl':314), logicmoo_lib:(set_prolog_flag(do_renames, restore), gripe_time(60, baseKB:ensure_loaded(library(...))))))
^  Unify: (13) [logicmoo_startup] logicmoo_startup:has_ran_once(_415654, logicmoo_startup:at_current_Y(cuz('/var/lib/jenkins/.local/share/swi-prolog/pack/logicmoo_utils/prolog/logicmoo_lib.pl':314), logicmoo_lib:(set_prolog_flag(do_renames, restore), gripe_time(60, baseKB:ensure_loaded(library(...))))))
   Call: (14) [lmcache] lmcache:called_startup_goal(_416222, _416224)
   Unify: (14) [lmcache] lmcache:called_startup_goal(before_boot, logicmoo_startup:at_current_Y(cuz('/var/lib/jenkins/.local/share/swi-prolog/pack/logicmoo_utils/prolog/logicmoo_packs.pl':48), logicmoo_packages:rescan_pack_autoload_packages))
   Exit: (14) [lmcache] lmcache:called_startup_goal(before_boot, logicmoo_startup:at_current_Y(cuz('/var/lib/jenkins/.local/share/swi-prolog/pack/logicmoo_utils/prolog/logicmoo_packs.pl':48), logicmoo_packages:rescan_pack_autoload_packages))
   Call: (14) [system] logicmoo_startup:at_current_Y(cuz('/var/lib/jenkins/.local/share/swi-prolog/pack/logicmoo_utils/prolog/logicmoo_packs.pl':48), logicmoo_packages:rescan_pack_autoload_packages)=@=logicmoo_startup:at_current_Y(cuz('/var/lib/jenkins/.local/share/swi-prolog/pack/logicmoo_utils/prolog/logicmoo_lib.pl':314), logicmoo_lib:(set_prolog_flag(do_renames, restore), gripe_time(60, baseKB:ensure_loaded(library('logicmoo/plarkc/logicmoo_u_cyc_kb_tinykb.pl')))))
   Fail: (14) [system] logicmoo_startup:at_current_Y(cuz('/var/lib/jenkins/.local/share/swi-prolog/pack/logicmoo_utils/prolog/logicmoo_packs.pl':48), logicmoo_packages:rescan_pack_autoload_packages)=@=logicmoo_startup:at_current_Y(cuz('/var/lib/jenkins/.local/share/swi-prolog/pack/logicmoo_utils/prolog/logicmoo_lib.pl':314), logicmoo_lib:(set_prolog_flag(do_renames, restore), gripe_time(60, baseKB:ensure_loaded(library('logicmoo/plarkc/logicmoo_u_cyc_kb_tinykb.pl')))))
   Redo: (14) [lmcache] lmcache:called_startup_goal(_416222, _416224)
   Unify: (14) [lmcache] lmcache:called_startup_goal(before_boot, logicmoo_startup:at_current_Y(cuz('/var/lib/jenkins/.local/share/swi-prolog/pack/logicmoo_utils/prolog/logicmoo_lib.pl':108), user:gripe_time(40, if_file_exists(ensure_loaded(system:logicmoo_packs)))))
   Exit: (14) [lmcache] lmcache:called_startup_goal(before_boot, logicmoo_startup:at_current_Y(cuz('/var/lib/jenkins/.local/share/swi-prolog/pack/logicmoo_utils/prolog/logicmoo_lib.pl':108), user:gripe_time(40, if_file_exists(ensure_loaded(system:logicmoo_packs)))))
   Call: (14) [system] logicmoo_startup:at_current_Y(cuz('/var/lib/jenkins/.local/share/swi-prolog/pack/logicmoo_utils/prolog/logicmoo_lib.pl':108), user:gripe_time(40, if_file_exists(ensure_loaded(system:logicmoo_packs))))=@=logicmoo_startup:at_current_Y(cuz('/var/lib/jenkins/.local/share/swi-prolog/pack/logicmoo_utils/prolog/logicmoo_lib.pl':314), logicmoo_lib:(set_prolog_flag(do_renames, restore), gripe_time(60, baseKB:ensure_loaded(library('logicmoo/plarkc/logicmoo_u_cyc_kb_tinykb.pl')))))
   Fail: (14) [system] logicmoo_startup:at_current_Y(cuz('/var/lib/jenkins/.local/share/swi-prolog/pack/logicmoo_utils/prolog/logicmoo_lib.pl':108), user:gripe_time(40, if_file_exists(ensure_loaded(system:logicmoo_packs))))=@=logicmoo_startup:at_current_Y(cuz('/var/lib/jenkins/.local/share/swi-prolog/pack/logicmoo_utils/prolog/logicmoo_lib.pl':314), logicmoo_lib:(set_prolog_flag(do_renames, restore), gripe_time(60, baseKB:ensure_loaded(library('logicmoo/plarkc/logicmoo_u_cyc_kb_tinykb.pl')))))
   Redo: (14) [lmcache] lmcache:called_startup_goal(_416222, _416224)
   Unify: (14) [lmcache] lmcache:called_startup_goal(before_boot, logicmoo_startup:at_current_Y(cuz('/var/lib/jenkins/.local/share/swi-prolog/pack/logicmoo_utils/prolog/logicmoo_lib.pl':116), logicmoo_lib:rescan_pack_autoload_packages))
   Exit: (14) [lmcache] lmcache:called_startup_goal(before_boot, logicmoo_startup:at_current_Y(cuz('/var/lib/jenkins/.local/share/swi-prolog/pack/logicmoo_utils/prolog/logicmoo_lib.pl':116), logicmoo_lib:rescan_pack_autoload_packages))
   Call: (14) [system] logicmoo_startup:at_current_Y(cuz('/var/lib/jenkins/.local/share/swi-prolog/pack/logicmoo_utils/prolog/logicmoo_lib.pl':116), logicmoo_lib:rescan_pack_autoload_packages)=@=logicmoo_startup:at_current_Y(cuz('/var/lib/jenkins/.local/share/swi-prolog/pack/logicmoo_utils/prolog/logicmoo_lib.pl':314), logicmoo_lib:(set_prolog_flag(do_renames, restore), gripe_time(60, baseKB:ensure_loaded(library('logicmoo/plarkc/logicmoo_u_cyc_kb_tinykb.pl')))))
   Fail: (14) [system] logicmoo_startup:at_current_Y(cuz('/var/lib/jenkins/.local/share/swi-prolog/pack/logicmoo_utils/prolog/logicmoo_lib.pl':116), logicmoo_lib:rescan_pack_autoload_packages)=@=logicmoo_startup:at_current_Y(cuz('/var/lib/jenkins/.local/share/swi-prolog/pack/logicmoo_utils/prolog/logicmoo_lib.pl':314), logicmoo_lib:(set_prolog_flag(do_renames, restore), gripe_time(60, baseKB:ensure_loaded(library('logicmoo/plarkc/logicmoo_u_cyc_kb_tinykb.pl')))))
   Redo: (14) [lmcache] lmcache:called_startup_goal(_416222, _416224)
   Unify: (14) [lmcache] lmcache:called_startup_goal(before_boot, logicmoo_startup:at_current_Y(cuz('/var/lib/jenkins/.local/share/swi-prolog/pack/logicmoo_utils/prolog/logicmoo_lib.pl':196), user:gripe_time(40, if_file_exists(ensure_loaded(system:logicmoo_swilib)))))
   Exit: (14) [lmcache] lmcache:called_startup_goal(before_boot, logicmoo_startup:at_current_Y(cuz('/var/lib/jenkins/.local/share/swi-prolog/pack/logicmoo_utils/prolog/logicmoo_lib.pl':196), user:gripe_time(40, if_file_exists(ensure_loaded(system:logicmoo_swilib)))))
   Call: (14) [system] logicmoo_startup:at_current_Y(cuz('/var/lib/jenkins/.local/share/swi-prolog/pack/logicmoo_utils/prolog/logicmoo_lib.pl':196), user:gripe_time(40, if_file_exists(ensure_loaded(system:logicmoo_swilib))))=@=logicmoo_startup:at_current_Y(cuz('/var/lib/jenkins/.local/share/swi-prolog/pack/logicmoo_utils/prolog/logicmoo_lib.pl':314), logicmoo_lib:(set_prolog_flag(do_renames, restore), gripe_time(60, baseKB:ensure_loaded(library('logicmoo/plarkc/logicmoo_u_cyc_kb_tinykb.pl')))))
   Fail: (14) [system] logicmoo_startup:at_current_Y(cuz('/var/lib/jenkins/.local/share/swi-prolog/pack/logicmoo_utils/prolog/logicmoo_lib.pl':196), user:gripe_time(40, if_file_exists(ensure_loaded(system:logicmoo_swilib))))=@=logicmoo_startup:at_current_Y(cuz('/var/lib/jenkins/.local/share/swi-prolog/pack/logicmoo_utils/prolog/logicmoo_lib.pl':314), logicmoo_lib:(set_prolog_flag(do_renames, restore), gripe_time(60, baseKB:ensure_loaded(library('logicmoo/plarkc/logicmoo_u_cyc_kb_tinykb.pl')))))
   Redo: (14) [lmcache] lmcache:called_startup_goal(_416222, _416224)
   Unify: (14) [lmcache] lmcache:called_startup_goal(before_boot, logicmoo_startup:at_current_Y(cuz('/var/lib/jenkins/.local/share/swi-prolog/pack/pfc/prolog/pfc_lib.pl':519), pfc_lib:set_how_virtualize_file(false, '/var/lib/jenkins/.local/share/swi-prolog/pack/pfc/prolog/pfc_lib.pl')))
   Exit: (14) [lmcache] lmcache:called_startup_goal(before_boot, logicmoo_startup:at_current_Y(cuz('/var/lib/jenkins/.local/share/swi-prolog/pack/pfc/prolog/pfc_lib.pl':519), pfc_lib:set_how_virtualize_file(false, '/var/lib/jenkins/.local/share/swi-prolog/pack/pfc/prolog/pfc_lib.pl')))
   Call: (14) [system] logicmoo_startup:at_current_Y(cuz('/var/lib/jenkins/.local/share/swi-prolog/pack/pfc/prolog/pfc_lib.pl':519), pfc_lib:set_how_virtualize_file(false, '/var/lib/jenkins/.local/share/swi-prolog/pack/pfc/prolog/pfc_lib.pl'))=@=logicmoo_startup:at_current_Y(cuz('/var/lib/jenkins/.local/share/swi-prolog/pack/logicmoo_utils/prolog/logicmoo_lib.pl':314), logicmoo_lib:(set_prolog_flag(do_renames, restore), gripe_time(60, baseKB:ensure_loaded(library('logicmoo/plarkc/logicmoo_u_cyc_kb_tinykb.pl')))))
   Fail: (14) [system] logicmoo_startup:at_current_Y(cuz('/var/lib/jenkins/.local/share/swi-prolog/pack/pfc/prolog/pfc_lib.pl':519), pfc_lib:set_how_virtualize_file(false, '/var/lib/jenkins/.local/share/swi-prolog/pack/pfc/prolog/pfc_lib.pl'))=@=logicmoo_startup:at_current_Y(cuz('/var/lib/jenkins/.local/share/swi-prolog/pack/logicmoo_utils/prolog/logicmoo_lib.pl':314), logicmoo_lib:(set_prolog_flag(do_renames, restore), gripe_time(60, baseKB:ensure_loaded(library('logicmoo/plarkc/logicmoo_u_cyc_kb_tinykb.pl')))))
   Redo: (14) [lmcache] lmcache:called_startup_goal(_416222, _416224)
   Unify: (14) [lmcache] lmcache:called_startup_goal(before_boot, logicmoo_startup:at_current_Y(cuz('/var/lib/jenkins/.local/share/swi-prolog/pack/logicmoo_utils/prolog/logicmoo_lib.pl':286), logicmoo_lib:gripe_time(40, if_file_exists(ensure_loaded(logicmoo_lib:library(...))))))
   Exit: (14) [lmcache] lmcache:called_startup_goal(before_boot, logicmoo_startup:at_current_Y(cuz('/var/lib/jenkins/.local/share/swi-prolog/pack/logicmoo_utils/prolog/logicmoo_lib.pl':286), logicmoo_lib:gripe_time(40, if_file_exists(ensure_loaded(logicmoo_lib:library(...))))))
   Call: (14) [system] logicmoo_startup:at_current_Y(cuz('/var/lib/jenkins/.local/share/swi-prolog/pack/logicmoo_utils/prolog/logicmoo_lib.pl':286), logicmoo_lib:gripe_time(40, if_file_exists(ensure_loaded(logicmoo_lib:library(logicmoo_typesystem)))))=@=logicmoo_startup:at_current_Y(cuz('/var/lib/jenkins/.local/share/swi-prolog/pack/logicmoo_utils/prolog/logicmoo_lib.pl':314), logicmoo_lib:(set_prolog_flag(do_renames, restore), gripe_time(60, baseKB:ensure_loaded(library('logicmoo/plarkc/logicmoo_u_cyc_kb_tinykb.pl')))))
   Fail: (14) [system] logicmoo_startup:at_current_Y(cuz('/var/lib/jenkins/.local/share/swi-prolog/pack/logicmoo_utils/prolog/logicmoo_lib.pl':286), logicmoo_lib:gripe_time(40, if_file_exists(ensure_loaded(logicmoo_lib:library(logicmoo_typesystem)))))=@=logicmoo_startup:at_current_Y(cuz('/var/lib/jenkins/.local/share/swi-prolog/pack/logicmoo_utils/prolog/logicmoo_lib.pl':314), logicmoo_lib:(set_prolog_flag(do_renames, restore), gripe_time(60, baseKB:ensure_loaded(library('logicmoo/plarkc/logicmoo_u_cyc_kb_tinykb.pl')))))
   Redo: (14) [lmcache] lmcache:called_startup_goal(_416222, _416224)
   Unify: (14) [lmcache] lmcache:called_startup_goal(before_boot, logicmoo_startup:at_current_Y(cuz('/var/lib/jenkins/.local/share/swi-prolog/pack/logicmoo_utils/prolog/logicmoo_lib.pl':301), logicmoo_lib:gripe_time(40, if_file_exists(ensure_loaded(logicmoo_lib:library(...))))))
   Exit: (14) [lmcache] lmcache:called_startup_goal(before_boot, logicmoo_startup:at_current_Y(cuz('/var/lib/jenkins/.local/share/swi-prolog/pack/logicmoo_utils/prolog/logicmoo_lib.pl':301), logicmoo_lib:gripe_time(40, if_file_exists(ensure_loaded(logicmoo_lib:library(...))))))
   Call: (14) [system] logicmoo_startup:at_current_Y(cuz('/var/lib/jenkins/.local/share/swi-prolog/pack/logicmoo_utils/prolog/logicmoo_lib.pl':301), logicmoo_lib:gripe_time(40, if_file_exists(ensure_loaded(logicmoo_lib:library(logicmoo_plarkc)))))=@=logicmoo_startup:at_current_Y(cuz('/var/lib/jenkins/.local/share/swi-prolog/pack/logicmoo_utils/prolog/logicmoo_lib.pl':314), logicmoo_lib:(set_prolog_flag(do_renames, restore), gripe_time(60, baseKB:ensure_loaded(library('logicmoo/plarkc/logicmoo_u_cyc_kb_tinykb.pl')))))
   Fail: (14) [system] logicmoo_startup:at_current_Y(cuz('/var/lib/jenkins/.local/share/swi-prolog/pack/logicmoo_utils/prolog/logicmoo_lib.pl':301), logicmoo_lib:gripe_time(40, if_file_exists(ensure_loaded(logicmoo_lib:library(logicmoo_plarkc)))))=@=logicmoo_startup:at_current_Y(cuz('/var/lib/jenkins/.local/share/swi-prolog/pack/logicmoo_utils/prolog/logicmoo_lib.pl':314), logicmoo_lib:(set_prolog_flag(do_renames, restore), gripe_time(60, baseKB:ensure_loaded(library('logicmoo/plarkc/logicmoo_u_cyc_kb_tinykb.pl')))))
   Redo: (14) [lmcache] lmcache:called_startup_goal(_416222, _416224)
   Unify: (14) [lmcache] lmcache:called_startup_goal(before_boot, logicmoo_startup:at_current_Y(cuz('/var/lib/jenkins/.local/share/swi-prolog/pack/logicmoo_utils/prolog/logicmoo_lib.pl':308), logicmoo_lib:gripe_time(40, if_file_exists(ensure_loaded(logicmoo_lib:library(...))))))
   Exit: (14) [lmcache] lmcache:called_startup_goal(before_boot, logicmoo_startup:at_current_Y(cuz('/var/lib/jenkins/.local/share/swi-prolog/pack/logicmoo_utils/prolog/logicmoo_lib.pl':308), logicmoo_lib:gripe_time(40, if_file_exists(ensure_loaded(logicmoo_lib:library(...))))))
   Call: (14) [system] logicmoo_startup:at_current_Y(cuz('/var/lib/jenkins/.local/share/swi-prolog/pack/logicmoo_utils/prolog/logicmoo_lib.pl':308), logicmoo_lib:gripe_time(40, if_file_exists(ensure_loaded(logicmoo_lib:library(logicmoo_clif)))))=@=logicmoo_startup:at_current_Y(cuz('/var/lib/jenkins/.local/share/swi-prolog/pack/logicmoo_utils/prolog/logicmoo_lib.pl':314), logicmoo_lib:(set_prolog_flag(do_renames, restore), gripe_time(60, baseKB:ensure_loaded(library('logicmoo/plarkc/logicmoo_u_cyc_kb_tinykb.pl')))))
   Fail: (14) [system] logicmoo_startup:at_current_Y(cuz('/var/lib/jenkins/.local/share/swi-prolog/pack/logicmoo_utils/prolog/logicmoo_lib.pl':308), logicmoo_lib:gripe_time(40, if_file_exists(ensure_loaded(logicmoo_lib:library(logicmoo_clif)))))=@=logicmoo_startup:at_current_Y(cuz('/var/lib/jenkins/.local/share/swi-prolog/pack/logicmoo_utils/prolog/logicmoo_lib.pl':314), logicmoo_lib:(set_prolog_flag(do_renames, restore), gripe_time(60, baseKB:ensure_loaded(library('logicmoo/plarkc/logicmoo_u_cyc_kb_tinykb.pl')))))
^  Fail: (13) [logicmoo_startup] logicmoo_startup:has_ran_once(_441344, logicmoo_startup:at_current_Y(cuz('/var/lib/jenkins/.local/share/swi-prolog/pack/logicmoo_utils/prolog/logicmoo_lib.pl':314), logicmoo_lib:(set_prolog_flag(do_renames, restore), gripe_time(60, baseKB:ensure_loaded(library(...))))))
^  Redo: (12) [logicmoo_startup] try_pending_init(before_boot, logicmoo_startup:at_current_Y(cuz('/var/lib/jenkins/.local/share/swi-prolog/pack/logicmoo_utils/prolog/logicmoo_lib.pl':314), logicmoo_lib:(set_prolog_flag(do_renames, restore), gripe_time(60, baseKB:ensure_loaded(library('logicmoo/plarkc/logicmoo_u_cyc_kb_tinykb.pl'))))))
^  Unify: (12) [logicmoo_startup] try_pending_init(before_boot, logicmoo_startup:at_current_Y(cuz('/var/lib/jenkins/.local/share/swi-prolog/pack/logicmoo_utils/prolog/logicmoo_lib.pl':314), logicmoo_lib:(set_prolog_flag(do_renames, restore), gripe_time(60, baseKB:ensure_loaded(library('logicmoo/plarkc/logicmoo_u_cyc_kb_tinykb.pl'))))))
^  Call: (13) [logicmoo_startup] assertz(lmcache:called_startup_goal(before_boot, logicmoo_startup:at_current_Y(cuz('/var/lib/jenkins/.local/share/swi-prolog/pack/logicmoo_utils/prolog/logicmoo_lib.pl':314), logicmoo_lib:(set_prolog_flag(do_renames, restore), gripe_time(60, baseKB:ensure_loaded(...))))))
^  Exit: (13) [logicmoo_startup] assertz(lmcache:called_startup_goal(before_boot, logicmoo_startup:at_current_Y(cuz('/var/lib/jenkins/.local/share/swi-prolog/pack/logicmoo_utils/prolog/logicmoo_lib.pl':314), logicmoo_lib:(set_prolog_flag(do_renames, restore), gripe_time(60, baseKB:ensure_loaded(...))))))
^  Call: (13) [logicmoo_startup] maybe_notrace(logicmoo_startup:at_current_Y(cuz('/var/lib/jenkins/.local/share/swi-prolog/pack/logicmoo_utils/prolog/logicmoo_lib.pl':314), logicmoo_lib:(set_prolog_flag(do_renames, restore), gripe_time(60, baseKB:ensure_loaded(library('logicmoo/plarkc/logicmoo_u_cyc_kb_tinykb.pl'))))))
^  Unify: (13) [logicmoo_startup] maybe_notrace(logicmoo_startup:at_current_Y(cuz('/var/lib/jenkins/.local/share/swi-prolog/pack/logicmoo_utils/prolog/logicmoo_lib.pl':314), logicmoo_lib:(set_prolog_flag(do_renames, restore), gripe_time(60, baseKB:ensure_loaded(library('logicmoo/plarkc/logicmoo_u_cyc_kb_tinykb.pl'))))))
   Call: (14) [edinburgh] edinburgh:debug
   Unify: (14) [edinburgh] edinburgh:debug
   Call: (15) [system] set_prolog_flag(debug, true)
   Exit: (15) [system] set_prolog_flag(debug, true)
   Exit: (14) [edinburgh] edinburgh:debug
^  Call: (14) [logicmoo_startup] maybe_one(quietly(logicmoo_startup:at_current_Y(cuz('/var/lib/jenkins/.local/share/swi-prolog/pack/logicmoo_utils/prolog/logicmoo_lib.pl':314), logicmoo_lib:(set_prolog_flag(do_renames, restore), gripe_time(60, baseKB:ensure_loaded(library(...)))))), ftrace(logicmoo_startup:at_current_Y(cuz('/var/lib/jenkins/.local/share/swi-prolog/pack/logicmoo_utils/prolog/logicmoo_lib.pl':314), logicmoo_lib:(set_prolog_flag(do_renames, restore), gripe_time(60, baseKB:ensure_loaded(library(...)))))))
^  Unify: (14) [logicmoo_startup] maybe_one(logicmoo_startup:quietly(logicmoo_startup:at_current_Y(cuz('/var/lib/jenkins/.local/share/swi-prolog/pack/logicmoo_utils/prolog/logicmoo_lib.pl':314), logicmoo_lib:(set_prolog_flag(do_renames, restore), gripe_time(60, baseKB:ensure_loaded(...))))), logicmoo_startup:ftrace(logicmoo_startup:at_current_Y(cuz('/var/lib/jenkins/.local/share/swi-prolog/pack/logicmoo_utils/prolog/logicmoo_lib.pl':314), logicmoo_lib:(set_prolog_flag(do_renames, restore), gripe_time(60, baseKB:ensure_loaded(...))))))
^  Call: (16) [logicmoo_startup] call(logicmoo_startup:quietly(logicmoo_startup:at_current_Y(cuz('/var/lib/jenkins/.local/share/swi-prolog/pack/logicmoo_utils/prolog/logicmoo_lib.pl':314), logicmoo_lib:(set_prolog_flag(do_renames, restore), gripe_time(60, baseKB:ensure_loaded(...))))))
^  Unify: (16) [system] call(logicmoo_startup:quietly(logicmoo_startup:at_current_Y(cuz('/var/lib/jenkins/.local/share/swi-prolog/pack/logicmoo_utils/prolog/logicmoo_lib.pl':314), logicmoo_lib:(set_prolog_flag(do_renames, restore), gripe_time(60, baseKB:ensure_loaded(...))))))
^  Call: (17) [logicmoo_startup] quietly(logicmoo_startup:at_current_Y(cuz('/var/lib/jenkins/.local/share/swi-prolog/pack/logicmoo_utils/prolog/logicmoo_lib.pl':314), logicmoo_lib:(set_prolog_flag(do_renames, restore), gripe_time(60, baseKB:ensure_loaded(library('logicmoo/plarkc/logicmoo_u_cyc_kb_tinykb.pl'))))))
^  Unify: (17) [rtrace] quietly(logicmoo_startup:at_current_Y(cuz('/var/lib/jenkins/.local/share/swi-prolog/pack/logicmoo_utils/prolog/logicmoo_lib.pl':314), logicmoo_lib:(set_prolog_flag(do_renames, restore), gripe_time(60, baseKB:ensure_loaded(library('logicmoo/plarkc/logicmoo_u_cyc_kb_tinykb.pl'))))))
   Call: (19) [system] _452958=mquietly_if(true, rtrace:tAt_rtrace)
   Exit: (19) [system] mquietly_if(true, rtrace:tAt_rtrace)=mquietly_if(true, rtrace:tAt_rtrace)
^  Call: (19) [must_sanity] setup_call_cleanup(rtrace:notrace(visible(-all)),  ((logicmoo_startup:at_current_Y(cuz('/var/lib/jenkins/.local/share/swi-prolog/pack/logicmoo_utils/prolog/logicmoo_lib.pl':314), logicmoo_lib:(set_prolog_flag(do_renames, restore), gripe_time(60, baseKB:ensure_loaded(...)))), deterministic(_454216)), (notrace(_454216==true)->!;rtrace:tAt_rtrace, notrace(nb_setarg(1, mquietly_if(true, rtrace:tAt_rtrace), false));rtrace:notrace(visible(-all)), notrace(nb_setarg(1, mquietly_if(true, ... : ...), true)), notrace(fail))), mquietly_if(true, rtrace:tAt_rtrace))
^  Unify: (19) [system] setup_call_cleanup(rtrace:notrace(visible(-all)), must_sanity:((logicmoo_startup:at_current_Y(cuz('/var/lib/jenkins/.local/share/swi-prolog/pack/logicmoo_utils/prolog/logicmoo_lib.pl':314), logicmoo_lib:(set_prolog_flag(do_renames, restore), gripe_time(60, ... : ...))), deterministic(_454216)), (notrace(_454216==true)->!;rtrace:tAt_rtrace, notrace(nb_setarg(1, mquietly_if(true, ... : ...), false));rtrace:notrace(visible(- ...)), notrace(nb_setarg(1, mquietly_if(..., ...), true)), notrace(fail))), must_sanity:mquietly_if(true, rtrace:tAt_rtrace))
^  Call: (20) [system] setup_call_catcher_cleanup(rtrace:notrace(visible(-all)), must_sanity:((logicmoo_startup:at_current_Y(cuz('/var/lib/jenkins/.local/share/swi-prolog/pack/logicmoo_utils/prolog/logicmoo_lib.pl':314), logicmoo_lib:(set_prolog_flag(do_renames, restore), gripe_time(60, ... : ...))), deterministic(_454216)), (notrace(_454216==true)->!;rtrace:tAt_rtrace, notrace(nb_setarg(1, mquietly_if(true, ... : ...), false));rtrace:notrace(visible(- ...)), notrace(nb_setarg(1, mquietly_if(..., ...), true)), notrace(fail))), _455620, must_sanity:mquietly_if(true, rtrace:tAt_rtrace))
^  Unify: (20) [system] setup_call_catcher_cleanup(rtrace:notrace(visible(-all)), must_sanity:((logicmoo_startup:at_current_Y(cuz('/var/lib/jenkins/.local/share/swi-prolog/pack/logicmoo_utils/prolog/logicmoo_lib.pl':314), logicmoo_lib:(set_prolog_flag(do_renames, restore), gripe_time(60, ... : ...))), deterministic(_454216)), (notrace(_454216==true)->!;rtrace:tAt_rtrace, notrace(nb_setarg(1, mquietly_if(true, ... : ...), false));rtrace:notrace(visible(- ...)), notrace(nb_setarg(1, mquietly_if(..., ...), true)), notrace(fail))), _456252, must_sanity:mquietly_if(true, rtrace:tAt_rtrace))
^  Exit: (22) [must_sanity] must_sanity:mquietly_if(true, rtrace:tAt_rtrace)
^  Exit: (20) [system] setup_call_catcher_cleanup(rtrace:notrace(visible(-all)), must_sanity:((logicmoo_startup:at_current_Y(cuz('/var/lib/jenkins/.local/share/swi-prolog/pack/logicmoo_utils/prolog/logicmoo_lib.pl':314), logicmoo_lib:(set_prolog_flag(do_renames, restore), gripe_time(60, ... : ...))), deterministic(true)), (notrace(true==true)->!;rtrace:tAt_rtrace, notrace(nb_setarg(1, mquietly_if(true, ... : ...), false));rtrace:notrace(visible(- ...)), notrace(nb_setarg(1, mquietly_if(..., ...), true)), notrace(fail))), exit, must_sanity:mquietly_if(true, rtrace:tAt_rtrace))
^  Exit: (19) [system] setup_call_cleanup(rtrace:notrace(visible(-all)), must_sanity:((logicmoo_startup:at_current_Y(cuz('/var/lib/jenkins/.local/share/swi-prolog/pack/logicmoo_utils/prolog/logicmoo_lib.pl':314), logicmoo_lib:(set_prolog_flag(do_renames, restore), gripe_time(60, ... : ...))), deterministic(true)), (notrace(true==true)->!;rtrace:tAt_rtrace, notrace(nb_setarg(1, mquietly_if(true, ... : ...), false));rtrace:notrace(visible(- ...)), notrace(nb_setarg(1, mquietly_if(..., ...), true)), notrace(fail))), must_sanity:mquietly_if(true, rtrace:tAt_rtrace))
^  Exit: (17) [rtrace] quietly(logicmoo_startup:at_current_Y(cuz('/var/lib/jenkins/.local/share/swi-prolog/pack/logicmoo_utils/prolog/logicmoo_lib.pl':314), logicmoo_lib:(set_prolog_flag(do_renames, restore), gripe_time(60, baseKB:ensure_loaded(library('logicmoo/plarkc/logicmoo_u_cyc_kb_tinykb.pl'))))))
^  Exit: (16) [system] call(logicmoo_startup:quietly(logicmoo_startup:at_current_Y(cuz('/var/lib/jenkins/.local/share/swi-prolog/pack/logicmoo_utils/prolog/logicmoo_lib.pl':314), logicmoo_lib:(set_prolog_flag(do_renames, restore), gripe_time(60, baseKB:ensure_loaded(...))))))
   Call: (15) [system] true
   Exit: (15) [system] true
^  Exit: (14) [logicmoo_startup] maybe_one(logicmoo_startup:quietly(logicmoo_startup:at_current_Y(cuz('/var/lib/jenkins/.local/share/swi-prolog/pack/logicmoo_utils/prolog/logicmoo_lib.pl':314), logicmoo_lib:(set_prolog_flag(do_renames, restore), gripe_time(60, baseKB:ensure_loaded(...))))), logicmoo_startup:ftrace(logicmoo_startup:at_current_Y(cuz('/var/lib/jenkins/.local/share/swi-prolog/pack/logicmoo_utils/prolog/logicmoo_lib.pl':314), logicmoo_lib:(set_prolog_flag(do_renames, restore), gripe_time(60, baseKB:ensure_loaded(...))))))
^  Exit: (13) [logicmoo_startup] maybe_notrace(logicmoo_startup:at_current_Y(cuz('/var/lib/jenkins/.local/share/swi-prolog/pack/logicmoo_utils/prolog/logicmoo_lib.pl':314), logicmoo_lib:(set_prolog_flag(do_renames, restore), gripe_time(60, baseKB:ensure_loaded(library('logicmoo/plarkc/logicmoo_u_cyc_kb_tinykb.pl'))))))
   Call: (13) [system] true
   Exit: (13) [system] true
^  Exit: (12) [logicmoo_startup] try_pending_init(before_boot, logicmoo_startup:at_current_Y(cuz('/var/lib/jenkins/.local/share/swi-prolog/pack/logicmoo_utils/prolog/logicmoo_lib.pl':314), logicmoo_lib:(set_prolog_flag(do_renames, restore), gripe_time(60, baseKB:ensure_loaded(library('logicmoo/plarkc/logicmoo_u_cyc_kb_tinykb.pl'))))))
   Redo: (13) [lmconf] lmconf:at_restore_goal(before_boot, _63180)
   Unify: (13) [lmconf] lmconf:at_restore_goal(before_boot, logicmoo_startup:at_current_Y(cuz('/var/lib/jenkins/.local/share/swi-prolog/pack/logicmoo_base/prolog/logicmoo_clif.pl':54), baseKB:(\+user:file_search_path(..., ...)->asserta(user:file_search_path(..., ...));true)))
   Exit: (13) [lmconf] lmconf:at_restore_goal(before_boot, logicmoo_startup:at_current_Y(cuz('/var/lib/jenkins/.local/share/swi-prolog/pack/logicmoo_base/prolog/logicmoo_clif.pl':54), baseKB:(\+user:file_search_path(..., ...)->asserta(user:file_search_path(..., ...));true)))
   Call: (13) [system] 2=<4
   Exit: (13) [system] 2=<4
^  Call: (12) [logicmoo_startup] try_pending_init(before_boot, logicmoo_startup:at_current_Y(cuz('/var/lib/jenkins/.local/share/swi-prolog/pack/logicmoo_base/prolog/logicmoo_clif.pl':54), baseKB:(\+user:file_search_path(library, '/var/lib/jenkins/.local/share/swi-prolog/pack/logicmoo_base/prolog')->asserta(user:file_search_path(library, '/var/lib/jenkins/.local/share/swi-prolog/pack/logicmoo_base/prolog'));true)))
^  Unify: (12) [logicmoo_startup] try_pending_init(before_boot, logicmoo_startup:at_current_Y(cuz('/var/lib/jenkins/.local/share/swi-prolog/pack/logicmoo_base/prolog/logicmoo_clif.pl':54), baseKB:(\+user:file_search_path(library, '/var/lib/jenkins/.local/share/swi-prolog/pack/logicmoo_base/prolog')->asserta(user:file_search_path(library, '/var/lib/jenkins/.local/share/swi-prolog/pack/logicmoo_base/prolog'));true)))
^  Call: (13) [logicmoo_startup] logicmoo_startup:has_ran_once(_469760, logicmoo_startup:at_current_Y(cuz('/var/lib/jenkins/.local/share/swi-prolog/pack/logicmoo_base/prolog/logicmoo_clif.pl':54), baseKB:(\+user:file_search_path(..., ...)->asserta(user:file_search_path(..., ...));true)))
^  Unify: (13) [logicmoo_startup] logicmoo_startup:has_ran_once(_470384, logicmoo_startup:at_current_Y(cuz('/var/lib/jenkins/.local/share/swi-prolog/pack/logicmoo_base/prolog/logicmoo_clif.pl':54), baseKB:(\+user:file_search_path(..., ...)->asserta(user:file_search_path(..., ...));true)))
   Call: (14) [lmcache] lmcache:called_startup_goal(_470952, _470954)
   Unify: (14) [lmcache] lmcache:called_startup_goal(before_boot, logicmoo_startup:at_current_Y(cuz('/var/lib/jenkins/.local/share/swi-prolog/pack/logicmoo_utils/prolog/logicmoo_packs.pl':48), logicmoo_packages:rescan_pack_autoload_packages))
   Exit: (14) [lmcache] lmcache:called_startup_goal(before_boot, logicmoo_startup:at_current_Y(cuz('/var/lib/jenkins/.local/share/swi-prolog/pack/logicmoo_utils/prolog/logicmoo_packs.pl':48), logicmoo_packages:rescan_pack_autoload_packages))
   Call: (14) [system] logicmoo_startup:at_current_Y(cuz('/var/lib/jenkins/.local/share/swi-prolog/pack/logicmoo_utils/prolog/logicmoo_packs.pl':48), logicmoo_packages:rescan_pack_autoload_packages)=@=logicmoo_startup:at_current_Y(cuz('/var/lib/jenkins/.local/share/swi-prolog/pack/logicmoo_base/prolog/logicmoo_clif.pl':54), baseKB:(\+user:file_search_path(library, '/var/lib/jenkins/.local/share/swi-prolog/pack/logicmoo_base/prolog')->asserta(user:file_search_path(library, '/var/lib/jenkins/.local/share/swi-prolog/pack/logicmoo_base/prolog'));true))
   Fail: (14) [system] logicmoo_startup:at_current_Y(cuz('/var/lib/jenkins/.local/share/swi-prolog/pack/logicmoo_utils/prolog/logicmoo_packs.pl':48), logicmoo_packages:rescan_pack_autoload_packages)=@=logicmoo_startup:at_current_Y(cuz('/var/lib/jenkins/.local/share/swi-prolog/pack/logicmoo_base/prolog/logicmoo_clif.pl':54), baseKB:(\+user:file_search_path(library, '/var/lib/jenkins/.local/share/swi-prolog/pack/logicmoo_base/prolog')->asserta(user:file_search_path(library, '/var/lib/jenkins/.local/share/swi-prolog/pack/logicmoo_base/prolog'));true))
   Redo: (14) [lmcache] lmcache:called_startup_goal(_470952, _470954)
   Unify: (14) [lmcache] lmcache:called_startup_goal(before_boot, logicmoo_startup:at_current_Y(cuz('/var/lib/jenkins/.local/share/swi-prolog/pack/logicmoo_utils/prolog/logicmoo_lib.pl':108), user:gripe_time(40, if_file_exists(ensure_loaded(system:logicmoo_packs)))))
   Exit: (14) [lmcache] lmcache:called_startup_goal(before_boot, logicmoo_startup:at_current_Y(cuz('/var/lib/jenkins/.local/share/swi-prolog/pack/logicmoo_utils/prolog/logicmoo_lib.pl':108), user:gripe_time(40, if_file_exists(ensure_loaded(system:logicmoo_packs)))))
   Call: (14) [system] logicmoo_startup:at_current_Y(cuz('/var/lib/jenkins/.local/share/swi-prolog/pack/logicmoo_utils/prolog/logicmoo_lib.pl':108), user:gripe_time(40, if_file_exists(ensure_loaded(system:logicmoo_packs))))=@=logicmoo_startup:at_current_Y(cuz('/var/lib/jenkins/.local/share/swi-prolog/pack/logicmoo_base/prolog/logicmoo_clif.pl':54), baseKB:(\+user:file_search_path(library, '/var/lib/jenkins/.local/share/swi-prolog/pack/logicmoo_base/prolog')->asserta(user:file_search_path(library, '/var/lib/jenkins/.local/share/swi-prolog/pack/logicmoo_base/prolog'));true))
   Fail: (14) [system] logicmoo_startup:at_current_Y(cuz('/var/lib/jenkins/.local/share/swi-prolog/pack/logicmoo_utils/prolog/logicmoo_lib.pl':108), user:gripe_time(40, if_file_exists(ensure_loaded(system:logicmoo_packs))))=@=logicmoo_startup:at_current_Y(cuz('/var/lib/jenkins/.local/share/swi-prolog/pack/logicmoo_base/prolog/logicmoo_clif.pl':54), baseKB:(\+user:file_search_path(library, '/var/lib/jenkins/.local/share/swi-prolog/pack/logicmoo_base/prolog')->asserta(user:file_search_path(library, '/var/lib/jenkins/.local/share/swi-prolog/pack/logicmoo_base/prolog'));true))
   Redo: (14) [lmcache] lmcache:called_startup_goal(_470952, _470954)
   Unify: (14) [lmcache] lmcache:called_startup_goal(before_boot, logicmoo_startup:at_current_Y(cuz('/var/lib/jenkins/.local/share/swi-prolog/pack/logicmoo_utils/prolog/logicmoo_lib.pl':116), logicmoo_lib:rescan_pack_autoload_packages))
   Exit: (14) [lmcache] lmcache:called_startup_goal(before_boot, logicmoo_startup:at_current_Y(cuz('/var/lib/jenkins/.local/share/swi-prolog/pack/logicmoo_utils/prolog/logicmoo_lib.pl':116), logicmoo_lib:rescan_pack_autoload_packages))
   Call: (14) [system] logicmoo_startup:at_current_Y(cuz('/var/lib/jenkins/.local/share/swi-prolog/pack/logicmoo_utils/prolog/logicmoo_lib.pl':116), logicmoo_lib:rescan_pack_autoload_packages)=@=logicmoo_startup:at_current_Y(cuz('/var/lib/jenkins/.local/share/swi-prolog/pack/logicmoo_base/prolog/logicmoo_clif.pl':54), baseKB:(\+user:file_search_path(library, '/var/lib/jenkins/.local/share/swi-prolog/pack/logicmoo_base/prolog')->asserta(user:file_search_path(library, '/var/lib/jenkins/.local/share/swi-prolog/pack/logicmoo_base/prolog'));true))
   Fail: (14) [system] logicmoo_startup:at_current_Y(cuz('/var/lib/jenkins/.local/share/swi-prolog/pack/logicmoo_utils/prolog/logicmoo_lib.pl':116), logicmoo_lib:rescan_pack_autoload_packages)=@=logicmoo_startup:at_current_Y(cuz('/var/lib/jenkins/.local/share/swi-prolog/pack/logicmoo_base/prolog/logicmoo_clif.pl':54), baseKB:(\+user:file_search_path(library, '/var/lib/jenkins/.local/share/swi-prolog/pack/logicmoo_base/prolog')->asserta(user:file_search_path(library, '/var/lib/jenkins/.local/share/swi-prolog/pack/logicmoo_base/prolog'));true))
   Redo: (14) [lmcache] lmcache:called_startup_goal(_470952, _470954)
   Unify: (14) [lmcache] lmcache:called_startup_goal(before_boot, logicmoo_startup:at_current_Y(cuz('/var/lib/jenkins/.local/share/swi-prolog/pack/logicmoo_utils/prolog/logicmoo_lib.pl':196), user:gripe_time(40, if_file_exists(ensure_loaded(system:logicmoo_swilib)))))
   Exit: (14) [lmcache] lmcache:called_startup_goal(before_boot, logicmoo_startup:at_current_Y(cuz('/var/lib/jenkins/.local/share/swi-prolog/pack/logicmoo_utils/prolog/logicmoo_lib.pl':196), user:gripe_time(40, if_file_exists(ensure_loaded(system:logicmoo_swilib)))))
   Call: (14) [system] logicmoo_startup:at_current_Y(cuz('/var/lib/jenkins/.local/share/swi-prolog/pack/logicmoo_utils/prolog/logicmoo_lib.pl':196), user:gripe_time(40, if_file_exists(ensure_loaded(system:logicmoo_swilib))))=@=logicmoo_startup:at_current_Y(cuz('/var/lib/jenkins/.local/share/swi-prolog/pack/logicmoo_base/prolog/logicmoo_clif.pl':54), baseKB:(\+user:file_search_path(library, '/var/lib/jenkins/.local/share/swi-prolog/pack/logicmoo_base/prolog')->asserta(user:file_search_path(library, '/var/lib/jenkins/.local/share/swi-prolog/pack/logicmoo_base/prolog'));true))
   Fail: (14) [system] logicmoo_startup:at_current_Y(cuz('/var/lib/jenkins/.local/share/swi-prolog/pack/logicmoo_utils/prolog/logicmoo_lib.pl':196), user:gripe_time(40, if_file_exists(ensure_loaded(system:logicmoo_swilib))))=@=logicmoo_startup:at_current_Y(cuz('/var/lib/jenkins/.local/share/swi-prolog/pack/logicmoo_base/prolog/logicmoo_clif.pl':54), baseKB:(\+user:file_search_path(library, '/var/lib/jenkins/.local/share/swi-prolog/pack/logicmoo_base/prolog')->asserta(user:file_search_path(library, '/var/lib/jenkins/.local/share/swi-prolog/pack/logicmoo_base/prolog'));true))
   Redo: (14) [lmcache] lmcache:called_startup_goal(_470952, _470954)
   Unify: (14) [lmcache] lmcache:called_startup_goal(before_boot, logicmoo_startup:at_current_Y(cuz('/var/lib/jenkins/.local/share/swi-prolog/pack/pfc/prolog/pfc_lib.pl':519), pfc_lib:set_how_virtualize_file(false, '/var/lib/jenkins/.local/share/swi-prolog/pack/pfc/prolog/pfc_lib.pl')))
   Exit: (14) [lmcache] lmcache:called_startup_goal(before_boot, logicmoo_startup:at_current_Y(cuz('/var/lib/jenkins/.local/share/swi-prolog/pack/pfc/prolog/pfc_lib.pl':519), pfc_lib:set_how_virtualize_file(false, '/var/lib/jenkins/.local/share/swi-prolog/pack/pfc/prolog/pfc_lib.pl')))
   Call: (14) [system] logicmoo_startup:at_current_Y(cuz('/var/lib/jenkins/.local/share/swi-prolog/pack/pfc/prolog/pfc_lib.pl':519), pfc_lib:set_how_virtualize_file(false, '/var/lib/jenkins/.local/share/swi-prolog/pack/pfc/prolog/pfc_lib.pl'))=@=logicmoo_startup:at_current_Y(cuz('/var/lib/jenkins/.local/share/swi-prolog/pack/logicmoo_base/prolog/logicmoo_clif.pl':54), baseKB:(\+user:file_search_path(library, '/var/lib/jenkins/.local/share/swi-prolog/pack/logicmoo_base/prolog')->asserta(user:file_search_path(library, '/var/lib/jenkins/.local/share/swi-prolog/pack/logicmoo_base/prolog'));true))
   Fail: (14) [system] logicmoo_startup:at_current_Y(cuz('/var/lib/jenkins/.local/share/swi-prolog/pack/pfc/prolog/pfc_lib.pl':519), pfc_lib:set_how_virtualize_file(false, '/var/lib/jenkins/.local/share/swi-prolog/pack/pfc/prolog/pfc_lib.pl'))=@=logicmoo_startup:at_current_Y(cuz('/var/lib/jenkins/.local/share/swi-prolog/pack/logicmoo_base/prolog/logicmoo_clif.pl':54), baseKB:(\+user:file_search_path(library, '/var/lib/jenkins/.local/share/swi-prolog/pack/logicmoo_base/prolog')->asserta(user:file_search_path(library, '/var/lib/jenkins/.local/share/swi-prolog/pack/logicmoo_base/prolog'));true))
   Redo: (14) [lmcache] lmcache:called_startup_goal(_470952, _470954)
   Unify: (14) [lmcache] lmcache:called_startup_goal(before_boot, logicmoo_startup:at_current_Y(cuz('/var/lib/jenkins/.local/share/swi-prolog/pack/logicmoo_utils/prolog/logicmoo_lib.pl':286), logicmoo_lib:gripe_time(40, if_file_exists(ensure_loaded(logicmoo_lib:library(...))))))
   Exit: (14) [lmcache] lmcache:called_startup_goal(before_boot, logicmoo_startup:at_current_Y(cuz('/var/lib/jenkins/.local/share/swi-prolog/pack/logicmoo_utils/prolog/logicmoo_lib.pl':286), logicmoo_lib:gripe_time(40, if_file_exists(ensure_loaded(logicmoo_lib:library(...))))))
   Call: (14) [system] logicmoo_startup:at_current_Y(cuz('/var/lib/jenkins/.local/share/swi-prolog/pack/logicmoo_utils/prolog/logicmoo_lib.pl':286), logicmoo_lib:gripe_time(40, if_file_exists(ensure_loaded(logicmoo_lib:library(logicmoo_typesystem)))))=@=logicmoo_startup:at_current_Y(cuz('/var/lib/jenkins/.local/share/swi-prolog/pack/logicmoo_base/prolog/logicmoo_clif.pl':54), baseKB:(\+user:file_search_path(library, '/var/lib/jenkins/.local/share/swi-prolog/pack/logicmoo_base/prolog')->asserta(user:file_search_path(library, '/var/lib/jenkins/.local/share/swi-prolog/pack/logicmoo_base/prolog'));true))
   Fail: (14) [system] logicmoo_startup:at_current_Y(cuz('/var/lib/jenkins/.local/share/swi-prolog/pack/logicmoo_utils/prolog/logicmoo_lib.pl':286), logicmoo_lib:gripe_time(40, if_file_exists(ensure_loaded(logicmoo_lib:library(logicmoo_typesystem)))))=@=logicmoo_startup:at_current_Y(cuz('/var/lib/jenkins/.local/share/swi-prolog/pack/logicmoo_base/prolog/logicmoo_clif.pl':54), baseKB:(\+user:file_search_path(library, '/var/lib/jenkins/.local/share/swi-prolog/pack/logicmoo_base/prolog')->asserta(user:file_search_path(library, '/var/lib/jenkins/.local/share/swi-prolog/pack/logicmoo_base/prolog'));true))
   Redo: (14) [lmcache] lmcache:called_startup_goal(_470952, _470954)
   Unify: (14) [lmcache] lmcache:called_startup_goal(before_boot, logicmoo_startup:at_current_Y(cuz('/var/lib/jenkins/.local/share/swi-prolog/pack/logicmoo_utils/prolog/logicmoo_lib.pl':301), logicmoo_lib:gripe_time(40, if_file_exists(ensure_loaded(logicmoo_lib:library(...))))))
   Exit: (14) [lmcache] lmcache:called_startup_goal(before_boot, logicmoo_startup:at_current_Y(cuz('/var/lib/jenkins/.local/share/swi-prolog/pack/logicmoo_utils/prolog/logicmoo_lib.pl':301), logicmoo_lib:gripe_time(40, if_file_exists(ensure_loaded(logicmoo_lib:library(...))))))
   Call: (14) [system] logicmoo_startup:at_current_Y(cuz('/var/lib/jenkins/.local/share/swi-prolog/pack/logicmoo_utils/prolog/logicmoo_lib.pl':301), logicmoo_lib:gripe_time(40, if_file_exists(ensure_loaded(logicmoo_lib:library(logicmoo_plarkc)))))=@=logicmoo_startup:at_current_Y(cuz('/var/lib/jenkins/.local/share/swi-prolog/pack/logicmoo_base/prolog/logicmoo_clif.pl':54), baseKB:(\+user:file_search_path(library, '/var/lib/jenkins/.local/share/swi-prolog/pack/logicmoo_base/prolog')->asserta(user:file_search_path(library, '/var/lib/jenkins/.local/share/swi-prolog/pack/logicmoo_base/prolog'));true))
   Fail: (14) [system] logicmoo_startup:at_current_Y(cuz('/var/lib/jenkins/.local/share/swi-prolog/pack/logicmoo_utils/prolog/logicmoo_lib.pl':301), logicmoo_lib:gripe_time(40, if_file_exists(ensure_loaded(logicmoo_lib:library(logicmoo_plarkc)))))=@=logicmoo_startup:at_current_Y(cuz('/var/lib/jenkins/.local/share/swi-prolog/pack/logicmoo_base/prolog/logicmoo_clif.pl':54), baseKB:(\+user:file_search_path(library, '/var/lib/jenkins/.local/share/swi-prolog/pack/logicmoo_base/prolog')->asserta(user:file_search_path(library, '/var/lib/jenkins/.local/share/swi-prolog/pack/logicmoo_base/prolog'));true))
   Redo: (14) [lmcache] lmcache:called_startup_goal(_470952, _470954)
   Unify: (14) [lmcache] lmcache:called_startup_goal(before_boot, logicmoo_startup:at_current_Y(cuz('/var/lib/jenkins/.local/share/swi-prolog/pack/logicmoo_utils/prolog/logicmoo_lib.pl':308), logicmoo_lib:gripe_time(40, if_file_exists(ensure_loaded(logicmoo_lib:library(...))))))
   Exit: (14) [lmcache] lmcache:called_startup_goal(before_boot, logicmoo_startup:at_current_Y(cuz('/var/lib/jenkins/.local/share/swi-prolog/pack/logicmoo_utils/prolog/logicmoo_lib.pl':308), logicmoo_lib:gripe_time(40, if_file_exists(ensure_loaded(logicmoo_lib:library(...))))))
   Call: (14) [system] logicmoo_startup:at_current_Y(cuz('/var/lib/jenkins/.local/share/swi-prolog/pack/logicmoo_utils/prolog/logicmoo_lib.pl':308), logicmoo_lib:gripe_time(40, if_file_exists(ensure_loaded(logicmoo_lib:library(logicmoo_clif)))))=@=logicmoo_startup:at_current_Y(cuz('/var/lib/jenkins/.local/share/swi-prolog/pack/logicmoo_base/prolog/logicmoo_clif.pl':54), baseKB:(\+user:file_search_path(library, '/var/lib/jenkins/.local/share/swi-prolog/pack/logicmoo_base/prolog')->asserta(user:file_search_path(library, '/var/lib/jenkins/.local/share/swi-prolog/pack/logicmoo_base/prolog'));true))
   Fail: (14) [system] logicmoo_startup:at_current_Y(cuz('/var/lib/jenkins/.local/share/swi-prolog/pack/logicmoo_utils/prolog/logicmoo_lib.pl':308), logicmoo_lib:gripe_time(40, if_file_exists(ensure_loaded(logicmoo_lib:library(logicmoo_clif)))))=@=logicmoo_startup:at_current_Y(cuz('/var/lib/jenkins/.local/share/swi-prolog/pack/logicmoo_base/prolog/logicmoo_clif.pl':54), baseKB:(\+user:file_search_path(library, '/var/lib/jenkins/.local/share/swi-prolog/pack/logicmoo_base/prolog')->asserta(user:file_search_path(library, '/var/lib/jenkins/.local/share/swi-prolog/pack/logicmoo_base/prolog'));true))
   Redo: (14) [lmcache] lmcache:called_startup_goal(_470952, _470954)
   Unify: (14) [lmcache] lmcache:called_startup_goal(before_boot, logicmoo_startup:at_current_Y(cuz('/var/lib/jenkins/.local/share/swi-prolog/pack/logicmoo_utils/prolog/logicmoo_lib.pl':314), logicmoo_lib:(set_prolog_flag(do_renames, restore), gripe_time(60, baseKB:ensure_loaded(library(...))))))
   Exit: (14) [lmcache] lmcache:called_startup_goal(before_boot, logicmoo_startup:at_current_Y(cuz('/var/lib/jenkins/.local/share/swi-prolog/pack/logicmoo_utils/prolog/logicmoo_lib.pl':314), logicmoo_lib:(set_prolog_flag(do_renames, restore), gripe_time(60, baseKB:ensure_loaded(library(...))))))
   Call: (14) [system] logicmoo_startup:at_current_Y(cuz('/var/lib/jenkins/.local/share/swi-prolog/pack/logicmoo_utils/prolog/logicmoo_lib.pl':314), logicmoo_lib:(set_prolog_flag(do_renames, restore), gripe_time(60, baseKB:ensure_loaded(library('logicmoo/plarkc/logicmoo_u_cyc_kb_tinykb.pl')))))=@=logicmoo_startup:at_current_Y(cuz('/var/lib/jenkins/.local/share/swi-prolog/pack/logicmoo_base/prolog/logicmoo_clif.pl':54), baseKB:(\+user:file_search_path(library, '/var/lib/jenkins/.local/share/swi-prolog/pack/logicmoo_base/prolog')->asserta(user:file_search_path(library, '/var/lib/jenkins/.local/share/swi-prolog/pack/logicmoo_base/prolog'));true))
   Fail: (14) [system] logicmoo_startup:at_current_Y(cuz('/var/lib/jenkins/.local/share/swi-prolog/pack/logicmoo_utils/prolog/logicmoo_lib.pl':314), logicmoo_lib:(set_prolog_flag(do_renames, restore), gripe_time(60, baseKB:ensure_loaded(library('logicmoo/plarkc/logicmoo_u_cyc_kb_tinykb.pl')))))=@=logicmoo_startup:at_current_Y(cuz('/var/lib/jenkins/.local/share/swi-prolog/pack/logicmoo_base/prolog/logicmoo_clif.pl':54), baseKB:(\+user:file_search_path(library, '/var/lib/jenkins/.local/share/swi-prolog/pack/logicmoo_base/prolog')->asserta(user:file_search_path(library, '/var/lib/jenkins/.local/share/swi-prolog/pack/logicmoo_base/prolog'));true))
^  Fail: (13) [logicmoo_startup] logicmoo_startup:has_ran_once(_499224, logicmoo_startup:at_current_Y(cuz('/var/lib/jenkins/.local/share/swi-prolog/pack/logicmoo_base/prolog/logicmoo_clif.pl':54), baseKB:(\+user:file_search_path(..., ...)->asserta(user:file_search_path(..., ...));true)))
^  Redo: (12) [logicmoo_startup] try_pending_init(before_boot, logicmoo_startup:at_current_Y(cuz('/var/lib/jenkins/.local/share/swi-prolog/pack/logicmoo_base/prolog/logicmoo_clif.pl':54), baseKB:(\+user:file_search_path(library, '/var/lib/jenkins/.local/share/swi-prolog/pack/logicmoo_base/prolog')->asserta(user:file_search_path(library, '/var/lib/jenkins/.local/share/swi-prolog/pack/logicmoo_base/prolog'));true)))
^  Unify: (12) [logicmoo_startup] try_pending_init(before_boot, logicmoo_startup:at_current_Y(cuz('/var/lib/jenkins/.local/share/swi-prolog/pack/logicmoo_base/prolog/logicmoo_clif.pl':54), baseKB:(\+user:file_search_path(library, '/var/lib/jenkins/.local/share/swi-prolog/pack/logicmoo_base/prolog')->asserta(user:file_search_path(library, '/var/lib/jenkins/.local/share/swi-prolog/pack/logicmoo_base/prolog'));true)))
^  Call: (13) [logicmoo_startup] assertz(lmcache:called_startup_goal(before_boot, logicmoo_startup:at_current_Y(cuz('/var/lib/jenkins/.local/share/swi-prolog/pack/logicmoo_base/prolog/logicmoo_clif.pl':54), baseKB:(\+ ... : ... -> asserta(... : ...);true))))
^  Exit: (13) [logicmoo_startup] assertz(lmcache:called_startup_goal(before_boot, logicmoo_startup:at_current_Y(cuz('/var/lib/jenkins/.local/share/swi-prolog/pack/logicmoo_base/prolog/logicmoo_clif.pl':54), baseKB:(\+ ... : ... -> asserta(... : ...);true))))
^  Call: (13) [logicmoo_startup] maybe_notrace(logicmoo_startup:at_current_Y(cuz('/var/lib/jenkins/.local/share/swi-prolog/pack/logicmoo_base/prolog/logicmoo_clif.pl':54), baseKB:(\+user:file_search_path(library, '/var/lib/jenkins/.local/share/swi-prolog/pack/logicmoo_base/prolog')->asserta(user:file_search_path(library, '/var/lib/jenkins/.local/share/swi-prolog/pack/logicmoo_base/prolog'));true)))
^  Unify: (13) [logicmoo_startup] maybe_notrace(logicmoo_startup:at_current_Y(cuz('/var/lib/jenkins/.local/share/swi-prolog/pack/logicmoo_base/prolog/logicmoo_clif.pl':54), baseKB:(\+user:file_search_path(library, '/var/lib/jenkins/.local/share/swi-prolog/pack/logicmoo_base/prolog')->asserta(user:file_search_path(library, '/var/lib/jenkins/.local/share/swi-prolog/pack/logicmoo_base/prolog'));true)))
   Call: (14) [edinburgh] edinburgh:debug
   Unify: (14) [edinburgh] edinburgh:debug
   Call: (15) [system] set_prolog_flag(debug, true)
   Exit: (15) [system] set_prolog_flag(debug, true)
   Exit: (14) [edinburgh] edinburgh:debug
^  Call: (14) [logicmoo_startup] maybe_one(quietly(logicmoo_startup:at_current_Y(cuz('/var/lib/jenkins/.local/share/swi-prolog/pack/logicmoo_base/prolog/logicmoo_clif.pl':54), baseKB:(\+user:file_search_path(..., ...)->asserta(user:file_search_path(..., ...));true))), ftrace(logicmoo_startup:at_current_Y(cuz('/var/lib/jenkins/.local/share/swi-prolog/pack/logicmoo_base/prolog/logicmoo_clif.pl':54), baseKB:(\+user:file_search_path(..., ...)->asserta(user:file_search_path(..., ...));true))))
^  Unify: (14) [logicmoo_startup] maybe_one(logicmoo_startup:quietly(logicmoo_startup:at_current_Y(cuz('/var/lib/jenkins/.local/share/swi-prolog/pack/logicmoo_base/prolog/logicmoo_clif.pl':54), baseKB:(\+ ... : ... -> asserta(... : ...);true))), logicmoo_startup:ftrace(logicmoo_startup:at_current_Y(cuz('/var/lib/jenkins/.local/share/swi-prolog/pack/logicmoo_base/prolog/logicmoo_clif.pl':54), baseKB:(\+ ... : ... -> asserta(... : ...);true))))
^  Call: (16) [logicmoo_startup] call(logicmoo_startup:quietly(logicmoo_startup:at_current_Y(cuz('/var/lib/jenkins/.local/share/swi-prolog/pack/logicmoo_base/prolog/logicmoo_clif.pl':54), baseKB:(\+ ... : ... -> asserta(... : ...);true))))
^  Unify: (16) [system] call(logicmoo_startup:quietly(logicmoo_startup:at_current_Y(cuz('/var/lib/jenkins/.local/share/swi-prolog/pack/logicmoo_base/prolog/logicmoo_clif.pl':54), baseKB:(\+ ... : ... -> asserta(... : ...);true))))
^  Call: (17) [logicmoo_startup] quietly(logicmoo_startup:at_current_Y(cuz('/var/lib/jenkins/.local/share/swi-prolog/pack/logicmoo_base/prolog/logicmoo_clif.pl':54), baseKB:(\+user:file_search_path(library, '/var/lib/jenkins/.local/share/swi-prolog/pack/logicmoo_base/prolog')->asserta(user:file_search_path(library, '/var/lib/jenkins/.local/share/swi-prolog/pack/logicmoo_base/prolog'));true)))
^  Unify: (17) [rtrace] quietly(logicmoo_startup:at_current_Y(cuz('/var/lib/jenkins/.local/share/swi-prolog/pack/logicmoo_base/prolog/logicmoo_clif.pl':54), baseKB:(\+user:file_search_path(library, '/var/lib/jenkins/.local/share/swi-prolog/pack/logicmoo_base/prolog')->asserta(user:file_search_path(library, '/var/lib/jenkins/.local/share/swi-prolog/pack/logicmoo_base/prolog'));true)))
   Call: (19) [system] _510838=mquietly_if(true, rtrace:tAt_rtrace)
   Exit: (19) [system] mquietly_if(true, rtrace:tAt_rtrace)=mquietly_if(true, rtrace:tAt_rtrace)
^  Call: (19) [must_sanity] setup_call_cleanup(rtrace:notrace(visible(-all)),  ((logicmoo_startup:at_current_Y(cuz('/var/lib/jenkins/.local/share/swi-prolog/pack/logicmoo_base/prolog/logicmoo_clif.pl':54), baseKB:(\+ ... : ... -> asserta(... : ...);true)), deterministic(_512096)), (notrace(_512096==true)->!;rtrace:tAt_rtrace, notrace(nb_setarg(1, mquietly_if(true, rtrace:tAt_rtrace), false));rtrace:notrace(visible(-all)), notrace(nb_setarg(1, mquietly_if(true, ... : ...), true)), notrace(fail))), mquietly_if(true, rtrace:tAt_rtrace))
^  Unify: (19) [system] setup_call_cleanup(rtrace:notrace(visible(-all)), must_sanity:((logicmoo_startup:at_current_Y(cuz('/var/lib/jenkins/.local/share/swi-prolog/pack/logicmoo_base/prolog/logicmoo_clif.pl':54), baseKB:(\+ ... -> asserta(...);true)), deterministic(_512096)), (notrace(_512096==true)->!;rtrace:tAt_rtrace, notrace(nb_setarg(1, mquietly_if(true, ... : ...), false));rtrace:notrace(visible(- ...)), notrace(nb_setarg(1, mquietly_if(..., ...), true)), notrace(fail))), must_sanity:mquietly_if(true, rtrace:tAt_rtrace))
^  Call: (20) [system] setup_call_catcher_cleanup(rtrace:notrace(visible(-all)), must_sanity:((logicmoo_startup:at_current_Y(cuz('/var/lib/jenkins/.local/share/swi-prolog/pack/logicmoo_base/prolog/logicmoo_clif.pl':54), baseKB:(\+ ... -> asserta(...);true)), deterministic(_512096)), (notrace(_512096==true)->!;rtrace:tAt_rtrace, notrace(nb_setarg(1, mquietly_if(true, ... : ...), false));rtrace:notrace(visible(- ...)), notrace(nb_setarg(1, mquietly_if(..., ...), true)), notrace(fail))), _513500, must_sanity:mquietly_if(true, rtrace:tAt_rtrace))
^  Unify: (20) [system] setup_call_catcher_cleanup(rtrace:notrace(visible(-all)), must_sanity:((logicmoo_startup:at_current_Y(cuz('/var/lib/jenkins/.local/share/swi-prolog/pack/logicmoo_base/prolog/logicmoo_clif.pl':54), baseKB:(\+ ... -> asserta(...);true)), deterministic(_512096)), (notrace(_512096==true)->!;rtrace:tAt_rtrace, notrace(nb_setarg(1, mquietly_if(true, ... : ...), false));rtrace:notrace(visible(- ...)), notrace(nb_setarg(1, mquietly_if(..., ...), true)), notrace(fail))), _514132, must_sanity:mquietly_if(true, rtrace:tAt_rtrace))
^  Exit: (22) [must_sanity] must_sanity:mquietly_if(true, rtrace:tAt_rtrace)
^  Exit: (20) [system] setup_call_catcher_cleanup(rtrace:notrace(visible(-all)), must_sanity:((logicmoo_startup:at_current_Y(cuz('/var/lib/jenkins/.local/share/swi-prolog/pack/logicmoo_base/prolog/logicmoo_clif.pl':54), baseKB:(\+ ... -> asserta(...);true)), deterministic(true)), (notrace(true==true)->!;rtrace:tAt_rtrace, notrace(nb_setarg(1, mquietly_if(true, ... : ...), false));rtrace:notrace(visible(- ...)), notrace(nb_setarg(1, mquietly_if(..., ...), true)), notrace(fail))), exit, must_sanity:mquietly_if(true, rtrace:tAt_rtrace))
^  Exit: (19) [system] setup_call_cleanup(rtrace:notrace(visible(-all)), must_sanity:((logicmoo_startup:at_current_Y(cuz('/var/lib/jenkins/.local/share/swi-prolog/pack/logicmoo_base/prolog/logicmoo_clif.pl':54), baseKB:(\+ ... -> asserta(...);true)), deterministic(true)), (notrace(true==true)->!;rtrace:tAt_rtrace, notrace(nb_setarg(1, mquietly_if(true, ... : ...), false));rtrace:notrace(visible(- ...)), notrace(nb_setarg(1, mquietly_if(..., ...), true)), notrace(fail))), must_sanity:mquietly_if(true, rtrace:tAt_rtrace))
^  Exit: (17) [rtrace] quietly(logicmoo_startup:at_current_Y(cuz('/var/lib/jenkins/.local/share/swi-prolog/pack/logicmoo_base/prolog/logicmoo_clif.pl':54), baseKB:(\+user:file_search_path(library, '/var/lib/jenkins/.local/share/swi-prolog/pack/logicmoo_base/prolog')->asserta(user:file_search_path(library, '/var/lib/jenkins/.local/share/swi-prolog/pack/logicmoo_base/prolog'));true)))
^  Exit: (16) [system] call(logicmoo_startup:quietly(logicmoo_startup:at_current_Y(cuz('/var/lib/jenkins/.local/share/swi-prolog/pack/logicmoo_base/prolog/logicmoo_clif.pl':54), baseKB:(\+ ... : ... -> asserta(... : ...);true))))
   Call: (15) [system] true
   Exit: (15) [system] true
^  Exit: (14) [logicmoo_startup] maybe_one(logicmoo_startup:quietly(logicmoo_startup:at_current_Y(cuz('/var/lib/jenkins/.local/share/swi-prolog/pack/logicmoo_base/prolog/logicmoo_clif.pl':54), baseKB:(\+ ... : ... -> asserta(... : ...);true))), logicmoo_startup:ftrace(logicmoo_startup:at_current_Y(cuz('/var/lib/jenkins/.local/share/swi-prolog/pack/logicmoo_base/prolog/logicmoo_clif.pl':54), baseKB:(\+ ... : ... -> asserta(... : ...);true))))
^  Exit: (13) [logicmoo_startup] maybe_notrace(logicmoo_startup:at_current_Y(cuz('/var/lib/jenkins/.local/share/swi-prolog/pack/logicmoo_base/prolog/logicmoo_clif.pl':54), baseKB:(\+user:file_search_path(library, '/var/lib/jenkins/.local/share/swi-prolog/pack/logicmoo_base/prolog')->asserta(user:file_search_path(library, '/var/lib/jenkins/.local/share/swi-prolog/pack/logicmoo_base/prolog'));true)))
   Call: (13) [system] true
   Exit: (13) [system] true
^  Exit: (12) [logicmoo_startup] try_pending_init(before_boot, logicmoo_startup:at_current_Y(cuz('/var/lib/jenkins/.local/share/swi-prolog/pack/logicmoo_base/prolog/logicmoo_clif.pl':54), baseKB:(\+user:file_search_path(library, '/var/lib/jenkins/.local/share/swi-prolog/pack/logicmoo_base/prolog')->asserta(user:file_search_path(library, '/var/lib/jenkins/.local/share/swi-prolog/pack/logicmoo_base/prolog'));true)))
^  Redo: (13) [logicmoo_startup] logicmoo_startup:number_phase(_63160, _63162)
^  Unify: (13) [logicmoo_startup] logicmoo_startup:number_phase(3, during_boot)
^  Exit: (13) [logicmoo_startup] logicmoo_startup:number_phase(3, during_boot)
   Call: (13) [lmconf] lmconf:at_restore_goal(during_boot, _63180)
   Unify: (13) [lmconf] lmconf:at_restore_goal(during_boot, logicmoo_startup:at_current_Y(cuz('/var/lib/jenkins/.local/share/swi-prolog/pack/logicmoo_utils/prolog/logicmoo_packs.pl':49), logicmoo_packages:rescan_pack_autoload_packages))
   Exit: (13) [lmconf] lmconf:at_restore_goal(during_boot, logicmoo_startup:at_current_Y(cuz('/var/lib/jenkins/.local/share/swi-prolog/pack/logicmoo_utils/prolog/logicmoo_packs.pl':49), logicmoo_packages:rescan_pack_autoload_packages))
   Call: (13) [system] 3=<4
   Exit: (13) [system] 3=<4
^  Call: (12) [logicmoo_startup] try_pending_init(during_boot, logicmoo_startup:at_current_Y(cuz('/var/lib/jenkins/.local/share/swi-prolog/pack/logicmoo_utils/prolog/logicmoo_packs.pl':49), logicmoo_packages:rescan_pack_autoload_packages))
^  Unify: (12) [logicmoo_startup] try_pending_init(during_boot, logicmoo_startup:at_current_Y(cuz('/var/lib/jenkins/.local/share/swi-prolog/pack/logicmoo_utils/prolog/logicmoo_packs.pl':49), logicmoo_packages:rescan_pack_autoload_packages))
^  Call: (13) [logicmoo_startup] logicmoo_startup:has_ran_once(_529280, logicmoo_startup:at_current_Y(cuz('/var/lib/jenkins/.local/share/swi-prolog/pack/logicmoo_utils/prolog/logicmoo_packs.pl':49), logicmoo_packages:rescan_pack_autoload_packages))
^  Unify: (13) [logicmoo_startup] logicmoo_startup:has_ran_once(_529904, logicmoo_startup:at_current_Y(cuz('/var/lib/jenkins/.local/share/swi-prolog/pack/logicmoo_utils/prolog/logicmoo_packs.pl':49), logicmoo_packages:rescan_pack_autoload_packages))
   Call: (14) [lmcache] lmcache:called_startup_goal(_530472, _530474)
   Unify: (14) [lmcache] lmcache:called_startup_goal(before_boot, logicmoo_startup:at_current_Y(cuz('/var/lib/jenkins/.local/share/swi-prolog/pack/logicmoo_utils/prolog/logicmoo_packs.pl':48), logicmoo_packages:rescan_pack_autoload_packages))
   Exit: (14) [lmcache] lmcache:called_startup_goal(before_boot, logicmoo_startup:at_current_Y(cuz('/var/lib/jenkins/.local/share/swi-prolog/pack/logicmoo_utils/prolog/logicmoo_packs.pl':48), logicmoo_packages:rescan_pack_autoload_packages))
   Call: (14) [system] logicmoo_startup:at_current_Y(cuz('/var/lib/jenkins/.local/share/swi-prolog/pack/logicmoo_utils/prolog/logicmoo_packs.pl':48), logicmoo_packages:rescan_pack_autoload_packages)=@=logicmoo_startup:at_current_Y(cuz('/var/lib/jenkins/.local/share/swi-prolog/pack/logicmoo_utils/prolog/logicmoo_packs.pl':49), logicmoo_packages:rescan_pack_autoload_packages)
   Fail: (14) [system] logicmoo_startup:at_current_Y(cuz('/var/lib/jenkins/.local/share/swi-prolog/pack/logicmoo_utils/prolog/logicmoo_packs.pl':48), logicmoo_packages:rescan_pack_autoload_packages)=@=logicmoo_startup:at_current_Y(cuz('/var/lib/jenkins/.local/share/swi-prolog/pack/logicmoo_utils/prolog/logicmoo_packs.pl':49), logicmoo_packages:rescan_pack_autoload_packages)
   Redo: (14) [lmcache] lmcache:called_startup_goal(_530472, _530474)
   Unify: (14) [lmcache] lmcache:called_startup_goal(before_boot, logicmoo_startup:at_current_Y(cuz('/var/lib/jenkins/.local/share/swi-prolog/pack/logicmoo_utils/prolog/logicmoo_lib.pl':108), user:gripe_time(40, if_file_exists(ensure_loaded(system:logicmoo_packs)))))
   Exit: (14) [lmcache] lmcache:called_startup_goal(before_boot, logicmoo_startup:at_current_Y(cuz('/var/lib/jenkins/.local/share/swi-prolog/pack/logicmoo_utils/prolog/logicmoo_lib.pl':108), user:gripe_time(40, if_file_exists(ensure_loaded(system:logicmoo_packs)))))
   Call: (14) [system] logicmoo_startup:at_current_Y(cuz('/var/lib/jenkins/.local/share/swi-prolog/pack/logicmoo_utils/prolog/logicmoo_lib.pl':108), user:gripe_time(40, if_file_exists(ensure_loaded(system:logicmoo_packs))))=@=logicmoo_startup:at_current_Y(cuz('/var/lib/jenkins/.local/share/swi-prolog/pack/logicmoo_utils/prolog/logicmoo_packs.pl':49), logicmoo_packages:rescan_pack_autoload_packages)
   Fail: (14) [system] logicmoo_startup:at_current_Y(cuz('/var/lib/jenkins/.local/share/swi-prolog/pack/logicmoo_utils/prolog/logicmoo_lib.pl':108), user:gripe_time(40, if_file_exists(ensure_loaded(system:logicmoo_packs))))=@=logicmoo_startup:at_current_Y(cuz('/var/lib/jenkins/.local/share/swi-prolog/pack/logicmoo_utils/prolog/logicmoo_packs.pl':49), logicmoo_packages:rescan_pack_autoload_packages)
   Redo: (14) [lmcache] lmcache:called_startup_goal(_530472, _530474)
   Unify: (14) [lmcache] lmcache:called_startup_goal(before_boot, logicmoo_startup:at_current_Y(cuz('/var/lib/jenkins/.local/share/swi-prolog/pack/logicmoo_utils/prolog/logicmoo_lib.pl':116), logicmoo_lib:rescan_pack_autoload_packages))
   Exit: (14) [lmcache] lmcache:called_startup_goal(before_boot, logicmoo_startup:at_current_Y(cuz('/var/lib/jenkins/.local/share/swi-prolog/pack/logicmoo_utils/prolog/logicmoo_lib.pl':116), logicmoo_lib:rescan_pack_autoload_packages))
   Call: (14) [system] logicmoo_startup:at_current_Y(cuz('/var/lib/jenkins/.local/share/swi-prolog/pack/logicmoo_utils/prolog/logicmoo_lib.pl':116), logicmoo_lib:rescan_pack_autoload_packages)=@=logicmoo_startup:at_current_Y(cuz('/var/lib/jenkins/.local/share/swi-prolog/pack/logicmoo_utils/prolog/logicmoo_packs.pl':49), logicmoo_packages:rescan_pack_autoload_packages)
   Fail: (14) [system] logicmoo_startup:at_current_Y(cuz('/var/lib/jenkins/.local/share/swi-prolog/pack/logicmoo_utils/prolog/logicmoo_lib.pl':116), logicmoo_lib:rescan_pack_autoload_packages)=@=logicmoo_startup:at_current_Y(cuz('/var/lib/jenkins/.local/share/swi-prolog/pack/logicmoo_utils/prolog/logicmoo_packs.pl':49), logicmoo_packages:rescan_pack_autoload_packages)
   Redo: (14) [lmcache] lmcache:called_startup_goal(_530472, _530474)
   Unify: (14) [lmcache] lmcache:called_startup_goal(before_boot, logicmoo_startup:at_current_Y(cuz('/var/lib/jenkins/.local/share/swi-prolog/pack/logicmoo_utils/prolog/logicmoo_lib.pl':196), user:gripe_time(40, if_file_exists(ensure_loaded(system:logicmoo_swilib)))))
   Exit: (14) [lmcache] lmcache:called_startup_goal(before_boot, logicmoo_startup:at_current_Y(cuz('/var/lib/jenkins/.local/share/swi-prolog/pack/logicmoo_utils/prolog/logicmoo_lib.pl':196), user:gripe_time(40, if_file_exists(ensure_loaded(system:logicmoo_swilib)))))
   Call: (14) [system] logicmoo_startup:at_current_Y(cuz('/var/lib/jenkins/.local/share/swi-prolog/pack/logicmoo_utils/prolog/logicmoo_lib.pl':196), user:gripe_time(40, if_file_exists(ensure_loaded(system:logicmoo_swilib))))=@=logicmoo_startup:at_current_Y(cuz('/var/lib/jenkins/.local/share/swi-prolog/pack/logicmoo_utils/prolog/logicmoo_packs.pl':49), logicmoo_packages:rescan_pack_autoload_packages)
   Fail: (14) [system] logicmoo_startup:at_current_Y(cuz('/var/lib/jenkins/.local/share/swi-prolog/pack/logicmoo_utils/prolog/logicmoo_lib.pl':196), user:gripe_time(40, if_file_exists(ensure_loaded(system:logicmoo_swilib))))=@=logicmoo_startup:at_current_Y(cuz('/var/lib/jenkins/.local/share/swi-prolog/pack/logicmoo_utils/prolog/logicmoo_packs.pl':49), logicmoo_packages:rescan_pack_autoload_packages)
   Redo: (14) [lmcache] lmcache:called_startup_goal(_530472, _530474)
   Unify: (14) [lmcache] lmcache:called_startup_goal(before_boot, logicmoo_startup:at_current_Y(cuz('/var/lib/jenkins/.local/share/swi-prolog/pack/pfc/prolog/pfc_lib.pl':519), pfc_lib:set_how_virtualize_file(false, '/var/lib/jenkins/.local/share/swi-prolog/pack/pfc/prolog/pfc_lib.pl')))
   Exit: (14) [lmcache] lmcache:called_startup_goal(before_boot, logicmoo_startup:at_current_Y(cuz('/var/lib/jenkins/.local/share/swi-prolog/pack/pfc/prolog/pfc_lib.pl':519), pfc_lib:set_how_virtualize_file(false, '/var/lib/jenkins/.local/share/swi-prolog/pack/pfc/prolog/pfc_lib.pl')))
   Call: (14) [system] logicmoo_startup:at_current_Y(cuz('/var/lib/jenkins/.local/share/swi-prolog/pack/pfc/prolog/pfc_lib.pl':519), pfc_lib:set_how_virtualize_file(false, '/var/lib/jenkins/.local/share/swi-prolog/pack/pfc/prolog/pfc_lib.pl'))=@=logicmoo_startup:at_current_Y(cuz('/var/lib/jenkins/.local/share/swi-prolog/pack/logicmoo_utils/prolog/logicmoo_packs.pl':49), logicmoo_packages:rescan_pack_autoload_packages)
   Fail: (14) [system] logicmoo_startup:at_current_Y(cuz('/var/lib/jenkins/.local/share/swi-prolog/pack/pfc/prolog/pfc_lib.pl':519), pfc_lib:set_how_virtualize_file(false, '/var/lib/jenkins/.local/share/swi-prolog/pack/pfc/prolog/pfc_lib.pl'))=@=logicmoo_startup:at_current_Y(cuz('/var/lib/jenkins/.local/share/swi-prolog/pack/logicmoo_utils/prolog/logicmoo_packs.pl':49), logicmoo_packages:rescan_pack_autoload_packages)
   Redo: (14) [lmcache] lmcache:called_startup_goal(_530472, _530474)
   Unify: (14) [lmcache] lmcache:called_startup_goal(before_boot, logicmoo_startup:at_current_Y(cuz('/var/lib/jenkins/.local/share/swi-prolog/pack/logicmoo_utils/prolog/logicmoo_lib.pl':286), logicmoo_lib:gripe_time(40, if_file_exists(ensure_loaded(logicmoo_lib:library(...))))))
   Exit: (14) [lmcache] lmcache:called_startup_goal(before_boot, logicmoo_startup:at_current_Y(cuz('/var/lib/jenkins/.local/share/swi-prolog/pack/logicmoo_utils/prolog/logicmoo_lib.pl':286), logicmoo_lib:gripe_time(40, if_file_exists(ensure_loaded(logicmoo_lib:library(...))))))
   Call: (14) [system] logicmoo_startup:at_current_Y(cuz('/var/lib/jenkins/.local/share/swi-prolog/pack/logicmoo_utils/prolog/logicmoo_lib.pl':286), logicmoo_lib:gripe_time(40, if_file_exists(ensure_loaded(logicmoo_lib:library(logicmoo_typesystem)))))=@=logicmoo_startup:at_current_Y(cuz('/var/lib/jenkins/.local/share/swi-prolog/pack/logicmoo_utils/prolog/logicmoo_packs.pl':49), logicmoo_packages:rescan_pack_autoload_packages)
   Fail: (14) [system] logicmoo_startup:at_current_Y(cuz('/var/lib/jenkins/.local/share/swi-prolog/pack/logicmoo_utils/prolog/logicmoo_lib.pl':286), logicmoo_lib:gripe_time(40, if_file_exists(ensure_loaded(logicmoo_lib:library(logicmoo_typesystem)))))=@=logicmoo_startup:at_current_Y(cuz('/var/lib/jenkins/.local/share/swi-prolog/pack/logicmoo_utils/prolog/logicmoo_packs.pl':49), logicmoo_packages:rescan_pack_autoload_packages)
   Redo: (14) [lmcache] lmcache:called_startup_goal(_530472, _530474)
   Unify: (14) [lmcache] lmcache:called_startup_goal(before_boot, logicmoo_startup:at_current_Y(cuz('/var/lib/jenkins/.local/share/swi-prolog/pack/logicmoo_utils/prolog/logicmoo_lib.pl':301), logicmoo_lib:gripe_time(40, if_file_exists(ensure_loaded(logicmoo_lib:library(...))))))
   Exit: (14) [lmcache] lmcache:called_startup_goal(before_boot, logicmoo_startup:at_current_Y(cuz('/var/lib/jenkins/.local/share/swi-prolog/pack/logicmoo_utils/prolog/logicmoo_lib.pl':301), logicmoo_lib:gripe_time(40, if_file_exists(ensure_loaded(logicmoo_lib:library(...))))))
   Call: (14) [system] logicmoo_startup:at_current_Y(cuz('/var/lib/jenkins/.local/share/swi-prolog/pack/logicmoo_utils/prolog/logicmoo_lib.pl':301), logicmoo_lib:gripe_time(40, if_file_exists(ensure_loaded(logicmoo_lib:library(logicmoo_plarkc)))))=@=logicmoo_startup:at_current_Y(cuz('/var/lib/jenkins/.local/share/swi-prolog/pack/logicmoo_utils/prolog/logicmoo_packs.pl':49), logicmoo_packages:rescan_pack_autoload_packages)
   Fail: (14) [system] logicmoo_startup:at_current_Y(cuz('/var/lib/jenkins/.local/share/swi-prolog/pack/logicmoo_utils/prolog/logicmoo_lib.pl':301), logicmoo_lib:gripe_time(40, if_file_exists(ensure_loaded(logicmoo_lib:library(logicmoo_plarkc)))))=@=logicmoo_startup:at_current_Y(cuz('/var/lib/jenkins/.local/share/swi-prolog/pack/logicmoo_utils/prolog/logicmoo_packs.pl':49), logicmoo_packages:rescan_pack_autoload_packages)
   Redo: (14) [lmcache] lmcache:called_startup_goal(_530472, _530474)
   Unify: (14) [lmcache] lmcache:called_startup_goal(before_boot, logicmoo_startup:at_current_Y(cuz('/var/lib/jenkins/.local/share/swi-prolog/pack/logicmoo_utils/prolog/logicmoo_lib.pl':308), logicmoo_lib:gripe_time(40, if_file_exists(ensure_loaded(logicmoo_lib:library(...))))))
   Exit: (14) [lmcache] lmcache:called_startup_goal(before_boot, logicmoo_startup:at_current_Y(cuz('/var/lib/jenkins/.local/share/swi-prolog/pack/logicmoo_utils/prolog/logicmoo_lib.pl':308), logicmoo_lib:gripe_time(40, if_file_exists(ensure_loaded(logicmoo_lib:library(...))))))
   Call: (14) [system] logicmoo_startup:at_current_Y(cuz('/var/lib/jenkins/.local/share/swi-prolog/pack/logicmoo_utils/prolog/logicmoo_lib.pl':308), logicmoo_lib:gripe_time(40, if_file_exists(ensure_loaded(logicmoo_lib:library(logicmoo_clif)))))=@=logicmoo_startup:at_current_Y(cuz('/var/lib/jenkins/.local/share/swi-prolog/pack/logicmoo_utils/prolog/logicmoo_packs.pl':49), logicmoo_packages:rescan_pack_autoload_packages)
   Fail: (14) [system] logicmoo_startup:at_current_Y(cuz('/var/lib/jenkins/.local/share/swi-prolog/pack/logicmoo_utils/prolog/logicmoo_lib.pl':308), logicmoo_lib:gripe_time(40, if_file_exists(ensure_loaded(logicmoo_lib:library(logicmoo_clif)))))=@=logicmoo_startup:at_current_Y(cuz('/var/lib/jenkins/.local/share/swi-prolog/pack/logicmoo_utils/prolog/logicmoo_packs.pl':49), logicmoo_packages:rescan_pack_autoload_packages)
   Redo: (14) [lmcache] lmcache:called_startup_goal(_530472, _530474)
   Unify: (14) [lmcache] lmcache:called_startup_goal(before_boot, logicmoo_startup:at_current_Y(cuz('/var/lib/jenkins/.local/share/swi-prolog/pack/logicmoo_utils/prolog/logicmoo_lib.pl':314), logicmoo_lib:(set_prolog_flag(do_renames, restore), gripe_time(60, baseKB:ensure_loaded(library(...))))))
   Exit: (14) [lmcache] lmcache:called_startup_goal(before_boot, logicmoo_startup:at_current_Y(cuz('/var/lib/jenkins/.local/share/swi-prolog/pack/logicmoo_utils/prolog/logicmoo_lib.pl':314), logicmoo_lib:(set_prolog_flag(do_renames, restore), gripe_time(60, baseKB:ensure_loaded(library(...))))))
   Call: (14) [system] logicmoo_startup:at_current_Y(cuz('/var/lib/jenkins/.local/share/swi-prolog/pack/logicmoo_utils/prolog/logicmoo_lib.pl':314), logicmoo_lib:(set_prolog_flag(do_renames, restore), gripe_time(60, baseKB:ensure_loaded(library('logicmoo/plarkc/logicmoo_u_cyc_kb_tinykb.pl')))))=@=logicmoo_startup:at_current_Y(cuz('/var/lib/jenkins/.local/share/swi-prolog/pack/logicmoo_utils/prolog/logicmoo_packs.pl':49), logicmoo_packages:rescan_pack_autoload_packages)
   Fail: (14) [system] logicmoo_startup:at_current_Y(cuz('/var/lib/jenkins/.local/share/swi-prolog/pack/logicmoo_utils/prolog/logicmoo_lib.pl':314), logicmoo_lib:(set_prolog_flag(do_renames, restore), gripe_time(60, baseKB:ensure_loaded(library('logicmoo/plarkc/logicmoo_u_cyc_kb_tinykb.pl')))))=@=logicmoo_startup:at_current_Y(cuz('/var/lib/jenkins/.local/share/swi-prolog/pack/logicmoo_utils/prolog/logicmoo_packs.pl':49), logicmoo_packages:rescan_pack_autoload_packages)
   Redo: (14) [lmcache] lmcache:called_startup_goal(_530472, _530474)
   Unify: (14) [lmcache] lmcache:called_startup_goal(before_boot, logicmoo_startup:at_current_Y(cuz('/var/lib/jenkins/.local/share/swi-prolog/pack/logicmoo_base/prolog/logicmoo_clif.pl':54), baseKB:(\+user:file_search_path(..., ...)->asserta(user:file_search_path(..., ...));true)))
   Exit: (14) [lmcache] lmcache:called_startup_goal(before_boot, logicmoo_startup:at_current_Y(cuz('/var/lib/jenkins/.local/share/swi-prolog/pack/logicmoo_base/prolog/logicmoo_clif.pl':54), baseKB:(\+user:file_search_path(..., ...)->asserta(user:file_search_path(..., ...));true)))
   Call: (14) [system] logicmoo_startup:at_current_Y(cuz('/var/lib/jenkins/.local/share/swi-prolog/pack/logicmoo_base/prolog/logicmoo_clif.pl':54), baseKB:(\+user:file_search_path(library, '/var/lib/jenkins/.local/share/swi-prolog/pack/logicmoo_base/prolog')->asserta(user:file_search_path(library, '/var/lib/jenkins/.local/share/swi-prolog/pack/logicmoo_base/prolog'));true))=@=logicmoo_startup:at_current_Y(cuz('/var/lib/jenkins/.local/share/swi-prolog/pack/logicmoo_utils/prolog/logicmoo_packs.pl':49), logicmoo_packages:rescan_pack_autoload_packages)
   Fail: (14) [system] logicmoo_startup:at_current_Y(cuz('/var/lib/jenkins/.local/share/swi-prolog/pack/logicmoo_base/prolog/logicmoo_clif.pl':54), baseKB:(\+user:file_search_path(library, '/var/lib/jenkins/.local/share/swi-prolog/pack/logicmoo_base/prolog')->asserta(user:file_search_path(library, '/var/lib/jenkins/.local/share/swi-prolog/pack/logicmoo_base/prolog'));true))=@=logicmoo_startup:at_current_Y(cuz('/var/lib/jenkins/.local/share/swi-prolog/pack/logicmoo_utils/prolog/logicmoo_packs.pl':49), logicmoo_packages:rescan_pack_autoload_packages)
^  Fail: (13) [logicmoo_startup] logicmoo_startup:has_ran_once(_561906, logicmoo_startup:at_current_Y(cuz('/var/lib/jenkins/.local/share/swi-prolog/pack/logicmoo_utils/prolog/logicmoo_packs.pl':49), logicmoo_packages:rescan_pack_autoload_packages))
^  Redo: (12) [logicmoo_startup] try_pending_init(during_boot, logicmoo_startup:at_current_Y(cuz('/var/lib/jenkins/.local/share/swi-prolog/pack/logicmoo_utils/prolog/logicmoo_packs.pl':49), logicmoo_packages:rescan_pack_autoload_packages))
^  Unify: (12) [logicmoo_startup] try_pending_init(during_boot, logicmoo_startup:at_current_Y(cuz('/var/lib/jenkins/.local/share/swi-prolog/pack/logicmoo_utils/prolog/logicmoo_packs.pl':49), logicmoo_packages:rescan_pack_autoload_packages))
^  Call: (13) [logicmoo_startup] assertz(lmcache:called_startup_goal(during_boot, logicmoo_startup:at_current_Y(cuz('/var/lib/jenkins/.local/share/swi-prolog/pack/logicmoo_utils/prolog/logicmoo_packs.pl':49), logicmoo_packages:rescan_pack_autoload_packages)))
^  Exit: (13) [logicmoo_startup] assertz(lmcache:called_startup_goal(during_boot, logicmoo_startup:at_current_Y(cuz('/var/lib/jenkins/.local/share/swi-prolog/pack/logicmoo_utils/prolog/logicmoo_packs.pl':49), logicmoo_packages:rescan_pack_autoload_packages)))
^  Call: (13) [logicmoo_startup] maybe_notrace(logicmoo_startup:at_current_Y(cuz('/var/lib/jenkins/.local/share/swi-prolog/pack/logicmoo_utils/prolog/logicmoo_packs.pl':49), logicmoo_packages:rescan_pack_autoload_packages))
^  Unify: (13) [logicmoo_startup] maybe_notrace(logicmoo_startup:at_current_Y(cuz('/var/lib/jenkins/.local/share/swi-prolog/pack/logicmoo_utils/prolog/logicmoo_packs.pl':49), logicmoo_packages:rescan_pack_autoload_packages))
   Call: (14) [edinburgh] edinburgh:debug
   Unify: (14) [edinburgh] edinburgh:debug
   Call: (15) [system] set_prolog_flag(debug, true)
   Exit: (15) [system] set_prolog_flag(debug, true)
   Exit: (14) [edinburgh] edinburgh:debug
^  Call: (14) [logicmoo_startup] maybe_one(quietly(logicmoo_startup:at_current_Y(cuz('/var/lib/jenkins/.local/share/swi-prolog/pack/logicmoo_utils/prolog/logicmoo_packs.pl':49), logicmoo_packages:rescan_pack_autoload_packages)), ftrace(logicmoo_startup:at_current_Y(cuz('/var/lib/jenkins/.local/share/swi-prolog/pack/logicmoo_utils/prolog/logicmoo_packs.pl':49), logicmoo_packages:rescan_pack_autoload_packages)))
^  Unify: (14) [logicmoo_startup] maybe_one(logicmoo_startup:quietly(logicmoo_startup:at_current_Y(cuz('/var/lib/jenkins/.local/share/swi-prolog/pack/logicmoo_utils/prolog/logicmoo_packs.pl':49), logicmoo_packages:rescan_pack_autoload_packages)), logicmoo_startup:ftrace(logicmoo_startup:at_current_Y(cuz('/var/lib/jenkins/.local/share/swi-prolog/pack/logicmoo_utils/prolog/logicmoo_packs.pl':49), logicmoo_packages:rescan_pack_autoload_packages)))
^  Call: (16) [logicmoo_startup] call(logicmoo_startup:quietly(logicmoo_startup:at_current_Y(cuz('/var/lib/jenkins/.local/share/swi-prolog/pack/logicmoo_utils/prolog/logicmoo_packs.pl':49), logicmoo_packages:rescan_pack_autoload_packages)))
^  Unify: (16) [system] call(logicmoo_startup:quietly(logicmoo_startup:at_current_Y(cuz('/var/lib/jenkins/.local/share/swi-prolog/pack/logicmoo_utils/prolog/logicmoo_packs.pl':49), logicmoo_packages:rescan_pack_autoload_packages)))
^  Call: (17) [logicmoo_startup] quietly(logicmoo_startup:at_current_Y(cuz('/var/lib/jenkins/.local/share/swi-prolog/pack/logicmoo_utils/prolog/logicmoo_packs.pl':49), logicmoo_packages:rescan_pack_autoload_packages))
^  Unify: (17) [rtrace] quietly(logicmoo_startup:at_current_Y(cuz('/var/lib/jenkins/.local/share/swi-prolog/pack/logicmoo_utils/prolog/logicmoo_packs.pl':49), logicmoo_packages:rescan_pack_autoload_packages))
   Call: (19) [system] _573520=mquietly_if(true, rtrace:tAt_rtrace)
   Exit: (19) [system] mquietly_if(true, rtrace:tAt_rtrace)=mquietly_if(true, rtrace:tAt_rtrace)
^  Call: (19) [must_sanity] setup_call_cleanup(rtrace:notrace(visible(-all)),  ((logicmoo_startup:at_current_Y(cuz('/var/lib/jenkins/.local/share/swi-prolog/pack/logicmoo_utils/prolog/logicmoo_packs.pl':49), logicmoo_packages:rescan_pack_autoload_packages), deterministic(_574778)), (notrace(_574778==true)->!;rtrace:tAt_rtrace, notrace(nb_setarg(1, mquietly_if(true, rtrace:tAt_rtrace), false));rtrace:notrace(visible(-all)), notrace(nb_setarg(1, mquietly_if(true, ... : ...), true)), notrace(fail))), mquietly_if(true, rtrace:tAt_rtrace))
^  Unify: (19) [system] setup_call_cleanup(rtrace:notrace(visible(-all)), must_sanity:((logicmoo_startup:at_current_Y(cuz('/var/lib/jenkins/.local/share/swi-prolog/pack/logicmoo_utils/prolog/logicmoo_packs.pl':49), logicmoo_packages:rescan_pack_autoload_packages), deterministic(_574778)), (notrace(_574778==true)->!;rtrace:tAt_rtrace, notrace(nb_setarg(1, mquietly_if(true, ... : ...), false));rtrace:notrace(visible(- ...)), notrace(nb_setarg(1, mquietly_if(..., ...), true)), notrace(fail))), must_sanity:mquietly_if(true, rtrace:tAt_rtrace))
^  Call: (20) [system] setup_call_catcher_cleanup(rtrace:notrace(visible(-all)), must_sanity:((logicmoo_startup:at_current_Y(cuz('/var/lib/jenkins/.local/share/swi-prolog/pack/logicmoo_utils/prolog/logicmoo_packs.pl':49), logicmoo_packages:rescan_pack_autoload_packages), deterministic(_574778)), (notrace(_574778==true)->!;rtrace:tAt_rtrace, notrace(nb_setarg(1, mquietly_if(true, ... : ...), false));rtrace:notrace(visible(- ...)), notrace(nb_setarg(1, mquietly_if(..., ...), true)), notrace(fail))), _576182, must_sanity:mquietly_if(true, rtrace:tAt_rtrace))
^  Unify: (20) [system] setup_call_catcher_cleanup(rtrace:notrace(visible(-all)), must_sanity:((logicmoo_startup:at_current_Y(cuz('/var/lib/jenkins/.local/share/swi-prolog/pack/logicmoo_utils/prolog/logicmoo_packs.pl':49), logicmoo_packages:rescan_pack_autoload_packages), deterministic(_574778)), (notrace(_574778==true)->!;rtrace:tAt_rtrace, notrace(nb_setarg(1, mquietly_if(true, ... : ...), false));rtrace:notrace(visible(- ...)), notrace(nb_setarg(1, mquietly_if(..., ...), true)), notrace(fail))), _576814, must_sanity:mquietly_if(true, rtrace:tAt_rtrace))
%~ READONLY PACKAGES
^  Exit: (22) [must_sanity] must_sanity:mquietly_if(true, rtrace:tAt_rtrace)
^  Exit: (20) [system] setup_call_catcher_cleanup(rtrace:notrace(visible(-all)), must_sanity:((logicmoo_startup:at_current_Y(cuz('/var/lib/jenkins/.local/share/swi-prolog/pack/logicmoo_utils/prolog/logicmoo_packs.pl':49), logicmoo_packages:rescan_pack_autoload_packages), deterministic(true)), (notrace(true==true)->!;rtrace:tAt_rtrace, notrace(nb_setarg(1, mquietly_if(true, ... : ...), false));rtrace:notrace(visible(- ...)), notrace(nb_setarg(1, mquietly_if(..., ...), true)), notrace(fail))), exit, must_sanity:mquietly_if(true, rtrace:tAt_rtrace))
^  Exit: (19) [system] setup_call_cleanup(rtrace:notrace(visible(-all)), must_sanity:((logicmoo_startup:at_current_Y(cuz('/var/lib/jenkins/.local/share/swi-prolog/pack/logicmoo_utils/prolog/logicmoo_packs.pl':49), logicmoo_packages:rescan_pack_autoload_packages), deterministic(true)), (notrace(true==true)->!;rtrace:tAt_rtrace, notrace(nb_setarg(1, mquietly_if(true, ... : ...), false));rtrace:notrace(visible(- ...)), notrace(nb_setarg(1, mquietly_if(..., ...), true)), notrace(fail))), must_sanity:mquietly_if(true, rtrace:tAt_rtrace))
^  Exit: (17) [rtrace] quietly(logicmoo_startup:at_current_Y(cuz('/var/lib/jenkins/.local/share/swi-prolog/pack/logicmoo_utils/prolog/logicmoo_packs.pl':49), logicmoo_packages:rescan_pack_autoload_packages))
^  Exit: (16) [system] call(logicmoo_startup:quietly(logicmoo_startup:at_current_Y(cuz('/var/lib/jenkins/.local/share/swi-prolog/pack/logicmoo_utils/prolog/logicmoo_packs.pl':49), logicmoo_packages:rescan_pack_autoload_packages)))
   Call: (15) [system] true
   Exit: (15) [system] true
^  Exit: (14) [logicmoo_startup] maybe_one(logicmoo_startup:quietly(logicmoo_startup:at_current_Y(cuz('/var/lib/jenkins/.local/share/swi-prolog/pack/logicmoo_utils/prolog/logicmoo_packs.pl':49), logicmoo_packages:rescan_pack_autoload_packages)), logicmoo_startup:ftrace(logicmoo_startup:at_current_Y(cuz('/var/lib/jenkins/.local/share/swi-prolog/pack/logicmoo_utils/prolog/logicmoo_packs.pl':49), logicmoo_packages:rescan_pack_autoload_packages)))
^  Exit: (13) [logicmoo_startup] maybe_notrace(logicmoo_startup:at_current_Y(cuz('/var/lib/jenkins/.local/share/swi-prolog/pack/logicmoo_utils/prolog/logicmoo_packs.pl':49), logicmoo_packages:rescan_pack_autoload_packages))
   Call: (13) [system] true
   Exit: (13) [system] true
^  Exit: (12) [logicmoo_startup] try_pending_init(during_boot, logicmoo_startup:at_current_Y(cuz('/var/lib/jenkins/.local/share/swi-prolog/pack/logicmoo_utils/prolog/logicmoo_packs.pl':49), logicmoo_packages:rescan_pack_autoload_packages))
   Redo: (13) [lmconf] lmconf:at_restore_goal(during_boot, _63180)
   Unify: (13) [lmconf] lmconf:at_restore_goal(during_boot, logicmoo_startup:at_current_Y(cuz('/var/lib/jenkins/.local/share/swi-prolog/pack/pfc/prolog/pfc_lib.pl':519), pfc_lib:set_how_virtualize_file(false, '/var/lib/jenkins/.local/share/swi-prolog/pack/pfc/prolog/pfc_lib.pl')))
   Exit: (13) [lmconf] lmconf:at_restore_goal(during_boot, logicmoo_startup:at_current_Y(cuz('/var/lib/jenkins/.local/share/swi-prolog/pack/pfc/prolog/pfc_lib.pl':519), pfc_lib:set_how_virtualize_file(false, '/var/lib/jenkins/.local/share/swi-prolog/pack/pfc/prolog/pfc_lib.pl')))
   Call: (13) [system] 3=<4
   Exit: (13) [system] 3=<4
^  Call: (12) [logicmoo_startup] try_pending_init(during_boot, logicmoo_startup:at_current_Y(cuz('/var/lib/jenkins/.local/share/swi-prolog/pack/pfc/prolog/pfc_lib.pl':519), pfc_lib:set_how_virtualize_file(false, '/var/lib/jenkins/.local/share/swi-prolog/pack/pfc/prolog/pfc_lib.pl')))
^  Unify: (12) [logicmoo_startup] try_pending_init(during_boot, logicmoo_startup:at_current_Y(cuz('/var/lib/jenkins/.local/share/swi-prolog/pack/pfc/prolog/pfc_lib.pl':519), pfc_lib:set_how_virtualize_file(false, '/var/lib/jenkins/.local/share/swi-prolog/pack/pfc/prolog/pfc_lib.pl')))
^  Call: (13) [logicmoo_startup] logicmoo_startup:has_ran_once(_594346, logicmoo_startup:at_current_Y(cuz('/var/lib/jenkins/.local/share/swi-prolog/pack/pfc/prolog/pfc_lib.pl':519), pfc_lib:set_how_virtualize_file(false, '/var/lib/jenkins/.local/share/swi-prolog/pack/pfc/prolog/pfc_lib.pl')))
^  Unify: (13) [logicmoo_startup] logicmoo_startup:has_ran_once(_594970, logicmoo_startup:at_current_Y(cuz('/var/lib/jenkins/.local/share/swi-prolog/pack/pfc/prolog/pfc_lib.pl':519), pfc_lib:set_how_virtualize_file(false, '/var/lib/jenkins/.local/share/swi-prolog/pack/pfc/prolog/pfc_lib.pl')))
   Call: (14) [lmcache] lmcache:called_startup_goal(_595538, _595540)
   Unify: (14) [lmcache] lmcache:called_startup_goal(before_boot, logicmoo_startup:at_current_Y(cuz('/var/lib/jenkins/.local/share/swi-prolog/pack/logicmoo_utils/prolog/logicmoo_packs.pl':48), logicmoo_packages:rescan_pack_autoload_packages))
   Exit: (14) [lmcache] lmcache:called_startup_goal(before_boot, logicmoo_startup:at_current_Y(cuz('/var/lib/jenkins/.local/share/swi-prolog/pack/logicmoo_utils/prolog/logicmoo_packs.pl':48), logicmoo_packages:rescan_pack_autoload_packages))
   Call: (14) [system] logicmoo_startup:at_current_Y(cuz('/var/lib/jenkins/.local/share/swi-prolog/pack/logicmoo_utils/prolog/logicmoo_packs.pl':48), logicmoo_packages:rescan_pack_autoload_packages)=@=logicmoo_startup:at_current_Y(cuz('/var/lib/jenkins/.local/share/swi-prolog/pack/pfc/prolog/pfc_lib.pl':519), pfc_lib:set_how_virtualize_file(false, '/var/lib/jenkins/.local/share/swi-prolog/pack/pfc/prolog/pfc_lib.pl'))
   Fail: (14) [system] logicmoo_startup:at_current_Y(cuz('/var/lib/jenkins/.local/share/swi-prolog/pack/logicmoo_utils/prolog/logicmoo_packs.pl':48), logicmoo_packages:rescan_pack_autoload_packages)=@=logicmoo_startup:at_current_Y(cuz('/var/lib/jenkins/.local/share/swi-prolog/pack/pfc/prolog/pfc_lib.pl':519), pfc_lib:set_how_virtualize_file(false, '/var/lib/jenkins/.local/share/swi-prolog/pack/pfc/prolog/pfc_lib.pl'))
   Redo: (14) [lmcache] lmcache:called_startup_goal(_595538, _595540)
   Unify: (14) [lmcache] lmcache:called_startup_goal(before_boot, logicmoo_startup:at_current_Y(cuz('/var/lib/jenkins/.local/share/swi-prolog/pack/logicmoo_utils/prolog/logicmoo_lib.pl':108), user:gripe_time(40, if_file_exists(ensure_loaded(system:logicmoo_packs)))))
   Exit: (14) [lmcache] lmcache:called_startup_goal(before_boot, logicmoo_startup:at_current_Y(cuz('/var/lib/jenkins/.local/share/swi-prolog/pack/logicmoo_utils/prolog/logicmoo_lib.pl':108), user:gripe_time(40, if_file_exists(ensure_loaded(system:logicmoo_packs)))))
   Call: (14) [system] logicmoo_startup:at_current_Y(cuz('/var/lib/jenkins/.local/share/swi-prolog/pack/logicmoo_utils/prolog/logicmoo_lib.pl':108), user:gripe_time(40, if_file_exists(ensure_loaded(system:logicmoo_packs))))=@=logicmoo_startup:at_current_Y(cuz('/var/lib/jenkins/.local/share/swi-prolog/pack/pfc/prolog/pfc_lib.pl':519), pfc_lib:set_how_virtualize_file(false, '/var/lib/jenkins/.local/share/swi-prolog/pack/pfc/prolog/pfc_lib.pl'))
   Fail: (14) [system] logicmoo_startup:at_current_Y(cuz('/var/lib/jenkins/.local/share/swi-prolog/pack/logicmoo_utils/prolog/logicmoo_lib.pl':108), user:gripe_time(40, if_file_exists(ensure_loaded(system:logicmoo_packs))))=@=logicmoo_startup:at_current_Y(cuz('/var/lib/jenkins/.local/share/swi-prolog/pack/pfc/prolog/pfc_lib.pl':519), pfc_lib:set_how_virtualize_file(false, '/var/lib/jenkins/.local/share/swi-prolog/pack/pfc/prolog/pfc_lib.pl'))
   Redo: (14) [lmcache] lmcache:called_startup_goal(_595538, _595540)
   Unify: (14) [lmcache] lmcache:called_startup_goal(before_boot, logicmoo_startup:at_current_Y(cuz('/var/lib/jenkins/.local/share/swi-prolog/pack/logicmoo_utils/prolog/logicmoo_lib.pl':116), logicmoo_lib:rescan_pack_autoload_packages))
   Exit: (14) [lmcache] lmcache:called_startup_goal(before_boot, logicmoo_startup:at_current_Y(cuz('/var/lib/jenkins/.local/share/swi-prolog/pack/logicmoo_utils/prolog/logicmoo_lib.pl':116), logicmoo_lib:rescan_pack_autoload_packages))
   Call: (14) [system] logicmoo_startup:at_current_Y(cuz('/var/lib/jenkins/.local/share/swi-prolog/pack/logicmoo_utils/prolog/logicmoo_lib.pl':116), logicmoo_lib:rescan_pack_autoload_packages)=@=logicmoo_startup:at_current_Y(cuz('/var/lib/jenkins/.local/share/swi-prolog/pack/pfc/prolog/pfc_lib.pl':519), pfc_lib:set_how_virtualize_file(false, '/var/lib/jenkins/.local/share/swi-prolog/pack/pfc/prolog/pfc_lib.pl'))
   Fail: (14) [system] logicmoo_startup:at_current_Y(cuz('/var/lib/jenkins/.local/share/swi-prolog/pack/logicmoo_utils/prolog/logicmoo_lib.pl':116), logicmoo_lib:rescan_pack_autoload_packages)=@=logicmoo_startup:at_current_Y(cuz('/var/lib/jenkins/.local/share/swi-prolog/pack/pfc/prolog/pfc_lib.pl':519), pfc_lib:set_how_virtualize_file(false, '/var/lib/jenkins/.local/share/swi-prolog/pack/pfc/prolog/pfc_lib.pl'))
   Redo: (14) [lmcache] lmcache:called_startup_goal(_595538, _595540)
   Unify: (14) [lmcache] lmcache:called_startup_goal(before_boot, logicmoo_startup:at_current_Y(cuz('/var/lib/jenkins/.local/share/swi-prolog/pack/logicmoo_utils/prolog/logicmoo_lib.pl':196), user:gripe_time(40, if_file_exists(ensure_loaded(system:logicmoo_swilib)))))
   Exit: (14) [lmcache] lmcache:called_startup_goal(before_boot, logicmoo_startup:at_current_Y(cuz('/var/lib/jenkins/.local/share/swi-prolog/pack/logicmoo_utils/prolog/logicmoo_lib.pl':196), user:gripe_time(40, if_file_exists(ensure_loaded(system:logicmoo_swilib)))))
   Call: (14) [system] logicmoo_startup:at_current_Y(cuz('/var/lib/jenkins/.local/share/swi-prolog/pack/logicmoo_utils/prolog/logicmoo_lib.pl':196), user:gripe_time(40, if_file_exists(ensure_loaded(system:logicmoo_swilib))))=@=logicmoo_startup:at_current_Y(cuz('/var/lib/jenkins/.local/share/swi-prolog/pack/pfc/prolog/pfc_lib.pl':519), pfc_lib:set_how_virtualize_file(false, '/var/lib/jenkins/.local/share/swi-prolog/pack/pfc/prolog/pfc_lib.pl'))
   Fail: (14) [system] logicmoo_startup:at_current_Y(cuz('/var/lib/jenkins/.local/share/swi-prolog/pack/logicmoo_utils/prolog/logicmoo_lib.pl':196), user:gripe_time(40, if_file_exists(ensure_loaded(system:logicmoo_swilib))))=@=logicmoo_startup:at_current_Y(cuz('/var/lib/jenkins/.local/share/swi-prolog/pack/pfc/prolog/pfc_lib.pl':519), pfc_lib:set_how_virtualize_file(false, '/var/lib/jenkins/.local/share/swi-prolog/pack/pfc/prolog/pfc_lib.pl'))
   Redo: (14) [lmcache] lmcache:called_startup_goal(_595538, _595540)
   Unify: (14) [lmcache] lmcache:called_startup_goal(before_boot, logicmoo_startup:at_current_Y(cuz('/var/lib/jenkins/.local/share/swi-prolog/pack/pfc/prolog/pfc_lib.pl':519), pfc_lib:set_how_virtualize_file(false, '/var/lib/jenkins/.local/share/swi-prolog/pack/pfc/prolog/pfc_lib.pl')))
   Exit: (14) [lmcache] lmcache:called_startup_goal(before_boot, logicmoo_startup:at_current_Y(cuz('/var/lib/jenkins/.local/share/swi-prolog/pack/pfc/prolog/pfc_lib.pl':519), pfc_lib:set_how_virtualize_file(false, '/var/lib/jenkins/.local/share/swi-prolog/pack/pfc/prolog/pfc_lib.pl')))
   Call: (14) [system] logicmoo_startup:at_current_Y(cuz('/var/lib/jenkins/.local/share/swi-prolog/pack/pfc/prolog/pfc_lib.pl':519), pfc_lib:set_how_virtualize_file(false, '/var/lib/jenkins/.local/share/swi-prolog/pack/pfc/prolog/pfc_lib.pl'))=@=logicmoo_startup:at_current_Y(cuz('/var/lib/jenkins/.local/share/swi-prolog/pack/pfc/prolog/pfc_lib.pl':519), pfc_lib:set_how_virtualize_file(false, '/var/lib/jenkins/.local/share/swi-prolog/pack/pfc/prolog/pfc_lib.pl'))
   Exit: (14) [system] logicmoo_startup:at_current_Y(cuz('/var/lib/jenkins/.local/share/swi-prolog/pack/pfc/prolog/pfc_lib.pl':519), pfc_lib:set_how_virtualize_file(false, '/var/lib/jenkins/.local/share/swi-prolog/pack/pfc/prolog/pfc_lib.pl'))=@=logicmoo_startup:at_current_Y(cuz('/var/lib/jenkins/.local/share/swi-prolog/pack/pfc/prolog/pfc_lib.pl':519), pfc_lib:set_how_virtualize_file(false, '/var/lib/jenkins/.local/share/swi-prolog/pack/pfc/prolog/pfc_lib.pl'))
^  Exit: (13) [logicmoo_startup] logicmoo_startup:has_ran_once(before_boot, logicmoo_startup:at_current_Y(cuz('/var/lib/jenkins/.local/share/swi-prolog/pack/pfc/prolog/pfc_lib.pl':519), pfc_lib:set_how_virtualize_file(false, '/var/lib/jenkins/.local/share/swi-prolog/pack/pfc/prolog/pfc_lib.pl')))
^  Exit: (12) [logicmoo_startup] try_pending_init(during_boot, logicmoo_startup:at_current_Y(cuz('/var/lib/jenkins/.local/share/swi-prolog/pack/pfc/prolog/pfc_lib.pl':519), pfc_lib:set_how_virtualize_file(false, '/var/lib/jenkins/.local/share/swi-prolog/pack/pfc/prolog/pfc_lib.pl')))
   Redo: (13) [lmconf] lmconf:at_restore_goal(during_boot, _63180)
   Unify: (13) [lmconf] lmconf:at_restore_goal(during_boot, logicmoo_startup:at_current_Y(cuz('/var/lib/jenkins/.local/share/swi-prolog/pack/logicmoo_base/prolog/logicmoo/typesystem/mpred_type_constraints.pl':284), mpred_type_constraints:add_history((_613112=(loves(..., ...), ~ ...), must(args_enforce_bound(..., ...)), writeq(_613156)))))
   Exit: (13) [lmconf] lmconf:at_restore_goal(during_boot, logicmoo_startup:at_current_Y(cuz('/var/lib/jenkins/.local/share/swi-prolog/pack/logicmoo_base/prolog/logicmoo/typesystem/mpred_type_constraints.pl':284), mpred_type_constraints:add_history((_613112=(loves(..., ...), ~ ...), must(args_enforce_bound(..., ...)), writeq(_613156)))))
   Call: (13) [system] 3=<4
   Exit: (13) [system] 3=<4
^  Call: (12) [logicmoo_startup] try_pending_init(during_boot, logicmoo_startup:at_current_Y(cuz('/var/lib/jenkins/.local/share/swi-prolog/pack/logicmoo_base/prolog/logicmoo/typesystem/mpred_type_constraints.pl':284), mpred_type_constraints:add_history((_613112=(loves(_613124, _613126), ~knows(..., ...)), must(args_enforce_bound(_613112, _613156)), writeq(_613156)))))
^  Unify: (12) [logicmoo_startup] try_pending_init(during_boot, logicmoo_startup:at_current_Y(cuz('/var/lib/jenkins/.local/share/swi-prolog/pack/logicmoo_base/prolog/logicmoo/typesystem/mpred_type_constraints.pl':284), mpred_type_constraints:add_history((_613112=(loves(_613124, _613126), ~knows(..., ...)), must(args_enforce_bound(_613112, _613156)), writeq(_613156)))))
^  Call: (13) [logicmoo_startup] logicmoo_startup:has_ran_once(_616994, logicmoo_startup:at_current_Y(cuz('/var/lib/jenkins/.local/share/swi-prolog/pack/logicmoo_base/prolog/logicmoo/typesystem/mpred_type_constraints.pl':284), mpred_type_constraints:add_history((_613112=(loves(..., ...), ~ ...), must(args_enforce_bound(..., ...)), writeq(_613156)))))
^  Unify: (13) [logicmoo_startup] logicmoo_startup:has_ran_once(_617618, logicmoo_startup:at_current_Y(cuz('/var/lib/jenkins/.local/share/swi-prolog/pack/logicmoo_base/prolog/logicmoo/typesystem/mpred_type_constraints.pl':284), mpred_type_constraints:add_history((_613112=(loves(..., ...), ~ ...), must(args_enforce_bound(..., ...)), writeq(_613156)))))
   Call: (14) [lmcache] lmcache:called_startup_goal(_618186, _618188)
   Unify: (14) [lmcache] lmcache:called_startup_goal(before_boot, logicmoo_startup:at_current_Y(cuz('/var/lib/jenkins/.local/share/swi-prolog/pack/logicmoo_utils/prolog/logicmoo_packs.pl':48), logicmoo_packages:rescan_pack_autoload_packages))
   Exit: (14) [lmcache] lmcache:called_startup_goal(before_boot, logicmoo_startup:at_current_Y(cuz('/var/lib/jenkins/.local/share/swi-prolog/pack/logicmoo_utils/prolog/logicmoo_packs.pl':48), logicmoo_packages:rescan_pack_autoload_packages))
   Call: (14) [system] logicmoo_startup:at_current_Y(cuz('/var/lib/jenkins/.local/share/swi-prolog/pack/logicmoo_utils/prolog/logicmoo_packs.pl':48), logicmoo_packages:rescan_pack_autoload_packages)=@=logicmoo_startup:at_current_Y(cuz('/var/lib/jenkins/.local/share/swi-prolog/pack/logicmoo_base/prolog/logicmoo/typesystem/mpred_type_constraints.pl':284), mpred_type_constraints:add_history((_613112=(loves(_613124, _613126), ~knows(..., ...)), must(args_enforce_bound(_613112, _613156)), writeq(_613156))))
   Fail: (14) [system] logicmoo_startup:at_current_Y(cuz('/var/lib/jenkins/.local/share/swi-prolog/pack/logicmoo_utils/prolog/logicmoo_packs.pl':48), logicmoo_packages:rescan_pack_autoload_packages)=@=logicmoo_startup:at_current_Y(cuz('/var/lib/jenkins/.local/share/swi-prolog/pack/logicmoo_base/prolog/logicmoo/typesystem/mpred_type_constraints.pl':284), mpred_type_constraints:add_history((_613112=(loves(_613124, _613126), ~knows(..., ...)), must(args_enforce_bound(_613112, _613156)), writeq(_613156))))
   Redo: (14) [lmcache] lmcache:called_startup_goal(_618186, _618188)
   Unify: (14) [lmcache] lmcache:called_startup_goal(before_boot, logicmoo_startup:at_current_Y(cuz('/var/lib/jenkins/.local/share/swi-prolog/pack/logicmoo_utils/prolog/logicmoo_lib.pl':108), user:gripe_time(40, if_file_exists(ensure_loaded(system:logicmoo_packs)))))
   Exit: (14) [lmcache] lmcache:called_startup_goal(before_boot, logicmoo_startup:at_current_Y(cuz('/var/lib/jenkins/.local/share/swi-prolog/pack/logicmoo_utils/prolog/logicmoo_lib.pl':108), user:gripe_time(40, if_file_exists(ensure_loaded(system:logicmoo_packs)))))
   Call: (14) [system] logicmoo_startup:at_current_Y(cuz('/var/lib/jenkins/.local/share/swi-prolog/pack/logicmoo_utils/prolog/logicmoo_lib.pl':108), user:gripe_time(40, if_file_exists(ensure_loaded(system:logicmoo_packs))))=@=logicmoo_startup:at_current_Y(cuz('/var/lib/jenkins/.local/share/swi-prolog/pack/logicmoo_base/prolog/logicmoo/typesystem/mpred_type_constraints.pl':284), mpred_type_constraints:add_history((_613112=(loves(_613124, _613126), ~knows(..., ...)), must(args_enforce_bound(_613112, _613156)), writeq(_613156))))
   Fail: (14) [system] logicmoo_startup:at_current_Y(cuz('/var/lib/jenkins/.local/share/swi-prolog/pack/logicmoo_utils/prolog/logicmoo_lib.pl':108), user:gripe_time(40, if_file_exists(ensure_loaded(system:logicmoo_packs))))=@=logicmoo_startup:at_current_Y(cuz('/var/lib/jenkins/.local/share/swi-prolog/pack/logicmoo_base/prolog/logicmoo/typesystem/mpred_type_constraints.pl':284), mpred_type_constraints:add_history((_613112=(loves(_613124, _613126), ~knows(..., ...)), must(args_enforce_bound(_613112, _613156)), writeq(_613156))))
   Redo: (14) [lmcache] lmcache:called_startup_goal(_618186, _618188)
   Unify: (14) [lmcache] lmcache:called_startup_goal(before_boot, logicmoo_startup:at_current_Y(cuz('/var/lib/jenkins/.local/share/swi-prolog/pack/logicmoo_utils/prolog/logicmoo_lib.pl':116), logicmoo_lib:rescan_pack_autoload_packages))
   Exit: (14) [lmcache] lmcache:called_startup_goal(before_boot, logicmoo_startup:at_current_Y(cuz('/var/lib/jenkins/.local/share/swi-prolog/pack/logicmoo_utils/prolog/logicmoo_lib.pl':116), logicmoo_lib:rescan_pack_autoload_packages))
   Call: (14) [system] logicmoo_startup:at_current_Y(cuz('/var/lib/jenkins/.local/share/swi-prolog/pack/logicmoo_utils/prolog/logicmoo_lib.pl':116), logicmoo_lib:rescan_pack_autoload_packages)=@=logicmoo_startup:at_current_Y(cuz('/var/lib/jenkins/.local/share/swi-prolog/pack/logicmoo_base/prolog/logicmoo/typesystem/mpred_type_constraints.pl':284), mpred_type_constraints:add_history((_613112=(loves(_613124, _613126), ~knows(..., ...)), must(args_enforce_bound(_613112, _613156)), writeq(_613156))))
   Fail: (14) [system] logicmoo_startup:at_current_Y(cuz('/var/lib/jenkins/.local/share/swi-prolog/pack/logicmoo_utils/prolog/logicmoo_lib.pl':116), logicmoo_lib:rescan_pack_autoload_packages)=@=logicmoo_startup:at_current_Y(cuz('/var/lib/jenkins/.local/share/swi-prolog/pack/logicmoo_base/prolog/logicmoo/typesystem/mpred_type_constraints.pl':284), mpred_type_constraints:add_history((_613112=(loves(_613124, _613126), ~knows(..., ...)), must(args_enforce_bound(_613112, _613156)), writeq(_613156))))
   Redo: (14) [lmcache] lmcache:called_startup_goal(_618186, _618188)
   Unify: (14) [lmcache] lmcache:called_startup_goal(before_boot, logicmoo_startup:at_current_Y(cuz('/var/lib/jenkins/.local/share/swi-prolog/pack/logicmoo_utils/prolog/logicmoo_lib.pl':196), user:gripe_time(40, if_file_exists(ensure_loaded(system:logicmoo_swilib)))))
   Exit: (14) [lmcache] lmcache:called_startup_goal(before_boot, logicmoo_startup:at_current_Y(cuz('/var/lib/jenkins/.local/share/swi-prolog/pack/logicmoo_utils/prolog/logicmoo_lib.pl':196), user:gripe_time(40, if_file_exists(ensure_loaded(system:logicmoo_swilib)))))
   Call: (14) [system] logicmoo_startup:at_current_Y(cuz('/var/lib/jenkins/.local/share/swi-prolog/pack/logicmoo_utils/prolog/logicmoo_lib.pl':196), user:gripe_time(40, if_file_exists(ensure_loaded(system:logicmoo_swilib))))=@=logicmoo_startup:at_current_Y(cuz('/var/lib/jenkins/.local/share/swi-prolog/pack/logicmoo_base/prolog/logicmoo/typesystem/mpred_type_constraints.pl':284), mpred_type_constraints:add_history((_613112=(loves(_613124, _613126), ~knows(..., ...)), must(args_enforce_bound(_613112, _613156)), writeq(_613156))))
   Fail: (14) [system] logicmoo_startup:at_current_Y(cuz('/var/lib/jenkins/.local/share/swi-prolog/pack/logicmoo_utils/prolog/logicmoo_lib.pl':196), user:gripe_time(40, if_file_exists(ensure_loaded(system:logicmoo_swilib))))=@=logicmoo_startup:at_current_Y(cuz('/var/lib/jenkins/.local/share/swi-prolog/pack/logicmoo_base/prolog/logicmoo/typesystem/mpred_type_constraints.pl':284), mpred_type_constraints:add_history((_613112=(loves(_613124, _613126), ~knows(..., ...)), must(args_enforce_bound(_613112, _613156)), writeq(_613156))))
   Redo: (14) [lmcache] lmcache:called_startup_goal(_618186, _618188)
   Unify: (14) [lmcache] lmcache:called_startup_goal(before_boot, logicmoo_startup:at_current_Y(cuz('/var/lib/jenkins/.local/share/swi-prolog/pack/pfc/prolog/pfc_lib.pl':519), pfc_lib:set_how_virtualize_file(false, '/var/lib/jenkins/.local/share/swi-prolog/pack/pfc/prolog/pfc_lib.pl')))
   Exit: (14) [lmcache] lmcache:called_startup_goal(before_boot, logicmoo_startup:at_current_Y(cuz('/var/lib/jenkins/.local/share/swi-prolog/pack/pfc/prolog/pfc_lib.pl':519), pfc_lib:set_how_virtualize_file(false, '/var/lib/jenkins/.local/share/swi-prolog/pack/pfc/prolog/pfc_lib.pl')))
   Call: (14) [system] logicmoo_startup:at_current_Y(cuz('/var/lib/jenkins/.local/share/swi-prolog/pack/pfc/prolog/pfc_lib.pl':519), pfc_lib:set_how_virtualize_file(false, '/var/lib/jenkins/.local/share/swi-prolog/pack/pfc/prolog/pfc_lib.pl'))=@=logicmoo_startup:at_current_Y(cuz('/var/lib/jenkins/.local/share/swi-prolog/pack/logicmoo_base/prolog/logicmoo/typesystem/mpred_type_constraints.pl':284), mpred_type_constraints:add_history((_613112=(loves(_613124, _613126), ~knows(..., ...)), must(args_enforce_bound(_613112, _613156)), writeq(_613156))))
   Fail: (14) [system] logicmoo_startup:at_current_Y(cuz('/var/lib/jenkins/.local/share/swi-prolog/pack/pfc/prolog/pfc_lib.pl':519), pfc_lib:set_how_virtualize_file(false, '/var/lib/jenkins/.local/share/swi-prolog/pack/pfc/prolog/pfc_lib.pl'))=@=logicmoo_startup:at_current_Y(cuz('/var/lib/jenkins/.local/share/swi-prolog/pack/logicmoo_base/prolog/logicmoo/typesystem/mpred_type_constraints.pl':284), mpred_type_constraints:add_history((_613112=(loves(_613124, _613126), ~knows(..., ...)), must(args_enforce_bound(_613112, _613156)), writeq(_613156))))
   Redo: (14) [lmcache] lmcache:called_startup_goal(_618186, _618188)
   Unify: (14) [lmcache] lmcache:called_startup_goal(before_boot, logicmoo_startup:at_current_Y(cuz('/var/lib/jenkins/.local/share/swi-prolog/pack/logicmoo_utils/prolog/logicmoo_lib.pl':286), logicmoo_lib:gripe_time(40, if_file_exists(ensure_loaded(logicmoo_lib:library(...))))))
   Exit: (14) [lmcache] lmcache:called_startup_goal(before_boot, logicmoo_startup:at_current_Y(cuz('/var/lib/jenkins/.local/share/swi-prolog/pack/logicmoo_utils/prolog/logicmoo_lib.pl':286), logicmoo_lib:gripe_time(40, if_file_exists(ensure_loaded(logicmoo_lib:library(...))))))
   Call: (14) [system] logicmoo_startup:at_current_Y(cuz('/var/lib/jenkins/.local/share/swi-prolog/pack/logicmoo_utils/prolog/logicmoo_lib.pl':286), logicmoo_lib:gripe_time(40, if_file_exists(ensure_loaded(logicmoo_lib:library(logicmoo_typesystem)))))=@=logicmoo_startup:at_current_Y(cuz('/var/lib/jenkins/.local/share/swi-prolog/pack/logicmoo_base/prolog/logicmoo/typesystem/mpred_type_constraints.pl':284), mpred_type_constraints:add_history((_613112=(loves(_613124, _613126), ~knows(..., ...)), must(args_enforce_bound(_613112, _613156)), writeq(_613156))))
   Fail: (14) [system] logicmoo_startup:at_current_Y(cuz('/var/lib/jenkins/.local/share/swi-prolog/pack/logicmoo_utils/prolog/logicmoo_lib.pl':286), logicmoo_lib:gripe_time(40, if_file_exists(ensure_loaded(logicmoo_lib:library(logicmoo_typesystem)))))=@=logicmoo_startup:at_current_Y(cuz('/var/lib/jenkins/.local/share/swi-prolog/pack/logicmoo_base/prolog/logicmoo/typesystem/mpred_type_constraints.pl':284), mpred_type_constraints:add_history((_613112=(loves(_613124, _613126), ~knows(..., ...)), must(args_enforce_bound(_613112, _613156)), writeq(_613156))))
   Redo: (14) [lmcache] lmcache:called_startup_goal(_618186, _618188)
   Unify: (14) [lmcache] lmcache:called_startup_goal(before_boot, logicmoo_startup:at_current_Y(cuz('/var/lib/jenkins/.local/share/swi-prolog/pack/logicmoo_utils/prolog/logicmoo_lib.pl':301), logicmoo_lib:gripe_time(40, if_file_exists(ensure_loaded(logicmoo_lib:library(...))))))
   Exit: (14) [lmcache] lmcache:called_startup_goal(before_boot, logicmoo_startup:at_current_Y(cuz('/var/lib/jenkins/.local/share/swi-prolog/pack/logicmoo_utils/prolog/logicmoo_lib.pl':301), logicmoo_lib:gripe_time(40, if_file_exists(ensure_loaded(logicmoo_lib:library(...))))))
   Call: (14) [system] logicmoo_startup:at_current_Y(cuz('/var/lib/jenkins/.local/share/swi-prolog/pack/logicmoo_utils/prolog/logicmoo_lib.pl':301), logicmoo_lib:gripe_time(40, if_file_exists(ensure_loaded(logicmoo_lib:library(logicmoo_plarkc)))))=@=logicmoo_startup:at_current_Y(cuz('/var/lib/jenkins/.local/share/swi-prolog/pack/logicmoo_base/prolog/logicmoo/typesystem/mpred_type_constraints.pl':284), mpred_type_constraints:add_history((_613112=(loves(_613124, _613126), ~knows(..., ...)), must(args_enforce_bound(_613112, _613156)), writeq(_613156))))
   Fail: (14) [system] logicmoo_startup:at_current_Y(cuz('/var/lib/jenkins/.local/share/swi-prolog/pack/logicmoo_utils/prolog/logicmoo_lib.pl':301), logicmoo_lib:gripe_time(40, if_file_exists(ensure_loaded(logicmoo_lib:library(logicmoo_plarkc)))))=@=logicmoo_startup:at_current_Y(cuz('/var/lib/jenkins/.local/share/swi-prolog/pack/logicmoo_base/prolog/logicmoo/typesystem/mpred_type_constraints.pl':284), mpred_type_constraints:add_history((_613112=(loves(_613124, _613126), ~knows(..., ...)), must(args_enforce_bound(_613112, _613156)), writeq(_613156))))
   Redo: (14) [lmcache] lmcache:called_startup_goal(_618186, _618188)
   Unify: (14) [lmcache] lmcache:called_startup_goal(before_boot, logicmoo_startup:at_current_Y(cuz('/var/lib/jenkins/.local/share/swi-prolog/pack/logicmoo_utils/prolog/logicmoo_lib.pl':308), logicmoo_lib:gripe_time(40, if_file_exists(ensure_loaded(logicmoo_lib:library(...))))))
   Exit: (14) [lmcache] lmcache:called_startup_goal(before_boot, logicmoo_startup:at_current_Y(cuz('/var/lib/jenkins/.local/share/swi-prolog/pack/logicmoo_utils/prolog/logicmoo_lib.pl':308), logicmoo_lib:gripe_time(40, if_file_exists(ensure_loaded(logicmoo_lib:library(...))))))
   Call: (14) [system] logicmoo_startup:at_current_Y(cuz('/var/lib/jenkins/.local/share/swi-prolog/pack/logicmoo_utils/prolog/logicmoo_lib.pl':308), logicmoo_lib:gripe_time(40, if_file_exists(ensure_loaded(logicmoo_lib:library(logicmoo_clif)))))=@=logicmoo_startup:at_current_Y(cuz('/var/lib/jenkins/.local/share/swi-prolog/pack/logicmoo_base/prolog/logicmoo/typesystem/mpred_type_constraints.pl':284), mpred_type_constraints:add_history((_613112=(loves(_613124, _613126), ~knows(..., ...)), must(args_enforce_bound(_613112, _613156)), writeq(_613156))))
   Fail: (14) [system] logicmoo_startup:at_current_Y(cuz('/var/lib/jenkins/.local/share/swi-prolog/pack/logicmoo_utils/prolog/logicmoo_lib.pl':308), logicmoo_lib:gripe_time(40, if_file_exists(ensure_loaded(logicmoo_lib:library(logicmoo_clif)))))=@=logicmoo_startup:at_current_Y(cuz('/var/lib/jenkins/.local/share/swi-prolog/pack/logicmoo_base/prolog/logicmoo/typesystem/mpred_type_constraints.pl':284), mpred_type_constraints:add_history((_613112=(loves(_613124, _613126), ~knows(..., ...)), must(args_enforce_bound(_613112, _613156)), writeq(_613156))))
   Redo: (14) [lmcache] lmcache:called_startup_goal(_618186, _618188)
   Unify: (14) [lmcache] lmcache:called_startup_goal(before_boot, logicmoo_startup:at_current_Y(cuz('/var/lib/jenkins/.local/share/swi-prolog/pack/logicmoo_utils/prolog/logicmoo_lib.pl':314), logicmoo_lib:(set_prolog_flag(do_renames, restore), gripe_time(60, baseKB:ensure_loaded(library(...))))))
   Exit: (14) [lmcache] lmcache:called_startup_goal(before_boot, logicmoo_startup:at_current_Y(cuz('/var/lib/jenkins/.local/share/swi-prolog/pack/logicmoo_utils/prolog/logicmoo_lib.pl':314), logicmoo_lib:(set_prolog_flag(do_renames, restore), gripe_time(60, baseKB:ensure_loaded(library(...))))))
   Call: (14) [system] logicmoo_startup:at_current_Y(cuz('/var/lib/jenkins/.local/share/swi-prolog/pack/logicmoo_utils/prolog/logicmoo_lib.pl':314), logicmoo_lib:(set_prolog_flag(do_renames, restore), gripe_time(60, baseKB:ensure_loaded(library('logicmoo/plarkc/logicmoo_u_cyc_kb_tinykb.pl')))))=@=logicmoo_startup:at_current_Y(cuz('/var/lib/jenkins/.local/share/swi-prolog/pack/logicmoo_base/prolog/logicmoo/typesystem/mpred_type_constraints.pl':284), mpred_type_constraints:add_history((_613112=(loves(_613124, _613126), ~knows(..., ...)), must(args_enforce_bound(_613112, _613156)), writeq(_613156))))
   Fail: (14) [system] logicmoo_startup:at_current_Y(cuz('/var/lib/jenkins/.local/share/swi-prolog/pack/logicmoo_utils/prolog/logicmoo_lib.pl':314), logicmoo_lib:(set_prolog_flag(do_renames, restore), gripe_time(60, baseKB:ensure_loaded(library('logicmoo/plarkc/logicmoo_u_cyc_kb_tinykb.pl')))))=@=logicmoo_startup:at_current_Y(cuz('/var/lib/jenkins/.local/share/swi-prolog/pack/logicmoo_base/prolog/logicmoo/typesystem/mpred_type_constraints.pl':284), mpred_type_constraints:add_history((_613112=(loves(_613124, _613126), ~knows(..., ...)), must(args_enforce_bound(_613112, _613156)), writeq(_613156))))
   Redo: (14) [lmcache] lmcache:called_startup_goal(_618186, _618188)
   Unify: (14) [lmcache] lmcache:called_startup_goal(before_boot, logicmoo_startup:at_current_Y(cuz('/var/lib/jenkins/.local/share/swi-prolog/pack/logicmoo_base/prolog/logicmoo_clif.pl':54), baseKB:(\+user:file_search_path(..., ...)->asserta(user:file_search_path(..., ...));true)))
   Exit: (14) [lmcache] lmcache:called_startup_goal(before_boot, logicmoo_startup:at_current_Y(cuz('/var/lib/jenkins/.local/share/swi-prolog/pack/logicmoo_base/prolog/logicmoo_clif.pl':54), baseKB:(\+user:file_search_path(..., ...)->asserta(user:file_search_path(..., ...));true)))
   Call: (14) [system] logicmoo_startup:at_current_Y(cuz('/var/lib/jenkins/.local/share/swi-prolog/pack/logicmoo_base/prolog/logicmoo_clif.pl':54), baseKB:(\+user:file_search_path(library, '/var/lib/jenkins/.local/share/swi-prolog/pack/logicmoo_base/prolog')->asserta(user:file_search_path(library, '/var/lib/jenkins/.local/share/swi-prolog/pack/logicmoo_base/prolog'));true))=@=logicmoo_startup:at_current_Y(cuz('/var/lib/jenkins/.local/share/swi-prolog/pack/logicmoo_base/prolog/logicmoo/typesystem/mpred_type_constraints.pl':284), mpred_type_constraints:add_history((_613112=(loves(_613124, _613126), ~knows(..., ...)), must(args_enforce_bound(_613112, _613156)), writeq(_613156))))
   Fail: (14) [system] logicmoo_startup:at_current_Y(cuz('/var/lib/jenkins/.local/share/swi-prolog/pack/logicmoo_base/prolog/logicmoo_clif.pl':54), baseKB:(\+user:file_search_path(library, '/var/lib/jenkins/.local/share/swi-prolog/pack/logicmoo_base/prolog')->asserta(user:file_search_path(library, '/var/lib/jenkins/.local/share/swi-prolog/pack/logicmoo_base/prolog'));true))=@=logicmoo_startup:at_current_Y(cuz('/var/lib/jenkins/.local/share/swi-prolog/pack/logicmoo_base/prolog/logicmoo/typesystem/mpred_type_constraints.pl':284), mpred_type_constraints:add_history((_613112=(loves(_613124, _613126), ~knows(..., ...)), must(args_enforce_bound(_613112, _613156)), writeq(_613156))))
   Redo: (14) [lmcache] lmcache:called_startup_goal(_618186, _618188)
   Unify: (14) [lmcache] lmcache:called_startup_goal(during_boot, logicmoo_startup:at_current_Y(cuz('/var/lib/jenkins/.local/share/swi-prolog/pack/logicmoo_utils/prolog/logicmoo_packs.pl':49), logicmoo_packages:rescan_pack_autoload_packages))
   Exit: (14) [lmcache] lmcache:called_startup_goal(during_boot, logicmoo_startup:at_current_Y(cuz('/var/lib/jenkins/.local/share/swi-prolog/pack/logicmoo_utils/prolog/logicmoo_packs.pl':49), logicmoo_packages:rescan_pack_autoload_packages))
   Call: (14) [system] logicmoo_startup:at_current_Y(cuz('/var/lib/jenkins/.local/share/swi-prolog/pack/logicmoo_utils/prolog/logicmoo_packs.pl':49), logicmoo_packages:rescan_pack_autoload_packages)=@=logicmoo_startup:at_current_Y(cuz('/var/lib/jenkins/.local/share/swi-prolog/pack/logicmoo_base/prolog/logicmoo/typesystem/mpred_type_constraints.pl':284), mpred_type_constraints:add_history((_613112=(loves(_613124, _613126), ~knows(..., ...)), must(args_enforce_bound(_613112, _613156)), writeq(_613156))))
   Fail: (14) [system] logicmoo_startup:at_current_Y(cuz('/var/lib/jenkins/.local/share/swi-prolog/pack/logicmoo_utils/prolog/logicmoo_packs.pl':49), logicmoo_packages:rescan_pack_autoload_packages)=@=logicmoo_startup:at_current_Y(cuz('/var/lib/jenkins/.local/share/swi-prolog/pack/logicmoo_base/prolog/logicmoo/typesystem/mpred_type_constraints.pl':284), mpred_type_constraints:add_history((_613112=(loves(_613124, _613126), ~knows(..., ...)), must(args_enforce_bound(_613112, _613156)), writeq(_613156))))
^  Fail: (13) [logicmoo_startup] logicmoo_startup:has_ran_once(_652738, logicmoo_startup:at_current_Y(cuz('/var/lib/jenkins/.local/share/swi-prolog/pack/logicmoo_base/prolog/logicmoo/typesystem/mpred_type_constraints.pl':284), mpred_type_constraints:add_history((_613112=(loves(..., ...), ~ ...), must(args_enforce_bound(..., ...)), writeq(_613156)))))
^  Redo: (12) [logicmoo_startup] try_pending_init(during_boot, logicmoo_startup:at_current_Y(cuz('/var/lib/jenkins/.local/share/swi-prolog/pack/logicmoo_base/prolog/logicmoo/typesystem/mpred_type_constraints.pl':284), mpred_type_constraints:add_history((_613112=(loves(_613124, _613126), ~knows(..., ...)), must(args_enforce_bound(_613112, _613156)), writeq(_613156)))))
^  Unify: (12) [logicmoo_startup] try_pending_init(during_boot, logicmoo_startup:at_current_Y(cuz('/var/lib/jenkins/.local/share/swi-prolog/pack/logicmoo_base/prolog/logicmoo/typesystem/mpred_type_constraints.pl':284), mpred_type_constraints:add_history((_613112=(loves(_613124, _613126), ~knows(..., ...)), must(args_enforce_bound(_613112, _613156)), writeq(_613156)))))
^  Call: (13) [logicmoo_startup] assertz(lmcache:called_startup_goal(during_boot, logicmoo_startup:at_current_Y(cuz('/var/lib/jenkins/.local/share/swi-prolog/pack/logicmoo_base/prolog/logicmoo/typesystem/mpred_type_constraints.pl':284), mpred_type_constraints:add_history((_613112=(..., ...), must(...), writeq(...))))))
^  Exit: (13) [logicmoo_startup] assertz(lmcache:called_startup_goal(during_boot, logicmoo_startup:at_current_Y(cuz('/var/lib/jenkins/.local/share/swi-prolog/pack/logicmoo_base/prolog/logicmoo/typesystem/mpred_type_constraints.pl':284), mpred_type_constraints:add_history((_613112=(..., ...), must(...), writeq(...))))))
^  Call: (13) [logicmoo_startup] maybe_notrace(logicmoo_startup:at_current_Y(cuz('/var/lib/jenkins/.local/share/swi-prolog/pack/logicmoo_base/prolog/logicmoo/typesystem/mpred_type_constraints.pl':284), mpred_type_constraints:add_history((_613112=(loves(_613124, _613126), ~knows(..., ...)), must(args_enforce_bound(_613112, _613156)), writeq(_613156)))))
^  Unify: (13) [logicmoo_startup] maybe_notrace(logicmoo_startup:at_current_Y(cuz('/var/lib/jenkins/.local/share/swi-prolog/pack/logicmoo_base/prolog/logicmoo/typesystem/mpred_type_constraints.pl':284), mpred_type_constraints:add_history((_613112=(loves(_613124, _613126), ~knows(..., ...)), must(args_enforce_bound(_613112, _613156)), writeq(_613156)))))
   Call: (14) [edinburgh] edinburgh:debug
   Unify: (14) [edinburgh] edinburgh:debug
   Call: (15) [system] set_prolog_flag(debug, true)
   Exit: (15) [system] set_prolog_flag(debug, true)
   Exit: (14) [edinburgh] edinburgh:debug
^  Call: (14) [logicmoo_startup] maybe_one(quietly(logicmoo_startup:at_current_Y(cuz('/var/lib/jenkins/.local/share/swi-prolog/pack/logicmoo_base/prolog/logicmoo/typesystem/mpred_type_constraints.pl':284), mpred_type_constraints:add_history((_613112=(loves(..., ...), ~ ...), must(args_enforce_bound(..., ...)), writeq(_613156))))), ftrace(logicmoo_startup:at_current_Y(cuz('/var/lib/jenkins/.local/share/swi-prolog/pack/logicmoo_base/prolog/logicmoo/typesystem/mpred_type_constraints.pl':284), mpred_type_constraints:add_history((_613112=(loves(..., ...), ~ ...), must(args_enforce_bound(..., ...)), writeq(_613156))))))
^  Unify: (14) [logicmoo_startup] maybe_one(logicmoo_startup:quietly(logicmoo_startup:at_current_Y(cuz('/var/lib/jenkins/.local/share/swi-prolog/pack/logicmoo_base/prolog/logicmoo/typesystem/mpred_type_constraints.pl':284), mpred_type_constraints:add_history((_613112=(..., ...), must(...), writeq(...))))), logicmoo_startup:ftrace(logicmoo_startup:at_current_Y(cuz('/var/lib/jenkins/.local/share/swi-prolog/pack/logicmoo_base/prolog/logicmoo/typesystem/mpred_type_constraints.pl':284), mpred_type_constraints:add_history((_613112=(..., ...), must(...), writeq(...))))))
^  Call: (16) [logicmoo_startup] call(logicmoo_startup:quietly(logicmoo_startup:at_current_Y(cuz('/var/lib/jenkins/.local/share/swi-prolog/pack/logicmoo_base/prolog/logicmoo/typesystem/mpred_type_constraints.pl':284), mpred_type_constraints:add_history((_613112=(..., ...), must(...), writeq(...))))))
^  Unify: (16) [system] call(logicmoo_startup:quietly(logicmoo_startup:at_current_Y(cuz('/var/lib/jenkins/.local/share/swi-prolog/pack/logicmoo_base/prolog/logicmoo/typesystem/mpred_type_constraints.pl':284), mpred_type_constraints:add_history((_613112=(..., ...), must(...), writeq(...))))))
^  Call: (17) [logicmoo_startup] quietly(logicmoo_startup:at_current_Y(cuz('/var/lib/jenkins/.local/share/swi-prolog/pack/logicmoo_base/prolog/logicmoo/typesystem/mpred_type_constraints.pl':284), mpred_type_constraints:add_history((_613112=(loves(_613124, _613126), ~knows(..., ...)), must(args_enforce_bound(_613112, _613156)), writeq(_613156)))))
^  Unify: (17) [rtrace] quietly(logicmoo_startup:at_current_Y(cuz('/var/lib/jenkins/.local/share/swi-prolog/pack/logicmoo_base/prolog/logicmoo/typesystem/mpred_type_constraints.pl':284), mpred_type_constraints:add_history((_613112=(loves(_613124, _613126), ~knows(..., ...)), must(args_enforce_bound(_613112, _613156)), writeq(_613156)))))
   Call: (19) [system] _664352=mquietly_if(true, rtrace:tAt_rtrace)
   Exit: (19) [system] mquietly_if(true, rtrace:tAt_rtrace)=mquietly_if(true, rtrace:tAt_rtrace)
^  Call: (19) [must_sanity] setup_call_cleanup(rtrace:notrace(visible(-all)),  ((logicmoo_startup:at_current_Y(cuz('/var/lib/jenkins/.local/share/swi-prolog/pack/logicmoo_base/prolog/logicmoo/typesystem/mpred_type_constraints.pl':284), mpred_type_constraints:add_history((_613112=(..., ...), must(...), writeq(...)))), deterministic(_665610)), (notrace(_665610==true)->!;rtrace:tAt_rtrace, notrace(nb_setarg(1, mquietly_if(true, rtrace:tAt_rtrace), false));rtrace:notrace(visible(-all)), notrace(nb_setarg(1, mquietly_if(true, ... : ...), true)), notrace(fail))), mquietly_if(true, rtrace:tAt_rtrace))
^  Unify: (19) [system] setup_call_cleanup(rtrace:notrace(visible(-all)), must_sanity:((logicmoo_startup:at_current_Y(cuz('/var/lib/jenkins/.local/share/swi-prolog/pack/logicmoo_base/prolog/logicmoo/typesystem/mpred_type_constraints.pl':284), mpred_type_constraints:add_history((... = ..., ..., ...))), deterministic(_665610)), (notrace(_665610==true)->!;rtrace:tAt_rtrace, notrace(nb_setarg(1, mquietly_if(true, ... : ...), false));rtrace:notrace(visible(- ...)), notrace(nb_setarg(1, mquietly_if(..., ...), true)), notrace(fail))), must_sanity:mquietly_if(true, rtrace:tAt_rtrace))
^  Call: (20) [system] setup_call_catcher_cleanup(rtrace:notrace(visible(-all)), must_sanity:((logicmoo_startup:at_current_Y(cuz('/var/lib/jenkins/.local/share/swi-prolog/pack/logicmoo_base/prolog/logicmoo/typesystem/mpred_type_constraints.pl':284), mpred_type_constraints:add_history((... = ..., ..., ...))), deterministic(_665610)), (notrace(_665610==true)->!;rtrace:tAt_rtrace, notrace(nb_setarg(1, mquietly_if(true, ... : ...), false));rtrace:notrace(visible(- ...)), notrace(nb_setarg(1, mquietly_if(..., ...), true)), notrace(fail))), _667014, must_sanity:mquietly_if(true, rtrace:tAt_rtrace))
^  Unify: (20) [system] setup_call_catcher_cleanup(rtrace:notrace(visible(-all)), must_sanity:((logicmoo_startup:at_current_Y(cuz('/var/lib/jenkins/.local/share/swi-prolog/pack/logicmoo_base/prolog/logicmoo/typesystem/mpred_type_constraints.pl':284), mpred_type_constraints:add_history((... = ..., ..., ...))), deterministic(_665610)), (notrace(_665610==true)->!;rtrace:tAt_rtrace, notrace(nb_setarg(1, mquietly_if(true, ... : ...), false));rtrace:notrace(visible(- ...)), notrace(nb_setarg(1, mquietly_if(..., ...), true)), notrace(fail))), _667646, must_sanity:mquietly_if(true, rtrace:tAt_rtrace))
^  Exit: (22) [must_sanity] must_sanity:mquietly_if(true, rtrace:tAt_rtrace)
^  Exit: (20) [system] setup_call_catcher_cleanup(rtrace:notrace(visible(-all)), must_sanity:((logicmoo_startup:at_current_Y(cuz('/var/lib/jenkins/.local/share/swi-prolog/pack/logicmoo_base/prolog/logicmoo/typesystem/mpred_type_constraints.pl':284), mpred_type_constraints:add_history((... = ..., ..., ...))), deterministic(true)), (notrace(true==true)->!;rtrace:tAt_rtrace, notrace(nb_setarg(1, mquietly_if(true, ... : ...), false));rtrace:notrace(visible(- ...)), notrace(nb_setarg(1, mquietly_if(..., ...), true)), notrace(fail))), exit, must_sanity:mquietly_if(true, rtrace:tAt_rtrace))
^  Exit: (19) [system] setup_call_cleanup(rtrace:notrace(visible(-all)), must_sanity:((logicmoo_startup:at_current_Y(cuz('/var/lib/jenkins/.local/share/swi-prolog/pack/logicmoo_base/prolog/logicmoo/typesystem/mpred_type_constraints.pl':284), mpred_type_constraints:add_history((... = ..., ..., ...))), deterministic(true)), (notrace(true==true)->!;rtrace:tAt_rtrace, notrace(nb_setarg(1, mquietly_if(true, ... : ...), false));rtrace:notrace(visible(- ...)), notrace(nb_setarg(1, mquietly_if(..., ...), true)), notrace(fail))), must_sanity:mquietly_if(true, rtrace:tAt_rtrace))
^  Exit: (17) [rtrace] quietly(logicmoo_startup:at_current_Y(cuz('/var/lib/jenkins/.local/share/swi-prolog/pack/logicmoo_base/prolog/logicmoo/typesystem/mpred_type_constraints.pl':284), mpred_type_constraints:add_history((_613112=(loves(_613124, _613126), ~knows(..., ...)), must(args_enforce_bound(_613112, _613156)), writeq(_613156)))))
^  Exit: (16) [system] call(logicmoo_startup:quietly(logicmoo_startup:at_current_Y(cuz('/var/lib/jenkins/.local/share/swi-prolog/pack/logicmoo_base/prolog/logicmoo/typesystem/mpred_type_constraints.pl':284), mpred_type_constraints:add_history((_613112=(..., ...), must(...), writeq(...))))))
   Call: (15) [system] true
   Exit: (15) [system] true
^  Exit: (14) [logicmoo_startup] maybe_one(logicmoo_startup:quietly(logicmoo_startup:at_current_Y(cuz('/var/lib/jenkins/.local/share/swi-prolog/pack/logicmoo_base/prolog/logicmoo/typesystem/mpred_type_constraints.pl':284), mpred_type_constraints:add_history((_613112=(..., ...), must(...), writeq(...))))), logicmoo_startup:ftrace(logicmoo_startup:at_current_Y(cuz('/var/lib/jenkins/.local/share/swi-prolog/pack/logicmoo_base/prolog/logicmoo/typesystem/mpred_type_constraints.pl':284), mpred_type_constraints:add_history((_613112=(..., ...), must(...), writeq(...))))))
^  Exit: (13) [logicmoo_startup] maybe_notrace(logicmoo_startup:at_current_Y(cuz('/var/lib/jenkins/.local/share/swi-prolog/pack/logicmoo_base/prolog/logicmoo/typesystem/mpred_type_constraints.pl':284), mpred_type_constraints:add_history((_613112=(loves(_613124, _613126), ~knows(..., ...)), must(args_enforce_bound(_613112, _613156)), writeq(_613156)))))
   Call: (13) [system] true
   Exit: (13) [system] true
^  Exit: (12) [logicmoo_startup] try_pending_init(during_boot, logicmoo_startup:at_current_Y(cuz('/var/lib/jenkins/.local/share/swi-prolog/pack/logicmoo_base/prolog/logicmoo/typesystem/mpred_type_constraints.pl':284), mpred_type_constraints:add_history((_613112=(loves(_613124, _613126), ~knows(..., ...)), must(args_enforce_bound(_613112, _613156)), writeq(_613156)))))
   Redo: (13) [lmconf] lmconf:at_restore_goal(during_boot, _63180)
   Unify: (13) [lmconf] lmconf:at_restore_goal(during_boot, logicmoo_startup:at_current_Y(cuz('/var/lib/jenkins/.local/share/swi-prolog/pack/logicmoo_base/prolog/logicmoo/typesystem/mpred_type_constraints.pl':306), mpred_type_constraints:add_history((_678984=(loves(..., ...), ~ ...), must(args_constrain(..., ...)), writeq(_679028)))))
   Exit: (13) [lmconf] lmconf:at_restore_goal(during_boot, logicmoo_startup:at_current_Y(cuz('/var/lib/jenkins/.local/share/swi-prolog/pack/logicmoo_base/prolog/logicmoo/typesystem/mpred_type_constraints.pl':306), mpred_type_constraints:add_history((_678984=(loves(..., ...), ~ ...), must(args_constrain(..., ...)), writeq(_679028)))))
   Call: (13) [system] 3=<4
   Exit: (13) [system] 3=<4
^  Call: (12) [logicmoo_startup] try_pending_init(during_boot, logicmoo_startup:at_current_Y(cuz('/var/lib/jenkins/.local/share/swi-prolog/pack/logicmoo_base/prolog/logicmoo/typesystem/mpred_type_constraints.pl':306), mpred_type_constraints:add_history((_678984=(loves(_678996, _678998), ~knows(..., ...)), must(args_constrain(_678984, _679028)), writeq(_679028)))))
^  Unify: (12) [logicmoo_startup] try_pending_init(during_boot, logicmoo_startup:at_current_Y(cuz('/var/lib/jenkins/.local/share/swi-prolog/pack/logicmoo_base/prolog/logicmoo/typesystem/mpred_type_constraints.pl':306), mpred_type_constraints:add_history((_678984=(loves(_678996, _678998), ~knows(..., ...)), must(args_constrain(_678984, _679028)), writeq(_679028)))))
^  Call: (13) [logicmoo_startup] logicmoo_startup:has_ran_once(_682866, logicmoo_startup:at_current_Y(cuz('/var/lib/jenkins/.local/share/swi-prolog/pack/logicmoo_base/prolog/logicmoo/typesystem/mpred_type_constraints.pl':306), mpred_type_constraints:add_history((_678984=(loves(..., ...), ~ ...), must(args_constrain(..., ...)), writeq(_679028)))))
^  Unify: (13) [logicmoo_startup] logicmoo_startup:has_ran_once(_683490, logicmoo_startup:at_current_Y(cuz('/var/lib/jenkins/.local/share/swi-prolog/pack/logicmoo_base/prolog/logicmoo/typesystem/mpred_type_constraints.pl':306), mpred_type_constraints:add_history((_678984=(loves(..., ...), ~ ...), must(args_constrain(..., ...)), writeq(_679028)))))
   Call: (14) [lmcache] lmcache:called_startup_goal(_684058, _684060)
   Unify: (14) [lmcache] lmcache:called_startup_goal(before_boot, logicmoo_startup:at_current_Y(cuz('/var/lib/jenkins/.local/share/swi-prolog/pack/logicmoo_utils/prolog/logicmoo_packs.pl':48), logicmoo_packages:rescan_pack_autoload_packages))
   Exit: (14) [lmcache] lmcache:called_startup_goal(before_boot, logicmoo_startup:at_current_Y(cuz('/var/lib/jenkins/.local/share/swi-prolog/pack/logicmoo_utils/prolog/logicmoo_packs.pl':48), logicmoo_packages:rescan_pack_autoload_packages))
   Call: (14) [system] logicmoo_startup:at_current_Y(cuz('/var/lib/jenkins/.local/share/swi-prolog/pack/logicmoo_utils/prolog/logicmoo_packs.pl':48), logicmoo_packages:rescan_pack_autoload_packages)=@=logicmoo_startup:at_current_Y(cuz('/var/lib/jenkins/.local/share/swi-prolog/pack/logicmoo_base/prolog/logicmoo/typesystem/mpred_type_constraints.pl':306), mpred_type_constraints:add_history((_678984=(loves(_678996, _678998), ~knows(..., ...)), must(args_constrain(_678984, _679028)), writeq(_679028))))
   Fail: (14) [system] logicmoo_startup:at_current_Y(cuz('/var/lib/jenkins/.local/share/swi-prolog/pack/logicmoo_utils/prolog/logicmoo_packs.pl':48), logicmoo_packages:rescan_pack_autoload_packages)=@=logicmoo_startup:at_current_Y(cuz('/var/lib/jenkins/.local/share/swi-prolog/pack/logicmoo_base/prolog/logicmoo/typesystem/mpred_type_constraints.pl':306), mpred_type_constraints:add_history((_678984=(loves(_678996, _678998), ~knows(..., ...)), must(args_constrain(_678984, _679028)), writeq(_679028))))
   Redo: (14) [lmcache] lmcache:called_startup_goal(_684058, _684060)
   Unify: (14) [lmcache] lmcache:called_startup_goal(before_boot, logicmoo_startup:at_current_Y(cuz('/var/lib/jenkins/.local/share/swi-prolog/pack/logicmoo_utils/prolog/logicmoo_lib.pl':108), user:gripe_time(40, if_file_exists(ensure_loaded(system:logicmoo_packs)))))
   Exit: (14) [lmcache] lmcache:called_startup_goal(before_boot, logicmoo_startup:at_current_Y(cuz('/var/lib/jenkins/.local/share/swi-prolog/pack/logicmoo_utils/prolog/logicmoo_lib.pl':108), user:gripe_time(40, if_file_exists(ensure_loaded(system:logicmoo_packs)))))
   Call: (14) [system] logicmoo_startup:at_current_Y(cuz('/var/lib/jenkins/.local/share/swi-prolog/pack/logicmoo_utils/prolog/logicmoo_lib.pl':108), user:gripe_time(40, if_file_exists(ensure_loaded(system:logicmoo_packs))))=@=logicmoo_startup:at_current_Y(cuz('/var/lib/jenkins/.local/share/swi-prolog/pack/logicmoo_base/prolog/logicmoo/typesystem/mpred_type_constraints.pl':306), mpred_type_constraints:add_history((_678984=(loves(_678996, _678998), ~knows(..., ...)), must(args_constrain(_678984, _679028)), writeq(_679028))))
   Fail: (14) [system] logicmoo_startup:at_current_Y(cuz('/var/lib/jenkins/.local/share/swi-prolog/pack/logicmoo_utils/prolog/logicmoo_lib.pl':108), user:gripe_time(40, if_file_exists(ensure_loaded(system:logicmoo_packs))))=@=logicmoo_startup:at_current_Y(cuz('/var/lib/jenkins/.local/share/swi-prolog/pack/logicmoo_base/prolog/logicmoo/typesystem/mpred_type_constraints.pl':306), mpred_type_constraints:add_history((_678984=(loves(_678996, _678998), ~knows(..., ...)), must(args_constrain(_678984, _679028)), writeq(_679028))))
   Redo: (14) [lmcache] lmcache:called_startup_goal(_684058, _684060)
   Unify: (14) [lmcache] lmcache:called_startup_goal(before_boot, logicmoo_startup:at_current_Y(cuz('/var/lib/jenkins/.local/share/swi-prolog/pack/logicmoo_utils/prolog/logicmoo_lib.pl':116), logicmoo_lib:rescan_pack_autoload_packages))
   Exit: (14) [lmcache] lmcache:called_startup_goal(before_boot, logicmoo_startup:at_current_Y(cuz('/var/lib/jenkins/.local/share/swi-prolog/pack/logicmoo_utils/prolog/logicmoo_lib.pl':116), logicmoo_lib:rescan_pack_autoload_packages))
   Call: (14) [system] logicmoo_startup:at_current_Y(cuz('/var/lib/jenkins/.local/share/swi-prolog/pack/logicmoo_utils/prolog/logicmoo_lib.pl':116), logicmoo_lib:rescan_pack_autoload_packages)=@=logicmoo_startup:at_current_Y(cuz('/var/lib/jenkins/.local/share/swi-prolog/pack/logicmoo_base/prolog/logicmoo/typesystem/mpred_type_constraints.pl':306), mpred_type_constraints:add_history((_678984=(loves(_678996, _678998), ~knows(..., ...)), must(args_constrain(_678984, _679028)), writeq(_679028))))
   Fail: (14) [system] logicmoo_startup:at_current_Y(cuz('/var/lib/jenkins/.local/share/swi-prolog/pack/logicmoo_utils/prolog/logicmoo_lib.pl':116), logicmoo_lib:rescan_pack_autoload_packages)=@=logicmoo_startup:at_current_Y(cuz('/var/lib/jenkins/.local/share/swi-prolog/pack/logicmoo_base/prolog/logicmoo/typesystem/mpred_type_constraints.pl':306), mpred_type_constraints:add_history((_678984=(loves(_678996, _678998), ~knows(..., ...)), must(args_constrain(_678984, _679028)), writeq(_679028))))
   Redo: (14) [lmcache] lmcache:called_startup_goal(_684058, _684060)
   Unify: (14) [lmcache] lmcache:called_startup_goal(before_boot, logicmoo_startup:at_current_Y(cuz('/var/lib/jenkins/.local/share/swi-prolog/pack/logicmoo_utils/prolog/logicmoo_lib.pl':196), user:gripe_time(40, if_file_exists(ensure_loaded(system:logicmoo_swilib)))))
   Exit: (14) [lmcache] lmcache:called_startup_goal(before_boot, logicmoo_startup:at_current_Y(cuz('/var/lib/jenkins/.local/share/swi-prolog/pack/logicmoo_utils/prolog/logicmoo_lib.pl':196), user:gripe_time(40, if_file_exists(ensure_loaded(system:logicmoo_swilib)))))
   Call: (14) [system] logicmoo_startup:at_current_Y(cuz('/var/lib/jenkins/.local/share/swi-prolog/pack/logicmoo_utils/prolog/logicmoo_lib.pl':196), user:gripe_time(40, if_file_exists(ensure_loaded(system:logicmoo_swilib))))=@=logicmoo_startup:at_current_Y(cuz('/var/lib/jenkins/.local/share/swi-prolog/pack/logicmoo_base/prolog/logicmoo/typesystem/mpred_type_constraints.pl':306), mpred_type_constraints:add_history((_678984=(loves(_678996, _678998), ~knows(..., ...)), must(args_constrain(_678984, _679028)), writeq(_679028))))
   Fail: (14) [system] logicmoo_startup:at_current_Y(cuz('/var/lib/jenkins/.local/share/swi-prolog/pack/logicmoo_utils/prolog/logicmoo_lib.pl':196), user:gripe_time(40, if_file_exists(ensure_loaded(system:logicmoo_swilib))))=@=logicmoo_startup:at_current_Y(cuz('/var/lib/jenkins/.local/share/swi-prolog/pack/logicmoo_base/prolog/logicmoo/typesystem/mpred_type_constraints.pl':306), mpred_type_constraints:add_history((_678984=(loves(_678996, _678998), ~knows(..., ...)), must(args_constrain(_678984, _679028)), writeq(_679028))))
   Redo: (14) [lmcache] lmcache:called_startup_goal(_684058, _684060)
   Unify: (14) [lmcache] lmcache:called_startup_goal(before_boot, logicmoo_startup:at_current_Y(cuz('/var/lib/jenkins/.local/share/swi-prolog/pack/pfc/prolog/pfc_lib.pl':519), pfc_lib:set_how_virtualize_file(false, '/var/lib/jenkins/.local/share/swi-prolog/pack/pfc/prolog/pfc_lib.pl')))
   Exit: (14) [lmcache] lmcache:called_startup_goal(before_boot, logicmoo_startup:at_current_Y(cuz('/var/lib/jenkins/.local/share/swi-prolog/pack/pfc/prolog/pfc_lib.pl':519), pfc_lib:set_how_virtualize_file(false, '/var/lib/jenkins/.local/share/swi-prolog/pack/pfc/prolog/pfc_lib.pl')))
   Call: (14) [system] logicmoo_startup:at_current_Y(cuz('/var/lib/jenkins/.local/share/swi-prolog/pack/pfc/prolog/pfc_lib.pl':519), pfc_lib:set_how_virtualize_file(false, '/var/lib/jenkins/.local/share/swi-prolog/pack/pfc/prolog/pfc_lib.pl'))=@=logicmoo_startup:at_current_Y(cuz('/var/lib/jenkins/.local/share/swi-prolog/pack/logicmoo_base/prolog/logicmoo/typesystem/mpred_type_constraints.pl':306), mpred_type_constraints:add_history((_678984=(loves(_678996, _678998), ~knows(..., ...)), must(args_constrain(_678984, _679028)), writeq(_679028))))
   Fail: (14) [system] logicmoo_startup:at_current_Y(cuz('/var/lib/jenkins/.local/share/swi-prolog/pack/pfc/prolog/pfc_lib.pl':519), pfc_lib:set_how_virtualize_file(false, '/var/lib/jenkins/.local/share/swi-prolog/pack/pfc/prolog/pfc_lib.pl'))=@=logicmoo_startup:at_current_Y(cuz('/var/lib/jenkins/.local/share/swi-prolog/pack/logicmoo_base/prolog/logicmoo/typesystem/mpred_type_constraints.pl':306), mpred_type_constraints:add_history((_678984=(loves(_678996, _678998), ~knows(..., ...)), must(args_constrain(_678984, _679028)), writeq(_679028))))
   Redo: (14) [lmcache] lmcache:called_startup_goal(_684058, _684060)
   Unify: (14) [lmcache] lmcache:called_startup_goal(before_boot, logicmoo_startup:at_current_Y(cuz('/var/lib/jenkins/.local/share/swi-prolog/pack/logicmoo_utils/prolog/logicmoo_lib.pl':286), logicmoo_lib:gripe_time(40, if_file_exists(ensure_loaded(logicmoo_lib:library(...))))))
   Exit: (14) [lmcache] lmcache:called_startup_goal(before_boot, logicmoo_startup:at_current_Y(cuz('/var/lib/jenkins/.local/share/swi-prolog/pack/logicmoo_utils/prolog/logicmoo_lib.pl':286), logicmoo_lib:gripe_time(40, if_file_exists(ensure_loaded(logicmoo_lib:library(...))))))
   Call: (14) [system] logicmoo_startup:at_current_Y(cuz('/var/lib/jenkins/.local/share/swi-prolog/pack/logicmoo_utils/prolog/logicmoo_lib.pl':286), logicmoo_lib:gripe_time(40, if_file_exists(ensure_loaded(logicmoo_lib:library(logicmoo_typesystem)))))=@=logicmoo_startup:at_current_Y(cuz('/var/lib/jenkins/.local/share/swi-prolog/pack/logicmoo_base/prolog/logicmoo/typesystem/mpred_type_constraints.pl':306), mpred_type_constraints:add_history((_678984=(loves(_678996, _678998), ~knows(..., ...)), must(args_constrain(_678984, _679028)), writeq(_679028))))
   Fail: (14) [system] logicmoo_startup:at_current_Y(cuz('/var/lib/jenkins/.local/share/swi-prolog/pack/logicmoo_utils/prolog/logicmoo_lib.pl':286), logicmoo_lib:gripe_time(40, if_file_exists(ensure_loaded(logicmoo_lib:library(logicmoo_typesystem)))))=@=logicmoo_startup:at_current_Y(cuz('/var/lib/jenkins/.local/share/swi-prolog/pack/logicmoo_base/prolog/logicmoo/typesystem/mpred_type_constraints.pl':306), mpred_type_constraints:add_history((_678984=(loves(_678996, _678998), ~knows(..., ...)), must(args_constrain(_678984, _679028)), writeq(_679028))))
   Redo: (14) [lmcache] lmcache:called_startup_goal(_684058, _684060)
   Unify: (14) [lmcache] lmcache:called_startup_goal(before_boot, logicmoo_startup:at_current_Y(cuz('/var/lib/jenkins/.local/share/swi-prolog/pack/logicmoo_utils/prolog/logicmoo_lib.pl':301), logicmoo_lib:gripe_time(40, if_file_exists(ensure_loaded(logicmoo_lib:library(...))))))
   Exit: (14) [lmcache] lmcache:called_startup_goal(before_boot, logicmoo_startup:at_current_Y(cuz('/var/lib/jenkins/.local/share/swi-prolog/pack/logicmoo_utils/prolog/logicmoo_lib.pl':301), logicmoo_lib:gripe_time(40, if_file_exists(ensure_loaded(logicmoo_lib:library(...))))))
   Call: (14) [system] logicmoo_startup:at_current_Y(cuz('/var/lib/jenkins/.local/share/swi-prolog/pack/logicmoo_utils/prolog/logicmoo_lib.pl':301), logicmoo_lib:gripe_time(40, if_file_exists(ensure_loaded(logicmoo_lib:library(logicmoo_plarkc)))))=@=logicmoo_startup:at_current_Y(cuz('/var/lib/jenkins/.local/share/swi-prolog/pack/logicmoo_base/prolog/logicmoo/typesystem/mpred_type_constraints.pl':306), mpred_type_constraints:add_history((_678984=(loves(_678996, _678998), ~knows(..., ...)), must(args_constrain(_678984, _679028)), writeq(_679028))))
   Fail: (14) [system] logicmoo_startup:at_current_Y(cuz('/var/lib/jenkins/.local/share/swi-prolog/pack/logicmoo_utils/prolog/logicmoo_lib.pl':301), logicmoo_lib:gripe_time(40, if_file_exists(ensure_loaded(logicmoo_lib:library(logicmoo_plarkc)))))=@=logicmoo_startup:at_current_Y(cuz('/var/lib/jenkins/.local/share/swi-prolog/pack/logicmoo_base/prolog/logicmoo/typesystem/mpred_type_constraints.pl':306), mpred_type_constraints:add_history((_678984=(loves(_678996, _678998), ~knows(..., ...)), must(args_constrain(_678984, _679028)), writeq(_679028))))
   Redo: (14) [lmcache] lmcache:called_startup_goal(_684058, _684060)
   Unify: (14) [lmcache] lmcache:called_startup_goal(before_boot, logicmoo_startup:at_current_Y(cuz('/var/lib/jenkins/.local/share/swi-prolog/pack/logicmoo_utils/prolog/logicmoo_lib.pl':308), logicmoo_lib:gripe_time(40, if_file_exists(ensure_loaded(logicmoo_lib:library(...))))))
   Exit: (14) [lmcache] lmcache:called_startup_goal(before_boot, logicmoo_startup:at_current_Y(cuz('/var/lib/jenkins/.local/share/swi-prolog/pack/logicmoo_utils/prolog/logicmoo_lib.pl':308), logicmoo_lib:gripe_time(40, if_file_exists(ensure_loaded(logicmoo_lib:library(...))))))
   Call: (14) [system] logicmoo_startup:at_current_Y(cuz('/var/lib/jenkins/.local/share/swi-prolog/pack/logicmoo_utils/prolog/logicmoo_lib.pl':308), logicmoo_lib:gripe_time(40, if_file_exists(ensure_loaded(logicmoo_lib:library(logicmoo_clif)))))=@=logicmoo_startup:at_current_Y(cuz('/var/lib/jenkins/.local/share/swi-prolog/pack/logicmoo_base/prolog/logicmoo/typesystem/mpred_type_constraints.pl':306), mpred_type_constraints:add_history((_678984=(loves(_678996, _678998), ~knows(..., ...)), must(args_constrain(_678984, _679028)), writeq(_679028))))
   Fail: (14) [system] logicmoo_startup:at_current_Y(cuz('/var/lib/jenkins/.local/share/swi-prolog/pack/logicmoo_utils/prolog/logicmoo_lib.pl':308), logicmoo_lib:gripe_time(40, if_file_exists(ensure_loaded(logicmoo_lib:library(logicmoo_clif)))))=@=logicmoo_startup:at_current_Y(cuz('/var/lib/jenkins/.local/share/swi-prolog/pack/logicmoo_base/prolog/logicmoo/typesystem/mpred_type_constraints.pl':306), mpred_type_constraints:add_history((_678984=(loves(_678996, _678998), ~knows(..., ...)), must(args_constrain(_678984, _679028)), writeq(_679028))))
   Redo: (14) [lmcache] lmcache:called_startup_goal(_684058, _684060)
   Unify: (14) [lmcache] lmcache:called_startup_goal(before_boot, logicmoo_startup:at_current_Y(cuz('/var/lib/jenkins/.local/share/swi-prolog/pack/logicmoo_utils/prolog/logicmoo_lib.pl':314), logicmoo_lib:(set_prolog_flag(do_renames, restore), gripe_time(60, baseKB:ensure_loaded(library(...))))))
   Exit: (14) [lmcache] lmcache:called_startup_goal(before_boot, logicmoo_startup:at_current_Y(cuz('/var/lib/jenkins/.local/share/swi-prolog/pack/logicmoo_utils/prolog/logicmoo_lib.pl':314), logicmoo_lib:(set_prolog_flag(do_renames, restore), gripe_time(60, baseKB:ensure_loaded(library(...))))))
   Call: (14) [system] logicmoo_startup:at_current_Y(cuz('/var/lib/jenkins/.local/share/swi-prolog/pack/logicmoo_utils/prolog/logicmoo_lib.pl':314), logicmoo_lib:(set_prolog_flag(do_renames, restore), gripe_time(60, baseKB:ensure_loaded(library('logicmoo/plarkc/logicmoo_u_cyc_kb_tinykb.pl')))))=@=logicmoo_startup:at_current_Y(cuz('/var/lib/jenkins/.local/share/swi-prolog/pack/logicmoo_base/prolog/logicmoo/typesystem/mpred_type_constraints.pl':306), mpred_type_constraints:add_history((_678984=(loves(_678996, _678998), ~knows(..., ...)), must(args_constrain(_678984, _679028)), writeq(_679028))))
   Fail: (14) [system] logicmoo_startup:at_current_Y(cuz('/var/lib/jenkins/.local/share/swi-prolog/pack/logicmoo_utils/prolog/logicmoo_lib.pl':314), logicmoo_lib:(set_prolog_flag(do_renames, restore), gripe_time(60, baseKB:ensure_loaded(library('logicmoo/plarkc/logicmoo_u_cyc_kb_tinykb.pl')))))=@=logicmoo_startup:at_current_Y(cuz('/var/lib/jenkins/.local/share/swi-prolog/pack/logicmoo_base/prolog/logicmoo/typesystem/mpred_type_constraints.pl':306), mpred_type_constraints:add_history((_678984=(loves(_678996, _678998), ~knows(..., ...)), must(args_constrain(_678984, _679028)), writeq(_679028))))
   Redo: (14) [lmcache] lmcache:called_startup_goal(_684058, _684060)
   Unify: (14) [lmcache] lmcache:called_startup_goal(before_boot, logicmoo_startup:at_current_Y(cuz('/var/lib/jenkins/.local/share/swi-prolog/pack/logicmoo_base/prolog/logicmoo_clif.pl':54), baseKB:(\+user:file_search_path(..., ...)->asserta(user:file_search_path(..., ...));true)))
   Exit: (14) [lmcache] lmcache:called_startup_goal(before_boot, logicmoo_startup:at_current_Y(cuz('/var/lib/jenkins/.local/share/swi-prolog/pack/logicmoo_base/prolog/logicmoo_clif.pl':54), baseKB:(\+user:file_search_path(..., ...)->asserta(user:file_search_path(..., ...));true)))
   Call: (14) [system] logicmoo_startup:at_current_Y(cuz('/var/lib/jenkins/.local/share/swi-prolog/pack/logicmoo_base/prolog/logicmoo_clif.pl':54), baseKB:(\+user:file_search_path(library, '/var/lib/jenkins/.local/share/swi-prolog/pack/logicmoo_base/prolog')->asserta(user:file_search_path(library, '/var/lib/jenkins/.local/share/swi-prolog/pack/logicmoo_base/prolog'));true))=@=logicmoo_startup:at_current_Y(cuz('/var/lib/jenkins/.local/share/swi-prolog/pack/logicmoo_base/prolog/logicmoo/typesystem/mpred_type_constraints.pl':306), mpred_type_constraints:add_history((_678984=(loves(_678996, _678998), ~knows(..., ...)), must(args_constrain(_678984, _679028)), writeq(_679028))))
   Fail: (14) [system] logicmoo_startup:at_current_Y(cuz('/var/lib/jenkins/.local/share/swi-prolog/pack/logicmoo_base/prolog/logicmoo_clif.pl':54), baseKB:(\+user:file_search_path(library, '/var/lib/jenkins/.local/share/swi-prolog/pack/logicmoo_base/prolog')->asserta(user:file_search_path(library, '/var/lib/jenkins/.local/share/swi-prolog/pack/logicmoo_base/prolog'));true))=@=logicmoo_startup:at_current_Y(cuz('/var/lib/jenkins/.local/share/swi-prolog/pack/logicmoo_base/prolog/logicmoo/typesystem/mpred_type_constraints.pl':306), mpred_type_constraints:add_history((_678984=(loves(_678996, _678998), ~knows(..., ...)), must(args_constrain(_678984, _679028)), writeq(_679028))))
   Redo: (14) [lmcache] lmcache:called_startup_goal(_684058, _684060)
   Unify: (14) [lmcache] lmcache:called_startup_goal(during_boot, logicmoo_startup:at_current_Y(cuz('/var/lib/jenkins/.local/share/swi-prolog/pack/logicmoo_utils/prolog/logicmoo_packs.pl':49), logicmoo_packages:rescan_pack_autoload_packages))
   Exit: (14) [lmcache] lmcache:called_startup_goal(during_boot, logicmoo_startup:at_current_Y(cuz('/var/lib/jenkins/.local/share/swi-prolog/pack/logicmoo_utils/prolog/logicmoo_packs.pl':49), logicmoo_packages:rescan_pack_autoload_packages))
   Call: (14) [system] logicmoo_startup:at_current_Y(cuz('/var/lib/jenkins/.local/share/swi-prolog/pack/logicmoo_utils/prolog/logicmoo_packs.pl':49), logicmoo_packages:rescan_pack_autoload_packages)=@=logicmoo_startup:at_current_Y(cuz('/var/lib/jenkins/.local/share/swi-prolog/pack/logicmoo_base/prolog/logicmoo/typesystem/mpred_type_constraints.pl':306), mpred_type_constraints:add_history((_678984=(loves(_678996, _678998), ~knows(..., ...)), must(args_constrain(_678984, _679028)), writeq(_679028))))
   Fail: (14) [system] logicmoo_startup:at_current_Y(cuz('/var/lib/jenkins/.local/share/swi-prolog/pack/logicmoo_utils/prolog/logicmoo_packs.pl':49), logicmoo_packages:rescan_pack_autoload_packages)=@=logicmoo_startup:at_current_Y(cuz('/var/lib/jenkins/.local/share/swi-prolog/pack/logicmoo_base/prolog/logicmoo/typesystem/mpred_type_constraints.pl':306), mpred_type_constraints:add_history((_678984=(loves(_678996, _678998), ~knows(..., ...)), must(args_constrain(_678984, _679028)), writeq(_679028))))
   Redo: (14) [lmcache] lmcache:called_startup_goal(_684058, _684060)
   Unify: (14) [lmcache] lmcache:called_startup_goal(during_boot, logicmoo_startup:at_current_Y(cuz('/var/lib/jenkins/.local/share/swi-prolog/pack/logicmoo_base/prolog/logicmoo/typesystem/mpred_type_constraints.pl':284), mpred_type_constraints:add_history((_719212=(loves(..., ...), ~ ...), must(args_enforce_bound(..., ...)), writeq(_719256)))))
   Exit: (14) [lmcache] lmcache:called_startup_goal(during_boot, logicmoo_startup:at_current_Y(cuz('/var/lib/jenkins/.local/share/swi-prolog/pack/logicmoo_base/prolog/logicmoo/typesystem/mpred_type_constraints.pl':284), mpred_type_constraints:add_history((_719212=(loves(..., ...), ~ ...), must(args_enforce_bound(..., ...)), writeq(_719256)))))
   Call: (14) [system] logicmoo_startup:at_current_Y(cuz('/var/lib/jenkins/.local/share/swi-prolog/pack/logicmoo_base/prolog/logicmoo/typesystem/mpred_type_constraints.pl':284), mpred_type_constraints:add_history((_719212=(loves(_719224, _719226), ~knows(..., ...)), must(args_enforce_bound(_719212, _719256)), writeq(_719256))))=@=logicmoo_startup:at_current_Y(cuz('/var/lib/jenkins/.local/share/swi-prolog/pack/logicmoo_base/prolog/logicmoo/typesystem/mpred_type_constraints.pl':306), mpred_type_constraints:add_history((_678984=(loves(_678996, _678998), ~knows(..., ...)), must(args_constrain(_678984, _679028)), writeq(_679028))))
   Fail: (14) [system] logicmoo_startup:at_current_Y(cuz('/var/lib/jenkins/.local/share/swi-prolog/pack/logicmoo_base/prolog/logicmoo/typesystem/mpred_type_constraints.pl':284), mpred_type_constraints:add_history((_719212=(loves(_719224, _719226), ~knows(..., ...)), must(args_enforce_bound(_719212, _719256)), writeq(_719256))))=@=logicmoo_startup:at_current_Y(cuz('/var/lib/jenkins/.local/share/swi-prolog/pack/logicmoo_base/prolog/logicmoo/typesystem/mpred_type_constraints.pl':306), mpred_type_constraints:add_history((_678984=(loves(_678996, _678998), ~knows(..., ...)), must(args_constrain(_678984, _679028)), writeq(_679028))))
^  Fail: (13) [logicmoo_startup] logicmoo_startup:has_ran_once(_721790, logicmoo_startup:at_current_Y(cuz('/var/lib/jenkins/.local/share/swi-prolog/pack/logicmoo_base/prolog/logicmoo/typesystem/mpred_type_constraints.pl':306), mpred_type_constraints:add_history((_678984=(loves(..., ...), ~ ...), must(args_constrain(..., ...)), writeq(_679028)))))
^  Redo: (12) [logicmoo_startup] try_pending_init(during_boot, logicmoo_startup:at_current_Y(cuz('/var/lib/jenkins/.local/share/swi-prolog/pack/logicmoo_base/prolog/logicmoo/typesystem/mpred_type_constraints.pl':306), mpred_type_constraints:add_history((_678984=(loves(_678996, _678998), ~knows(..., ...)), must(args_constrain(_678984, _679028)), writeq(_679028)))))
^  Unify: (12) [logicmoo_startup] try_pending_init(during_boot, logicmoo_startup:at_current_Y(cuz('/var/lib/jenkins/.local/share/swi-prolog/pack/logicmoo_base/prolog/logicmoo/typesystem/mpred_type_constraints.pl':306), mpred_type_constraints:add_history((_678984=(loves(_678996, _678998), ~knows(..., ...)), must(args_constrain(_678984, _679028)), writeq(_679028)))))
^  Call: (13) [logicmoo_startup] assertz(lmcache:called_startup_goal(during_boot, logicmoo_startup:at_current_Y(cuz('/var/lib/jenkins/.local/share/swi-prolog/pack/logicmoo_base/prolog/logicmoo/typesystem/mpred_type_constraints.pl':306), mpred_type_constraints:add_history((_678984=(..., ...), must(...), writeq(...))))))
^  Exit: (13) [logicmoo_startup] assertz(lmcache:called_startup_goal(during_boot, logicmoo_startup:at_current_Y(cuz('/var/lib/jenkins/.local/share/swi-prolog/pack/logicmoo_base/prolog/logicmoo/typesystem/mpred_type_constraints.pl':306), mpred_type_constraints:add_history((_678984=(..., ...), must(...), writeq(...))))))
^  Call: (13) [logicmoo_startup] maybe_notrace(logicmoo_startup:at_current_Y(cuz('/var/lib/jenkins/.local/share/swi-prolog/pack/logicmoo_base/prolog/logicmoo/typesystem/mpred_type_constraints.pl':306), mpred_type_constraints:add_history((_678984=(loves(_678996, _678998), ~knows(..., ...)), must(args_constrain(_678984, _679028)), writeq(_679028)))))
^  Unify: (13) [logicmoo_startup] maybe_notrace(logicmoo_startup:at_current_Y(cuz('/var/lib/jenkins/.local/share/swi-prolog/pack/logicmoo_base/prolog/logicmoo/typesystem/mpred_type_constraints.pl':306), mpred_type_constraints:add_history((_678984=(loves(_678996, _678998), ~knows(..., ...)), must(args_constrain(_678984, _679028)), writeq(_679028)))))
   Call: (14) [edinburgh] edinburgh:debug
   Unify: (14) [edinburgh] edinburgh:debug
   Call: (15) [system] set_prolog_flag(debug, true)
   Exit: (15) [system] set_prolog_flag(debug, true)
   Exit: (14) [edinburgh] edinburgh:debug
^  Call: (14) [logicmoo_startup] maybe_one(quietly(logicmoo_startup:at_current_Y(cuz('/var/lib/jenkins/.local/share/swi-prolog/pack/logicmoo_base/prolog/logicmoo/typesystem/mpred_type_constraints.pl':306), mpred_type_constraints:add_history((_678984=(loves(..., ...), ~ ...), must(args_constrain(..., ...)), writeq(_679028))))), ftrace(logicmoo_startup:at_current_Y(cuz('/var/lib/jenkins/.local/share/swi-prolog/pack/logicmoo_base/prolog/logicmoo/typesystem/mpred_type_constraints.pl':306), mpred_type_constraints:add_history((_678984=(loves(..., ...), ~ ...), must(args_constrain(..., ...)), writeq(_679028))))))
^  Unify: (14) [logicmoo_startup] maybe_one(logicmoo_startup:quietly(logicmoo_startup:at_current_Y(cuz('/var/lib/jenkins/.local/share/swi-prolog/pack/logicmoo_base/prolog/logicmoo/typesystem/mpred_type_constraints.pl':306), mpred_type_constraints:add_history((_678984=(..., ...), must(...), writeq(...))))), logicmoo_startup:ftrace(logicmoo_startup:at_current_Y(cuz('/var/lib/jenkins/.local/share/swi-prolog/pack/logicmoo_base/prolog/logicmoo/typesystem/mpred_type_constraints.pl':306), mpred_type_constraints:add_history((_678984=(..., ...), must(...), writeq(...))))))
^  Call: (16) [logicmoo_startup] call(logicmoo_startup:quietly(logicmoo_startup:at_current_Y(cuz('/var/lib/jenkins/.local/share/swi-prolog/pack/logicmoo_base/prolog/logicmoo/typesystem/mpred_type_constraints.pl':306), mpred_type_constraints:add_history((_678984=(..., ...), must(...), writeq(...))))))
^  Unify: (16) [system] call(logicmoo_startup:quietly(logicmoo_startup:at_current_Y(cuz('/var/lib/jenkins/.local/share/swi-prolog/pack/logicmoo_base/prolog/logicmoo/typesystem/mpred_type_constraints.pl':306), mpred_type_constraints:add_history((_678984=(..., ...), must(...), writeq(...))))))
^  Call: (17) [logicmoo_startup] quietly(logicmoo_startup:at_current_Y(cuz('/var/lib/jenkins/.local/share/swi-prolog/pack/logicmoo_base/prolog/logicmoo/typesystem/mpred_type_constraints.pl':306), mpred_type_constraints:add_history((_678984=(loves(_678996, _678998), ~knows(..., ...)), must(args_constrain(_678984, _679028)), writeq(_679028)))))
^  Unify: (17) [rtrace] quietly(logicmoo_startup:at_current_Y(cuz('/var/lib/jenkins/.local/share/swi-prolog/pack/logicmoo_base/prolog/logicmoo/typesystem/mpred_type_constraints.pl':306), mpred_type_constraints:add_history((_678984=(loves(_678996, _678998), ~knows(..., ...)), must(args_constrain(_678984, _679028)), writeq(_679028)))))
   Call: (19) [system] _733404=mquietly_if(true, rtrace:tAt_rtrace)
   Exit: (19) [system] mquietly_if(true, rtrace:tAt_rtrace)=mquietly_if(true, rtrace:tAt_rtrace)
^  Call: (19) [must_sanity] setup_call_cleanup(rtrace:notrace(visible(-all)),  ((logicmoo_startup:at_current_Y(cuz('/var/lib/jenkins/.local/share/swi-prolog/pack/logicmoo_base/prolog/logicmoo/typesystem/mpred_type_constraints.pl':306), mpred_type_constraints:add_history((_678984=(..., ...), must(...), writeq(...)))), deterministic(_734662)), (notrace(_734662==true)->!;rtrace:tAt_rtrace, notrace(nb_setarg(1, mquietly_if(true, rtrace:tAt_rtrace), false));rtrace:notrace(visible(-all)), notrace(nb_setarg(1, mquietly_if(true, ... : ...), true)), notrace(fail))), mquietly_if(true, rtrace:tAt_rtrace))
^  Unify: (19) [system] setup_call_cleanup(rtrace:notrace(visible(-all)), must_sanity:((logicmoo_startup:at_current_Y(cuz('/var/lib/jenkins/.local/share/swi-prolog/pack/logicmoo_base/prolog/logicmoo/typesystem/mpred_type_constraints.pl':306), mpred_type_constraints:add_history((... = ..., ..., ...))), deterministic(_734662)), (notrace(_734662==true)->!;rtrace:tAt_rtrace, notrace(nb_setarg(1, mquietly_if(true, ... : ...), false));rtrace:notrace(visible(- ...)), notrace(nb_setarg(1, mquietly_if(..., ...), true)), notrace(fail))), must_sanity:mquietly_if(true, rtrace:tAt_rtrace))
^  Call: (20) [system] setup_call_catcher_cleanup(rtrace:notrace(visible(-all)), must_sanity:((logicmoo_startup:at_current_Y(cuz('/var/lib/jenkins/.local/share/swi-prolog/pack/logicmoo_base/prolog/logicmoo/typesystem/mpred_type_constraints.pl':306), mpred_type_constraints:add_history((... = ..., ..., ...))), deterministic(_734662)), (notrace(_734662==true)->!;rtrace:tAt_rtrace, notrace(nb_setarg(1, mquietly_if(true, ... : ...), false));rtrace:notrace(visible(- ...)), notrace(nb_setarg(1, mquietly_if(..., ...), true)), notrace(fail))), _736066, must_sanity:mquietly_if(true, rtrace:tAt_rtrace))
^  Unify: (20) [system] setup_call_catcher_cleanup(rtrace:notrace(visible(-all)), must_sanity:((logicmoo_startup:at_current_Y(cuz('/var/lib/jenkins/.local/share/swi-prolog/pack/logicmoo_base/prolog/logicmoo/typesystem/mpred_type_constraints.pl':306), mpred_type_constraints:add_history((... = ..., ..., ...))), deterministic(_734662)), (notrace(_734662==true)->!;rtrace:tAt_rtrace, notrace(nb_setarg(1, mquietly_if(true, ... : ...), false));rtrace:notrace(visible(- ...)), notrace(nb_setarg(1, mquietly_if(..., ...), true)), notrace(fail))), _736698, must_sanity:mquietly_if(true, rtrace:tAt_rtrace))
^  Exit: (22) [must_sanity] must_sanity:mquietly_if(true, rtrace:tAt_rtrace)
^  Exit: (20) [system] setup_call_catcher_cleanup(rtrace:notrace(visible(-all)), must_sanity:((logicmoo_startup:at_current_Y(cuz('/var/lib/jenkins/.local/share/swi-prolog/pack/logicmoo_base/prolog/logicmoo/typesystem/mpred_type_constraints.pl':306), mpred_type_constraints:add_history((... = ..., ..., ...))), deterministic(true)), (notrace(true==true)->!;rtrace:tAt_rtrace, notrace(nb_setarg(1, mquietly_if(true, ... : ...), false));rtrace:notrace(visible(- ...)), notrace(nb_setarg(1, mquietly_if(..., ...), true)), notrace(fail))), exit, must_sanity:mquietly_if(true, rtrace:tAt_rtrace))
^  Exit: (19) [system] setup_call_cleanup(rtrace:notrace(visible(-all)), must_sanity:((logicmoo_startup:at_current_Y(cuz('/var/lib/jenkins/.local/share/swi-prolog/pack/logicmoo_base/prolog/logicmoo/typesystem/mpred_type_constraints.pl':306), mpred_type_constraints:add_history((... = ..., ..., ...))), deterministic(true)), (notrace(true==true)->!;rtrace:tAt_rtrace, notrace(nb_setarg(1, mquietly_if(true, ... : ...), false));rtrace:notrace(visible(- ...)), notrace(nb_setarg(1, mquietly_if(..., ...), true)), notrace(fail))), must_sanity:mquietly_if(true, rtrace:tAt_rtrace))
^  Exit: (17) [rtrace] quietly(logicmoo_startup:at_current_Y(cuz('/var/lib/jenkins/.local/share/swi-prolog/pack/logicmoo_base/prolog/logicmoo/typesystem/mpred_type_constraints.pl':306), mpred_type_constraints:add_history((_678984=(loves(_678996, _678998), ~knows(..., ...)), must(args_constrain(_678984, _679028)), writeq(_679028)))))
^  Exit: (16) [system] call(logicmoo_startup:quietly(logicmoo_startup:at_current_Y(cuz('/var/lib/jenkins/.local/share/swi-prolog/pack/logicmoo_base/prolog/logicmoo/typesystem/mpred_type_constraints.pl':306), mpred_type_constraints:add_history((_678984=(..., ...), must(...), writeq(...))))))
   Call: (15) [system] true
   Exit: (15) [system] true
^  Exit: (14) [logicmoo_startup] maybe_one(logicmoo_startup:quietly(logicmoo_startup:at_current_Y(cuz('/var/lib/jenkins/.local/share/swi-prolog/pack/logicmoo_base/prolog/logicmoo/typesystem/mpred_type_constraints.pl':306), mpred_type_constraints:add_history((_678984=(..., ...), must(...), writeq(...))))), logicmoo_startup:ftrace(logicmoo_startup:at_current_Y(cuz('/var/lib/jenkins/.local/share/swi-prolog/pack/logicmoo_base/prolog/logicmoo/typesystem/mpred_type_constraints.pl':306), mpred_type_constraints:add_history((_678984=(..., ...), must(...), writeq(...))))))
^  Exit: (13) [logicmoo_startup] maybe_notrace(logicmoo_startup:at_current_Y(cuz('/var/lib/jenkins/.local/share/swi-prolog/pack/logicmoo_base/prolog/logicmoo/typesystem/mpred_type_constraints.pl':306), mpred_type_constraints:add_history((_678984=(loves(_678996, _678998), ~knows(..., ...)), must(args_constrain(_678984, _679028)), writeq(_679028)))))
   Call: (13) [system] true
   Exit: (13) [system] true
^  Exit: (12) [logicmoo_startup] try_pending_init(during_boot, logicmoo_startup:at_current_Y(cuz('/var/lib/jenkins/.local/share/swi-prolog/pack/logicmoo_base/prolog/logicmoo/typesystem/mpred_type_constraints.pl':306), mpred_type_constraints:add_history((_678984=(loves(_678996, _678998), ~knows(..., ...)), must(args_constrain(_678984, _679028)), writeq(_679028)))))
   Redo: (13) [lmconf] lmconf:at_restore_goal(during_boot, _63180)
   Unify: (13) [lmconf] lmconf:at_restore_goal(during_boot, logicmoo_startup:at_current_Y(cuz('/var/lib/jenkins/.local/share/swi-prolog/pack/logicmoo_base/prolog/logicmoo/typesystem/mpred_type_constraints.pl':330), mpred_type_constraints:add_history((_747890=(loves(..., ...), ~ ...), must(args_enforce(..., ...)), writeq(_747934)))))
   Exit: (13) [lmconf] lmconf:at_restore_goal(during_boot, logicmoo_startup:at_current_Y(cuz('/var/lib/jenkins/.local/share/swi-prolog/pack/logicmoo_base/prolog/logicmoo/typesystem/mpred_type_constraints.pl':330), mpred_type_constraints:add_history((_747890=(loves(..., ...), ~ ...), must(args_enforce(..., ...)), writeq(_747934)))))
   Call: (13) [system] 3=<4
   Exit: (13) [system] 3=<4
^  Call: (12) [logicmoo_startup] try_pending_init(during_boot, logicmoo_startup:at_current_Y(cuz('/var/lib/jenkins/.local/share/swi-prolog/pack/logicmoo_base/prolog/logicmoo/typesystem/mpred_type_constraints.pl':330), mpred_type_constraints:add_history((_747890=(loves(_747902, _747904), ~knows(..., ...)), must(args_enforce(_747890, _747934)), writeq(_747934)))))
^  Unify: (12) [logicmoo_startup] try_pending_init(during_boot, logicmoo_startup:at_current_Y(cuz('/var/lib/jenkins/.local/share/swi-prolog/pack/logicmoo_base/prolog/logicmoo/typesystem/mpred_type_constraints.pl':330), mpred_type_constraints:add_history((_747890=(loves(_747902, _747904), ~knows(..., ...)), must(args_enforce(_747890, _747934)), writeq(_747934)))))
^  Call: (13) [logicmoo_startup] logicmoo_startup:has_ran_once(_751772, logicmoo_startup:at_current_Y(cuz('/var/lib/jenkins/.local/share/swi-prolog/pack/logicmoo_base/prolog/logicmoo/typesystem/mpred_type_constraints.pl':330), mpred_type_constraints:add_history((_747890=(loves(..., ...), ~ ...), must(args_enforce(..., ...)), writeq(_747934)))))
^  Unify: (13) [logicmoo_startup] logicmoo_startup:has_ran_once(_752396, logicmoo_startup:at_current_Y(cuz('/var/lib/jenkins/.local/share/swi-prolog/pack/logicmoo_base/prolog/logicmoo/typesystem/mpred_type_constraints.pl':330), mpred_type_constraints:add_history((_747890=(loves(..., ...), ~ ...), must(args_enforce(..., ...)), writeq(_747934)))))
   Call: (14) [lmcache] lmcache:called_startup_goal(_752964, _752966)
   Unify: (14) [lmcache] lmcache:called_startup_goal(before_boot, logicmoo_startup:at_current_Y(cuz('/var/lib/jenkins/.local/share/swi-prolog/pack/logicmoo_utils/prolog/logicmoo_packs.pl':48), logicmoo_packages:rescan_pack_autoload_packages))
   Exit: (14) [lmcache] lmcache:called_startup_goal(before_boot, logicmoo_startup:at_current_Y(cuz('/var/lib/jenkins/.local/share/swi-prolog/pack/logicmoo_utils/prolog/logicmoo_packs.pl':48), logicmoo_packages:rescan_pack_autoload_packages))
   Call: (14) [system] logicmoo_startup:at_current_Y(cuz('/var/lib/jenkins/.local/share/swi-prolog/pack/logicmoo_utils/prolog/logicmoo_packs.pl':48), logicmoo_packages:rescan_pack_autoload_packages)=@=logicmoo_startup:at_current_Y(cuz('/var/lib/jenkins/.local/share/swi-prolog/pack/logicmoo_base/prolog/logicmoo/typesystem/mpred_type_constraints.pl':330), mpred_type_constraints:add_history((_747890=(loves(_747902, _747904), ~knows(..., ...)), must(args_enforce(_747890, _747934)), writeq(_747934))))
   Fail: (14) [system] logicmoo_startup:at_current_Y(cuz('/var/lib/jenkins/.local/share/swi-prolog/pack/logicmoo_utils/prolog/logicmoo_packs.pl':48), logicmoo_packages:rescan_pack_autoload_packages)=@=logicmoo_startup:at_current_Y(cuz('/var/lib/jenkins/.local/share/swi-prolog/pack/logicmoo_base/prolog/logicmoo/typesystem/mpred_type_constraints.pl':330), mpred_type_constraints:add_history((_747890=(loves(_747902, _747904), ~knows(..., ...)), must(args_enforce(_747890, _747934)), writeq(_747934))))
   Redo: (14) [lmcache] lmcache:called_startup_goal(_752964, _752966)
   Unify: (14) [lmcache] lmcache:called_startup_goal(before_boot, logicmoo_startup:at_current_Y(cuz('/var/lib/jenkins/.local/share/swi-prolog/pack/logicmoo_utils/prolog/logicmoo_lib.pl':108), user:gripe_time(40, if_file_exists(ensure_loaded(system:logicmoo_packs)))))
   Exit: (14) [lmcache] lmcache:called_startup_goal(before_boot, logicmoo_startup:at_current_Y(cuz('/var/lib/jenkins/.local/share/swi-prolog/pack/logicmoo_utils/prolog/logicmoo_lib.pl':108), user:gripe_time(40, if_file_exists(ensure_loaded(system:logicmoo_packs)))))
   Call: (14) [system] logicmoo_startup:at_current_Y(cuz('/var/lib/jenkins/.local/share/swi-prolog/pack/logicmoo_utils/prolog/logicmoo_lib.pl':108), user:gripe_time(40, if_file_exists(ensure_loaded(system:logicmoo_packs))))=@=logicmoo_startup:at_current_Y(cuz('/var/lib/jenkins/.local/share/swi-prolog/pack/logicmoo_base/prolog/logicmoo/typesystem/mpred_type_constraints.pl':330), mpred_type_constraints:add_history((_747890=(loves(_747902, _747904), ~knows(..., ...)), must(args_enforce(_747890, _747934)), writeq(_747934))))
   Fail: (14) [system] logicmoo_startup:at_current_Y(cuz('/var/lib/jenkins/.local/share/swi-prolog/pack/logicmoo_utils/prolog/logicmoo_lib.pl':108), user:gripe_time(40, if_file_exists(ensure_loaded(system:logicmoo_packs))))=@=logicmoo_startup:at_current_Y(cuz('/var/lib/jenkins/.local/share/swi-prolog/pack/logicmoo_base/prolog/logicmoo/typesystem/mpred_type_constraints.pl':330), mpred_type_constraints:add_history((_747890=(loves(_747902, _747904), ~knows(..., ...)), must(args_enforce(_747890, _747934)), writeq(_747934))))
   Redo: (14) [lmcache] lmcache:called_startup_goal(_752964, _752966)
   Unify: (14) [lmcache] lmcache:called_startup_goal(before_boot, logicmoo_startup:at_current_Y(cuz('/var/lib/jenkins/.local/share/swi-prolog/pack/logicmoo_utils/prolog/logicmoo_lib.pl':116), logicmoo_lib:rescan_pack_autoload_packages))
   Exit: (14) [lmcache] lmcache:called_startup_goal(before_boot, logicmoo_startup:at_current_Y(cuz('/var/lib/jenkins/.local/share/swi-prolog/pack/logicmoo_utils/prolog/logicmoo_lib.pl':116), logicmoo_lib:rescan_pack_autoload_packages))
   Call: (14) [system] logicmoo_startup:at_current_Y(cuz('/var/lib/jenkins/.local/share/swi-prolog/pack/logicmoo_utils/prolog/logicmoo_lib.pl':116), logicmoo_lib:rescan_pack_autoload_packages)=@=logicmoo_startup:at_current_Y(cuz('/var/lib/jenkins/.local/share/swi-prolog/pack/logicmoo_base/prolog/logicmoo/typesystem/mpred_type_constraints.pl':330), mpred_type_constraints:add_history((_747890=(loves(_747902, _747904), ~knows(..., ...)), must(args_enforce(_747890, _747934)), writeq(_747934))))
   Fail: (14) [system] logicmoo_startup:at_current_Y(cuz('/var/lib/jenkins/.local/share/swi-prolog/pack/logicmoo_utils/prolog/logicmoo_lib.pl':116), logicmoo_lib:rescan_pack_autoload_packages)=@=logicmoo_startup:at_current_Y(cuz('/var/lib/jenkins/.local/share/swi-prolog/pack/logicmoo_base/prolog/logicmoo/typesystem/mpred_type_constraints.pl':330), mpred_type_constraints:add_history((_747890=(loves(_747902, _747904), ~knows(..., ...)), must(args_enforce(_747890, _747934)), writeq(_747934))))
   Redo: (14) [lmcache] lmcache:called_startup_goal(_752964, _752966)
   Unify: (14) [lmcache] lmcache:called_startup_goal(before_boot, logicmoo_startup:at_current_Y(cuz('/var/lib/jenkins/.local/share/swi-prolog/pack/logicmoo_utils/prolog/logicmoo_lib.pl':196), user:gripe_time(40, if_file_exists(ensure_loaded(system:logicmoo_swilib)))))
   Exit: (14) [lmcache] lmcache:called_startup_goal(before_boot, logicmoo_startup:at_current_Y(cuz('/var/lib/jenkins/.local/share/swi-prolog/pack/logicmoo_utils/prolog/logicmoo_lib.pl':196), user:gripe_time(40, if_file_exists(ensure_loaded(system:logicmoo_swilib)))))
   Call: (14) [system] logicmoo_startup:at_current_Y(cuz('/var/lib/jenkins/.local/share/swi-prolog/pack/logicmoo_utils/prolog/logicmoo_lib.pl':196), user:gripe_time(40, if_file_exists(ensure_loaded(system:logicmoo_swilib))))=@=logicmoo_startup:at_current_Y(cuz('/var/lib/jenkins/.local/share/swi-prolog/pack/logicmoo_base/prolog/logicmoo/typesystem/mpred_type_constraints.pl':330), mpred_type_constraints:add_history((_747890=(loves(_747902, _747904), ~knows(..., ...)), must(args_enforce(_747890, _747934)), writeq(_747934))))
   Fail: (14) [system] logicmoo_startup:at_current_Y(cuz('/var/lib/jenkins/.local/share/swi-prolog/pack/logicmoo_utils/prolog/logicmoo_lib.pl':196), user:gripe_time(40, if_file_exists(ensure_loaded(system:logicmoo_swilib))))=@=logicmoo_startup:at_current_Y(cuz('/var/lib/jenkins/.local/share/swi-prolog/pack/logicmoo_base/prolog/logicmoo/typesystem/mpred_type_constraints.pl':330), mpred_type_constraints:add_history((_747890=(loves(_747902, _747904), ~knows(..., ...)), must(args_enforce(_747890, _747934)), writeq(_747934))))
   Redo: (14) [lmcache] lmcache:called_startup_goal(_752964, _752966)
   Unify: (14) [lmcache] lmcache:called_startup_goal(before_boot, logicmoo_startup:at_current_Y(cuz('/var/lib/jenkins/.local/share/swi-prolog/pack/pfc/prolog/pfc_lib.pl':519), pfc_lib:set_how_virtualize_file(false, '/var/lib/jenkins/.local/share/swi-prolog/pack/pfc/prolog/pfc_lib.pl')))
   Exit: (14) [lmcache] lmcache:called_startup_goal(before_boot, logicmoo_startup:at_current_Y(cuz('/var/lib/jenkins/.local/share/swi-prolog/pack/pfc/prolog/pfc_lib.pl':519), pfc_lib:set_how_virtualize_file(false, '/var/lib/jenkins/.local/share/swi-prolog/pack/pfc/prolog/pfc_lib.pl')))
   Call: (14) [system] logicmoo_startup:at_current_Y(cuz('/var/lib/jenkins/.local/share/swi-prolog/pack/pfc/prolog/pfc_lib.pl':519), pfc_lib:set_how_virtualize_file(false, '/var/lib/jenkins/.local/share/swi-prolog/pack/pfc/prolog/pfc_lib.pl'))=@=logicmoo_startup:at_current_Y(cuz('/var/lib/jenkins/.local/share/swi-prolog/pack/logicmoo_base/prolog/logicmoo/typesystem/mpred_type_constraints.pl':330), mpred_type_constraints:add_history((_747890=(loves(_747902, _747904), ~knows(..., ...)), must(args_enforce(_747890, _747934)), writeq(_747934))))
   Fail: (14) [system] logicmoo_startup:at_current_Y(cuz('/var/lib/jenkins/.local/share/swi-prolog/pack/pfc/prolog/pfc_lib.pl':519), pfc_lib:set_how_virtualize_file(false, '/var/lib/jenkins/.local/share/swi-prolog/pack/pfc/prolog/pfc_lib.pl'))=@=logicmoo_startup:at_current_Y(cuz('/var/lib/jenkins/.local/share/swi-prolog/pack/logicmoo_base/prolog/logicmoo/typesystem/mpred_type_constraints.pl':330), mpred_type_constraints:add_history((_747890=(loves(_747902, _747904), ~knows(..., ...)), must(args_enforce(_747890, _747934)), writeq(_747934))))
   Redo: (14) [lmcache] lmcache:called_startup_goal(_752964, _752966)
   Unify: (14) [lmcache] lmcache:called_startup_goal(before_boot, logicmoo_startup:at_current_Y(cuz('/var/lib/jenkins/.local/share/swi-prolog/pack/logicmoo_utils/prolog/logicmoo_lib.pl':286), logicmoo_lib:gripe_time(40, if_file_exists(ensure_loaded(logicmoo_lib:library(...))))))
   Exit: (14) [lmcache] lmcache:called_startup_goal(before_boot, logicmoo_startup:at_current_Y(cuz('/var/lib/jenkins/.local/share/swi-prolog/pack/logicmoo_utils/prolog/logicmoo_lib.pl':286), logicmoo_lib:gripe_time(40, if_file_exists(ensure_loaded(logicmoo_lib:library(...))))))
   Call: (14) [system] logicmoo_startup:at_current_Y(cuz('/var/lib/jenkins/.local/share/swi-prolog/pack/logicmoo_utils/prolog/logicmoo_lib.pl':286), logicmoo_lib:gripe_time(40, if_file_exists(ensure_loaded(logicmoo_lib:library(logicmoo_typesystem)))))=@=logicmoo_startup:at_current_Y(cuz('/var/lib/jenkins/.local/share/swi-prolog/pack/logicmoo_base/prolog/logicmoo/typesystem/mpred_type_constraints.pl':330), mpred_type_constraints:add_history((_747890=(loves(_747902, _747904), ~knows(..., ...)), must(args_enforce(_747890, _747934)), writeq(_747934))))
   Fail: (14) [system] logicmoo_startup:at_current_Y(cuz('/var/lib/jenkins/.local/share/swi-prolog/pack/logicmoo_utils/prolog/logicmoo_lib.pl':286), logicmoo_lib:gripe_time(40, if_file_exists(ensure_loaded(logicmoo_lib:library(logicmoo_typesystem)))))=@=logicmoo_startup:at_current_Y(cuz('/var/lib/jenkins/.local/share/swi-prolog/pack/logicmoo_base/prolog/logicmoo/typesystem/mpred_type_constraints.pl':330), mpred_type_constraints:add_history((_747890=(loves(_747902, _747904), ~knows(..., ...)), must(args_enforce(_747890, _747934)), writeq(_747934))))
   Redo: (14) [lmcache] lmcache:called_startup_goal(_752964, _752966)
   Unify: (14) [lmcache] lmcache:called_startup_goal(before_boot, logicmoo_startup:at_current_Y(cuz('/var/lib/jenkins/.local/share/swi-prolog/pack/logicmoo_utils/prolog/logicmoo_lib.pl':301), logicmoo_lib:gripe_time(40, if_file_exists(ensure_loaded(logicmoo_lib:library(...))))))
   Exit: (14) [lmcache] lmcache:called_startup_goal(before_boot, logicmoo_startup:at_current_Y(cuz('/var/lib/jenkins/.local/share/swi-prolog/pack/logicmoo_utils/prolog/logicmoo_lib.pl':301), logicmoo_lib:gripe_time(40, if_file_exists(ensure_loaded(logicmoo_lib:library(...))))))
   Call: (14) [system] logicmoo_startup:at_current_Y(cuz('/var/lib/jenkins/.local/share/swi-prolog/pack/logicmoo_utils/prolog/logicmoo_lib.pl':301), logicmoo_lib:gripe_time(40, if_file_exists(ensure_loaded(logicmoo_lib:library(logicmoo_plarkc)))))=@=logicmoo_startup:at_current_Y(cuz('/var/lib/jenkins/.local/share/swi-prolog/pack/logicmoo_base/prolog/logicmoo/typesystem/mpred_type_constraints.pl':330), mpred_type_constraints:add_history((_747890=(loves(_747902, _747904), ~knows(..., ...)), must(args_enforce(_747890, _747934)), writeq(_747934))))
   Fail: (14) [system] logicmoo_startup:at_current_Y(cuz('/var/lib/jenkins/.local/share/swi-prolog/pack/logicmoo_utils/prolog/logicmoo_lib.pl':301), logicmoo_lib:gripe_time(40, if_file_exists(ensure_loaded(logicmoo_lib:library(logicmoo_plarkc)))))=@=logicmoo_startup:at_current_Y(cuz('/var/lib/jenkins/.local/share/swi-prolog/pack/logicmoo_base/prolog/logicmoo/typesystem/mpred_type_constraints.pl':330), mpred_type_constraints:add_history((_747890=(loves(_747902, _747904), ~knows(..., ...)), must(args_enforce(_747890, _747934)), writeq(_747934))))
   Redo: (14) [lmcache] lmcache:called_startup_goal(_752964, _752966)
   Unify: (14) [lmcache] lmcache:called_startup_goal(before_boot, logicmoo_startup:at_current_Y(cuz('/var/lib/jenkins/.local/share/swi-prolog/pack/logicmoo_utils/prolog/logicmoo_lib.pl':308), logicmoo_lib:gripe_time(40, if_file_exists(ensure_loaded(logicmoo_lib:library(...))))))
   Exit: (14) [lmcache] lmcache:called_startup_goal(before_boot, logicmoo_startup:at_current_Y(cuz('/var/lib/jenkins/.local/share/swi-prolog/pack/logicmoo_utils/prolog/logicmoo_lib.pl':308), logicmoo_lib:gripe_time(40, if_file_exists(ensure_loaded(logicmoo_lib:library(...))))))
   Call: (14) [system] logicmoo_startup:at_current_Y(cuz('/var/lib/jenkins/.local/share/swi-prolog/pack/logicmoo_utils/prolog/logicmoo_lib.pl':308), logicmoo_lib:gripe_time(40, if_file_exists(ensure_loaded(logicmoo_lib:library(logicmoo_clif)))))=@=logicmoo_startup:at_current_Y(cuz('/var/lib/jenkins/.local/share/swi-prolog/pack/logicmoo_base/prolog/logicmoo/typesystem/mpred_type_constraints.pl':330), mpred_type_constraints:add_history((_747890=(loves(_747902, _747904), ~knows(..., ...)), must(args_enforce(_747890, _747934)), writeq(_747934))))
   Fail: (14) [system] logicmoo_startup:at_current_Y(cuz('/var/lib/jenkins/.local/share/swi-prolog/pack/logicmoo_utils/prolog/logicmoo_lib.pl':308), logicmoo_lib:gripe_time(40, if_file_exists(ensure_loaded(logicmoo_lib:library(logicmoo_clif)))))=@=logicmoo_startup:at_current_Y(cuz('/var/lib/jenkins/.local/share/swi-prolog/pack/logicmoo_base/prolog/logicmoo/typesystem/mpred_type_constraints.pl':330), mpred_type_constraints:add_history((_747890=(loves(_747902, _747904), ~knows(..., ...)), must(args_enforce(_747890, _747934)), writeq(_747934))))
   Redo: (14) [lmcache] lmcache:called_startup_goal(_752964, _752966)
   Unify: (14) [lmcache] lmcache:called_startup_goal(before_boot, logicmoo_startup:at_current_Y(cuz('/var/lib/jenkins/.local/share/swi-prolog/pack/logicmoo_utils/prolog/logicmoo_lib.pl':314), logicmoo_lib:(set_prolog_flag(do_renames, restore), gripe_time(60, baseKB:ensure_loaded(library(...))))))
   Exit: (14) [lmcache] lmcache:called_startup_goal(before_boot, logicmoo_startup:at_current_Y(cuz('/var/lib/jenkins/.local/share/swi-prolog/pack/logicmoo_utils/prolog/logicmoo_lib.pl':314), logicmoo_lib:(set_prolog_flag(do_renames, restore), gripe_time(60, baseKB:ensure_loaded(library(...))))))
   Call: (14) [system] logicmoo_startup:at_current_Y(cuz('/var/lib/jenkins/.local/share/swi-prolog/pack/logicmoo_utils/prolog/logicmoo_lib.pl':314), logicmoo_lib:(set_prolog_flag(do_renames, restore), gripe_time(60, baseKB:ensure_loaded(library('logicmoo/plarkc/logicmoo_u_cyc_kb_tinykb.pl')))))=@=logicmoo_startup:at_current_Y(cuz('/var/lib/jenkins/.local/share/swi-prolog/pack/logicmoo_base/prolog/logicmoo/typesystem/mpred_type_constraints.pl':330), mpred_type_constraints:add_history((_747890=(loves(_747902, _747904), ~knows(..., ...)), must(args_enforce(_747890, _747934)), writeq(_747934))))
   Fail: (14) [system] logicmoo_startup:at_current_Y(cuz('/var/lib/jenkins/.local/share/swi-prolog/pack/logicmoo_utils/prolog/logicmoo_lib.pl':314), logicmoo_lib:(set_prolog_flag(do_renames, restore), gripe_time(60, baseKB:ensure_loaded(library('logicmoo/plarkc/logicmoo_u_cyc_kb_tinykb.pl')))))=@=logicmoo_startup:at_current_Y(cuz('/var/lib/jenkins/.local/share/swi-prolog/pack/logicmoo_base/prolog/logicmoo/typesystem/mpred_type_constraints.pl':330), mpred_type_constraints:add_history((_747890=(loves(_747902, _747904), ~knows(..., ...)), must(args_enforce(_747890, _747934)), writeq(_747934))))
   Redo: (14) [lmcache] lmcache:called_startup_goal(_752964, _752966)
   Unify: (14) [lmcache] lmcache:called_startup_goal(before_boot, logicmoo_startup:at_current_Y(cuz('/var/lib/jenkins/.local/share/swi-prolog/pack/logicmoo_base/prolog/logicmoo_clif.pl':54), baseKB:(\+user:file_search_path(..., ...)->asserta(user:file_search_path(..., ...));true)))
   Exit: (14) [lmcache] lmcache:called_startup_goal(before_boot, logicmoo_startup:at_current_Y(cuz('/var/lib/jenkins/.local/share/swi-prolog/pack/logicmoo_base/prolog/logicmoo_clif.pl':54), baseKB:(\+user:file_search_path(..., ...)->asserta(user:file_search_path(..., ...));true)))
   Call: (14) [system] logicmoo_startup:at_current_Y(cuz('/var/lib/jenkins/.local/share/swi-prolog/pack/logicmoo_base/prolog/logicmoo_clif.pl':54), baseKB:(\+user:file_search_path(library, '/var/lib/jenkins/.local/share/swi-prolog/pack/logicmoo_base/prolog')->asserta(user:file_search_path(library, '/var/lib/jenkins/.local/share/swi-prolog/pack/logicmoo_base/prolog'));true))=@=logicmoo_startup:at_current_Y(cuz('/var/lib/jenkins/.local/share/swi-prolog/pack/logicmoo_base/prolog/logicmoo/typesystem/mpred_type_constraints.pl':330), mpred_type_constraints:add_history((_747890=(loves(_747902, _747904), ~knows(..., ...)), must(args_enforce(_747890, _747934)), writeq(_747934))))
   Fail: (14) [system] logicmoo_startup:at_current_Y(cuz('/var/lib/jenkins/.local/share/swi-prolog/pack/logicmoo_base/prolog/logicmoo_clif.pl':54), baseKB:(\+user:file_search_path(library, '/var/lib/jenkins/.local/share/swi-prolog/pack/logicmoo_base/prolog')->asserta(user:file_search_path(library, '/var/lib/jenkins/.local/share/swi-prolog/pack/logicmoo_base/prolog'));true))=@=logicmoo_startup:at_current_Y(cuz('/var/lib/jenkins/.local/share/swi-prolog/pack/logicmoo_base/prolog/logicmoo/typesystem/mpred_type_constraints.pl':330), mpred_type_constraints:add_history((_747890=(loves(_747902, _747904), ~knows(..., ...)), must(args_enforce(_747890, _747934)), writeq(_747934))))
   Redo: (14) [lmcache] lmcache:called_startup_goal(_752964, _752966)
   Unify: (14) [lmcache] lmcache:called_startup_goal(during_boot, logicmoo_startup:at_current_Y(cuz('/var/lib/jenkins/.local/share/swi-prolog/pack/logicmoo_utils/prolog/logicmoo_packs.pl':49), logicmoo_packages:rescan_pack_autoload_packages))
   Exit: (14) [lmcache] lmcache:called_startup_goal(during_boot, logicmoo_startup:at_current_Y(cuz('/var/lib/jenkins/.local/share/swi-prolog/pack/logicmoo_utils/prolog/logicmoo_packs.pl':49), logicmoo_packages:rescan_pack_autoload_packages))
   Call: (14) [system] logicmoo_startup:at_current_Y(cuz('/var/lib/jenkins/.local/share/swi-prolog/pack/logicmoo_utils/prolog/logicmoo_packs.pl':49), logicmoo_packages:rescan_pack_autoload_packages)=@=logicmoo_startup:at_current_Y(cuz('/var/lib/jenkins/.local/share/swi-prolog/pack/logicmoo_base/prolog/logicmoo/typesystem/mpred_type_constraints.pl':330), mpred_type_constraints:add_history((_747890=(loves(_747902, _747904), ~knows(..., ...)), must(args_enforce(_747890, _747934)), writeq(_747934))))
   Fail: (14) [system] logicmoo_startup:at_current_Y(cuz('/var/lib/jenkins/.local/share/swi-prolog/pack/logicmoo_utils/prolog/logicmoo_packs.pl':49), logicmoo_packages:rescan_pack_autoload_packages)=@=logicmoo_startup:at_current_Y(cuz('/var/lib/jenkins/.local/share/swi-prolog/pack/logicmoo_base/prolog/logicmoo/typesystem/mpred_type_constraints.pl':330), mpred_type_constraints:add_history((_747890=(loves(_747902, _747904), ~knows(..., ...)), must(args_enforce(_747890, _747934)), writeq(_747934))))
   Redo: (14) [lmcache] lmcache:called_startup_goal(_752964, _752966)
   Unify: (14) [lmcache] lmcache:called_startup_goal(during_boot, logicmoo_startup:at_current_Y(cuz('/var/lib/jenkins/.local/share/swi-prolog/pack/logicmoo_base/prolog/logicmoo/typesystem/mpred_type_constraints.pl':284), mpred_type_constraints:add_history((_788118=(loves(..., ...), ~ ...), must(args_enforce_bound(..., ...)), writeq(_788162)))))
   Exit: (14) [lmcache] lmcache:called_startup_goal(during_boot, logicmoo_startup:at_current_Y(cuz('/var/lib/jenkins/.local/share/swi-prolog/pack/logicmoo_base/prolog/logicmoo/typesystem/mpred_type_constraints.pl':284), mpred_type_constraints:add_history((_788118=(loves(..., ...), ~ ...), must(args_enforce_bound(..., ...)), writeq(_788162)))))
   Call: (14) [system] logicmoo_startup:at_current_Y(cuz('/var/lib/jenkins/.local/share/swi-prolog/pack/logicmoo_base/prolog/logicmoo/typesystem/mpred_type_constraints.pl':284), mpred_type_constraints:add_history((_788118=(loves(_788130, _788132), ~knows(..., ...)), must(args_enforce_bound(_788118, _788162)), writeq(_788162))))=@=logicmoo_startup:at_current_Y(cuz('/var/lib/jenkins/.local/share/swi-prolog/pack/logicmoo_base/prolog/logicmoo/typesystem/mpred_type_constraints.pl':330), mpred_type_constraints:add_history((_747890=(loves(_747902, _747904), ~knows(..., ...)), must(args_enforce(_747890, _747934)), writeq(_747934))))
   Fail: (14) [system] logicmoo_startup:at_current_Y(cuz('/var/lib/jenkins/.local/share/swi-prolog/pack/logicmoo_base/prolog/logicmoo/typesystem/mpred_type_constraints.pl':284), mpred_type_constraints:add_history((_788118=(loves(_788130, _788132), ~knows(..., ...)), must(args_enforce_bound(_788118, _788162)), writeq(_788162))))=@=logicmoo_startup:at_current_Y(cuz('/var/lib/jenkins/.local/share/swi-prolog/pack/logicmoo_base/prolog/logicmoo/typesystem/mpred_type_constraints.pl':330), mpred_type_constraints:add_history((_747890=(loves(_747902, _747904), ~knows(..., ...)), must(args_enforce(_747890, _747934)), writeq(_747934))))
   Redo: (14) [lmcache] lmcache:called_startup_goal(_752964, _752966)
   Unify: (14) [lmcache] lmcache:called_startup_goal(during_boot, logicmoo_startup:at_current_Y(cuz('/var/lib/jenkins/.local/share/swi-prolog/pack/logicmoo_base/prolog/logicmoo/typesystem/mpred_type_constraints.pl':306), mpred_type_constraints:add_history((_791298=(loves(..., ...), ~ ...), must(args_constrain(..., ...)), writeq(_791342)))))
   Exit: (14) [lmcache] lmcache:called_startup_goal(during_boot, logicmoo_startup:at_current_Y(cuz('/var/lib/jenkins/.local/share/swi-prolog/pack/logicmoo_base/prolog/logicmoo/typesystem/mpred_type_constraints.pl':306), mpred_type_constraints:add_history((_791298=(loves(..., ...), ~ ...), must(args_constrain(..., ...)), writeq(_791342)))))
   Call: (14) [system] logicmoo_startup:at_current_Y(cuz('/var/lib/jenkins/.local/share/swi-prolog/pack/logicmoo_base/prolog/logicmoo/typesystem/mpred_type_constraints.pl':306), mpred_type_constraints:add_history((_791298=(loves(_791310, _791312), ~knows(..., ...)), must(args_constrain(_791298, _791342)), writeq(_791342))))=@=logicmoo_startup:at_current_Y(cuz('/var/lib/jenkins/.local/share/swi-prolog/pack/logicmoo_base/prolog/logicmoo/typesystem/mpred_type_constraints.pl':330), mpred_type_constraints:add_history((_747890=(loves(_747902, _747904), ~knows(..., ...)), must(args_enforce(_747890, _747934)), writeq(_747934))))
   Fail: (14) [system] logicmoo_startup:at_current_Y(cuz('/var/lib/jenkins/.local/share/swi-prolog/pack/logicmoo_base/prolog/logicmoo/typesystem/mpred_type_constraints.pl':306), mpred_type_constraints:add_history((_791298=(loves(_791310, _791312), ~knows(..., ...)), must(args_constrain(_791298, _791342)), writeq(_791342))))=@=logicmoo_startup:at_current_Y(cuz('/var/lib/jenkins/.local/share/swi-prolog/pack/logicmoo_base/prolog/logicmoo/typesystem/mpred_type_constraints.pl':330), mpred_type_constraints:add_history((_747890=(loves(_747902, _747904), ~knows(..., ...)), must(args_enforce(_747890, _747934)), writeq(_747934))))
^  Fail: (13) [logicmoo_startup] logicmoo_startup:has_ran_once(_793876, logicmoo_startup:at_current_Y(cuz('/var/lib/jenkins/.local/share/swi-prolog/pack/logicmoo_base/prolog/logicmoo/typesystem/mpred_type_constraints.pl':330), mpred_type_constraints:add_history((_747890=(loves(..., ...), ~ ...), must(args_enforce(..., ...)), writeq(_747934)))))
^  Redo: (12) [logicmoo_startup] try_pending_init(during_boot, logicmoo_startup:at_current_Y(cuz('/var/lib/jenkins/.local/share/swi-prolog/pack/logicmoo_base/prolog/logicmoo/typesystem/mpred_type_constraints.pl':330), mpred_type_constraints:add_history((_747890=(loves(_747902, _747904), ~knows(..., ...)), must(args_enforce(_747890, _747934)), writeq(_747934)))))
^  Unify: (12) [logicmoo_startup] try_pending_init(during_boot, logicmoo_startup:at_current_Y(cuz('/var/lib/jenkins/.local/share/swi-prolog/pack/logicmoo_base/prolog/logicmoo/typesystem/mpred_type_constraints.pl':330), mpred_type_constraints:add_history((_747890=(loves(_747902, _747904), ~knows(..., ...)), must(args_enforce(_747890, _747934)), writeq(_747934)))))
^  Call: (13) [logicmoo_startup] assertz(lmcache:called_startup_goal(during_boot, logicmoo_startup:at_current_Y(cuz('/var/lib/jenkins/.local/share/swi-prolog/pack/logicmoo_base/prolog/logicmoo/typesystem/mpred_type_constraints.pl':330), mpred_type_constraints:add_history((_747890=(..., ...), must(...), writeq(...))))))
^  Exit: (13) [logicmoo_startup] assertz(lmcache:called_startup_goal(during_boot, logicmoo_startup:at_current_Y(cuz('/var/lib/jenkins/.local/share/swi-prolog/pack/logicmoo_base/prolog/logicmoo/typesystem/mpred_type_constraints.pl':330), mpred_type_constraints:add_history((_747890=(..., ...), must(...), writeq(...))))))
^  Call: (13) [logicmoo_startup] maybe_notrace(logicmoo_startup:at_current_Y(cuz('/var/lib/jenkins/.local/share/swi-prolog/pack/logicmoo_base/prolog/logicmoo/typesystem/mpred_type_constraints.pl':330), mpred_type_constraints:add_history((_747890=(loves(_747902, _747904), ~knows(..., ...)), must(args_enforce(_747890, _747934)), writeq(_747934)))))
^  Unify: (13) [logicmoo_startup] maybe_notrace(logicmoo_startup:at_current_Y(cuz('/var/lib/jenkins/.local/share/swi-prolog/pack/logicmoo_base/prolog/logicmoo/typesystem/mpred_type_constraints.pl':330), mpred_type_constraints:add_history((_747890=(loves(_747902, _747904), ~knows(..., ...)), must(args_enforce(_747890, _747934)), writeq(_747934)))))
   Call: (14) [edinburgh] edinburgh:debug
   Unify: (14) [edinburgh] edinburgh:debug
   Call: (15) [system] set_prolog_flag(debug, true)
   Exit: (15) [system] set_prolog_flag(debug, true)
   Exit: (14) [edinburgh] edinburgh:debug
^  Call: (14) [logicmoo_startup] maybe_one(quietly(logicmoo_startup:at_current_Y(cuz('/var/lib/jenkins/.local/share/swi-prolog/pack/logicmoo_base/prolog/logicmoo/typesystem/mpred_type_constraints.pl':330), mpred_type_constraints:add_history((_747890=(loves(..., ...), ~ ...), must(args_enforce(..., ...)), writeq(_747934))))), ftrace(logicmoo_startup:at_current_Y(cuz('/var/lib/jenkins/.local/share/swi-prolog/pack/logicmoo_base/prolog/logicmoo/typesystem/mpred_type_constraints.pl':330), mpred_type_constraints:add_history((_747890=(loves(..., ...), ~ ...), must(args_enforce(..., ...)), writeq(_747934))))))
^  Unify: (14) [logicmoo_startup] maybe_one(logicmoo_startup:quietly(logicmoo_startup:at_current_Y(cuz('/var/lib/jenkins/.local/share/swi-prolog/pack/logicmoo_base/prolog/logicmoo/typesystem/mpred_type_constraints.pl':330), mpred_type_constraints:add_history((_747890=(..., ...), must(...), writeq(...))))), logicmoo_startup:ftrace(logicmoo_startup:at_current_Y(cuz('/var/lib/jenkins/.local/share/swi-prolog/pack/logicmoo_base/prolog/logicmoo/typesystem/mpred_type_constraints.pl':330), mpred_type_constraints:add_history((_747890=(..., ...), must(...), writeq(...))))))
^  Call: (16) [logicmoo_startup] call(logicmoo_startup:quietly(logicmoo_startup:at_current_Y(cuz('/var/lib/jenkins/.local/share/swi-prolog/pack/logicmoo_base/prolog/logicmoo/typesystem/mpred_type_constraints.pl':330), mpred_type_constraints:add_history((_747890=(..., ...), must(...), writeq(...))))))
^  Unify: (16) [system] call(logicmoo_startup:quietly(logicmoo_startup:at_current_Y(cuz('/var/lib/jenkins/.local/share/swi-prolog/pack/logicmoo_base/prolog/logicmoo/typesystem/mpred_type_constraints.pl':330), mpred_type_constraints:add_history((_747890=(..., ...), must(...), writeq(...))))))
^  Call: (17) [logicmoo_startup] quietly(logicmoo_startup:at_current_Y(cuz('/var/lib/jenkins/.local/share/swi-prolog/pack/logicmoo_base/prolog/logicmoo/typesystem/mpred_type_constraints.pl':330), mpred_type_constraints:add_history((_747890=(loves(_747902, _747904), ~knows(..., ...)), must(args_enforce(_747890, _747934)), writeq(_747934)))))
^  Unify: (17) [rtrace] quietly(logicmoo_startup:at_current_Y(cuz('/var/lib/jenkins/.local/share/swi-prolog/pack/logicmoo_base/prolog/logicmoo/typesystem/mpred_type_constraints.pl':330), mpred_type_constraints:add_history((_747890=(loves(_747902, _747904), ~knows(..., ...)), must(args_enforce(_747890, _747934)), writeq(_747934)))))
   Call: (19) [system] _805490=mquietly_if(true, rtrace:tAt_rtrace)
   Exit: (19) [system] mquietly_if(true, rtrace:tAt_rtrace)=mquietly_if(true, rtrace:tAt_rtrace)
^  Call: (19) [must_sanity] setup_call_cleanup(rtrace:notrace(visible(-all)),  ((logicmoo_startup:at_current_Y(cuz('/var/lib/jenkins/.local/share/swi-prolog/pack/logicmoo_base/prolog/logicmoo/typesystem/mpred_type_constraints.pl':330), mpred_type_constraints:add_history((_747890=(..., ...), must(...), writeq(...)))), deterministic(_806748)), (notrace(_806748==true)->!;rtrace:tAt_rtrace, notrace(nb_setarg(1, mquietly_if(true, rtrace:tAt_rtrace), false));rtrace:notrace(visible(-all)), notrace(nb_setarg(1, mquietly_if(true, ... : ...), true)), notrace(fail))), mquietly_if(true, rtrace:tAt_rtrace))
^  Unify: (19) [system] setup_call_cleanup(rtrace:notrace(visible(-all)), must_sanity:((logicmoo_startup:at_current_Y(cuz('/var/lib/jenkins/.local/share/swi-prolog/pack/logicmoo_base/prolog/logicmoo/typesystem/mpred_type_constraints.pl':330), mpred_type_constraints:add_history((... = ..., ..., ...))), deterministic(_806748)), (notrace(_806748==true)->!;rtrace:tAt_rtrace, notrace(nb_setarg(1, mquietly_if(true, ... : ...), false));rtrace:notrace(visible(- ...)), notrace(nb_setarg(1, mquietly_if(..., ...), true)), notrace(fail))), must_sanity:mquietly_if(true, rtrace:tAt_rtrace))
^  Call: (20) [system] setup_call_catcher_cleanup(rtrace:notrace(visible(-all)), must_sanity:((logicmoo_startup:at_current_Y(cuz('/var/lib/jenkins/.local/share/swi-prolog/pack/logicmoo_base/prolog/logicmoo/typesystem/mpred_type_constraints.pl':330), mpred_type_constraints:add_history((... = ..., ..., ...))), deterministic(_806748)), (notrace(_806748==true)->!;rtrace:tAt_rtrace, notrace(nb_setarg(1, mquietly_if(true, ... : ...), false));rtrace:notrace(visible(- ...)), notrace(nb_setarg(1, mquietly_if(..., ...), true)), notrace(fail))), _808152, must_sanity:mquietly_if(true, rtrace:tAt_rtrace))
^  Unify: (20) [system] setup_call_catcher_cleanup(rtrace:notrace(visible(-all)), must_sanity:((logicmoo_startup:at_current_Y(cuz('/var/lib/jenkins/.local/share/swi-prolog/pack/logicmoo_base/prolog/logicmoo/typesystem/mpred_type_constraints.pl':330), mpred_type_constraints:add_history((... = ..., ..., ...))), deterministic(_806748)), (notrace(_806748==true)->!;rtrace:tAt_rtrace, notrace(nb_setarg(1, mquietly_if(true, ... : ...), false));rtrace:notrace(visible(- ...)), notrace(nb_setarg(1, mquietly_if(..., ...), true)), notrace(fail))), _808784, must_sanity:mquietly_if(true, rtrace:tAt_rtrace))
^  Exit: (22) [must_sanity] must_sanity:mquietly_if(true, rtrace:tAt_rtrace)
^  Exit: (20) [system] setup_call_catcher_cleanup(rtrace:notrace(visible(-all)), must_sanity:((logicmoo_startup:at_current_Y(cuz('/var/lib/jenkins/.local/share/swi-prolog/pack/logicmoo_base/prolog/logicmoo/typesystem/mpred_type_constraints.pl':330), mpred_type_constraints:add_history((... = ..., ..., ...))), deterministic(true)), (notrace(true==true)->!;rtrace:tAt_rtrace, notrace(nb_setarg(1, mquietly_if(true, ... : ...), false));rtrace:notrace(visible(- ...)), notrace(nb_setarg(1, mquietly_if(..., ...), true)), notrace(fail))), exit, must_sanity:mquietly_if(true, rtrace:tAt_rtrace))
^  Exit: (19) [system] setup_call_cleanup(rtrace:notrace(visible(-all)), must_sanity:((logicmoo_startup:at_current_Y(cuz('/var/lib/jenkins/.local/share/swi-prolog/pack/logicmoo_base/prolog/logicmoo/typesystem/mpred_type_constraints.pl':330), mpred_type_constraints:add_history((... = ..., ..., ...))), deterministic(true)), (notrace(true==true)->!;rtrace:tAt_rtrace, notrace(nb_setarg(1, mquietly_if(true, ... : ...), false));rtrace:notrace(visible(- ...)), notrace(nb_setarg(1, mquietly_if(..., ...), true)), notrace(fail))), must_sanity:mquietly_if(true, rtrace:tAt_rtrace))
^  Exit: (17) [rtrace] quietly(logicmoo_startup:at_current_Y(cuz('/var/lib/jenkins/.local/share/swi-prolog/pack/logicmoo_base/prolog/logicmoo/typesystem/mpred_type_constraints.pl':330), mpred_type_constraints:add_history((_747890=(loves(_747902, _747904), ~knows(..., ...)), must(args_enforce(_747890, _747934)), writeq(_747934)))))
^  Exit: (16) [system] call(logicmoo_startup:quietly(logicmoo_startup:at_current_Y(cuz('/var/lib/jenkins/.local/share/swi-prolog/pack/logicmoo_base/prolog/logicmoo/typesystem/mpred_type_constraints.pl':330), mpred_type_constraints:add_history((_747890=(..., ...), must(...), writeq(...))))))
   Call: (15) [system] true
   Exit: (15) [system] true
^  Exit: (14) [logicmoo_startup] maybe_one(logicmoo_startup:quietly(logicmoo_startup:at_current_Y(cuz('/var/lib/jenkins/.local/share/swi-prolog/pack/logicmoo_base/prolog/logicmoo/typesystem/mpred_type_constraints.pl':330), mpred_type_constraints:add_history((_747890=(..., ...), must(...), writeq(...))))), logicmoo_startup:ftrace(logicmoo_startup:at_current_Y(cuz('/var/lib/jenkins/.local/share/swi-prolog/pack/logicmoo_base/prolog/logicmoo/typesystem/mpred_type_constraints.pl':330), mpred_type_constraints:add_history((_747890=(..., ...), must(...), writeq(...))))))
^  Exit: (13) [logicmoo_startup] maybe_notrace(logicmoo_startup:at_current_Y(cuz('/var/lib/jenkins/.local/share/swi-prolog/pack/logicmoo_base/prolog/logicmoo/typesystem/mpred_type_constraints.pl':330), mpred_type_constraints:add_history((_747890=(loves(_747902, _747904), ~knows(..., ...)), must(args_enforce(_747890, _747934)), writeq(_747934)))))
   Call: (13) [system] true
   Exit: (13) [system] true
^  Exit: (12) [logicmoo_startup] try_pending_init(during_boot, logicmoo_startup:at_current_Y(cuz('/var/lib/jenkins/.local/share/swi-prolog/pack/logicmoo_base/prolog/logicmoo/typesystem/mpred_type_constraints.pl':330), mpred_type_constraints:add_history((_747890=(loves(_747902, _747904), ~knows(..., ...)), must(args_enforce(_747890, _747934)), writeq(_747934)))))
   Redo: (13) [lmconf] lmconf:at_restore_goal(during_boot, _63180)
   Unify: (13) [lmconf] lmconf:at_restore_goal(during_boot, logicmoo_startup:at_current_Y(cuz('/var/lib/jenkins/.local/share/swi-prolog/pack/logicmoo_base/prolog/logicmoo/typesystem/mpred_type_constraints.pl':351), mpred_type_constraints:add_history((_819976=(loves(..., ...), ~ ...), args_enforce(_819976, _820016), writeq(...), ..., ...))))
   Exit: (13) [lmconf] lmconf:at_restore_goal(during_boot, logicmoo_startup:at_current_Y(cuz('/var/lib/jenkins/.local/share/swi-prolog/pack/logicmoo_base/prolog/logicmoo/typesystem/mpred_type_constraints.pl':351), mpred_type_constraints:add_history((_819976=(loves(..., ...), ~ ...), args_enforce(_819976, _820016), writeq(...), ..., ...))))
   Call: (13) [system] 3=<4
   Exit: (13) [system] 3=<4
^  Call: (12) [logicmoo_startup] try_pending_init(during_boot, logicmoo_startup:at_current_Y(cuz('/var/lib/jenkins/.local/share/swi-prolog/pack/logicmoo_base/prolog/logicmoo/typesystem/mpred_type_constraints.pl':351), mpred_type_constraints:add_history((_819976=(loves(_819988, _819990), ~knows(..., ...)), args_enforce(_819976, _820016), writeq(_820016), args_remove_constraints(..., ...), writeq(...)))))
^  Unify: (12) [logicmoo_startup] try_pending_init(during_boot, logicmoo_startup:at_current_Y(cuz('/var/lib/jenkins/.local/share/swi-prolog/pack/logicmoo_base/prolog/logicmoo/typesystem/mpred_type_constraints.pl':351), mpred_type_constraints:add_history((_819976=(loves(_819988, _819990), ~knows(..., ...)), args_enforce(_819976, _820016), writeq(_820016), args_remove_constraints(..., ...), writeq(...)))))
^  Call: (13) [logicmoo_startup] logicmoo_startup:has_ran_once(_823876, logicmoo_startup:at_current_Y(cuz('/var/lib/jenkins/.local/share/swi-prolog/pack/logicmoo_base/prolog/logicmoo/typesystem/mpred_type_constraints.pl':351), mpred_type_constraints:add_history((_819976=(loves(..., ...), ~ ...), args_enforce(_819976, _820016), writeq(...), ..., ...))))
^  Unify: (13) [logicmoo_startup] logicmoo_startup:has_ran_once(_824500, logicmoo_startup:at_current_Y(cuz('/var/lib/jenkins/.local/share/swi-prolog/pack/logicmoo_base/prolog/logicmoo/typesystem/mpred_type_constraints.pl':351), mpred_type_constraints:add_history((_819976=(loves(..., ...), ~ ...), args_enforce(_819976, _820016), writeq(...), ..., ...))))
   Call: (14) [lmcache] lmcache:called_startup_goal(_825068, _825070)
   Unify: (14) [lmcache] lmcache:called_startup_goal(before_boot, logicmoo_startup:at_current_Y(cuz('/var/lib/jenkins/.local/share/swi-prolog/pack/logicmoo_utils/prolog/logicmoo_packs.pl':48), logicmoo_packages:rescan_pack_autoload_packages))
   Exit: (14) [lmcache] lmcache:called_startup_goal(before_boot, logicmoo_startup:at_current_Y(cuz('/var/lib/jenkins/.local/share/swi-prolog/pack/logicmoo_utils/prolog/logicmoo_packs.pl':48), logicmoo_packages:rescan_pack_autoload_packages))
   Call: (14) [system] logicmoo_startup:at_current_Y(cuz('/var/lib/jenkins/.local/share/swi-prolog/pack/logicmoo_utils/prolog/logicmoo_packs.pl':48), logicmoo_packages:rescan_pack_autoload_packages)=@=logicmoo_startup:at_current_Y(cuz('/var/lib/jenkins/.local/share/swi-prolog/pack/logicmoo_base/prolog/logicmoo/typesystem/mpred_type_constraints.pl':351), mpred_type_constraints:add_history((_819976=(loves(_819988, _819990), ~knows(..., ...)), args_enforce(_819976, _820016), writeq(_820016), args_remove_constraints(..., ...), writeq(...))))
   Fail: (14) [system] logicmoo_startup:at_current_Y(cuz('/var/lib/jenkins/.local/share/swi-prolog/pack/logicmoo_utils/prolog/logicmoo_packs.pl':48), logicmoo_packages:rescan_pack_autoload_packages)=@=logicmoo_startup:at_current_Y(cuz('/var/lib/jenkins/.local/share/swi-prolog/pack/logicmoo_base/prolog/logicmoo/typesystem/mpred_type_constraints.pl':351), mpred_type_constraints:add_history((_819976=(loves(_819988, _819990), ~knows(..., ...)), args_enforce(_819976, _820016), writeq(_820016), args_remove_constraints(..., ...), writeq(...))))
   Redo: (14) [lmcache] lmcache:called_startup_goal(_825068, _825070)
   Unify: (14) [lmcache] lmcache:called_startup_goal(before_boot, logicmoo_startup:at_current_Y(cuz('/var/lib/jenkins/.local/share/swi-prolog/pack/logicmoo_utils/prolog/logicmoo_lib.pl':108), user:gripe_time(40, if_file_exists(ensure_loaded(system:logicmoo_packs)))))
   Exit: (14) [lmcache] lmcache:called_startup_goal(before_boot, logicmoo_startup:at_current_Y(cuz('/var/lib/jenkins/.local/share/swi-prolog/pack/logicmoo_utils/prolog/logicmoo_lib.pl':108), user:gripe_time(40, if_file_exists(ensure_loaded(system:logicmoo_packs)))))
   Call: (14) [system] logicmoo_startup:at_current_Y(cuz('/var/lib/jenkins/.local/share/swi-prolog/pack/logicmoo_utils/prolog/logicmoo_lib.pl':108), user:gripe_time(40, if_file_exists(ensure_loaded(system:logicmoo_packs))))=@=logicmoo_startup:at_current_Y(cuz('/var/lib/jenkins/.local/share/swi-prolog/pack/logicmoo_base/prolog/logicmoo/typesystem/mpred_type_constraints.pl':351), mpred_type_constraints:add_history((_819976=(loves(_819988, _819990), ~knows(..., ...)), args_enforce(_819976, _820016), writeq(_820016), args_remove_constraints(..., ...), writeq(...))))
   Fail: (14) [system] logicmoo_startup:at_current_Y(cuz('/var/lib/jenkins/.local/share/swi-prolog/pack/logicmoo_utils/prolog/logicmoo_lib.pl':108), user:gripe_time(40, if_file_exists(ensure_loaded(system:logicmoo_packs))))=@=logicmoo_startup:at_current_Y(cuz('/var/lib/jenkins/.local/share/swi-prolog/pack/logicmoo_base/prolog/logicmoo/typesystem/mpred_type_constraints.pl':351), mpred_type_constraints:add_history((_819976=(loves(_819988, _819990), ~knows(..., ...)), args_enforce(_819976, _820016), writeq(_820016), args_remove_constraints(..., ...), writeq(...))))
   Redo: (14) [lmcache] lmcache:called_startup_goal(_825068, _825070)
   Unify: (14) [lmcache] lmcache:called_startup_goal(before_boot, logicmoo_startup:at_current_Y(cuz('/var/lib/jenkins/.local/share/swi-prolog/pack/logicmoo_utils/prolog/logicmoo_lib.pl':116), logicmoo_lib:rescan_pack_autoload_packages))
   Exit: (14) [lmcache] lmcache:called_startup_goal(before_boot, logicmoo_startup:at_current_Y(cuz('/var/lib/jenkins/.local/share/swi-prolog/pack/logicmoo_utils/prolog/logicmoo_lib.pl':116), logicmoo_lib:rescan_pack_autoload_packages))
   Call: (14) [system] logicmoo_startup:at_current_Y(cuz('/var/lib/jenkins/.local/share/swi-prolog/pack/logicmoo_utils/prolog/logicmoo_lib.pl':116), logicmoo_lib:rescan_pack_autoload_packages)=@=logicmoo_startup:at_current_Y(cuz('/var/lib/jenkins/.local/share/swi-prolog/pack/logicmoo_base/prolog/logicmoo/typesystem/mpred_type_constraints.pl':351), mpred_type_constraints:add_history((_819976=(loves(_819988, _819990), ~knows(..., ...)), args_enforce(_819976, _820016), writeq(_820016), args_remove_constraints(..., ...), writeq(...))))
   Fail: (14) [system] logicmoo_startup:at_current_Y(cuz('/var/lib/jenkins/.local/share/swi-prolog/pack/logicmoo_utils/prolog/logicmoo_lib.pl':116), logicmoo_lib:rescan_pack_autoload_packages)=@=logicmoo_startup:at_current_Y(cuz('/var/lib/jenkins/.local/share/swi-prolog/pack/logicmoo_base/prolog/logicmoo/typesystem/mpred_type_constraints.pl':351), mpred_type_constraints:add_history((_819976=(loves(_819988, _819990), ~knows(..., ...)), args_enforce(_819976, _820016), writeq(_820016), args_remove_constraints(..., ...), writeq(...))))
   Redo: (14) [lmcache] lmcache:called_startup_goal(_825068, _825070)
   Unify: (14) [lmcache] lmcache:called_startup_goal(before_boot, logicmoo_startup:at_current_Y(cuz('/var/lib/jenkins/.local/share/swi-prolog/pack/logicmoo_utils/prolog/logicmoo_lib.pl':196), user:gripe_time(40, if_file_exists(ensure_loaded(system:logicmoo_swilib)))))
   Exit: (14) [lmcache] lmcache:called_startup_goal(before_boot, logicmoo_startup:at_current_Y(cuz('/var/lib/jenkins/.local/share/swi-prolog/pack/logicmoo_utils/prolog/logicmoo_lib.pl':196), user:gripe_time(40, if_file_exists(ensure_loaded(system:logicmoo_swilib)))))
   Call: (14) [system] logicmoo_startup:at_current_Y(cuz('/var/lib/jenkins/.local/share/swi-prolog/pack/logicmoo_utils/prolog/logicmoo_lib.pl':196), user:gripe_time(40, if_file_exists(ensure_loaded(system:logicmoo_swilib))))=@=logicmoo_startup:at_current_Y(cuz('/var/lib/jenkins/.local/share/swi-prolog/pack/logicmoo_base/prolog/logicmoo/typesystem/mpred_type_constraints.pl':351), mpred_type_constraints:add_history((_819976=(loves(_819988, _819990), ~knows(..., ...)), args_enforce(_819976, _820016), writeq(_820016), args_remove_constraints(..., ...), writeq(...))))
   Fail: (14) [system] logicmoo_startup:at_current_Y(cuz('/var/lib/jenkins/.local/share/swi-prolog/pack/logicmoo_utils/prolog/logicmoo_lib.pl':196), user:gripe_time(40, if_file_exists(ensure_loaded(system:logicmoo_swilib))))=@=logicmoo_startup:at_current_Y(cuz('/var/lib/jenkins/.local/share/swi-prolog/pack/logicmoo_base/prolog/logicmoo/typesystem/mpred_type_constraints.pl':351), mpred_type_constraints:add_history((_819976=(loves(_819988, _819990), ~knows(..., ...)), args_enforce(_819976, _820016), writeq(_820016), args_remove_constraints(..., ...), writeq(...))))
   Redo: (14) [lmcache] lmcache:called_startup_goal(_825068, _825070)
   Unify: (14) [lmcache] lmcache:called_startup_goal(before_boot, logicmoo_startup:at_current_Y(cuz('/var/lib/jenkins/.local/share/swi-prolog/pack/pfc/prolog/pfc_lib.pl':519), pfc_lib:set_how_virtualize_file(false, '/var/lib/jenkins/.local/share/swi-prolog/pack/pfc/prolog/pfc_lib.pl')))
   Exit: (14) [lmcache] lmcache:called_startup_goal(before_boot, logicmoo_startup:at_current_Y(cuz('/var/lib/jenkins/.local/share/swi-prolog/pack/pfc/prolog/pfc_lib.pl':519), pfc_lib:set_how_virtualize_file(false, '/var/lib/jenkins/.local/share/swi-prolog/pack/pfc/prolog/pfc_lib.pl')))
   Call: (14) [system] logicmoo_startup:at_current_Y(cuz('/var/lib/jenkins/.local/share/swi-prolog/pack/pfc/prolog/pfc_lib.pl':519), pfc_lib:set_how_virtualize_file(false, '/var/lib/jenkins/.local/share/swi-prolog/pack/pfc/prolog/pfc_lib.pl'))=@=logicmoo_startup:at_current_Y(cuz('/var/lib/jenkins/.local/share/swi-prolog/pack/logicmoo_base/prolog/logicmoo/typesystem/mpred_type_constraints.pl':351), mpred_type_constraints:add_history((_819976=(loves(_819988, _819990), ~knows(..., ...)), args_enforce(_819976, _820016), writeq(_820016), args_remove_constraints(..., ...), writeq(...))))
   Fail: (14) [system] logicmoo_startup:at_current_Y(cuz('/var/lib/jenkins/.local/share/swi-prolog/pack/pfc/prolog/pfc_lib.pl':519), pfc_lib:set_how_virtualize_file(false, '/var/lib/jenkins/.local/share/swi-prolog/pack/pfc/prolog/pfc_lib.pl'))=@=logicmoo_startup:at_current_Y(cuz('/var/lib/jenkins/.local/share/swi-prolog/pack/logicmoo_base/prolog/logicmoo/typesystem/mpred_type_constraints.pl':351), mpred_type_constraints:add_history((_819976=(loves(_819988, _819990), ~knows(..., ...)), args_enforce(_819976, _820016), writeq(_820016), args_remove_constraints(..., ...), writeq(...))))
   Redo: (14) [lmcache] lmcache:called_startup_goal(_825068, _825070)
   Unify: (14) [lmcache] lmcache:called_startup_goal(before_boot, logicmoo_startup:at_current_Y(cuz('/var/lib/jenkins/.local/share/swi-prolog/pack/logicmoo_utils/prolog/logicmoo_lib.pl':286), logicmoo_lib:gripe_time(40, if_file_exists(ensure_loaded(logicmoo_lib:library(...))))))
   Exit: (14) [lmcache] lmcache:called_startup_goal(before_boot, logicmoo_startup:at_current_Y(cuz('/var/lib/jenkins/.local/share/swi-prolog/pack/logicmoo_utils/prolog/logicmoo_lib.pl':286), logicmoo_lib:gripe_time(40, if_file_exists(ensure_loaded(logicmoo_lib:library(...))))))
   Call: (14) [system] logicmoo_startup:at_current_Y(cuz('/var/lib/jenkins/.local/share/swi-prolog/pack/logicmoo_utils/prolog/logicmoo_lib.pl':286), logicmoo_lib:gripe_time(40, if_file_exists(ensure_loaded(logicmoo_lib:library(logicmoo_typesystem)))))=@=logicmoo_startup:at_current_Y(cuz('/var/lib/jenkins/.local/share/swi-prolog/pack/logicmoo_base/prolog/logicmoo/typesystem/mpred_type_constraints.pl':351), mpred_type_constraints:add_history((_819976=(loves(_819988, _819990), ~knows(..., ...)), args_enforce(_819976, _820016), writeq(_820016), args_remove_constraints(..., ...), writeq(...))))
   Fail: (14) [system] logicmoo_startup:at_current_Y(cuz('/var/lib/jenkins/.local/share/swi-prolog/pack/logicmoo_utils/prolog/logicmoo_lib.pl':286), logicmoo_lib:gripe_time(40, if_file_exists(ensure_loaded(logicmoo_lib:library(logicmoo_typesystem)))))=@=logicmoo_startup:at_current_Y(cuz('/var/lib/jenkins/.local/share/swi-prolog/pack/logicmoo_base/prolog/logicmoo/typesystem/mpred_type_constraints.pl':351), mpred_type_constraints:add_history((_819976=(loves(_819988, _819990), ~knows(..., ...)), args_enforce(_819976, _820016), writeq(_820016), args_remove_constraints(..., ...), writeq(...))))
   Redo: (14) [lmcache] lmcache:called_startup_goal(_825068, _825070)
   Unify: (14) [lmcache] lmcache:called_startup_goal(before_boot, logicmoo_startup:at_current_Y(cuz('/var/lib/jenkins/.local/share/swi-prolog/pack/logicmoo_utils/prolog/logicmoo_lib.pl':301), logicmoo_lib:gripe_time(40, if_file_exists(ensure_loaded(logicmoo_lib:library(...))))))
   Exit: (14) [lmcache] lmcache:called_startup_goal(before_boot, logicmoo_startup:at_current_Y(cuz('/var/lib/jenkins/.local/share/swi-prolog/pack/logicmoo_utils/prolog/logicmoo_lib.pl':301), logicmoo_lib:gripe_time(40, if_file_exists(ensure_loaded(logicmoo_lib:library(...))))))
   Call: (14) [system] logicmoo_startup:at_current_Y(cuz('/var/lib/jenkins/.local/share/swi-prolog/pack/logicmoo_utils/prolog/logicmoo_lib.pl':301), logicmoo_lib:gripe_time(40, if_file_exists(ensure_loaded(logicmoo_lib:library(logicmoo_plarkc)))))=@=logicmoo_startup:at_current_Y(cuz('/var/lib/jenkins/.local/share/swi-prolog/pack/logicmoo_base/prolog/logicmoo/typesystem/mpred_type_constraints.pl':351), mpred_type_constraints:add_history((_819976=(loves(_819988, _819990), ~knows(..., ...)), args_enforce(_819976, _820016), writeq(_820016), args_remove_constraints(..., ...), writeq(...))))
   Fail: (14) [system] logicmoo_startup:at_current_Y(cuz('/var/lib/jenkins/.local/share/swi-prolog/pack/logicmoo_utils/prolog/logicmoo_lib.pl':301), logicmoo_lib:gripe_time(40, if_file_exists(ensure_loaded(logicmoo_lib:library(logicmoo_plarkc)))))=@=logicmoo_startup:at_current_Y(cuz('/var/lib/jenkins/.local/share/swi-prolog/pack/logicmoo_base/prolog/logicmoo/typesystem/mpred_type_constraints.pl':351), mpred_type_constraints:add_history((_819976=(loves(_819988, _819990), ~knows(..., ...)), args_enforce(_819976, _820016), writeq(_820016), args_remove_constraints(..., ...), writeq(...))))
   Redo: (14) [lmcache] lmcache:called_startup_goal(_825068, _825070)
   Unify: (14) [lmcache] lmcache:called_startup_goal(before_boot, logicmoo_startup:at_current_Y(cuz('/var/lib/jenkins/.local/share/swi-prolog/pack/logicmoo_utils/prolog/logicmoo_lib.pl':308), logicmoo_lib:gripe_time(40, if_file_exists(ensure_loaded(logicmoo_lib:library(...))))))
   Exit: (14) [lmcache] lmcache:called_startup_goal(before_boot, logicmoo_startup:at_current_Y(cuz('/var/lib/jenkins/.local/share/swi-prolog/pack/logicmoo_utils/prolog/logicmoo_lib.pl':308), logicmoo_lib:gripe_time(40, if_file_exists(ensure_loaded(logicmoo_lib:library(...))))))
   Call: (14) [system] logicmoo_startup:at_current_Y(cuz('/var/lib/jenkins/.local/share/swi-prolog/pack/logicmoo_utils/prolog/logicmoo_lib.pl':308), logicmoo_lib:gripe_time(40, if_file_exists(ensure_loaded(logicmoo_lib:library(logicmoo_clif)))))=@=logicmoo_startup:at_current_Y(cuz('/var/lib/jenkins/.local/share/swi-prolog/pack/logicmoo_base/prolog/logicmoo/typesystem/mpred_type_constraints.pl':351), mpred_type_constraints:add_history((_819976=(loves(_819988, _819990), ~knows(..., ...)), args_enforce(_819976, _820016), writeq(_820016), args_remove_constraints(..., ...), writeq(...))))
   Fail: (14) [system] logicmoo_startup:at_current_Y(cuz('/var/lib/jenkins/.local/share/swi-prolog/pack/logicmoo_utils/prolog/logicmoo_lib.pl':308), logicmoo_lib:gripe_time(40, if_file_exists(ensure_loaded(logicmoo_lib:library(logicmoo_clif)))))=@=logicmoo_startup:at_current_Y(cuz('/var/lib/jenkins/.local/share/swi-prolog/pack/logicmoo_base/prolog/logicmoo/typesystem/mpred_type_constraints.pl':351), mpred_type_constraints:add_history((_819976=(loves(_819988, _819990), ~knows(..., ...)), args_enforce(_819976, _820016), writeq(_820016), args_remove_constraints(..., ...), writeq(...))))
   Redo: (14) [lmcache] lmcache:called_startup_goal(_825068, _825070)
   Unify: (14) [lmcache] lmcache:called_startup_goal(before_boot, logicmoo_startup:at_current_Y(cuz('/var/lib/jenkins/.local/share/swi-prolog/pack/logicmoo_utils/prolog/logicmoo_lib.pl':314), logicmoo_lib:(set_prolog_flag(do_renames, restore), gripe_time(60, baseKB:ensure_loaded(library(...))))))
   Exit: (14) [lmcache] lmcache:called_startup_goal(before_boot, logicmoo_startup:at_current_Y(cuz('/var/lib/jenkins/.local/share/swi-prolog/pack/logicmoo_utils/prolog/logicmoo_lib.pl':314), logicmoo_lib:(set_prolog_flag(do_renames, restore), gripe_time(60, baseKB:ensure_loaded(library(...))))))
   Call: (14) [system] logicmoo_startup:at_current_Y(cuz('/var/lib/jenkins/.local/share/swi-prolog/pack/logicmoo_utils/prolog/logicmoo_lib.pl':314), logicmoo_lib:(set_prolog_flag(do_renames, restore), gripe_time(60, baseKB:ensure_loaded(library('logicmoo/plarkc/logicmoo_u_cyc_kb_tinykb.pl')))))=@=logicmoo_startup:at_current_Y(cuz('/var/lib/jenkins/.local/share/swi-prolog/pack/logicmoo_base/prolog/logicmoo/typesystem/mpred_type_constraints.pl':351), mpred_type_constraints:add_history((_819976=(loves(_819988, _819990), ~knows(..., ...)), args_enforce(_819976, _820016), writeq(_820016), args_remove_constraints(..., ...), writeq(...))))
   Fail: (14) [system] logicmoo_startup:at_current_Y(cuz('/var/lib/jenkins/.local/share/swi-prolog/pack/logicmoo_utils/prolog/logicmoo_lib.pl':314), logicmoo_lib:(set_prolog_flag(do_renames, restore), gripe_time(60, baseKB:ensure_loaded(library('logicmoo/plarkc/logicmoo_u_cyc_kb_tinykb.pl')))))=@=logicmoo_startup:at_current_Y(cuz('/var/lib/jenkins/.local/share/swi-prolog/pack/logicmoo_base/prolog/logicmoo/typesystem/mpred_type_constraints.pl':351), mpred_type_constraints:add_history((_819976=(loves(_819988, _819990), ~knows(..., ...)), args_enforce(_819976, _820016), writeq(_820016), args_remove_constraints(..., ...), writeq(...))))
   Redo: (14) [lmcache] lmcache:called_startup_goal(_825068, _825070)
   Unify: (14) [lmcache] lmcache:called_startup_goal(before_boot, logicmoo_startup:at_current_Y(cuz('/var/lib/jenkins/.local/share/swi-prolog/pack/logicmoo_base/prolog/logicmoo_clif.pl':54), baseKB:(\+user:file_search_path(..., ...)->asserta(user:file_search_path(..., ...));true)))
   Exit: (14) [lmcache] lmcache:called_startup_goal(before_boot, logicmoo_startup:at_current_Y(cuz('/var/lib/jenkins/.local/share/swi-prolog/pack/logicmoo_base/prolog/logicmoo_clif.pl':54), baseKB:(\+user:file_search_path(..., ...)->asserta(user:file_search_path(..., ...));true)))
   Call: (14) [system] logicmoo_startup:at_current_Y(cuz('/var/lib/jenkins/.local/share/swi-prolog/pack/logicmoo_base/prolog/logicmoo_clif.pl':54), baseKB:(\+user:file_search_path(library, '/var/lib/jenkins/.local/share/swi-prolog/pack/logicmoo_base/prolog')->asserta(user:file_search_path(library, '/var/lib/jenkins/.local/share/swi-prolog/pack/logicmoo_base/prolog'));true))=@=logicmoo_startup:at_current_Y(cuz('/var/lib/jenkins/.local/share/swi-prolog/pack/logicmoo_base/prolog/logicmoo/typesystem/mpred_type_constraints.pl':351), mpred_type_constraints:add_history((_819976=(loves(_819988, _819990), ~knows(..., ...)), args_enforce(_819976, _820016), writeq(_820016), args_remove_constraints(..., ...), writeq(...))))
   Fail: (14) [system] logicmoo_startup:at_current_Y(cuz('/var/lib/jenkins/.local/share/swi-prolog/pack/logicmoo_base/prolog/logicmoo_clif.pl':54), baseKB:(\+user:file_search_path(library, '/var/lib/jenkins/.local/share/swi-prolog/pack/logicmoo_base/prolog')->asserta(user:file_search_path(library, '/var/lib/jenkins/.local/share/swi-prolog/pack/logicmoo_base/prolog'));true))=@=logicmoo_startup:at_current_Y(cuz('/var/lib/jenkins/.local/share/swi-prolog/pack/logicmoo_base/prolog/logicmoo/typesystem/mpred_type_constraints.pl':351), mpred_type_constraints:add_history((_819976=(loves(_819988, _819990), ~knows(..., ...)), args_enforce(_819976, _820016), writeq(_820016), args_remove_constraints(..., ...), writeq(...))))
   Redo: (14) [lmcache] lmcache:called_startup_goal(_825068, _825070)
   Unify: (14) [lmcache] lmcache:called_startup_goal(during_boot, logicmoo_startup:at_current_Y(cuz('/var/lib/jenkins/.local/share/swi-prolog/pack/logicmoo_utils/prolog/logicmoo_packs.pl':49), logicmoo_packages:rescan_pack_autoload_packages))
   Exit: (14) [lmcache] lmcache:called_startup_goal(during_boot, logicmoo_startup:at_current_Y(cuz('/var/lib/jenkins/.local/share/swi-prolog/pack/logicmoo_utils/prolog/logicmoo_packs.pl':49), logicmoo_packages:rescan_pack_autoload_packages))
   Call: (14) [system] logicmoo_startup:at_current_Y(cuz('/var/lib/jenkins/.local/share/swi-prolog/pack/logicmoo_utils/prolog/logicmoo_packs.pl':49), logicmoo_packages:rescan_pack_autoload_packages)=@=logicmoo_startup:at_current_Y(cuz('/var/lib/jenkins/.local/share/swi-prolog/pack/logicmoo_base/prolog/logicmoo/typesystem/mpred_type_constraints.pl':351), mpred_type_constraints:add_history((_819976=(loves(_819988, _819990), ~knows(..., ...)), args_enforce(_819976, _820016), writeq(_820016), args_remove_constraints(..., ...), writeq(...))))
   Fail: (14) [system] logicmoo_startup:at_current_Y(cuz('/var/lib/jenkins/.local/share/swi-prolog/pack/logicmoo_utils/prolog/logicmoo_packs.pl':49), logicmoo_packages:rescan_pack_autoload_packages)=@=logicmoo_startup:at_current_Y(cuz('/var/lib/jenkins/.local/share/swi-prolog/pack/logicmoo_base/prolog/logicmoo/typesystem/mpred_type_constraints.pl':351), mpred_type_constraints:add_history((_819976=(loves(_819988, _819990), ~knows(..., ...)), args_enforce(_819976, _820016), writeq(_820016), args_remove_constraints(..., ...), writeq(...))))
   Redo: (14) [lmcache] lmcache:called_startup_goal(_825068, _825070)
   Unify: (14) [lmcache] lmcache:called_startup_goal(during_boot, logicmoo_startup:at_current_Y(cuz('/var/lib/jenkins/.local/share/swi-prolog/pack/logicmoo_base/prolog/logicmoo/typesystem/mpred_type_constraints.pl':284), mpred_type_constraints:add_history((_860222=(loves(..., ...), ~ ...), must(args_enforce_bound(..., ...)), writeq(_860266)))))
   Exit: (14) [lmcache] lmcache:called_startup_goal(during_boot, logicmoo_startup:at_current_Y(cuz('/var/lib/jenkins/.local/share/swi-prolog/pack/logicmoo_base/prolog/logicmoo/typesystem/mpred_type_constraints.pl':284), mpred_type_constraints:add_history((_860222=(loves(..., ...), ~ ...), must(args_enforce_bound(..., ...)), writeq(_860266)))))
   Call: (14) [system] logicmoo_startup:at_current_Y(cuz('/var/lib/jenkins/.local/share/swi-prolog/pack/logicmoo_base/prolog/logicmoo/typesystem/mpred_type_constraints.pl':284), mpred_type_constraints:add_history((_860222=(loves(_860234, _860236), ~knows(..., ...)), must(args_enforce_bound(_860222, _860266)), writeq(_860266))))=@=logicmoo_startup:at_current_Y(cuz('/var/lib/jenkins/.local/share/swi-prolog/pack/logicmoo_base/prolog/logicmoo/typesystem/mpred_type_constraints.pl':351), mpred_type_constraints:add_history((_819976=(loves(_819988, _819990), ~knows(..., ...)), args_enforce(_819976, _820016), writeq(_820016), args_remove_constraints(..., ...), writeq(...))))
   Fail: (14) [system] logicmoo_startup:at_current_Y(cuz('/var/lib/jenkins/.local/share/swi-prolog/pack/logicmoo_base/prolog/logicmoo/typesystem/mpred_type_constraints.pl':284), mpred_type_constraints:add_history((_860222=(loves(_860234, _860236), ~knows(..., ...)), must(args_enforce_bound(_860222, _860266)), writeq(_860266))))=@=logicmoo_startup:at_current_Y(cuz('/var/lib/jenkins/.local/share/swi-prolog/pack/logicmoo_base/prolog/logicmoo/typesystem/mpred_type_constraints.pl':351), mpred_type_constraints:add_history((_819976=(loves(_819988, _819990), ~knows(..., ...)), args_enforce(_819976, _820016), writeq(_820016), args_remove_constraints(..., ...), writeq(...))))
   Redo: (14) [lmcache] lmcache:called_startup_goal(_825068, _825070)
   Unify: (14) [lmcache] lmcache:called_startup_goal(during_boot, logicmoo_startup:at_current_Y(cuz('/var/lib/jenkins/.local/share/swi-prolog/pack/logicmoo_base/prolog/logicmoo/typesystem/mpred_type_constraints.pl':306), mpred_type_constraints:add_history((_863402=(loves(..., ...), ~ ...), must(args_constrain(..., ...)), writeq(_863446)))))
   Exit: (14) [lmcache] lmcache:called_startup_goal(during_boot, logicmoo_startup:at_current_Y(cuz('/var/lib/jenkins/.local/share/swi-prolog/pack/logicmoo_base/prolog/logicmoo/typesystem/mpred_type_constraints.pl':306), mpred_type_constraints:add_history((_863402=(loves(..., ...), ~ ...), must(args_constrain(..., ...)), writeq(_863446)))))
   Call: (14) [system] logicmoo_startup:at_current_Y(cuz('/var/lib/jenkins/.local/share/swi-prolog/pack/logicmoo_base/prolog/logicmoo/typesystem/mpred_type_constraints.pl':306), mpred_type_constraints:add_history((_863402=(loves(_863414, _863416), ~knows(..., ...)), must(args_constrain(_863402, _863446)), writeq(_863446))))=@=logicmoo_startup:at_current_Y(cuz('/var/lib/jenkins/.local/share/swi-prolog/pack/logicmoo_base/prolog/logicmoo/typesystem/mpred_type_constraints.pl':351), mpred_type_constraints:add_history((_819976=(loves(_819988, _819990), ~knows(..., ...)), args_enforce(_819976, _820016), writeq(_820016), args_remove_constraints(..., ...), writeq(...))))
   Fail: (14) [system] logicmoo_startup:at_current_Y(cuz('/var/lib/jenkins/.local/share/swi-prolog/pack/logicmoo_base/prolog/logicmoo/typesystem/mpred_type_constraints.pl':306), mpred_type_constraints:add_history((_863402=(loves(_863414, _863416), ~knows(..., ...)), must(args_constrain(_863402, _863446)), writeq(_863446))))=@=logicmoo_startup:at_current_Y(cuz('/var/lib/jenkins/.local/share/swi-prolog/pack/logicmoo_base/prolog/logicmoo/typesystem/mpred_type_constraints.pl':351), mpred_type_constraints:add_history((_819976=(loves(_819988, _819990), ~knows(..., ...)), args_enforce(_819976, _820016), writeq(_820016), args_remove_constraints(..., ...), writeq(...))))
   Redo: (14) [lmcache] lmcache:called_startup_goal(_825068, _825070)
   Unify: (14) [lmcache] lmcache:called_startup_goal(during_boot, logicmoo_startup:at_current_Y(cuz('/var/lib/jenkins/.local/share/swi-prolog/pack/logicmoo_base/prolog/logicmoo/typesystem/mpred_type_constraints.pl':330), mpred_type_constraints:add_history((_866582=(loves(..., ...), ~ ...), must(args_enforce(..., ...)), writeq(_866626)))))
   Exit: (14) [lmcache] lmcache:called_startup_goal(during_boot, logicmoo_startup:at_current_Y(cuz('/var/lib/jenkins/.local/share/swi-prolog/pack/logicmoo_base/prolog/logicmoo/typesystem/mpred_type_constraints.pl':330), mpred_type_constraints:add_history((_866582=(loves(..., ...), ~ ...), must(args_enforce(..., ...)), writeq(_866626)))))
   Call: (14) [system] logicmoo_startup:at_current_Y(cuz('/var/lib/jenkins/.local/share/swi-prolog/pack/logicmoo_base/prolog/logicmoo/typesystem/mpred_type_constraints.pl':330), mpred_type_constraints:add_history((_866582=(loves(_866594, _866596), ~knows(..., ...)), must(args_enforce(_866582, _866626)), writeq(_866626))))=@=logicmoo_startup:at_current_Y(cuz('/var/lib/jenkins/.local/share/swi-prolog/pack/logicmoo_base/prolog/logicmoo/typesystem/mpred_type_constraints.pl':351), mpred_type_constraints:add_history((_819976=(loves(_819988, _819990), ~knows(..., ...)), args_enforce(_819976, _820016), writeq(_820016), args_remove_constraints(..., ...), writeq(...))))
   Fail: (14) [system] logicmoo_startup:at_current_Y(cuz('/var/lib/jenkins/.local/share/swi-prolog/pack/logicmoo_base/prolog/logicmoo/typesystem/mpred_type_constraints.pl':330), mpred_type_constraints:add_history((_866582=(loves(_866594, _866596), ~knows(..., ...)), must(args_enforce(_866582, _866626)), writeq(_866626))))=@=logicmoo_startup:at_current_Y(cuz('/var/lib/jenkins/.local/share/swi-prolog/pack/logicmoo_base/prolog/logicmoo/typesystem/mpred_type_constraints.pl':351), mpred_type_constraints:add_history((_819976=(loves(_819988, _819990), ~knows(..., ...)), args_enforce(_819976, _820016), writeq(_820016), args_remove_constraints(..., ...), writeq(...))))
^  Fail: (13) [logicmoo_startup] logicmoo_startup:has_ran_once(_869160, logicmoo_startup:at_current_Y(cuz('/var/lib/jenkins/.local/share/swi-prolog/pack/logicmoo_base/prolog/logicmoo/typesystem/mpred_type_constraints.pl':351), mpred_type_constraints:add_history((_819976=(loves(..., ...), ~ ...), args_enforce(_819976, _820016), writeq(...), ..., ...))))
^  Redo: (12) [logicmoo_startup] try_pending_init(during_boot, logicmoo_startup:at_current_Y(cuz('/var/lib/jenkins/.local/share/swi-prolog/pack/logicmoo_base/prolog/logicmoo/typesystem/mpred_type_constraints.pl':351), mpred_type_constraints:add_history((_819976=(loves(_819988, _819990), ~knows(..., ...)), args_enforce(_819976, _820016), writeq(_820016), args_remove_constraints(..., ...), writeq(...)))))
^  Unify: (12) [logicmoo_startup] try_pending_init(during_boot, logicmoo_startup:at_current_Y(cuz('/var/lib/jenkins/.local/share/swi-prolog/pack/logicmoo_base/prolog/logicmoo/typesystem/mpred_type_constraints.pl':351), mpred_type_constraints:add_history((_819976=(loves(_819988, _819990), ~knows(..., ...)), args_enforce(_819976, _820016), writeq(_820016), args_remove_constraints(..., ...), writeq(...)))))
^  Call: (13) [logicmoo_startup] assertz(lmcache:called_startup_goal(during_boot, logicmoo_startup:at_current_Y(cuz('/var/lib/jenkins/.local/share/swi-prolog/pack/logicmoo_base/prolog/logicmoo/typesystem/mpred_type_constraints.pl':351), mpred_type_constraints:add_history((_819976=(..., ...), args_enforce(..., ...), ..., ...)))))
^  Exit: (13) [logicmoo_startup] assertz(lmcache:called_startup_goal(during_boot, logicmoo_startup:at_current_Y(cuz('/var/lib/jenkins/.local/share/swi-prolog/pack/logicmoo_base/prolog/logicmoo/typesystem/mpred_type_constraints.pl':351), mpred_type_constraints:add_history((_819976=(..., ...), args_enforce(..., ...), ..., ...)))))
^  Call: (13) [logicmoo_startup] maybe_notrace(logicmoo_startup:at_current_Y(cuz('/var/lib/jenkins/.local/share/swi-prolog/pack/logicmoo_base/prolog/logicmoo/typesystem/mpred_type_constraints.pl':351), mpred_type_constraints:add_history((_819976=(loves(_819988, _819990), ~knows(..., ...)), args_enforce(_819976, _820016), writeq(_820016), args_remove_constraints(..., ...), writeq(...)))))
^  Unify: (13) [logicmoo_startup] maybe_notrace(logicmoo_startup:at_current_Y(cuz('/var/lib/jenkins/.local/share/swi-prolog/pack/logicmoo_base/prolog/logicmoo/typesystem/mpred_type_constraints.pl':351), mpred_type_constraints:add_history((_819976=(loves(_819988, _819990), ~knows(..., ...)), args_enforce(_819976, _820016), writeq(_820016), args_remove_constraints(..., ...), writeq(...)))))
   Call: (14) [edinburgh] edinburgh:debug
   Unify: (14) [edinburgh] edinburgh:debug
   Call: (15) [system] set_prolog_flag(debug, true)
   Exit: (15) [system] set_prolog_flag(debug, true)
   Exit: (14) [edinburgh] edinburgh:debug
^  Call: (14) [logicmoo_startup] maybe_one(quietly(logicmoo_startup:at_current_Y(cuz('/var/lib/jenkins/.local/share/swi-prolog/pack/logicmoo_base/prolog/logicmoo/typesystem/mpred_type_constraints.pl':351), mpred_type_constraints:add_history((_819976=(loves(..., ...), ~ ...), args_enforce(_819976, _820016), writeq(...), ..., ...)))), ftrace(logicmoo_startup:at_current_Y(cuz('/var/lib/jenkins/.local/share/swi-prolog/pack/logicmoo_base/prolog/logicmoo/typesystem/mpred_type_constraints.pl':351), mpred_type_constraints:add_history((_819976=(loves(..., ...), ~ ...), args_enforce(_819976, _820016), writeq(...), ..., ...)))))
^  Unify: (14) [logicmoo_startup] maybe_one(logicmoo_startup:quietly(logicmoo_startup:at_current_Y(cuz('/var/lib/jenkins/.local/share/swi-prolog/pack/logicmoo_base/prolog/logicmoo/typesystem/mpred_type_constraints.pl':351), mpred_type_constraints:add_history((_819976=(..., ...), args_enforce(..., ...), ..., ...)))), logicmoo_startup:ftrace(logicmoo_startup:at_current_Y(cuz('/var/lib/jenkins/.local/share/swi-prolog/pack/logicmoo_base/prolog/logicmoo/typesystem/mpred_type_constraints.pl':351), mpred_type_constraints:add_history((_819976=(..., ...), args_enforce(..., ...), ..., ...)))))
^  Call: (16) [logicmoo_startup] call(logicmoo_startup:quietly(logicmoo_startup:at_current_Y(cuz('/var/lib/jenkins/.local/share/swi-prolog/pack/logicmoo_base/prolog/logicmoo/typesystem/mpred_type_constraints.pl':351), mpred_type_constraints:add_history((_819976=(..., ...), args_enforce(..., ...), ..., ...)))))
^  Unify: (16) [system] call(logicmoo_startup:quietly(logicmoo_startup:at_current_Y(cuz('/var/lib/jenkins/.local/share/swi-prolog/pack/logicmoo_base/prolog/logicmoo/typesystem/mpred_type_constraints.pl':351), mpred_type_constraints:add_history((_819976=(..., ...), args_enforce(..., ...), ..., ...)))))
^  Call: (17) [logicmoo_startup] quietly(logicmoo_startup:at_current_Y(cuz('/var/lib/jenkins/.local/share/swi-prolog/pack/logicmoo_base/prolog/logicmoo/typesystem/mpred_type_constraints.pl':351), mpred_type_constraints:add_history((_819976=(loves(_819988, _819990), ~knows(..., ...)), args_enforce(_819976, _820016), writeq(_820016), args_remove_constraints(..., ...), writeq(...)))))
^  Unify: (17) [rtrace] quietly(logicmoo_startup:at_current_Y(cuz('/var/lib/jenkins/.local/share/swi-prolog/pack/logicmoo_base/prolog/logicmoo/typesystem/mpred_type_constraints.pl':351), mpred_type_constraints:add_history((_819976=(loves(_819988, _819990), ~knows(..., ...)), args_enforce(_819976, _820016), writeq(_820016), args_remove_constraints(..., ...), writeq(...)))))
   Call: (19) [system] _880774=mquietly_if(true, rtrace:tAt_rtrace)
   Exit: (19) [system] mquietly_if(true, rtrace:tAt_rtrace)=mquietly_if(true, rtrace:tAt_rtrace)
^  Call: (19) [must_sanity] setup_call_cleanup(rtrace:notrace(visible(-all)),  ((logicmoo_startup:at_current_Y(cuz('/var/lib/jenkins/.local/share/swi-prolog/pack/logicmoo_base/prolog/logicmoo/typesystem/mpred_type_constraints.pl':351), mpred_type_constraints:add_history((_819976=(..., ...), args_enforce(..., ...), ..., ...))), deterministic(_882032)), (notrace(_882032==true)->!;rtrace:tAt_rtrace, notrace(nb_setarg(1, mquietly_if(true, rtrace:tAt_rtrace), false));rtrace:notrace(visible(-all)), notrace(nb_setarg(1, mquietly_if(true, ... : ...), true)), notrace(fail))), mquietly_if(true, rtrace:tAt_rtrace))
^  Unify: (19) [system] setup_call_cleanup(rtrace:notrace(visible(-all)), must_sanity:((logicmoo_startup:at_current_Y(cuz('/var/lib/jenkins/.local/share/swi-prolog/pack/logicmoo_base/prolog/logicmoo/typesystem/mpred_type_constraints.pl':351), mpred_type_constraints:add_history((... = ..., ..., ...))), deterministic(_882032)), (notrace(_882032==true)->!;rtrace:tAt_rtrace, notrace(nb_setarg(1, mquietly_if(true, ... : ...), false));rtrace:notrace(visible(- ...)), notrace(nb_setarg(1, mquietly_if(..., ...), true)), notrace(fail))), must_sanity:mquietly_if(true, rtrace:tAt_rtrace))
^  Call: (20) [system] setup_call_catcher_cleanup(rtrace:notrace(visible(-all)), must_sanity:((logicmoo_startup:at_current_Y(cuz('/var/lib/jenkins/.local/share/swi-prolog/pack/logicmoo_base/prolog/logicmoo/typesystem/mpred_type_constraints.pl':351), mpred_type_constraints:add_history((... = ..., ..., ...))), deterministic(_882032)), (notrace(_882032==true)->!;rtrace:tAt_rtrace, notrace(nb_setarg(1, mquietly_if(true, ... : ...), false));rtrace:notrace(visible(- ...)), notrace(nb_setarg(1, mquietly_if(..., ...), true)), notrace(fail))), _883436, must_sanity:mquietly_if(true, rtrace:tAt_rtrace))
^  Unify: (20) [system] setup_call_catcher_cleanup(rtrace:notrace(visible(-all)), must_sanity:((logicmoo_startup:at_current_Y(cuz('/var/lib/jenkins/.local/share/swi-prolog/pack/logicmoo_base/prolog/logicmoo/typesystem/mpred_type_constraints.pl':351), mpred_type_constraints:add_history((... = ..., ..., ...))), deterministic(_882032)), (notrace(_882032==true)->!;rtrace:tAt_rtrace, notrace(nb_setarg(1, mquietly_if(true, ... : ...), false));rtrace:notrace(visible(- ...)), notrace(nb_setarg(1, mquietly_if(..., ...), true)), notrace(fail))), _884068, must_sanity:mquietly_if(true, rtrace:tAt_rtrace))
^  Exit: (22) [must_sanity] must_sanity:mquietly_if(true, rtrace:tAt_rtrace)
^  Exit: (20) [system] setup_call_catcher_cleanup(rtrace:notrace(visible(-all)), must_sanity:((logicmoo_startup:at_current_Y(cuz('/var/lib/jenkins/.local/share/swi-prolog/pack/logicmoo_base/prolog/logicmoo/typesystem/mpred_type_constraints.pl':351), mpred_type_constraints:add_history((... = ..., ..., ...))), deterministic(true)), (notrace(true==true)->!;rtrace:tAt_rtrace, notrace(nb_setarg(1, mquietly_if(true, ... : ...), false));rtrace:notrace(visible(- ...)), notrace(nb_setarg(1, mquietly_if(..., ...), true)), notrace(fail))), exit, must_sanity:mquietly_if(true, rtrace:tAt_rtrace))
^  Exit: (19) [system] setup_call_cleanup(rtrace:notrace(visible(-all)), must_sanity:((logicmoo_startup:at_current_Y(cuz('/var/lib/jenkins/.local/share/swi-prolog/pack/logicmoo_base/prolog/logicmoo/typesystem/mpred_type_constraints.pl':351), mpred_type_constraints:add_history((... = ..., ..., ...))), deterministic(true)), (notrace(true==true)->!;rtrace:tAt_rtrace, notrace(nb_setarg(1, mquietly_if(true, ... : ...), false));rtrace:notrace(visible(- ...)), notrace(nb_setarg(1, mquietly_if(..., ...), true)), notrace(fail))), must_sanity:mquietly_if(true, rtrace:tAt_rtrace))
^  Exit: (17) [rtrace] quietly(logicmoo_startup:at_current_Y(cuz('/var/lib/jenkins/.local/share/swi-prolog/pack/logicmoo_base/prolog/logicmoo/typesystem/mpred_type_constraints.pl':351), mpred_type_constraints:add_history((_819976=(loves(_819988, _819990), ~knows(..., ...)), args_enforce(_819976, _820016), writeq(_820016), args_remove_constraints(..., ...), writeq(...)))))
^  Exit: (16) [system] call(logicmoo_startup:quietly(logicmoo_startup:at_current_Y(cuz('/var/lib/jenkins/.local/share/swi-prolog/pack/logicmoo_base/prolog/logicmoo/typesystem/mpred_type_constraints.pl':351), mpred_type_constraints:add_history((_819976=(..., ...), args_enforce(..., ...), ..., ...)))))
   Call: (15) [system] true
   Exit: (15) [system] true
^  Exit: (14) [logicmoo_startup] maybe_one(logicmoo_startup:quietly(logicmoo_startup:at_current_Y(cuz('/var/lib/jenkins/.local/share/swi-prolog/pack/logicmoo_base/prolog/logicmoo/typesystem/mpred_type_constraints.pl':351), mpred_type_constraints:add_history((_819976=(..., ...), args_enforce(..., ...), ..., ...)))), logicmoo_startup:ftrace(logicmoo_startup:at_current_Y(cuz('/var/lib/jenkins/.local/share/swi-prolog/pack/logicmoo_base/prolog/logicmoo/typesystem/mpred_type_constraints.pl':351), mpred_type_constraints:add_history((_819976=(..., ...), args_enforce(..., ...), ..., ...)))))
^  Exit: (13) [logicmoo_startup] maybe_notrace(logicmoo_startup:at_current_Y(cuz('/var/lib/jenkins/.local/share/swi-prolog/pack/logicmoo_base/prolog/logicmoo/typesystem/mpred_type_constraints.pl':351), mpred_type_constraints:add_history((_819976=(loves(_819988, _819990), ~knows(..., ...)), args_enforce(_819976, _820016), writeq(_820016), args_remove_constraints(..., ...), writeq(...)))))
   Call: (13) [system] true
   Exit: (13) [system] true
^  Exit: (12) [logicmoo_startup] try_pending_init(during_boot, logicmoo_startup:at_current_Y(cuz('/var/lib/jenkins/.local/share/swi-prolog/pack/logicmoo_base/prolog/logicmoo/typesystem/mpred_type_constraints.pl':351), mpred_type_constraints:add_history((_819976=(loves(_819988, _819990), ~knows(..., ...)), args_enforce(_819976, _820016), writeq(_820016), args_remove_constraints(..., ...), writeq(...)))))
   Redo: (13) [lmconf] lmconf:at_restore_goal(during_boot, _63180)
   Unify: (13) [lmconf] lmconf:at_restore_goal(during_boot, logicmoo_startup:at_current_Y(cuz('/var/lib/jenkins/.local/share/swi-prolog/pack/logicmoo_utils/prolog/logicmoo_lib.pl':321), logicmoo_lib:set_prolog_flag(do_renames, restore)))
   Exit: (13) [lmconf] lmconf:at_restore_goal(during_boot, logicmoo_startup:at_current_Y(cuz('/var/lib/jenkins/.local/share/swi-prolog/pack/logicmoo_utils/prolog/logicmoo_lib.pl':321), logicmoo_lib:set_prolog_flag(do_renames, restore)))
   Call: (13) [system] 3=<4
   Exit: (13) [system] 3=<4
^  Call: (12) [logicmoo_startup] try_pending_init(during_boot, logicmoo_startup:at_current_Y(cuz('/var/lib/jenkins/.local/share/swi-prolog/pack/logicmoo_utils/prolog/logicmoo_lib.pl':321), logicmoo_lib:set_prolog_flag(do_renames, restore)))
^  Unify: (12) [logicmoo_startup] try_pending_init(during_boot, logicmoo_startup:at_current_Y(cuz('/var/lib/jenkins/.local/share/swi-prolog/pack/logicmoo_utils/prolog/logicmoo_lib.pl':321), logicmoo_lib:set_prolog_flag(do_renames, restore)))
^  Call: (13) [logicmoo_startup] logicmoo_startup:has_ran_once(_899086, logicmoo_startup:at_current_Y(cuz('/var/lib/jenkins/.local/share/swi-prolog/pack/logicmoo_utils/prolog/logicmoo_lib.pl':321), logicmoo_lib:set_prolog_flag(do_renames, restore)))
^  Unify: (13) [logicmoo_startup] logicmoo_startup:has_ran_once(_899710, logicmoo_startup:at_current_Y(cuz('/var/lib/jenkins/.local/share/swi-prolog/pack/logicmoo_utils/prolog/logicmoo_lib.pl':321), logicmoo_lib:set_prolog_flag(do_renames, restore)))
   Call: (14) [lmcache] lmcache:called_startup_goal(_900278, _900280)
   Unify: (14) [lmcache] lmcache:called_startup_goal(before_boot, logicmoo_startup:at_current_Y(cuz('/var/lib/jenkins/.local/share/swi-prolog/pack/logicmoo_utils/prolog/logicmoo_packs.pl':48), logicmoo_packages:rescan_pack_autoload_packages))
   Exit: (14) [lmcache] lmcache:called_startup_goal(before_boot, logicmoo_startup:at_current_Y(cuz('/var/lib/jenkins/.local/share/swi-prolog/pack/logicmoo_utils/prolog/logicmoo_packs.pl':48), logicmoo_packages:rescan_pack_autoload_packages))
   Call: (14) [system] logicmoo_startup:at_current_Y(cuz('/var/lib/jenkins/.local/share/swi-prolog/pack/logicmoo_utils/prolog/logicmoo_packs.pl':48), logicmoo_packages:rescan_pack_autoload_packages)=@=logicmoo_startup:at_current_Y(cuz('/var/lib/jenkins/.local/share/swi-prolog/pack/logicmoo_utils/prolog/logicmoo_lib.pl':321), logicmoo_lib:set_prolog_flag(do_renames, restore))
   Fail: (14) [system] logicmoo_startup:at_current_Y(cuz('/var/lib/jenkins/.local/share/swi-prolog/pack/logicmoo_utils/prolog/logicmoo_packs.pl':48), logicmoo_packages:rescan_pack_autoload_packages)=@=logicmoo_startup:at_current_Y(cuz('/var/lib/jenkins/.local/share/swi-prolog/pack/logicmoo_utils/prolog/logicmoo_lib.pl':321), logicmoo_lib:set_prolog_flag(do_renames, restore))
   Redo: (14) [lmcache] lmcache:called_startup_goal(_900278, _900280)
   Unify: (14) [lmcache] lmcache:called_startup_goal(before_boot, logicmoo_startup:at_current_Y(cuz('/var/lib/jenkins/.local/share/swi-prolog/pack/logicmoo_utils/prolog/logicmoo_lib.pl':108), user:gripe_time(40, if_file_exists(ensure_loaded(system:logicmoo_packs)))))
   Exit: (14) [lmcache] lmcache:called_startup_goal(before_boot, logicmoo_startup:at_current_Y(cuz('/var/lib/jenkins/.local/share/swi-prolog/pack/logicmoo_utils/prolog/logicmoo_lib.pl':108), user:gripe_time(40, if_file_exists(ensure_loaded(system:logicmoo_packs)))))
   Call: (14) [system] logicmoo_startup:at_current_Y(cuz('/var/lib/jenkins/.local/share/swi-prolog/pack/logicmoo_utils/prolog/logicmoo_lib.pl':108), user:gripe_time(40, if_file_exists(ensure_loaded(system:logicmoo_packs))))=@=logicmoo_startup:at_current_Y(cuz('/var/lib/jenkins/.local/share/swi-prolog/pack/logicmoo_utils/prolog/logicmoo_lib.pl':321), logicmoo_lib:set_prolog_flag(do_renames, restore))
   Fail: (14) [system] logicmoo_startup:at_current_Y(cuz('/var/lib/jenkins/.local/share/swi-prolog/pack/logicmoo_utils/prolog/logicmoo_lib.pl':108), user:gripe_time(40, if_file_exists(ensure_loaded(system:logicmoo_packs))))=@=logicmoo_startup:at_current_Y(cuz('/var/lib/jenkins/.local/share/swi-prolog/pack/logicmoo_utils/prolog/logicmoo_lib.pl':321), logicmoo_lib:set_prolog_flag(do_renames, restore))
   Redo: (14) [lmcache] lmcache:called_startup_goal(_900278, _900280)
   Unify: (14) [lmcache] lmcache:called_startup_goal(before_boot, logicmoo_startup:at_current_Y(cuz('/var/lib/jenkins/.local/share/swi-prolog/pack/logicmoo_utils/prolog/logicmoo_lib.pl':116), logicmoo_lib:rescan_pack_autoload_packages))
   Exit: (14) [lmcache] lmcache:called_startup_goal(before_boot, logicmoo_startup:at_current_Y(cuz('/var/lib/jenkins/.local/share/swi-prolog/pack/logicmoo_utils/prolog/logicmoo_lib.pl':116), logicmoo_lib:rescan_pack_autoload_packages))
   Call: (14) [system] logicmoo_startup:at_current_Y(cuz('/var/lib/jenkins/.local/share/swi-prolog/pack/logicmoo_utils/prolog/logicmoo_lib.pl':116), logicmoo_lib:rescan_pack_autoload_packages)=@=logicmoo_startup:at_current_Y(cuz('/var/lib/jenkins/.local/share/swi-prolog/pack/logicmoo_utils/prolog/logicmoo_lib.pl':321), logicmoo_lib:set_prolog_flag(do_renames, restore))
   Fail: (14) [system] logicmoo_startup:at_current_Y(cuz('/var/lib/jenkins/.local/share/swi-prolog/pack/logicmoo_utils/prolog/logicmoo_lib.pl':116), logicmoo_lib:rescan_pack_autoload_packages)=@=logicmoo_startup:at_current_Y(cuz('/var/lib/jenkins/.local/share/swi-prolog/pack/logicmoo_utils/prolog/logicmoo_lib.pl':321), logicmoo_lib:set_prolog_flag(do_renames, restore))
   Redo: (14) [lmcache] lmcache:called_startup_goal(_900278, _900280)
   Unify: (14) [lmcache] lmcache:called_startup_goal(before_boot, logicmoo_startup:at_current_Y(cuz('/var/lib/jenkins/.local/share/swi-prolog/pack/logicmoo_utils/prolog/logicmoo_lib.pl':196), user:gripe_time(40, if_file_exists(ensure_loaded(system:logicmoo_swilib)))))
   Exit: (14) [lmcache] lmcache:called_startup_goal(before_boot, logicmoo_startup:at_current_Y(cuz('/var/lib/jenkins/.local/share/swi-prolog/pack/logicmoo_utils/prolog/logicmoo_lib.pl':196), user:gripe_time(40, if_file_exists(ensure_loaded(system:logicmoo_swilib)))))
   Call: (14) [system] logicmoo_startup:at_current_Y(cuz('/var/lib/jenkins/.local/share/swi-prolog/pack/logicmoo_utils/prolog/logicmoo_lib.pl':196), user:gripe_time(40, if_file_exists(ensure_loaded(system:logicmoo_swilib))))=@=logicmoo_startup:at_current_Y(cuz('/var/lib/jenkins/.local/share/swi-prolog/pack/logicmoo_utils/prolog/logicmoo_lib.pl':321), logicmoo_lib:set_prolog_flag(do_renames, restore))
   Fail: (14) [system] logicmoo_startup:at_current_Y(cuz('/var/lib/jenkins/.local/share/swi-prolog/pack/logicmoo_utils/prolog/logicmoo_lib.pl':196), user:gripe_time(40, if_file_exists(ensure_loaded(system:logicmoo_swilib))))=@=logicmoo_startup:at_current_Y(cuz('/var/lib/jenkins/.local/share/swi-prolog/pack/logicmoo_utils/prolog/logicmoo_lib.pl':321), logicmoo_lib:set_prolog_flag(do_renames, restore))
   Redo: (14) [lmcache] lmcache:called_startup_goal(_900278, _900280)
   Unify: (14) [lmcache] lmcache:called_startup_goal(before_boot, logicmoo_startup:at_current_Y(cuz('/var/lib/jenkins/.local/share/swi-prolog/pack/pfc/prolog/pfc_lib.pl':519), pfc_lib:set_how_virtualize_file(false, '/var/lib/jenkins/.local/share/swi-prolog/pack/pfc/prolog/pfc_lib.pl')))
   Exit: (14) [lmcache] lmcache:called_startup_goal(before_boot, logicmoo_startup:at_current_Y(cuz('/var/lib/jenkins/.local/share/swi-prolog/pack/pfc/prolog/pfc_lib.pl':519), pfc_lib:set_how_virtualize_file(false, '/var/lib/jenkins/.local/share/swi-prolog/pack/pfc/prolog/pfc_lib.pl')))
   Call: (14) [system] logicmoo_startup:at_current_Y(cuz('/var/lib/jenkins/.local/share/swi-prolog/pack/pfc/prolog/pfc_lib.pl':519), pfc_lib:set_how_virtualize_file(false, '/var/lib/jenkins/.local/share/swi-prolog/pack/pfc/prolog/pfc_lib.pl'))=@=logicmoo_startup:at_current_Y(cuz('/var/lib/jenkins/.local/share/swi-prolog/pack/logicmoo_utils/prolog/logicmoo_lib.pl':321), logicmoo_lib:set_prolog_flag(do_renames, restore))
   Fail: (14) [system] logicmoo_startup:at_current_Y(cuz('/var/lib/jenkins/.local/share/swi-prolog/pack/pfc/prolog/pfc_lib.pl':519), pfc_lib:set_how_virtualize_file(false, '/var/lib/jenkins/.local/share/swi-prolog/pack/pfc/prolog/pfc_lib.pl'))=@=logicmoo_startup:at_current_Y(cuz('/var/lib/jenkins/.local/share/swi-prolog/pack/logicmoo_utils/prolog/logicmoo_lib.pl':321), logicmoo_lib:set_prolog_flag(do_renames, restore))
   Redo: (14) [lmcache] lmcache:called_startup_goal(_900278, _900280)
   Unify: (14) [lmcache] lmcache:called_startup_goal(before_boot, logicmoo_startup:at_current_Y(cuz('/var/lib/jenkins/.local/share/swi-prolog/pack/logicmoo_utils/prolog/logicmoo_lib.pl':286), logicmoo_lib:gripe_time(40, if_file_exists(ensure_loaded(logicmoo_lib:library(...))))))
   Exit: (14) [lmcache] lmcache:called_startup_goal(before_boot, logicmoo_startup:at_current_Y(cuz('/var/lib/jenkins/.local/share/swi-prolog/pack/logicmoo_utils/prolog/logicmoo_lib.pl':286), logicmoo_lib:gripe_time(40, if_file_exists(ensure_loaded(logicmoo_lib:library(...))))))
   Call: (14) [system] logicmoo_startup:at_current_Y(cuz('/var/lib/jenkins/.local/share/swi-prolog/pack/logicmoo_utils/prolog/logicmoo_lib.pl':286), logicmoo_lib:gripe_time(40, if_file_exists(ensure_loaded(logicmoo_lib:library(logicmoo_typesystem)))))=@=logicmoo_startup:at_current_Y(cuz('/var/lib/jenkins/.local/share/swi-prolog/pack/logicmoo_utils/prolog/logicmoo_lib.pl':321), logicmoo_lib:set_prolog_flag(do_renames, restore))
   Fail: (14) [system] logicmoo_startup:at_current_Y(cuz('/var/lib/jenkins/.local/share/swi-prolog/pack/logicmoo_utils/prolog/logicmoo_lib.pl':286), logicmoo_lib:gripe_time(40, if_file_exists(ensure_loaded(logicmoo_lib:library(logicmoo_typesystem)))))=@=logicmoo_startup:at_current_Y(cuz('/var/lib/jenkins/.local/share/swi-prolog/pack/logicmoo_utils/prolog/logicmoo_lib.pl':321), logicmoo_lib:set_prolog_flag(do_renames, restore))
   Redo: (14) [lmcache] lmcache:called_startup_goal(_900278, _900280)
   Unify: (14) [lmcache] lmcache:called_startup_goal(before_boot, logicmoo_startup:at_current_Y(cuz('/var/lib/jenkins/.local/share/swi-prolog/pack/logicmoo_utils/prolog/logicmoo_lib.pl':301), logicmoo_lib:gripe_time(40, if_file_exists(ensure_loaded(logicmoo_lib:library(...))))))
   Exit: (14) [lmcache] lmcache:called_startup_goal(before_boot, logicmoo_startup:at_current_Y(cuz('/var/lib/jenkins/.local/share/swi-prolog/pack/logicmoo_utils/prolog/logicmoo_lib.pl':301), logicmoo_lib:gripe_time(40, if_file_exists(ensure_loaded(logicmoo_lib:library(...))))))
   Call: (14) [system] logicmoo_startup:at_current_Y(cuz('/var/lib/jenkins/.local/share/swi-prolog/pack/logicmoo_utils/prolog/logicmoo_lib.pl':301), logicmoo_lib:gripe_time(40, if_file_exists(ensure_loaded(logicmoo_lib:library(logicmoo_plarkc)))))=@=logicmoo_startup:at_current_Y(cuz('/var/lib/jenkins/.local/share/swi-prolog/pack/logicmoo_utils/prolog/logicmoo_lib.pl':321), logicmoo_lib:set_prolog_flag(do_renames, restore))
   Fail: (14) [system] logicmoo_startup:at_current_Y(cuz('/var/lib/jenkins/.local/share/swi-prolog/pack/logicmoo_utils/prolog/logicmoo_lib.pl':301), logicmoo_lib:gripe_time(40, if_file_exists(ensure_loaded(logicmoo_lib:library(logicmoo_plarkc)))))=@=logicmoo_startup:at_current_Y(cuz('/var/lib/jenkins/.local/share/swi-prolog/pack/logicmoo_utils/prolog/logicmoo_lib.pl':321), logicmoo_lib:set_prolog_flag(do_renames, restore))
   Redo: (14) [lmcache] lmcache:called_startup_goal(_900278, _900280)
   Unify: (14) [lmcache] lmcache:called_startup_goal(before_boot, logicmoo_startup:at_current_Y(cuz('/var/lib/jenkins/.local/share/swi-prolog/pack/logicmoo_utils/prolog/logicmoo_lib.pl':308), logicmoo_lib:gripe_time(40, if_file_exists(ensure_loaded(logicmoo_lib:library(...))))))
   Exit: (14) [lmcache] lmcache:called_startup_goal(before_boot, logicmoo_startup:at_current_Y(cuz('/var/lib/jenkins/.local/share/swi-prolog/pack/logicmoo_utils/prolog/logicmoo_lib.pl':308), logicmoo_lib:gripe_time(40, if_file_exists(ensure_loaded(logicmoo_lib:library(...))))))
   Call: (14) [system] logicmoo_startup:at_current_Y(cuz('/var/lib/jenkins/.local/share/swi-prolog/pack/logicmoo_utils/prolog/logicmoo_lib.pl':308), logicmoo_lib:gripe_time(40, if_file_exists(ensure_loaded(logicmoo_lib:library(logicmoo_clif)))))=@=logicmoo_startup:at_current_Y(cuz('/var/lib/jenkins/.local/share/swi-prolog/pack/logicmoo_utils/prolog/logicmoo_lib.pl':321), logicmoo_lib:set_prolog_flag(do_renames, restore))
   Fail: (14) [system] logicmoo_startup:at_current_Y(cuz('/var/lib/jenkins/.local/share/swi-prolog/pack/logicmoo_utils/prolog/logicmoo_lib.pl':308), logicmoo_lib:gripe_time(40, if_file_exists(ensure_loaded(logicmoo_lib:library(logicmoo_clif)))))=@=logicmoo_startup:at_current_Y(cuz('/var/lib/jenkins/.local/share/swi-prolog/pack/logicmoo_utils/prolog/logicmoo_lib.pl':321), logicmoo_lib:set_prolog_flag(do_renames, restore))
   Redo: (14) [lmcache] lmcache:called_startup_goal(_900278, _900280)
   Unify: (14) [lmcache] lmcache:called_startup_goal(before_boot, logicmoo_startup:at_current_Y(cuz('/var/lib/jenkins/.local/share/swi-prolog/pack/logicmoo_utils/prolog/logicmoo_lib.pl':314), logicmoo_lib:(set_prolog_flag(do_renames, restore), gripe_time(60, baseKB:ensure_loaded(library(...))))))
   Exit: (14) [lmcache] lmcache:called_startup_goal(before_boot, logicmoo_startup:at_current_Y(cuz('/var/lib/jenkins/.local/share/swi-prolog/pack/logicmoo_utils/prolog/logicmoo_lib.pl':314), logicmoo_lib:(set_prolog_flag(do_renames, restore), gripe_time(60, baseKB:ensure_loaded(library(...))))))
   Call: (14) [system] logicmoo_startup:at_current_Y(cuz('/var/lib/jenkins/.local/share/swi-prolog/pack/logicmoo_utils/prolog/logicmoo_lib.pl':314), logicmoo_lib:(set_prolog_flag(do_renames, restore), gripe_time(60, baseKB:ensure_loaded(library('logicmoo/plarkc/logicmoo_u_cyc_kb_tinykb.pl')))))=@=logicmoo_startup:at_current_Y(cuz('/var/lib/jenkins/.local/share/swi-prolog/pack/logicmoo_utils/prolog/logicmoo_lib.pl':321), logicmoo_lib:set_prolog_flag(do_renames, restore))
   Fail: (14) [system] logicmoo_startup:at_current_Y(cuz('/var/lib/jenkins/.local/share/swi-prolog/pack/logicmoo_utils/prolog/logicmoo_lib.pl':314), logicmoo_lib:(set_prolog_flag(do_renames, restore), gripe_time(60, baseKB:ensure_loaded(library('logicmoo/plarkc/logicmoo_u_cyc_kb_tinykb.pl')))))=@=logicmoo_startup:at_current_Y(cuz('/var/lib/jenkins/.local/share/swi-prolog/pack/logicmoo_utils/prolog/logicmoo_lib.pl':321), logicmoo_lib:set_prolog_flag(do_renames, restore))
   Redo: (14) [lmcache] lmcache:called_startup_goal(_900278, _900280)
   Unify: (14) [lmcache] lmcache:called_startup_goal(before_boot, logicmoo_startup:at_current_Y(cuz('/var/lib/jenkins/.local/share/swi-prolog/pack/logicmoo_base/prolog/logicmoo_clif.pl':54), baseKB:(\+user:file_search_path(..., ...)->asserta(user:file_search_path(..., ...));true)))
   Exit: (14) [lmcache] lmcache:called_startup_goal(before_boot, logicmoo_startup:at_current_Y(cuz('/var/lib/jenkins/.local/share/swi-prolog/pack/logicmoo_base/prolog/logicmoo_clif.pl':54), baseKB:(\+user:file_search_path(..., ...)->asserta(user:file_search_path(..., ...));true)))
   Call: (14) [system] logicmoo_startup:at_current_Y(cuz('/var/lib/jenkins/.local/share/swi-prolog/pack/logicmoo_base/prolog/logicmoo_clif.pl':54), baseKB:(\+user:file_search_path(library, '/var/lib/jenkins/.local/share/swi-prolog/pack/logicmoo_base/prolog')->asserta(user:file_search_path(library, '/var/lib/jenkins/.local/share/swi-prolog/pack/logicmoo_base/prolog'));true))=@=logicmoo_startup:at_current_Y(cuz('/var/lib/jenkins/.local/share/swi-prolog/pack/logicmoo_utils/prolog/logicmoo_lib.pl':321), logicmoo_lib:set_prolog_flag(do_renames, restore))
   Fail: (14) [system] logicmoo_startup:at_current_Y(cuz('/var/lib/jenkins/.local/share/swi-prolog/pack/logicmoo_base/prolog/logicmoo_clif.pl':54), baseKB:(\+user:file_search_path(library, '/var/lib/jenkins/.local/share/swi-prolog/pack/logicmoo_base/prolog')->asserta(user:file_search_path(library, '/var/lib/jenkins/.local/share/swi-prolog/pack/logicmoo_base/prolog'));true))=@=logicmoo_startup:at_current_Y(cuz('/var/lib/jenkins/.local/share/swi-prolog/pack/logicmoo_utils/prolog/logicmoo_lib.pl':321), logicmoo_lib:set_prolog_flag(do_renames, restore))
   Redo: (14) [lmcache] lmcache:called_startup_goal(_900278, _900280)
   Unify: (14) [lmcache] lmcache:called_startup_goal(during_boot, logicmoo_startup:at_current_Y(cuz('/var/lib/jenkins/.local/share/swi-prolog/pack/logicmoo_utils/prolog/logicmoo_packs.pl':49), logicmoo_packages:rescan_pack_autoload_packages))
   Exit: (14) [lmcache] lmcache:called_startup_goal(during_boot, logicmoo_startup:at_current_Y(cuz('/var/lib/jenkins/.local/share/swi-prolog/pack/logicmoo_utils/prolog/logicmoo_packs.pl':49), logicmoo_packages:rescan_pack_autoload_packages))
   Call: (14) [system] logicmoo_startup:at_current_Y(cuz('/var/lib/jenkins/.local/share/swi-prolog/pack/logicmoo_utils/prolog/logicmoo_packs.pl':49), logicmoo_packages:rescan_pack_autoload_packages)=@=logicmoo_startup:at_current_Y(cuz('/var/lib/jenkins/.local/share/swi-prolog/pack/logicmoo_utils/prolog/logicmoo_lib.pl':321), logicmoo_lib:set_prolog_flag(do_renames, restore))
   Fail: (14) [system] logicmoo_startup:at_current_Y(cuz('/var/lib/jenkins/.local/share/swi-prolog/pack/logicmoo_utils/prolog/logicmoo_packs.pl':49), logicmoo_packages:rescan_pack_autoload_packages)=@=logicmoo_startup:at_current_Y(cuz('/var/lib/jenkins/.local/share/swi-prolog/pack/logicmoo_utils/prolog/logicmoo_lib.pl':321), logicmoo_lib:set_prolog_flag(do_renames, restore))
   Redo: (14) [lmcache] lmcache:called_startup_goal(_900278, _900280)
   Unify: (14) [lmcache] lmcache:called_startup_goal(during_boot, logicmoo_startup:at_current_Y(cuz('/var/lib/jenkins/.local/share/swi-prolog/pack/logicmoo_base/prolog/logicmoo/typesystem/mpred_type_constraints.pl':284), mpred_type_constraints:add_history((_935432=(loves(..., ...), ~ ...), must(args_enforce_bound(..., ...)), writeq(_935476)))))
   Exit: (14) [lmcache] lmcache:called_startup_goal(during_boot, logicmoo_startup:at_current_Y(cuz('/var/lib/jenkins/.local/share/swi-prolog/pack/logicmoo_base/prolog/logicmoo/typesystem/mpred_type_constraints.pl':284), mpred_type_constraints:add_history((_935432=(loves(..., ...), ~ ...), must(args_enforce_bound(..., ...)), writeq(_935476)))))
   Call: (14) [system] logicmoo_startup:at_current_Y(cuz('/var/lib/jenkins/.local/share/swi-prolog/pack/logicmoo_base/prolog/logicmoo/typesystem/mpred_type_constraints.pl':284), mpred_type_constraints:add_history((_935432=(loves(_935444, _935446), ~knows(..., ...)), must(args_enforce_bound(_935432, _935476)), writeq(_935476))))=@=logicmoo_startup:at_current_Y(cuz('/var/lib/jenkins/.local/share/swi-prolog/pack/logicmoo_utils/prolog/logicmoo_lib.pl':321), logicmoo_lib:set_prolog_flag(do_renames, restore))
   Fail: (14) [system] logicmoo_startup:at_current_Y(cuz('/var/lib/jenkins/.local/share/swi-prolog/pack/logicmoo_base/prolog/logicmoo/typesystem/mpred_type_constraints.pl':284), mpred_type_constraints:add_history((_935432=(loves(_935444, _935446), ~knows(..., ...)), must(args_enforce_bound(_935432, _935476)), writeq(_935476))))=@=logicmoo_startup:at_current_Y(cuz('/var/lib/jenkins/.local/share/swi-prolog/pack/logicmoo_utils/prolog/logicmoo_lib.pl':321), logicmoo_lib:set_prolog_flag(do_renames, restore))
   Redo: (14) [lmcache] lmcache:called_startup_goal(_900278, _900280)
   Unify: (14) [lmcache] lmcache:called_startup_goal(during_boot, logicmoo_startup:at_current_Y(cuz('/var/lib/jenkins/.local/share/swi-prolog/pack/logicmoo_base/prolog/logicmoo/typesystem/mpred_type_constraints.pl':306), mpred_type_constraints:add_history((_938612=(loves(..., ...), ~ ...), must(args_constrain(..., ...)), writeq(_938656)))))
   Exit: (14) [lmcache] lmcache:called_startup_goal(during_boot, logicmoo_startup:at_current_Y(cuz('/var/lib/jenkins/.local/share/swi-prolog/pack/logicmoo_base/prolog/logicmoo/typesystem/mpred_type_constraints.pl':306), mpred_type_constraints:add_history((_938612=(loves(..., ...), ~ ...), must(args_constrain(..., ...)), writeq(_938656)))))
   Call: (14) [system] logicmoo_startup:at_current_Y(cuz('/var/lib/jenkins/.local/share/swi-prolog/pack/logicmoo_base/prolog/logicmoo/typesystem/mpred_type_constraints.pl':306), mpred_type_constraints:add_history((_938612=(loves(_938624, _938626), ~knows(..., ...)), must(args_constrain(_938612, _938656)), writeq(_938656))))=@=logicmoo_startup:at_current_Y(cuz('/var/lib/jenkins/.local/share/swi-prolog/pack/logicmoo_utils/prolog/logicmoo_lib.pl':321), logicmoo_lib:set_prolog_flag(do_renames, restore))
   Fail: (14) [system] logicmoo_startup:at_current_Y(cuz('/var/lib/jenkins/.local/share/swi-prolog/pack/logicmoo_base/prolog/logicmoo/typesystem/mpred_type_constraints.pl':306), mpred_type_constraints:add_history((_938612=(loves(_938624, _938626), ~knows(..., ...)), must(args_constrain(_938612, _938656)), writeq(_938656))))=@=logicmoo_startup:at_current_Y(cuz('/var/lib/jenkins/.local/share/swi-prolog/pack/logicmoo_utils/prolog/logicmoo_lib.pl':321), logicmoo_lib:set_prolog_flag(do_renames, restore))
   Redo: (14) [lmcache] lmcache:called_startup_goal(_900278, _900280)
   Unify: (14) [lmcache] lmcache:called_startup_goal(during_boot, logicmoo_startup:at_current_Y(cuz('/var/lib/jenkins/.local/share/swi-prolog/pack/logicmoo_base/prolog/logicmoo/typesystem/mpred_type_constraints.pl':330), mpred_type_constraints:add_history((_941792=(loves(..., ...), ~ ...), must(args_enforce(..., ...)), writeq(_941836)))))
   Exit: (14) [lmcache] lmcache:called_startup_goal(during_boot, logicmoo_startup:at_current_Y(cuz('/var/lib/jenkins/.local/share/swi-prolog/pack/logicmoo_base/prolog/logicmoo/typesystem/mpred_type_constraints.pl':330), mpred_type_constraints:add_history((_941792=(loves(..., ...), ~ ...), must(args_enforce(..., ...)), writeq(_941836)))))
   Call: (14) [system] logicmoo_startup:at_current_Y(cuz('/var/lib/jenkins/.local/share/swi-prolog/pack/logicmoo_base/prolog/logicmoo/typesystem/mpred_type_constraints.pl':330), mpred_type_constraints:add_history((_941792=(loves(_941804, _941806), ~knows(..., ...)), must(args_enforce(_941792, _941836)), writeq(_941836))))=@=logicmoo_startup:at_current_Y(cuz('/var/lib/jenkins/.local/share/swi-prolog/pack/logicmoo_utils/prolog/logicmoo_lib.pl':321), logicmoo_lib:set_prolog_flag(do_renames, restore))
   Fail: (14) [system] logicmoo_startup:at_current_Y(cuz('/var/lib/jenkins/.local/share/swi-prolog/pack/logicmoo_base/prolog/logicmoo/typesystem/mpred_type_constraints.pl':330), mpred_type_constraints:add_history((_941792=(loves(_941804, _941806), ~knows(..., ...)), must(args_enforce(_941792, _941836)), writeq(_941836))))=@=logicmoo_startup:at_current_Y(cuz('/var/lib/jenkins/.local/share/swi-prolog/pack/logicmoo_utils/prolog/logicmoo_lib.pl':321), logicmoo_lib:set_prolog_flag(do_renames, restore))
   Redo: (14) [lmcache] lmcache:called_startup_goal(_900278, _900280)
   Unify: (14) [lmcache] lmcache:called_startup_goal(during_boot, logicmoo_startup:at_current_Y(cuz('/var/lib/jenkins/.local/share/swi-prolog/pack/logicmoo_base/prolog/logicmoo/typesystem/mpred_type_constraints.pl':351), mpred_type_constraints:add_history((_944972=(loves(..., ...), ~ ...), args_enforce(_944972, _945012), writeq(...), ..., ...))))
   Exit: (14) [lmcache] lmcache:called_startup_goal(during_boot, logicmoo_startup:at_current_Y(cuz('/var/lib/jenkins/.local/share/swi-prolog/pack/logicmoo_base/prolog/logicmoo/typesystem/mpred_type_constraints.pl':351), mpred_type_constraints:add_history((_944972=(loves(..., ...), ~ ...), args_enforce(_944972, _945012), writeq(...), ..., ...))))
   Call: (14) [system] logicmoo_startup:at_current_Y(cuz('/var/lib/jenkins/.local/share/swi-prolog/pack/logicmoo_base/prolog/logicmoo/typesystem/mpred_type_constraints.pl':351), mpred_type_constraints:add_history((_944972=(loves(_944984, _944986), ~knows(..., ...)), args_enforce(_944972, _945012), writeq(_945012), args_remove_constraints(..., ...), writeq(...))))=@=logicmoo_startup:at_current_Y(cuz('/var/lib/jenkins/.local/share/swi-prolog/pack/logicmoo_utils/prolog/logicmoo_lib.pl':321), logicmoo_lib:set_prolog_flag(do_renames, restore))
   Fail: (14) [system] logicmoo_startup:at_current_Y(cuz('/var/lib/jenkins/.local/share/swi-prolog/pack/logicmoo_base/prolog/logicmoo/typesystem/mpred_type_constraints.pl':351), mpred_type_constraints:add_history((_944972=(loves(_944984, _944986), ~knows(..., ...)), args_enforce(_944972, _945012), writeq(_945012), args_remove_constraints(..., ...), writeq(...))))=@=logicmoo_startup:at_current_Y(cuz('/var/lib/jenkins/.local/share/swi-prolog/pack/logicmoo_utils/prolog/logicmoo_lib.pl':321), logicmoo_lib:set_prolog_flag(do_renames, restore))
^  Fail: (13) [logicmoo_startup] logicmoo_startup:has_ran_once(_947568, logicmoo_startup:at_current_Y(cuz('/var/lib/jenkins/.local/share/swi-prolog/pack/logicmoo_utils/prolog/logicmoo_lib.pl':321), logicmoo_lib:set_prolog_flag(do_renames, restore)))
^  Redo: (12) [logicmoo_startup] try_pending_init(during_boot, logicmoo_startup:at_current_Y(cuz('/var/lib/jenkins/.local/share/swi-prolog/pack/logicmoo_utils/prolog/logicmoo_lib.pl':321), logicmoo_lib:set_prolog_flag(do_renames, restore)))
^  Unify: (12) [logicmoo_startup] try_pending_init(during_boot, logicmoo_startup:at_current_Y(cuz('/var/lib/jenkins/.local/share/swi-prolog/pack/logicmoo_utils/prolog/logicmoo_lib.pl':321), logicmoo_lib:set_prolog_flag(do_renames, restore)))
^  Call: (13) [logicmoo_startup] assertz(lmcache:called_startup_goal(during_boot, logicmoo_startup:at_current_Y(cuz('/var/lib/jenkins/.local/share/swi-prolog/pack/logicmoo_utils/prolog/logicmoo_lib.pl':321), logicmoo_lib:set_prolog_flag(do_renames, restore))))
^  Exit: (13) [logicmoo_startup] assertz(lmcache:called_startup_goal(during_boot, logicmoo_startup:at_current_Y(cuz('/var/lib/jenkins/.local/share/swi-prolog/pack/logicmoo_utils/prolog/logicmoo_lib.pl':321), logicmoo_lib:set_prolog_flag(do_renames, restore))))
^  Call: (13) [logicmoo_startup] maybe_notrace(logicmoo_startup:at_current_Y(cuz('/var/lib/jenkins/.local/share/swi-prolog/pack/logicmoo_utils/prolog/logicmoo_lib.pl':321), logicmoo_lib:set_prolog_flag(do_renames, restore)))
^  Unify: (13) [logicmoo_startup] maybe_notrace(logicmoo_startup:at_current_Y(cuz('/var/lib/jenkins/.local/share/swi-prolog/pack/logicmoo_utils/prolog/logicmoo_lib.pl':321), logicmoo_lib:set_prolog_flag(do_renames, restore)))
   Call: (14) [edinburgh] edinburgh:debug
   Unify: (14) [edinburgh] edinburgh:debug
   Call: (15) [system] set_prolog_flag(debug, true)
   Exit: (15) [system] set_prolog_flag(debug, true)
   Exit: (14) [edinburgh] edinburgh:debug
^  Call: (14) [logicmoo_startup] maybe_one(quietly(logicmoo_startup:at_current_Y(cuz('/var/lib/jenkins/.local/share/swi-prolog/pack/logicmoo_utils/prolog/logicmoo_lib.pl':321), logicmoo_lib:set_prolog_flag(do_renames, restore))), ftrace(logicmoo_startup:at_current_Y(cuz('/var/lib/jenkins/.local/share/swi-prolog/pack/logicmoo_utils/prolog/logicmoo_lib.pl':321), logicmoo_lib:set_prolog_flag(do_renames, restore))))
^  Unify: (14) [logicmoo_startup] maybe_one(logicmoo_startup:quietly(logicmoo_startup:at_current_Y(cuz('/var/lib/jenkins/.local/share/swi-prolog/pack/logicmoo_utils/prolog/logicmoo_lib.pl':321), logicmoo_lib:set_prolog_flag(do_renames, restore))), logicmoo_startup:ftrace(logicmoo_startup:at_current_Y(cuz('/var/lib/jenkins/.local/share/swi-prolog/pack/logicmoo_utils/prolog/logicmoo_lib.pl':321), logicmoo_lib:set_prolog_flag(do_renames, restore))))
^  Call: (16) [logicmoo_startup] call(logicmoo_startup:quietly(logicmoo_startup:at_current_Y(cuz('/var/lib/jenkins/.local/share/swi-prolog/pack/logicmoo_utils/prolog/logicmoo_lib.pl':321), logicmoo_lib:set_prolog_flag(do_renames, restore))))
^  Unify: (16) [system] call(logicmoo_startup:quietly(logicmoo_startup:at_current_Y(cuz('/var/lib/jenkins/.local/share/swi-prolog/pack/logicmoo_utils/prolog/logicmoo_lib.pl':321), logicmoo_lib:set_prolog_flag(do_renames, restore))))
^  Call: (17) [logicmoo_startup] quietly(logicmoo_startup:at_current_Y(cuz('/var/lib/jenkins/.local/share/swi-prolog/pack/logicmoo_utils/prolog/logicmoo_lib.pl':321), logicmoo_lib:set_prolog_flag(do_renames, restore)))
^  Unify: (17) [rtrace] quietly(logicmoo_startup:at_current_Y(cuz('/var/lib/jenkins/.local/share/swi-prolog/pack/logicmoo_utils/prolog/logicmoo_lib.pl':321), logicmoo_lib:set_prolog_flag(do_renames, restore)))
   Call: (19) [system] _959182=mquietly_if(true, rtrace:tAt_rtrace)
   Exit: (19) [system] mquietly_if(true, rtrace:tAt_rtrace)=mquietly_if(true, rtrace:tAt_rtrace)
^  Call: (19) [must_sanity] setup_call_cleanup(rtrace:notrace(visible(-all)),  ((logicmoo_startup:at_current_Y(cuz('/var/lib/jenkins/.local/share/swi-prolog/pack/logicmoo_utils/prolog/logicmoo_lib.pl':321), logicmoo_lib:set_prolog_flag(do_renames, restore)), deterministic(_960440)), (notrace(_960440==true)->!;rtrace:tAt_rtrace, notrace(nb_setarg(1, mquietly_if(true, rtrace:tAt_rtrace), false));rtrace:notrace(visible(-all)), notrace(nb_setarg(1, mquietly_if(true, ... : ...), true)), notrace(fail))), mquietly_if(true, rtrace:tAt_rtrace))
^  Unify: (19) [system] setup_call_cleanup(rtrace:notrace(visible(-all)), must_sanity:((logicmoo_startup:at_current_Y(cuz('/var/lib/jenkins/.local/share/swi-prolog/pack/logicmoo_utils/prolog/logicmoo_lib.pl':321), logicmoo_lib:set_prolog_flag(do_renames, restore)), deterministic(_960440)), (notrace(_960440==true)->!;rtrace:tAt_rtrace, notrace(nb_setarg(1, mquietly_if(true, ... : ...), false));rtrace:notrace(visible(- ...)), notrace(nb_setarg(1, mquietly_if(..., ...), true)), notrace(fail))), must_sanity:mquietly_if(true, rtrace:tAt_rtrace))
^  Call: (20) [system] setup_call_catcher_cleanup(rtrace:notrace(visible(-all)), must_sanity:((logicmoo_startup:at_current_Y(cuz('/var/lib/jenkins/.local/share/swi-prolog/pack/logicmoo_utils/prolog/logicmoo_lib.pl':321), logicmoo_lib:set_prolog_flag(do_renames, restore)), deterministic(_960440)), (notrace(_960440==true)->!;rtrace:tAt_rtrace, notrace(nb_setarg(1, mquietly_if(true, ... : ...), false));rtrace:notrace(visible(- ...)), notrace(nb_setarg(1, mquietly_if(..., ...), true)), notrace(fail))), _961844, must_sanity:mquietly_if(true, rtrace:tAt_rtrace))
^  Unify: (20) [system] setup_call_catcher_cleanup(rtrace:notrace(visible(-all)), must_sanity:((logicmoo_startup:at_current_Y(cuz('/var/lib/jenkins/.local/share/swi-prolog/pack/logicmoo_utils/prolog/logicmoo_lib.pl':321), logicmoo_lib:set_prolog_flag(do_renames, restore)), deterministic(_960440)), (notrace(_960440==true)->!;rtrace:tAt_rtrace, notrace(nb_setarg(1, mquietly_if(true, ... : ...), false));rtrace:notrace(visible(- ...)), notrace(nb_setarg(1, mquietly_if(..., ...), true)), notrace(fail))), _962476, must_sanity:mquietly_if(true, rtrace:tAt_rtrace))
^  Exit: (22) [must_sanity] must_sanity:mquietly_if(true, rtrace:tAt_rtrace)
^  Exit: (20) [system] setup_call_catcher_cleanup(rtrace:notrace(visible(-all)), must_sanity:((logicmoo_startup:at_current_Y(cuz('/var/lib/jenkins/.local/share/swi-prolog/pack/logicmoo_utils/prolog/logicmoo_lib.pl':321), logicmoo_lib:set_prolog_flag(do_renames, restore)), deterministic(true)), (notrace(true==true)->!;rtrace:tAt_rtrace, notrace(nb_setarg(1, mquietly_if(true, ... : ...), false));rtrace:notrace(visible(- ...)), notrace(nb_setarg(1, mquietly_if(..., ...), true)), notrace(fail))), exit, must_sanity:mquietly_if(true, rtrace:tAt_rtrace))
^  Exit: (19) [system] setup_call_cleanup(rtrace:notrace(visible(-all)), must_sanity:((logicmoo_startup:at_current_Y(cuz('/var/lib/jenkins/.local/share/swi-prolog/pack/logicmoo_utils/prolog/logicmoo_lib.pl':321), logicmoo_lib:set_prolog_flag(do_renames, restore)), deterministic(true)), (notrace(true==true)->!;rtrace:tAt_rtrace, notrace(nb_setarg(1, mquietly_if(true, ... : ...), false));rtrace:notrace(visible(- ...)), notrace(nb_setarg(1, mquietly_if(..., ...), true)), notrace(fail))), must_sanity:mquietly_if(true, rtrace:tAt_rtrace))
^  Exit: (17) [rtrace] quietly(logicmoo_startup:at_current_Y(cuz('/var/lib/jenkins/.local/share/swi-prolog/pack/logicmoo_utils/prolog/logicmoo_lib.pl':321), logicmoo_lib:set_prolog_flag(do_renames, restore)))
^  Exit: (16) [system] call(logicmoo_startup:quietly(logicmoo_startup:at_current_Y(cuz('/var/lib/jenkins/.local/share/swi-prolog/pack/logicmoo_utils/prolog/logicmoo_lib.pl':321), logicmoo_lib:set_prolog_flag(do_renames, restore))))
   Call: (15) [system] true
   Exit: (15) [system] true
^  Exit: (14) [logicmoo_startup] maybe_one(logicmoo_startup:quietly(logicmoo_startup:at_current_Y(cuz('/var/lib/jenkins/.local/share/swi-prolog/pack/logicmoo_utils/prolog/logicmoo_lib.pl':321), logicmoo_lib:set_prolog_flag(do_renames, restore))), logicmoo_startup:ftrace(logicmoo_startup:at_current_Y(cuz('/var/lib/jenkins/.local/share/swi-prolog/pack/logicmoo_utils/prolog/logicmoo_lib.pl':321), logicmoo_lib:set_prolog_flag(do_renames, restore))))
^  Exit: (13) [logicmoo_startup] maybe_notrace(logicmoo_startup:at_current_Y(cuz('/var/lib/jenkins/.local/share/swi-prolog/pack/logicmoo_utils/prolog/logicmoo_lib.pl':321), logicmoo_lib:set_prolog_flag(do_renames, restore)))
   Call: (13) [system] true
   Exit: (13) [system] true
^  Exit: (12) [logicmoo_startup] try_pending_init(during_boot, logicmoo_startup:at_current_Y(cuz('/var/lib/jenkins/.local/share/swi-prolog/pack/logicmoo_utils/prolog/logicmoo_lib.pl':321), logicmoo_lib:set_prolog_flag(do_renames, restore)))
^  Redo: (13) [logicmoo_startup] logicmoo_startup:number_phase(_63160, _63162)
^  Unify: (13) [logicmoo_startup] logicmoo_startup:number_phase(4, after_boot)
^  Exit: (13) [logicmoo_startup] logicmoo_startup:number_phase(4, after_boot)
   Call: (13) [lmconf] lmconf:at_restore_goal(after_boot, _63180)
   Unify: (13) [lmconf] lmconf:at_restore_goal(after_boot, logicmoo_startup:at_current_Y(cuz('/var/lib/jenkins/.local/share/swi-prolog/pack/logicmoo_base/prolog/logicmoo_typesystem.pl':125), baseKB:(dmsg(after_boot), hook_database:call(asserta_new,  (ereq(...):- ..., ...)))))
   Exit: (13) [lmconf] lmconf:at_restore_goal(after_boot, logicmoo_startup:at_current_Y(cuz('/var/lib/jenkins/.local/share/swi-prolog/pack/logicmoo_base/prolog/logicmoo_typesystem.pl':125), baseKB:(dmsg(after_boot), hook_database:call(asserta_new,  (ereq(...):- ..., ...)))))
   Call: (13) [system] 4=<4
   Exit: (13) [system] 4=<4
^  Call: (12) [logicmoo_startup] try_pending_init(after_boot, logicmoo_startup:at_current_Y(cuz('/var/lib/jenkins/.local/share/swi-prolog/pack/logicmoo_base/prolog/logicmoo_typesystem.pl':125), baseKB:(dmsg(after_boot), hook_database:call(asserta_new,  (ereq(_973822):-!, call_u(...))))))
^  Unify: (12) [logicmoo_startup] try_pending_init(after_boot, logicmoo_startup:at_current_Y(cuz('/var/lib/jenkins/.local/share/swi-prolog/pack/logicmoo_base/prolog/logicmoo_typesystem.pl':125), baseKB:(dmsg(after_boot), hook_database:call(asserta_new,  (ereq(_973822):-!, call_u(...))))))
^  Call: (13) [logicmoo_startup] logicmoo_startup:has_ran_once(_977666, logicmoo_startup:at_current_Y(cuz('/var/lib/jenkins/.local/share/swi-prolog/pack/logicmoo_base/prolog/logicmoo_typesystem.pl':125), baseKB:(dmsg(after_boot), hook_database:call(asserta_new,  (ereq(...):- ..., ...)))))
^  Unify: (13) [logicmoo_startup] logicmoo_startup:has_ran_once(_978290, logicmoo_startup:at_current_Y(cuz('/var/lib/jenkins/.local/share/swi-prolog/pack/logicmoo_base/prolog/logicmoo_typesystem.pl':125), baseKB:(dmsg(after_boot), hook_database:call(asserta_new,  (ereq(...):- ..., ...)))))
   Call: (14) [lmcache] lmcache:called_startup_goal(_978858, _978860)
   Unify: (14) [lmcache] lmcache:called_startup_goal(before_boot, logicmoo_startup:at_current_Y(cuz('/var/lib/jenkins/.local/share/swi-prolog/pack/logicmoo_utils/prolog/logicmoo_packs.pl':48), logicmoo_packages:rescan_pack_autoload_packages))
   Exit: (14) [lmcache] lmcache:called_startup_goal(before_boot, logicmoo_startup:at_current_Y(cuz('/var/lib/jenkins/.local/share/swi-prolog/pack/logicmoo_utils/prolog/logicmoo_packs.pl':48), logicmoo_packages:rescan_pack_autoload_packages))
   Call: (14) [system] logicmoo_startup:at_current_Y(cuz('/var/lib/jenkins/.local/share/swi-prolog/pack/logicmoo_utils/prolog/logicmoo_packs.pl':48), logicmoo_packages:rescan_pack_autoload_packages)=@=logicmoo_startup:at_current_Y(cuz('/var/lib/jenkins/.local/share/swi-prolog/pack/logicmoo_base/prolog/logicmoo_typesystem.pl':125), baseKB:(dmsg(after_boot), hook_database:call(asserta_new,  (ereq(_973822):-!, call_u(...)))))
   Fail: (14) [system] logicmoo_startup:at_current_Y(cuz('/var/lib/jenkins/.local/share/swi-prolog/pack/logicmoo_utils/prolog/logicmoo_packs.pl':48), logicmoo_packages:rescan_pack_autoload_packages)=@=logicmoo_startup:at_current_Y(cuz('/var/lib/jenkins/.local/share/swi-prolog/pack/logicmoo_base/prolog/logicmoo_typesystem.pl':125), baseKB:(dmsg(after_boot), hook_database:call(asserta_new,  (ereq(_973822):-!, call_u(...)))))
   Redo: (14) [lmcache] lmcache:called_startup_goal(_978858, _978860)
   Unify: (14) [lmcache] lmcache:called_startup_goal(before_boot, logicmoo_startup:at_current_Y(cuz('/var/lib/jenkins/.local/share/swi-prolog/pack/logicmoo_utils/prolog/logicmoo_lib.pl':108), user:gripe_time(40, if_file_exists(ensure_loaded(system:logicmoo_packs)))))
   Exit: (14) [lmcache] lmcache:called_startup_goal(before_boot, logicmoo_startup:at_current_Y(cuz('/var/lib/jenkins/.local/share/swi-prolog/pack/logicmoo_utils/prolog/logicmoo_lib.pl':108), user:gripe_time(40, if_file_exists(ensure_loaded(system:logicmoo_packs)))))
   Call: (14) [system] logicmoo_startup:at_current_Y(cuz('/var/lib/jenkins/.local/share/swi-prolog/pack/logicmoo_utils/prolog/logicmoo_lib.pl':108), user:gripe_time(40, if_file_exists(ensure_loaded(system:logicmoo_packs))))=@=logicmoo_startup:at_current_Y(cuz('/var/lib/jenkins/.local/share/swi-prolog/pack/logicmoo_base/prolog/logicmoo_typesystem.pl':125), baseKB:(dmsg(after_boot), hook_database:call(asserta_new,  (ereq(_973822):-!, call_u(...)))))
   Fail: (14) [system] logicmoo_startup:at_current_Y(cuz('/var/lib/jenkins/.local/share/swi-prolog/pack/logicmoo_utils/prolog/logicmoo_lib.pl':108), user:gripe_time(40, if_file_exists(ensure_loaded(system:logicmoo_packs))))=@=logicmoo_startup:at_current_Y(cuz('/var/lib/jenkins/.local/share/swi-prolog/pack/logicmoo_base/prolog/logicmoo_typesystem.pl':125), baseKB:(dmsg(after_boot), hook_database:call(asserta_new,  (ereq(_973822):-!, call_u(...)))))
   Redo: (14) [lmcache] lmcache:called_startup_goal(_978858, _978860)
   Unify: (14) [lmcache] lmcache:called_startup_goal(before_boot, logicmoo_startup:at_current_Y(cuz('/var/lib/jenkins/.local/share/swi-prolog/pack/logicmoo_utils/prolog/logicmoo_lib.pl':116), logicmoo_lib:rescan_pack_autoload_packages))
   Exit: (14) [lmcache] lmcache:called_startup_goal(before_boot, logicmoo_startup:at_current_Y(cuz('/var/lib/jenkins/.local/share/swi-prolog/pack/logicmoo_utils/prolog/logicmoo_lib.pl':116), logicmoo_lib:rescan_pack_autoload_packages))
   Call: (14) [system] logicmoo_startup:at_current_Y(cuz('/var/lib/jenkins/.local/share/swi-prolog/pack/logicmoo_utils/prolog/logicmoo_lib.pl':116), logicmoo_lib:rescan_pack_autoload_packages)=@=logicmoo_startup:at_current_Y(cuz('/var/lib/jenkins/.local/share/swi-prolog/pack/logicmoo_base/prolog/logicmoo_typesystem.pl':125), baseKB:(dmsg(after_boot), hook_database:call(asserta_new,  (ereq(_973822):-!, call_u(...)))))
   Fail: (14) [system] logicmoo_startup:at_current_Y(cuz('/var/lib/jenkins/.local/share/swi-prolog/pack/logicmoo_utils/prolog/logicmoo_lib.pl':116), logicmoo_lib:rescan_pack_autoload_packages)=@=logicmoo_startup:at_current_Y(cuz('/var/lib/jenkins/.local/share/swi-prolog/pack/logicmoo_base/prolog/logicmoo_typesystem.pl':125), baseKB:(dmsg(after_boot), hook_database:call(asserta_new,  (ereq(_973822):-!, call_u(...)))))
   Redo: (14) [lmcache] lmcache:called_startup_goal(_978858, _978860)
   Unify: (14) [lmcache] lmcache:called_startup_goal(before_boot, logicmoo_startup:at_current_Y(cuz('/var/lib/jenkins/.local/share/swi-prolog/pack/logicmoo_utils/prolog/logicmoo_lib.pl':196), user:gripe_time(40, if_file_exists(ensure_loaded(system:logicmoo_swilib)))))
   Exit: (14) [lmcache] lmcache:called_startup_goal(before_boot, logicmoo_startup:at_current_Y(cuz('/var/lib/jenkins/.local/share/swi-prolog/pack/logicmoo_utils/prolog/logicmoo_lib.pl':196), user:gripe_time(40, if_file_exists(ensure_loaded(system:logicmoo_swilib)))))
   Call: (14) [system] logicmoo_startup:at_current_Y(cuz('/var/lib/jenkins/.local/share/swi-prolog/pack/logicmoo_utils/prolog/logicmoo_lib.pl':196), user:gripe_time(40, if_file_exists(ensure_loaded(system:logicmoo_swilib))))=@=logicmoo_startup:at_current_Y(cuz('/var/lib/jenkins/.local/share/swi-prolog/pack/logicmoo_base/prolog/logicmoo_typesystem.pl':125), baseKB:(dmsg(after_boot), hook_database:call(asserta_new,  (ereq(_973822):-!, call_u(...)))))
   Fail: (14) [system] logicmoo_startup:at_current_Y(cuz('/var/lib/jenkins/.local/share/swi-prolog/pack/logicmoo_utils/prolog/logicmoo_lib.pl':196), user:gripe_time(40, if_file_exists(ensure_loaded(system:logicmoo_swilib))))=@=logicmoo_startup:at_current_Y(cuz('/var/lib/jenkins/.local/share/swi-prolog/pack/logicmoo_base/prolog/logicmoo_typesystem.pl':125), baseKB:(dmsg(after_boot), hook_database:call(asserta_new,  (ereq(_973822):-!, call_u(...)))))
   Redo: (14) [lmcache] lmcache:called_startup_goal(_978858, _978860)
   Unify: (14) [lmcache] lmcache:called_startup_goal(before_boot, logicmoo_startup:at_current_Y(cuz('/var/lib/jenkins/.local/share/swi-prolog/pack/pfc/prolog/pfc_lib.pl':519), pfc_lib:set_how_virtualize_file(false, '/var/lib/jenkins/.local/share/swi-prolog/pack/pfc/prolog/pfc_lib.pl')))
   Exit: (14) [lmcache] lmcache:called_startup_goal(before_boot, logicmoo_startup:at_current_Y(cuz('/var/lib/jenkins/.local/share/swi-prolog/pack/pfc/prolog/pfc_lib.pl':519), pfc_lib:set_how_virtualize_file(false, '/var/lib/jenkins/.local/share/swi-prolog/pack/pfc/prolog/pfc_lib.pl')))
   Call: (14) [system] logicmoo_startup:at_current_Y(cuz('/var/lib/jenkins/.local/share/swi-prolog/pack/pfc/prolog/pfc_lib.pl':519), pfc_lib:set_how_virtualize_file(false, '/var/lib/jenkins/.local/share/swi-prolog/pack/pfc/prolog/pfc_lib.pl'))=@=logicmoo_startup:at_current_Y(cuz('/var/lib/jenkins/.local/share/swi-prolog/pack/logicmoo_base/prolog/logicmoo_typesystem.pl':125), baseKB:(dmsg(after_boot), hook_database:call(asserta_new,  (ereq(_973822):-!, call_u(...)))))
   Fail: (14) [system] logicmoo_startup:at_current_Y(cuz('/var/lib/jenkins/.local/share/swi-prolog/pack/pfc/prolog/pfc_lib.pl':519), pfc_lib:set_how_virtualize_file(false, '/var/lib/jenkins/.local/share/swi-prolog/pack/pfc/prolog/pfc_lib.pl'))=@=logicmoo_startup:at_current_Y(cuz('/var/lib/jenkins/.local/share/swi-prolog/pack/logicmoo_base/prolog/logicmoo_typesystem.pl':125), baseKB:(dmsg(after_boot), hook_database:call(asserta_new,  (ereq(_973822):-!, call_u(...)))))
   Redo: (14) [lmcache] lmcache:called_startup_goal(_978858, _978860)
   Unify: (14) [lmcache] lmcache:called_startup_goal(before_boot, logicmoo_startup:at_current_Y(cuz('/var/lib/jenkins/.local/share/swi-prolog/pack/logicmoo_utils/prolog/logicmoo_lib.pl':286), logicmoo_lib:gripe_time(40, if_file_exists(ensure_loaded(logicmoo_lib:library(...))))))
   Exit: (14) [lmcache] lmcache:called_startup_goal(before_boot, logicmoo_startup:at_current_Y(cuz('/var/lib/jenkins/.local/share/swi-prolog/pack/logicmoo_utils/prolog/logicmoo_lib.pl':286), logicmoo_lib:gripe_time(40, if_file_exists(ensure_loaded(logicmoo_lib:library(...))))))
   Call: (14) [system] logicmoo_startup:at_current_Y(cuz('/var/lib/jenkins/.local/share/swi-prolog/pack/logicmoo_utils/prolog/logicmoo_lib.pl':286), logicmoo_lib:gripe_time(40, if_file_exists(ensure_loaded(logicmoo_lib:library(logicmoo_typesystem)))))=@=logicmoo_startup:at_current_Y(cuz('/var/lib/jenkins/.local/share/swi-prolog/pack/logicmoo_base/prolog/logicmoo_typesystem.pl':125), baseKB:(dmsg(after_boot), hook_database:call(asserta_new,  (ereq(_973822):-!, call_u(...)))))
   Fail: (14) [system] logicmoo_startup:at_current_Y(cuz('/var/lib/jenkins/.local/share/swi-prolog/pack/logicmoo_utils/prolog/logicmoo_lib.pl':286), logicmoo_lib:gripe_time(40, if_file_exists(ensure_loaded(logicmoo_lib:library(logicmoo_typesystem)))))=@=logicmoo_startup:at_current_Y(cuz('/var/lib/jenkins/.local/share/swi-prolog/pack/logicmoo_base/prolog/logicmoo_typesystem.pl':125), baseKB:(dmsg(after_boot), hook_database:call(asserta_new,  (ereq(_973822):-!, call_u(...)))))
   Redo: (14) [lmcache] lmcache:called_startup_goal(_978858, _978860)
   Unify: (14) [lmcache] lmcache:called_startup_goal(before_boot, logicmoo_startup:at_current_Y(cuz('/var/lib/jenkins/.local/share/swi-prolog/pack/logicmoo_utils/prolog/logicmoo_lib.pl':301), logicmoo_lib:gripe_time(40, if_file_exists(ensure_loaded(logicmoo_lib:library(...))))))
   Exit: (14) [lmcache] lmcache:called_startup_goal(before_boot, logicmoo_startup:at_current_Y(cuz('/var/lib/jenkins/.local/share/swi-prolog/pack/logicmoo_utils/prolog/logicmoo_lib.pl':301), logicmoo_lib:gripe_time(40, if_file_exists(ensure_loaded(logicmoo_lib:library(...))))))
   Call: (14) [system] logicmoo_startup:at_current_Y(cuz('/var/lib/jenkins/.local/share/swi-prolog/pack/logicmoo_utils/prolog/logicmoo_lib.pl':301), logicmoo_lib:gripe_time(40, if_file_exists(ensure_loaded(logicmoo_lib:library(logicmoo_plarkc)))))=@=logicmoo_startup:at_current_Y(cuz('/var/lib/jenkins/.local/share/swi-prolog/pack/logicmoo_base/prolog/logicmoo_typesystem.pl':125), baseKB:(dmsg(after_boot), hook_database:call(asserta_new,  (ereq(_973822):-!, call_u(...)))))
   Fail: (14) [system] logicmoo_startup:at_current_Y(cuz('/var/lib/jenkins/.local/share/swi-prolog/pack/logicmoo_utils/prolog/logicmoo_lib.pl':301), logicmoo_lib:gripe_time(40, if_file_exists(ensure_loaded(logicmoo_lib:library(logicmoo_plarkc)))))=@=logicmoo_startup:at_current_Y(cuz('/var/lib/jenkins/.local/share/swi-prolog/pack/logicmoo_base/prolog/logicmoo_typesystem.pl':125), baseKB:(dmsg(after_boot), hook_database:call(asserta_new,  (ereq(_973822):-!, call_u(...)))))
   Redo: (14) [lmcache] lmcache:called_startup_goal(_978858, _978860)
   Unify: (14) [lmcache] lmcache:called_startup_goal(before_boot, logicmoo_startup:at_current_Y(cuz('/var/lib/jenkins/.local/share/swi-prolog/pack/logicmoo_utils/prolog/logicmoo_lib.pl':308), logicmoo_lib:gripe_time(40, if_file_exists(ensure_loaded(logicmoo_lib:library(...))))))
   Exit: (14) [lmcache] lmcache:called_startup_goal(before_boot, logicmoo_startup:at_current_Y(cuz('/var/lib/jenkins/.local/share/swi-prolog/pack/logicmoo_utils/prolog/logicmoo_lib.pl':308), logicmoo_lib:gripe_time(40, if_file_exists(ensure_loaded(logicmoo_lib:library(...))))))
   Call: (14) [system] logicmoo_startup:at_current_Y(cuz('/var/lib/jenkins/.local/share/swi-prolog/pack/logicmoo_utils/prolog/logicmoo_lib.pl':308), logicmoo_lib:gripe_time(40, if_file_exists(ensure_loaded(logicmoo_lib:library(logicmoo_clif)))))=@=logicmoo_startup:at_current_Y(cuz('/var/lib/jenkins/.local/share/swi-prolog/pack/logicmoo_base/prolog/logicmoo_typesystem.pl':125), baseKB:(dmsg(after_boot), hook_database:call(asserta_new,  (ereq(_973822):-!, call_u(...)))))
   Fail: (14) [system] logicmoo_startup:at_current_Y(cuz('/var/lib/jenkins/.local/share/swi-prolog/pack/logicmoo_utils/prolog/logicmoo_lib.pl':308), logicmoo_lib:gripe_time(40, if_file_exists(ensure_loaded(logicmoo_lib:library(logicmoo_clif)))))=@=logicmoo_startup:at_current_Y(cuz('/var/lib/jenkins/.local/share/swi-prolog/pack/logicmoo_base/prolog/logicmoo_typesystem.pl':125), baseKB:(dmsg(after_boot), hook_database:call(asserta_new,  (ereq(_973822):-!, call_u(...)))))
   Redo: (14) [lmcache] lmcache:called_startup_goal(_978858, _978860)
   Unify: (14) [lmcache] lmcache:called_startup_goal(before_boot, logicmoo_startup:at_current_Y(cuz('/var/lib/jenkins/.local/share/swi-prolog/pack/logicmoo_utils/prolog/logicmoo_lib.pl':314), logicmoo_lib:(set_prolog_flag(do_renames, restore), gripe_time(60, baseKB:ensure_loaded(library(...))))))
   Exit: (14) [lmcache] lmcache:called_startup_goal(before_boot, logicmoo_startup:at_current_Y(cuz('/var/lib/jenkins/.local/share/swi-prolog/pack/logicmoo_utils/prolog/logicmoo_lib.pl':314), logicmoo_lib:(set_prolog_flag(do_renames, restore), gripe_time(60, baseKB:ensure_loaded(library(...))))))
   Call: (14) [system] logicmoo_startup:at_current_Y(cuz('/var/lib/jenkins/.local/share/swi-prolog/pack/logicmoo_utils/prolog/logicmoo_lib.pl':314), logicmoo_lib:(set_prolog_flag(do_renames, restore), gripe_time(60, baseKB:ensure_loaded(library('logicmoo/plarkc/logicmoo_u_cyc_kb_tinykb.pl')))))=@=logicmoo_startup:at_current_Y(cuz('/var/lib/jenkins/.local/share/swi-prolog/pack/logicmoo_base/prolog/logicmoo_typesystem.pl':125), baseKB:(dmsg(after_boot), hook_database:call(asserta_new,  (ereq(_973822):-!, call_u(...)))))
   Fail: (14) [system] logicmoo_startup:at_current_Y(cuz('/var/lib/jenkins/.local/share/swi-prolog/pack/logicmoo_utils/prolog/logicmoo_lib.pl':314), logicmoo_lib:(set_prolog_flag(do_renames, restore), gripe_time(60, baseKB:ensure_loaded(library('logicmoo/plarkc/logicmoo_u_cyc_kb_tinykb.pl')))))=@=logicmoo_startup:at_current_Y(cuz('/var/lib/jenkins/.local/share/swi-prolog/pack/logicmoo_base/prolog/logicmoo_typesystem.pl':125), baseKB:(dmsg(after_boot), hook_database:call(asserta_new,  (ereq(_973822):-!, call_u(...)))))
   Redo: (14) [lmcache] lmcache:called_startup_goal(_978858, _978860)
   Unify: (14) [lmcache] lmcache:called_startup_goal(before_boot, logicmoo_startup:at_current_Y(cuz('/var/lib/jenkins/.local/share/swi-prolog/pack/logicmoo_base/prolog/logicmoo_clif.pl':54), baseKB:(\+user:file_search_path(..., ...)->asserta(user:file_search_path(..., ...));true)))
   Exit: (14) [lmcache] lmcache:called_startup_goal(before_boot, logicmoo_startup:at_current_Y(cuz('/var/lib/jenkins/.local/share/swi-prolog/pack/logicmoo_base/prolog/logicmoo_clif.pl':54), baseKB:(\+user:file_search_path(..., ...)->asserta(user:file_search_path(..., ...));true)))
   Call: (14) [system] logicmoo_startup:at_current_Y(cuz('/var/lib/jenkins/.local/share/swi-prolog/pack/logicmoo_base/prolog/logicmoo_clif.pl':54), baseKB:(\+user:file_search_path(library, '/var/lib/jenkins/.local/share/swi-prolog/pack/logicmoo_base/prolog')->asserta(user:file_search_path(library, '/var/lib/jenkins/.local/share/swi-prolog/pack/logicmoo_base/prolog'));true))=@=logicmoo_startup:at_current_Y(cuz('/var/lib/jenkins/.local/share/swi-prolog/pack/logicmoo_base/prolog/logicmoo_typesystem.pl':125), baseKB:(dmsg(after_boot), hook_database:call(asserta_new,  (ereq(_973822):-!, call_u(...)))))
   Fail: (14) [system] logicmoo_startup:at_current_Y(cuz('/var/lib/jenkins/.local/share/swi-prolog/pack/logicmoo_base/prolog/logicmoo_clif.pl':54), baseKB:(\+user:file_search_path(library, '/var/lib/jenkins/.local/share/swi-prolog/pack/logicmoo_base/prolog')->asserta(user:file_search_path(library, '/var/lib/jenkins/.local/share/swi-prolog/pack/logicmoo_base/prolog'));true))=@=logicmoo_startup:at_current_Y(cuz('/var/lib/jenkins/.local/share/swi-prolog/pack/logicmoo_base/prolog/logicmoo_typesystem.pl':125), baseKB:(dmsg(after_boot), hook_database:call(asserta_new,  (ereq(_973822):-!, call_u(...)))))
   Redo: (14) [lmcache] lmcache:called_startup_goal(_978858, _978860)
   Unify: (14) [lmcache] lmcache:called_startup_goal(during_boot, logicmoo_startup:at_current_Y(cuz('/var/lib/jenkins/.local/share/swi-prolog/pack/logicmoo_utils/prolog/logicmoo_packs.pl':49), logicmoo_packages:rescan_pack_autoload_packages))
   Exit: (14) [lmcache] lmcache:called_startup_goal(during_boot, logicmoo_startup:at_current_Y(cuz('/var/lib/jenkins/.local/share/swi-prolog/pack/logicmoo_utils/prolog/logicmoo_packs.pl':49), logicmoo_packages:rescan_pack_autoload_packages))
   Call: (14) [system] logicmoo_startup:at_current_Y(cuz('/var/lib/jenkins/.local/share/swi-prolog/pack/logicmoo_utils/prolog/logicmoo_packs.pl':49), logicmoo_packages:rescan_pack_autoload_packages)=@=logicmoo_startup:at_current_Y(cuz('/var/lib/jenkins/.local/share/swi-prolog/pack/logicmoo_base/prolog/logicmoo_typesystem.pl':125), baseKB:(dmsg(after_boot), hook_database:call(asserta_new,  (ereq(_973822):-!, call_u(...)))))
   Fail: (14) [system] logicmoo_startup:at_current_Y(cuz('/var/lib/jenkins/.local/share/swi-prolog/pack/logicmoo_utils/prolog/logicmoo_packs.pl':49), logicmoo_packages:rescan_pack_autoload_packages)=@=logicmoo_startup:at_current_Y(cuz('/var/lib/jenkins/.local/share/swi-prolog/pack/logicmoo_base/prolog/logicmoo_typesystem.pl':125), baseKB:(dmsg(after_boot), hook_database:call(asserta_new,  (ereq(_973822):-!, call_u(...)))))
   Redo: (14) [lmcache] lmcache:called_startup_goal(_978858, _978860)
   Unify: (14) [lmcache] lmcache:called_startup_goal(during_boot, logicmoo_startup:at_current_Y(cuz('/var/lib/jenkins/.local/share/swi-prolog/pack/logicmoo_base/prolog/logicmoo/typesystem/mpred_type_constraints.pl':284), mpred_type_constraints:add_history((_1014012=(loves(..., ...), ~ ...), must(args_enforce_bound(..., ...)), writeq(_1014056)))))
   Exit: (14) [lmcache] lmcache:called_startup_goal(during_boot, logicmoo_startup:at_current_Y(cuz('/var/lib/jenkins/.local/share/swi-prolog/pack/logicmoo_base/prolog/logicmoo/typesystem/mpred_type_constraints.pl':284), mpred_type_constraints:add_history((_1014012=(loves(..., ...), ~ ...), must(args_enforce_bound(..., ...)), writeq(_1014056)))))
   Call: (14) [system] logicmoo_startup:at_current_Y(cuz('/var/lib/jenkins/.local/share/swi-prolog/pack/logicmoo_base/prolog/logicmoo/typesystem/mpred_type_constraints.pl':284), mpred_type_constraints:add_history((_1014012=(loves(_1014024, _1014026), ~knows(..., ...)), must(args_enforce_bound(_1014012, _1014056)), writeq(_1014056))))=@=logicmoo_startup:at_current_Y(cuz('/var/lib/jenkins/.local/share/swi-prolog/pack/logicmoo_base/prolog/logicmoo_typesystem.pl':125), baseKB:(dmsg(after_boot), hook_database:call(asserta_new,  (ereq(_973822):-!, call_u(...)))))
   Fail: (14) [system] logicmoo_startup:at_current_Y(cuz('/var/lib/jenkins/.local/share/swi-prolog/pack/logicmoo_base/prolog/logicmoo/typesystem/mpred_type_constraints.pl':284), mpred_type_constraints:add_history((_1014012=(loves(_1014024, _1014026), ~knows(..., ...)), must(args_enforce_bound(_1014012, _1014056)), writeq(_1014056))))=@=logicmoo_startup:at_current_Y(cuz('/var/lib/jenkins/.local/share/swi-prolog/pack/logicmoo_base/prolog/logicmoo_typesystem.pl':125), baseKB:(dmsg(after_boot), hook_database:call(asserta_new,  (ereq(_973822):-!, call_u(...)))))
   Redo: (14) [lmcache] lmcache:called_startup_goal(_978858, _978860)
   Unify: (14) [lmcache] lmcache:called_startup_goal(during_boot, logicmoo_startup:at_current_Y(cuz('/var/lib/jenkins/.local/share/swi-prolog/pack/logicmoo_base/prolog/logicmoo/typesystem/mpred_type_constraints.pl':306), mpred_type_constraints:add_history((_1017192=(loves(..., ...), ~ ...), must(args_constrain(..., ...)), writeq(_1017236)))))
   Exit: (14) [lmcache] lmcache:called_startup_goal(during_boot, logicmoo_startup:at_current_Y(cuz('/var/lib/jenkins/.local/share/swi-prolog/pack/logicmoo_base/prolog/logicmoo/typesystem/mpred_type_constraints.pl':306), mpred_type_constraints:add_history((_1017192=(loves(..., ...), ~ ...), must(args_constrain(..., ...)), writeq(_1017236)))))
   Call: (14) [system] logicmoo_startup:at_current_Y(cuz('/var/lib/jenkins/.local/share/swi-prolog/pack/logicmoo_base/prolog/logicmoo/typesystem/mpred_type_constraints.pl':306), mpred_type_constraints:add_history((_1017192=(loves(_1017204, _1017206), ~knows(..., ...)), must(args_constrain(_1017192, _1017236)), writeq(_1017236))))=@=logicmoo_startup:at_current_Y(cuz('/var/lib/jenkins/.local/share/swi-prolog/pack/logicmoo_base/prolog/logicmoo_typesystem.pl':125), baseKB:(dmsg(after_boot), hook_database:call(asserta_new,  (ereq(_973822):-!, call_u(...)))))
   Fail: (14) [system] logicmoo_startup:at_current_Y(cuz('/var/lib/jenkins/.local/share/swi-prolog/pack/logicmoo_base/prolog/logicmoo/typesystem/mpred_type_constraints.pl':306), mpred_type_constraints:add_history((_1017192=(loves(_1017204, _1017206), ~knows(..., ...)), must(args_constrain(_1017192, _1017236)), writeq(_1017236))))=@=logicmoo_startup:at_current_Y(cuz('/var/lib/jenkins/.local/share/swi-prolog/pack/logicmoo_base/prolog/logicmoo_typesystem.pl':125), baseKB:(dmsg(after_boot), hook_database:call(asserta_new,  (ereq(_973822):-!, call_u(...)))))
   Redo: (14) [lmcache] lmcache:called_startup_goal(_978858, _978860)
   Unify: (14) [lmcache] lmcache:called_startup_goal(during_boot, logicmoo_startup:at_current_Y(cuz('/var/lib/jenkins/.local/share/swi-prolog/pack/logicmoo_base/prolog/logicmoo/typesystem/mpred_type_constraints.pl':330), mpred_type_constraints:add_history((_1020372=(loves(..., ...), ~ ...), must(args_enforce(..., ...)), writeq(_1020416)))))
   Exit: (14) [lmcache] lmcache:called_startup_goal(during_boot, logicmoo_startup:at_current_Y(cuz('/var/lib/jenkins/.local/share/swi-prolog/pack/logicmoo_base/prolog/logicmoo/typesystem/mpred_type_constraints.pl':330), mpred_type_constraints:add_history((_1020372=(loves(..., ...), ~ ...), must(args_enforce(..., ...)), writeq(_1020416)))))
   Call: (14) [system] logicmoo_startup:at_current_Y(cuz('/var/lib/jenkins/.local/share/swi-prolog/pack/logicmoo_base/prolog/logicmoo/typesystem/mpred_type_constraints.pl':330), mpred_type_constraints:add_history((_1020372=(loves(_1020384, _1020386), ~knows(..., ...)), must(args_enforce(_1020372, _1020416)), writeq(_1020416))))=@=logicmoo_startup:at_current_Y(cuz('/var/lib/jenkins/.local/share/swi-prolog/pack/logicmoo_base/prolog/logicmoo_typesystem.pl':125), baseKB:(dmsg(after_boot), hook_database:call(asserta_new,  (ereq(_973822):-!, call_u(...)))))
   Fail: (14) [system] logicmoo_startup:at_current_Y(cuz('/var/lib/jenkins/.local/share/swi-prolog/pack/logicmoo_base/prolog/logicmoo/typesystem/mpred_type_constraints.pl':330), mpred_type_constraints:add_history((_1020372=(loves(_1020384, _1020386), ~knows(..., ...)), must(args_enforce(_1020372, _1020416)), writeq(_1020416))))=@=logicmoo_startup:at_current_Y(cuz('/var/lib/jenkins/.local/share/swi-prolog/pack/logicmoo_base/prolog/logicmoo_typesystem.pl':125), baseKB:(dmsg(after_boot), hook_database:call(asserta_new,  (ereq(_973822):-!, call_u(...)))))
   Redo: (14) [lmcache] lmcache:called_startup_goal(_978858, _978860)
   Unify: (14) [lmcache] lmcache:called_startup_goal(during_boot, logicmoo_startup:at_current_Y(cuz('/var/lib/jenkins/.local/share/swi-prolog/pack/logicmoo_base/prolog/logicmoo/typesystem/mpred_type_constraints.pl':351), mpred_type_constraints:add_history((_1023552=(loves(..., ...), ~ ...), args_enforce(_1023552, _1023592), writeq(...), ..., ...))))
   Exit: (14) [lmcache] lmcache:called_startup_goal(during_boot, logicmoo_startup:at_current_Y(cuz('/var/lib/jenkins/.local/share/swi-prolog/pack/logicmoo_base/prolog/logicmoo/typesystem/mpred_type_constraints.pl':351), mpred_type_constraints:add_history((_1023552=(loves(..., ...), ~ ...), args_enforce(_1023552, _1023592), writeq(...), ..., ...))))
   Call: (14) [system] logicmoo_startup:at_current_Y(cuz('/var/lib/jenkins/.local/share/swi-prolog/pack/logicmoo_base/prolog/logicmoo/typesystem/mpred_type_constraints.pl':351), mpred_type_constraints:add_history((_1023552=(loves(_1023564, _1023566), ~knows(..., ...)), args_enforce(_1023552, _1023592), writeq(_1023592), args_remove_constraints(..., ...), writeq(...))))=@=logicmoo_startup:at_current_Y(cuz('/var/lib/jenkins/.local/share/swi-prolog/pack/logicmoo_base/prolog/logicmoo_typesystem.pl':125), baseKB:(dmsg(after_boot), hook_database:call(asserta_new,  (ereq(_973822):-!, call_u(...)))))
   Fail: (14) [system] logicmoo_startup:at_current_Y(cuz('/var/lib/jenkins/.local/share/swi-prolog/pack/logicmoo_base/prolog/logicmoo/typesystem/mpred_type_constraints.pl':351), mpred_type_constraints:add_history((_1023552=(loves(_1023564, _1023566), ~knows(..., ...)), args_enforce(_1023552, _1023592), writeq(_1023592), args_remove_constraints(..., ...), writeq(...))))=@=logicmoo_startup:at_current_Y(cuz('/var/lib/jenkins/.local/share/swi-prolog/pack/logicmoo_base/prolog/logicmoo_typesystem.pl':125), baseKB:(dmsg(after_boot), hook_database:call(asserta_new,  (ereq(_973822):-!, call_u(...)))))
   Redo: (14) [lmcache] lmcache:called_startup_goal(_978858, _978860)
   Unify: (14) [lmcache] lmcache:called_startup_goal(during_boot, logicmoo_startup:at_current_Y(cuz('/var/lib/jenkins/.local/share/swi-prolog/pack/logicmoo_utils/prolog/logicmoo_lib.pl':321), logicmoo_lib:set_prolog_flag(do_renames, restore)))
   Exit: (14) [lmcache] lmcache:called_startup_goal(during_boot, logicmoo_startup:at_current_Y(cuz('/var/lib/jenkins/.local/share/swi-prolog/pack/logicmoo_utils/prolog/logicmoo_lib.pl':321), logicmoo_lib:set_prolog_flag(do_renames, restore)))
   Call: (14) [system] logicmoo_startup:at_current_Y(cuz('/var/lib/jenkins/.local/share/swi-prolog/pack/logicmoo_utils/prolog/logicmoo_lib.pl':321), logicmoo_lib:set_prolog_flag(do_renames, restore))=@=logicmoo_startup:at_current_Y(cuz('/var/lib/jenkins/.local/share/swi-prolog/pack/logicmoo_base/prolog/logicmoo_typesystem.pl':125), baseKB:(dmsg(after_boot), hook_database:call(asserta_new,  (ereq(_973822):-!, call_u(...)))))
   Fail: (14) [system] logicmoo_startup:at_current_Y(cuz('/var/lib/jenkins/.local/share/swi-prolog/pack/logicmoo_utils/prolog/logicmoo_lib.pl':321), logicmoo_lib:set_prolog_flag(do_renames, restore))=@=logicmoo_startup:at_current_Y(cuz('/var/lib/jenkins/.local/share/swi-prolog/pack/logicmoo_base/prolog/logicmoo_typesystem.pl':125), baseKB:(dmsg(after_boot), hook_database:call(asserta_new,  (ereq(_973822):-!, call_u(...)))))
^  Fail: (13) [logicmoo_startup] logicmoo_startup:has_ran_once(_1029272, logicmoo_startup:at_current_Y(cuz('/var/lib/jenkins/.local/share/swi-prolog/pack/logicmoo_base/prolog/logicmoo_typesystem.pl':125), baseKB:(dmsg(after_boot), hook_database:call(asserta_new,  (ereq(...):- ..., ...)))))
^  Redo: (12) [logicmoo_startup] try_pending_init(after_boot, logicmoo_startup:at_current_Y(cuz('/var/lib/jenkins/.local/share/swi-prolog/pack/logicmoo_base/prolog/logicmoo_typesystem.pl':125), baseKB:(dmsg(after_boot), hook_database:call(asserta_new,  (ereq(_973822):-!, call_u(...))))))
^  Unify: (12) [logicmoo_startup] try_pending_init(after_boot, logicmoo_startup:at_current_Y(cuz('/var/lib/jenkins/.local/share/swi-prolog/pack/logicmoo_base/prolog/logicmoo_typesystem.pl':125), baseKB:(dmsg(after_boot), hook_database:call(asserta_new,  (ereq(_973822):-!, call_u(...))))))
^  Call: (13) [logicmoo_startup] assertz(lmcache:called_startup_goal(after_boot, logicmoo_startup:at_current_Y(cuz('/var/lib/jenkins/.local/share/swi-prolog/pack/logicmoo_base/prolog/logicmoo_typesystem.pl':125), baseKB:(dmsg(after_boot), hook_database:call(asserta_new,  (... :- ...))))))
^  Exit: (13) [logicmoo_startup] assertz(lmcache:called_startup_goal(after_boot, logicmoo_startup:at_current_Y(cuz('/var/lib/jenkins/.local/share/swi-prolog/pack/logicmoo_base/prolog/logicmoo_typesystem.pl':125), baseKB:(dmsg(after_boot), hook_database:call(asserta_new,  (... :- ...))))))
^  Call: (13) [logicmoo_startup] maybe_notrace(logicmoo_startup:at_current_Y(cuz('/var/lib/jenkins/.local/share/swi-prolog/pack/logicmoo_base/prolog/logicmoo_typesystem.pl':125), baseKB:(dmsg(after_boot), hook_database:call(asserta_new,  (ereq(_973822):-!, call_u(...))))))
^  Unify: (13) [logicmoo_startup] maybe_notrace(logicmoo_startup:at_current_Y(cuz('/var/lib/jenkins/.local/share/swi-prolog/pack/logicmoo_base/prolog/logicmoo_typesystem.pl':125), baseKB:(dmsg(after_boot), hook_database:call(asserta_new,  (ereq(_973822):-!, call_u(...))))))
   Call: (14) [edinburgh] edinburgh:debug
   Unify: (14) [edinburgh] edinburgh:debug
   Call: (15) [system] set_prolog_flag(debug, true)
   Exit: (15) [system] set_prolog_flag(debug, true)
   Exit: (14) [edinburgh] edinburgh:debug
^  Call: (14) [logicmoo_startup] maybe_one(quietly(logicmoo_startup:at_current_Y(cuz('/var/lib/jenkins/.local/share/swi-prolog/pack/logicmoo_base/prolog/logicmoo_typesystem.pl':125), baseKB:(dmsg(after_boot), hook_database:call(asserta_new,  (ereq(...):- ..., ...))))), ftrace(logicmoo_startup:at_current_Y(cuz('/var/lib/jenkins/.local/share/swi-prolog/pack/logicmoo_base/prolog/logicmoo_typesystem.pl':125), baseKB:(dmsg(after_boot), hook_database:call(asserta_new,  (ereq(...):- ..., ...))))))
^  Unify: (14) [logicmoo_startup] maybe_one(logicmoo_startup:quietly(logicmoo_startup:at_current_Y(cuz('/var/lib/jenkins/.local/share/swi-prolog/pack/logicmoo_base/prolog/logicmoo_typesystem.pl':125), baseKB:(dmsg(after_boot), hook_database:call(asserta_new,  (... :- ...))))), logicmoo_startup:ftrace(logicmoo_startup:at_current_Y(cuz('/var/lib/jenkins/.local/share/swi-prolog/pack/logicmoo_base/prolog/logicmoo_typesystem.pl':125), baseKB:(dmsg(after_boot), hook_database:call(asserta_new,  (... :- ...))))))
^  Call: (16) [logicmoo_startup] call(logicmoo_startup:quietly(logicmoo_startup:at_current_Y(cuz('/var/lib/jenkins/.local/share/swi-prolog/pack/logicmoo_base/prolog/logicmoo_typesystem.pl':125), baseKB:(dmsg(after_boot), hook_database:call(asserta_new,  (... :- ...))))))
^  Unify: (16) [system] call(logicmoo_startup:quietly(logicmoo_startup:at_current_Y(cuz('/var/lib/jenkins/.local/share/swi-prolog/pack/logicmoo_base/prolog/logicmoo_typesystem.pl':125), baseKB:(dmsg(after_boot), hook_database:call(asserta_new,  (... :- ...))))))
^  Call: (17) [logicmoo_startup] quietly(logicmoo_startup:at_current_Y(cuz('/var/lib/jenkins/.local/share/swi-prolog/pack/logicmoo_base/prolog/logicmoo_typesystem.pl':125), baseKB:(dmsg(after_boot), hook_database:call(asserta_new,  (ereq(_973822):-!, call_u(...))))))
^  Unify: (17) [rtrace] quietly(logicmoo_startup:at_current_Y(cuz('/var/lib/jenkins/.local/share/swi-prolog/pack/logicmoo_base/prolog/logicmoo_typesystem.pl':125), baseKB:(dmsg(after_boot), hook_database:call(asserta_new,  (ereq(_973822):-!, call_u(...))))))
   Call: (19) [system] _1040886=mquietly_if(true, rtrace:tAt_rtrace)
   Exit: (19) [system] mquietly_if(true, rtrace:tAt_rtrace)=mquietly_if(true, rtrace:tAt_rtrace)
^  Call: (19) [must_sanity] setup_call_cleanup(rtrace:notrace(visible(-all)),  ((logicmoo_startup:at_current_Y(cuz('/var/lib/jenkins/.local/share/swi-prolog/pack/logicmoo_base/prolog/logicmoo_typesystem.pl':125), baseKB:(dmsg(after_boot), hook_database:call(asserta_new,  (... :- ...)))), deterministic(_1042144)), (notrace(_1042144==true)->!;rtrace:tAt_rtrace, notrace(nb_setarg(1, mquietly_if(true, rtrace:tAt_rtrace), false));rtrace:notrace(visible(-all)), notrace(nb_setarg(1, mquietly_if(true, ... : ...), true)), notrace(fail))), mquietly_if(true, rtrace:tAt_rtrace))
^  Unify: (19) [system] setup_call_cleanup(rtrace:notrace(visible(-all)), must_sanity:((logicmoo_startup:at_current_Y(cuz('/var/lib/jenkins/.local/share/swi-prolog/pack/logicmoo_base/prolog/logicmoo_typesystem.pl':125), baseKB:(dmsg(after_boot), hook_database:call(..., ...))), deterministic(_1042144)), (notrace(_1042144==true)->!;rtrace:tAt_rtrace, notrace(nb_setarg(1, mquietly_if(true, ... : ...), false));rtrace:notrace(visible(- ...)), notrace(nb_setarg(1, mquietly_if(..., ...), true)), notrace(fail))), must_sanity:mquietly_if(true, rtrace:tAt_rtrace))
^  Call: (20) [system] setup_call_catcher_cleanup(rtrace:notrace(visible(-all)), must_sanity:((logicmoo_startup:at_current_Y(cuz('/var/lib/jenkins/.local/share/swi-prolog/pack/logicmoo_base/prolog/logicmoo_typesystem.pl':125), baseKB:(dmsg(after_boot), hook_database:call(..., ...))), deterministic(_1042144)), (notrace(_1042144==true)->!;rtrace:tAt_rtrace, notrace(nb_setarg(1, mquietly_if(true, ... : ...), false));rtrace:notrace(visible(- ...)), notrace(nb_setarg(1, mquietly_if(..., ...), true)), notrace(fail))), _1043548, must_sanity:mquietly_if(true, rtrace:tAt_rtrace))
^  Unify: (20) [system] setup_call_catcher_cleanup(rtrace:notrace(visible(-all)), must_sanity:((logicmoo_startup:at_current_Y(cuz('/var/lib/jenkins/.local/share/swi-prolog/pack/logicmoo_base/prolog/logicmoo_typesystem.pl':125), baseKB:(dmsg(after_boot), hook_database:call(..., ...))), deterministic(_1042144)), (notrace(_1042144==true)->!;rtrace:tAt_rtrace, notrace(nb_setarg(1, mquietly_if(true, ... : ...), false));rtrace:notrace(visible(- ...)), notrace(nb_setarg(1, mquietly_if(..., ...), true)), notrace(fail))), _1044180, must_sanity:mquietly_if(true, rtrace:tAt_rtrace))
%~ after_boot.
^  Exit: (22) [must_sanity] must_sanity:mquietly_if(true, rtrace:tAt_rtrace)
^  Exit: (20) [system] setup_call_catcher_cleanup(rtrace:notrace(visible(-all)), must_sanity:((logicmoo_startup:at_current_Y(cuz('/var/lib/jenkins/.local/share/swi-prolog/pack/logicmoo_base/prolog/logicmoo_typesystem.pl':125), baseKB:(dmsg(after_boot), hook_database:call(..., ...))), deterministic(true)), (notrace(true==true)->!;rtrace:tAt_rtrace, notrace(nb_setarg(1, mquietly_if(true, ... : ...), false));rtrace:notrace(visible(- ...)), notrace(nb_setarg(1, mquietly_if(..., ...), true)), notrace(fail))), exit, must_sanity:mquietly_if(true, rtrace:tAt_rtrace))
^  Exit: (19) [system] setup_call_cleanup(rtrace:notrace(visible(-all)), must_sanity:((logicmoo_startup:at_current_Y(cuz('/var/lib/jenkins/.local/share/swi-prolog/pack/logicmoo_base/prolog/logicmoo_typesystem.pl':125), baseKB:(dmsg(after_boot), hook_database:call(..., ...))), deterministic(true)), (notrace(true==true)->!;rtrace:tAt_rtrace, notrace(nb_setarg(1, mquietly_if(true, ... : ...), false));rtrace:notrace(visible(- ...)), notrace(nb_setarg(1, mquietly_if(..., ...), true)), notrace(fail))), must_sanity:mquietly_if(true, rtrace:tAt_rtrace))
^  Exit: (17) [rtrace] quietly(logicmoo_startup:at_current_Y(cuz('/var/lib/jenkins/.local/share/swi-prolog/pack/logicmoo_base/prolog/logicmoo_typesystem.pl':125), baseKB:(dmsg(after_boot), hook_database:call(asserta_new,  (ereq(_973822):-!, call_u(...))))))
^  Exit: (16) [system] call(logicmoo_startup:quietly(logicmoo_startup:at_current_Y(cuz('/var/lib/jenkins/.local/share/swi-prolog/pack/logicmoo_base/prolog/logicmoo_typesystem.pl':125), baseKB:(dmsg(after_boot), hook_database:call(asserta_new,  (... :- ...))))))
   Call: (15) [system] true
   Exit: (15) [system] true
^  Exit: (14) [logicmoo_startup] maybe_one(logicmoo_startup:quietly(logicmoo_startup:at_current_Y(cuz('/var/lib/jenkins/.local/share/swi-prolog/pack/logicmoo_base/prolog/logicmoo_typesystem.pl':125), baseKB:(dmsg(after_boot), hook_database:call(asserta_new,  (... :- ...))))), logicmoo_startup:ftrace(logicmoo_startup:at_current_Y(cuz('/var/lib/jenkins/.local/share/swi-prolog/pack/logicmoo_base/prolog/logicmoo_typesystem.pl':125), baseKB:(dmsg(after_boot), hook_database:call(asserta_new,  (... :- ...))))))
^  Exit: (13) [logicmoo_startup] maybe_notrace(logicmoo_startup:at_current_Y(cuz('/var/lib/jenkins/.local/share/swi-prolog/pack/logicmoo_base/prolog/logicmoo_typesystem.pl':125), baseKB:(dmsg(after_boot), hook_database:call(asserta_new,  (ereq(_973822):-!, call_u(...))))))
   Call: (13) [system] true
   Exit: (13) [system] true
^  Exit: (12) [logicmoo_startup] try_pending_init(after_boot, logicmoo_startup:at_current_Y(cuz('/var/lib/jenkins/.local/share/swi-prolog/pack/logicmoo_base/prolog/logicmoo_typesystem.pl':125), baseKB:(dmsg(after_boot), hook_database:call(asserta_new,  (ereq(_973822):-!, call_u(...))))))
   Redo: (13) [lmconf] lmconf:at_restore_goal(after_boot, _63180)
   Unify: (13) [lmconf] lmconf:at_restore_goal(after_boot, logicmoo_startup:at_current_Y(cuz('/var/lib/jenkins/.local/share/swi-prolog/pack/logicmoo_base/prolog/logicmoo/plarkc/logicmoo_u_cyc_kb_tinykb.pl':319), baseKB:dmsg("Dont forget to ?- logicmoo_i_cyc_xform.")))
   Exit: (13) [lmconf] lmconf:at_restore_goal(after_boot, logicmoo_startup:at_current_Y(cuz('/var/lib/jenkins/.local/share/swi-prolog/pack/logicmoo_base/prolog/logicmoo/plarkc/logicmoo_u_cyc_kb_tinykb.pl':319), baseKB:dmsg("Dont forget to ?- logicmoo_i_cyc_xform.")))
   Call: (13) [system] 4=<4
   Exit: (13) [system] 4=<4
^  Call: (12) [logicmoo_startup] try_pending_init(after_boot, logicmoo_startup:at_current_Y(cuz('/var/lib/jenkins/.local/share/swi-prolog/pack/logicmoo_base/prolog/logicmoo/plarkc/logicmoo_u_cyc_kb_tinykb.pl':319), baseKB:dmsg("Dont forget to ?- logicmoo_i_cyc_xform.")))
^  Unify: (12) [logicmoo_startup] try_pending_init(after_boot, logicmoo_startup:at_current_Y(cuz('/var/lib/jenkins/.local/share/swi-prolog/pack/logicmoo_base/prolog/logicmoo/plarkc/logicmoo_u_cyc_kb_tinykb.pl':319), baseKB:dmsg("Dont forget to ?- logicmoo_i_cyc_xform.")))
^  Call: (13) [logicmoo_startup] logicmoo_startup:has_ran_once(_1070436, logicmoo_startup:at_current_Y(cuz('/var/lib/jenkins/.local/share/swi-prolog/pack/logicmoo_base/prolog/logicmoo/plarkc/logicmoo_u_cyc_kb_tinykb.pl':319), baseKB:dmsg("Dont forget to ?- logicmoo_i_cyc_xform.")))
^  Unify: (13) [logicmoo_startup] logicmoo_startup:has_ran_once(_1071060, logicmoo_startup:at_current_Y(cuz('/var/lib/jenkins/.local/share/swi-prolog/pack/logicmoo_base/prolog/logicmoo/plarkc/logicmoo_u_cyc_kb_tinykb.pl':319), baseKB:dmsg("Dont forget to ?- logicmoo_i_cyc_xform.")))
   Call: (14) [lmcache] lmcache:called_startup_goal(_1071628, _1071630)
   Unify: (14) [lmcache] lmcache:called_startup_goal(before_boot, logicmoo_startup:at_current_Y(cuz('/var/lib/jenkins/.local/share/swi-prolog/pack/logicmoo_utils/prolog/logicmoo_packs.pl':48), logicmoo_packages:rescan_pack_autoload_packages))
   Exit: (14) [lmcache] lmcache:called_startup_goal(before_boot, logicmoo_startup:at_current_Y(cuz('/var/lib/jenkins/.local/share/swi-prolog/pack/logicmoo_utils/prolog/logicmoo_packs.pl':48), logicmoo_packages:rescan_pack_autoload_packages))
   Call: (14) [system] logicmoo_startup:at_current_Y(cuz('/var/lib/jenkins/.local/share/swi-prolog/pack/logicmoo_utils/prolog/logicmoo_packs.pl':48), logicmoo_packages:rescan_pack_autoload_packages)=@=logicmoo_startup:at_current_Y(cuz('/var/lib/jenkins/.local/share/swi-prolog/pack/logicmoo_base/prolog/logicmoo/plarkc/logicmoo_u_cyc_kb_tinykb.pl':319), baseKB:dmsg("Dont forget to ?- logicmoo_i_cyc_xform."))
   Fail: (14) [system] logicmoo_startup:at_current_Y(cuz('/var/lib/jenkins/.local/share/swi-prolog/pack/logicmoo_utils/prolog/logicmoo_packs.pl':48), logicmoo_packages:rescan_pack_autoload_packages)=@=logicmoo_startup:at_current_Y(cuz('/var/lib/jenkins/.local/share/swi-prolog/pack/logicmoo_base/prolog/logicmoo/plarkc/logicmoo_u_cyc_kb_tinykb.pl':319), baseKB:dmsg("Dont forget to ?- logicmoo_i_cyc_xform."))
   Redo: (14) [lmcache] lmcache:called_startup_goal(_1071628, _1071630)
   Unify: (14) [lmcache] lmcache:called_startup_goal(before_boot, logicmoo_startup:at_current_Y(cuz('/var/lib/jenkins/.local/share/swi-prolog/pack/logicmoo_utils/prolog/logicmoo_lib.pl':108), user:gripe_time(40, if_file_exists(ensure_loaded(system:logicmoo_packs)))))
   Exit: (14) [lmcache] lmcache:called_startup_goal(before_boot, logicmoo_startup:at_current_Y(cuz('/var/lib/jenkins/.local/share/swi-prolog/pack/logicmoo_utils/prolog/logicmoo_lib.pl':108), user:gripe_time(40, if_file_exists(ensure_loaded(system:logicmoo_packs)))))
   Call: (14) [system] logicmoo_startup:at_current_Y(cuz('/var/lib/jenkins/.local/share/swi-prolog/pack/logicmoo_utils/prolog/logicmoo_lib.pl':108), user:gripe_time(40, if_file_exists(ensure_loaded(system:logicmoo_packs))))=@=logicmoo_startup:at_current_Y(cuz('/var/lib/jenkins/.local/share/swi-prolog/pack/logicmoo_base/prolog/logicmoo/plarkc/logicmoo_u_cyc_kb_tinykb.pl':319), baseKB:dmsg("Dont forget to ?- logicmoo_i_cyc_xform."))
   Fail: (14) [system] logicmoo_startup:at_current_Y(cuz('/var/lib/jenkins/.local/share/swi-prolog/pack/logicmoo_utils/prolog/logicmoo_lib.pl':108), user:gripe_time(40, if_file_exists(ensure_loaded(system:logicmoo_packs))))=@=logicmoo_startup:at_current_Y(cuz('/var/lib/jenkins/.local/share/swi-prolog/pack/logicmoo_base/prolog/logicmoo/plarkc/logicmoo_u_cyc_kb_tinykb.pl':319), baseKB:dmsg("Dont forget to ?- logicmoo_i_cyc_xform."))
   Redo: (14) [lmcache] lmcache:called_startup_goal(_1071628, _1071630)
   Unify: (14) [lmcache] lmcache:called_startup_goal(before_boot, logicmoo_startup:at_current_Y(cuz('/var/lib/jenkins/.local/share/swi-prolog/pack/logicmoo_utils/prolog/logicmoo_lib.pl':116), logicmoo_lib:rescan_pack_autoload_packages))
   Exit: (14) [lmcache] lmcache:called_startup_goal(before_boot, logicmoo_startup:at_current_Y(cuz('/var/lib/jenkins/.local/share/swi-prolog/pack/logicmoo_utils/prolog/logicmoo_lib.pl':116), logicmoo_lib:rescan_pack_autoload_packages))
   Call: (14) [system] logicmoo_startup:at_current_Y(cuz('/var/lib/jenkins/.local/share/swi-prolog/pack/logicmoo_utils/prolog/logicmoo_lib.pl':116), logicmoo_lib:rescan_pack_autoload_packages)=@=logicmoo_startup:at_current_Y(cuz('/var/lib/jenkins/.local/share/swi-prolog/pack/logicmoo_base/prolog/logicmoo/plarkc/logicmoo_u_cyc_kb_tinykb.pl':319), baseKB:dmsg("Dont forget to ?- logicmoo_i_cyc_xform."))
   Fail: (14) [system] logicmoo_startup:at_current_Y(cuz('/var/lib/jenkins/.local/share/swi-prolog/pack/logicmoo_utils/prolog/logicmoo_lib.pl':116), logicmoo_lib:rescan_pack_autoload_packages)=@=logicmoo_startup:at_current_Y(cuz('/var/lib/jenkins/.local/share/swi-prolog/pack/logicmoo_base/prolog/logicmoo/plarkc/logicmoo_u_cyc_kb_tinykb.pl':319), baseKB:dmsg("Dont forget to ?- logicmoo_i_cyc_xform."))
   Redo: (14) [lmcache] lmcache:called_startup_goal(_1071628, _1071630)
   Unify: (14) [lmcache] lmcache:called_startup_goal(before_boot, logicmoo_startup:at_current_Y(cuz('/var/lib/jenkins/.local/share/swi-prolog/pack/logicmoo_utils/prolog/logicmoo_lib.pl':196), user:gripe_time(40, if_file_exists(ensure_loaded(system:logicmoo_swilib)))))
   Exit: (14) [lmcache] lmcache:called_startup_goal(before_boot, logicmoo_startup:at_current_Y(cuz('/var/lib/jenkins/.local/share/swi-prolog/pack/logicmoo_utils/prolog/logicmoo_lib.pl':196), user:gripe_time(40, if_file_exists(ensure_loaded(system:logicmoo_swilib)))))
   Call: (14) [system] logicmoo_startup:at_current_Y(cuz('/var/lib/jenkins/.local/share/swi-prolog/pack/logicmoo_utils/prolog/logicmoo_lib.pl':196), user:gripe_time(40, if_file_exists(ensure_loaded(system:logicmoo_swilib))))=@=logicmoo_startup:at_current_Y(cuz('/var/lib/jenkins/.local/share/swi-prolog/pack/logicmoo_base/prolog/logicmoo/plarkc/logicmoo_u_cyc_kb_tinykb.pl':319), baseKB:dmsg("Dont forget to ?- logicmoo_i_cyc_xform."))
   Fail: (14) [system] logicmoo_startup:at_current_Y(cuz('/var/lib/jenkins/.local/share/swi-prolog/pack/logicmoo_utils/prolog/logicmoo_lib.pl':196), user:gripe_time(40, if_file_exists(ensure_loaded(system:logicmoo_swilib))))=@=logicmoo_startup:at_current_Y(cuz('/var/lib/jenkins/.local/share/swi-prolog/pack/logicmoo_base/prolog/logicmoo/plarkc/logicmoo_u_cyc_kb_tinykb.pl':319), baseKB:dmsg("Dont forget to ?- logicmoo_i_cyc_xform."))
   Redo: (14) [lmcache] lmcache:called_startup_goal(_1071628, _1071630)
   Unify: (14) [lmcache] lmcache:called_startup_goal(before_boot, logicmoo_startup:at_current_Y(cuz('/var/lib/jenkins/.local/share/swi-prolog/pack/pfc/prolog/pfc_lib.pl':519), pfc_lib:set_how_virtualize_file(false, '/var/lib/jenkins/.local/share/swi-prolog/pack/pfc/prolog/pfc_lib.pl')))
   Exit: (14) [lmcache] lmcache:called_startup_goal(before_boot, logicmoo_startup:at_current_Y(cuz('/var/lib/jenkins/.local/share/swi-prolog/pack/pfc/prolog/pfc_lib.pl':519), pfc_lib:set_how_virtualize_file(false, '/var/lib/jenkins/.local/share/swi-prolog/pack/pfc/prolog/pfc_lib.pl')))
   Call: (14) [system] logicmoo_startup:at_current_Y(cuz('/var/lib/jenkins/.local/share/swi-prolog/pack/pfc/prolog/pfc_lib.pl':519), pfc_lib:set_how_virtualize_file(false, '/var/lib/jenkins/.local/share/swi-prolog/pack/pfc/prolog/pfc_lib.pl'))=@=logicmoo_startup:at_current_Y(cuz('/var/lib/jenkins/.local/share/swi-prolog/pack/logicmoo_base/prolog/logicmoo/plarkc/logicmoo_u_cyc_kb_tinykb.pl':319), baseKB:dmsg("Dont forget to ?- logicmoo_i_cyc_xform."))
   Fail: (14) [system] logicmoo_startup:at_current_Y(cuz('/var/lib/jenkins/.local/share/swi-prolog/pack/pfc/prolog/pfc_lib.pl':519), pfc_lib:set_how_virtualize_file(false, '/var/lib/jenkins/.local/share/swi-prolog/pack/pfc/prolog/pfc_lib.pl'))=@=logicmoo_startup:at_current_Y(cuz('/var/lib/jenkins/.local/share/swi-prolog/pack/logicmoo_base/prolog/logicmoo/plarkc/logicmoo_u_cyc_kb_tinykb.pl':319), baseKB:dmsg("Dont forget to ?- logicmoo_i_cyc_xform."))
   Redo: (14) [lmcache] lmcache:called_startup_goal(_1071628, _1071630)
   Unify: (14) [lmcache] lmcache:called_startup_goal(before_boot, logicmoo_startup:at_current_Y(cuz('/var/lib/jenkins/.local/share/swi-prolog/pack/logicmoo_utils/prolog/logicmoo_lib.pl':286), logicmoo_lib:gripe_time(40, if_file_exists(ensure_loaded(logicmoo_lib:library(...))))))
   Exit: (14) [lmcache] lmcache:called_startup_goal(before_boot, logicmoo_startup:at_current_Y(cuz('/var/lib/jenkins/.local/share/swi-prolog/pack/logicmoo_utils/prolog/logicmoo_lib.pl':286), logicmoo_lib:gripe_time(40, if_file_exists(ensure_loaded(logicmoo_lib:library(...))))))
   Call: (14) [system] logicmoo_startup:at_current_Y(cuz('/var/lib/jenkins/.local/share/swi-prolog/pack/logicmoo_utils/prolog/logicmoo_lib.pl':286), logicmoo_lib:gripe_time(40, if_file_exists(ensure_loaded(logicmoo_lib:library(logicmoo_typesystem)))))=@=logicmoo_startup:at_current_Y(cuz('/var/lib/jenkins/.local/share/swi-prolog/pack/logicmoo_base/prolog/logicmoo/plarkc/logicmoo_u_cyc_kb_tinykb.pl':319), baseKB:dmsg("Dont forget to ?- logicmoo_i_cyc_xform."))
   Fail: (14) [system] logicmoo_startup:at_current_Y(cuz('/var/lib/jenkins/.local/share/swi-prolog/pack/logicmoo_utils/prolog/logicmoo_lib.pl':286), logicmoo_lib:gripe_time(40, if_file_exists(ensure_loaded(logicmoo_lib:library(logicmoo_typesystem)))))=@=logicmoo_startup:at_current_Y(cuz('/var/lib/jenkins/.local/share/swi-prolog/pack/logicmoo_base/prolog/logicmoo/plarkc/logicmoo_u_cyc_kb_tinykb.pl':319), baseKB:dmsg("Dont forget to ?- logicmoo_i_cyc_xform."))
   Redo: (14) [lmcache] lmcache:called_startup_goal(_1071628, _1071630)
   Unify: (14) [lmcache] lmcache:called_startup_goal(before_boot, logicmoo_startup:at_current_Y(cuz('/var/lib/jenkins/.local/share/swi-prolog/pack/logicmoo_utils/prolog/logicmoo_lib.pl':301), logicmoo_lib:gripe_time(40, if_file_exists(ensure_loaded(logicmoo_lib:library(...))))))
   Exit: (14) [lmcache] lmcache:called_startup_goal(before_boot, logicmoo_startup:at_current_Y(cuz('/var/lib/jenkins/.local/share/swi-prolog/pack/logicmoo_utils/prolog/logicmoo_lib.pl':301), logicmoo_lib:gripe_time(40, if_file_exists(ensure_loaded(logicmoo_lib:library(...))))))
   Call: (14) [system] logicmoo_startup:at_current_Y(cuz('/var/lib/jenkins/.local/share/swi-prolog/pack/logicmoo_utils/prolog/logicmoo_lib.pl':301), logicmoo_lib:gripe_time(40, if_file_exists(ensure_loaded(logicmoo_lib:library(logicmoo_plarkc)))))=@=logicmoo_startup:at_current_Y(cuz('/var/lib/jenkins/.local/share/swi-prolog/pack/logicmoo_base/prolog/logicmoo/plarkc/logicmoo_u_cyc_kb_tinykb.pl':319), baseKB:dmsg("Dont forget to ?- logicmoo_i_cyc_xform."))
   Fail: (14) [system] logicmoo_startup:at_current_Y(cuz('/var/lib/jenkins/.local/share/swi-prolog/pack/logicmoo_utils/prolog/logicmoo_lib.pl':301), logicmoo_lib:gripe_time(40, if_file_exists(ensure_loaded(logicmoo_lib:library(logicmoo_plarkc)))))=@=logicmoo_startup:at_current_Y(cuz('/var/lib/jenkins/.local/share/swi-prolog/pack/logicmoo_base/prolog/logicmoo/plarkc/logicmoo_u_cyc_kb_tinykb.pl':319), baseKB:dmsg("Dont forget to ?- logicmoo_i_cyc_xform."))
   Redo: (14) [lmcache] lmcache:called_startup_goal(_1071628, _1071630)
   Unify: (14) [lmcache] lmcache:called_startup_goal(before_boot, logicmoo_startup:at_current_Y(cuz('/var/lib/jenkins/.local/share/swi-prolog/pack/logicmoo_utils/prolog/logicmoo_lib.pl':308), logicmoo_lib:gripe_time(40, if_file_exists(ensure_loaded(logicmoo_lib:library(...))))))
   Exit: (14) [lmcache] lmcache:called_startup_goal(before_boot, logicmoo_startup:at_current_Y(cuz('/var/lib/jenkins/.local/share/swi-prolog/pack/logicmoo_utils/prolog/logicmoo_lib.pl':308), logicmoo_lib:gripe_time(40, if_file_exists(ensure_loaded(logicmoo_lib:library(...))))))
   Call: (14) [system] logicmoo_startup:at_current_Y(cuz('/var/lib/jenkins/.local/share/swi-prolog/pack/logicmoo_utils/prolog/logicmoo_lib.pl':308), logicmoo_lib:gripe_time(40, if_file_exists(ensure_loaded(logicmoo_lib:library(logicmoo_clif)))))=@=logicmoo_startup:at_current_Y(cuz('/var/lib/jenkins/.local/share/swi-prolog/pack/logicmoo_base/prolog/logicmoo/plarkc/logicmoo_u_cyc_kb_tinykb.pl':319), baseKB:dmsg("Dont forget to ?- logicmoo_i_cyc_xform."))
   Fail: (14) [system] logicmoo_startup:at_current_Y(cuz('/var/lib/jenkins/.local/share/swi-prolog/pack/logicmoo_utils/prolog/logicmoo_lib.pl':308), logicmoo_lib:gripe_time(40, if_file_exists(ensure_loaded(logicmoo_lib:library(logicmoo_clif)))))=@=logicmoo_startup:at_current_Y(cuz('/var/lib/jenkins/.local/share/swi-prolog/pack/logicmoo_base/prolog/logicmoo/plarkc/logicmoo_u_cyc_kb_tinykb.pl':319), baseKB:dmsg("Dont forget to ?- logicmoo_i_cyc_xform."))
   Redo: (14) [lmcache] lmcache:called_startup_goal(_1071628, _1071630)
   Unify: (14) [lmcache] lmcache:called_startup_goal(before_boot, logicmoo_startup:at_current_Y(cuz('/var/lib/jenkins/.local/share/swi-prolog/pack/logicmoo_utils/prolog/logicmoo_lib.pl':314), logicmoo_lib:(set_prolog_flag(do_renames, restore), gripe_time(60, baseKB:ensure_loaded(library(...))))))
   Exit: (14) [lmcache] lmcache:called_startup_goal(before_boot, logicmoo_startup:at_current_Y(cuz('/var/lib/jenkins/.local/share/swi-prolog/pack/logicmoo_utils/prolog/logicmoo_lib.pl':314), logicmoo_lib:(set_prolog_flag(do_renames, restore), gripe_time(60, baseKB:ensure_loaded(library(...))))))
   Call: (14) [system] logicmoo_startup:at_current_Y(cuz('/var/lib/jenkins/.local/share/swi-prolog/pack/logicmoo_utils/prolog/logicmoo_lib.pl':314), logicmoo_lib:(set_prolog_flag(do_renames, restore), gripe_time(60, baseKB:ensure_loaded(library('logicmoo/plarkc/logicmoo_u_cyc_kb_tinykb.pl')))))=@=logicmoo_startup:at_current_Y(cuz('/var/lib/jenkins/.local/share/swi-prolog/pack/logicmoo_base/prolog/logicmoo/plarkc/logicmoo_u_cyc_kb_tinykb.pl':319), baseKB:dmsg("Dont forget to ?- logicmoo_i_cyc_xform."))
   Fail: (14) [system] logicmoo_startup:at_current_Y(cuz('/var/lib/jenkins/.local/share/swi-prolog/pack/logicmoo_utils/prolog/logicmoo_lib.pl':314), logicmoo_lib:(set_prolog_flag(do_renames, restore), gripe_time(60, baseKB:ensure_loaded(library('logicmoo/plarkc/logicmoo_u_cyc_kb_tinykb.pl')))))=@=logicmoo_startup:at_current_Y(cuz('/var/lib/jenkins/.local/share/swi-prolog/pack/logicmoo_base/prolog/logicmoo/plarkc/logicmoo_u_cyc_kb_tinykb.pl':319), baseKB:dmsg("Dont forget to ?- logicmoo_i_cyc_xform."))
   Redo: (14) [lmcache] lmcache:called_startup_goal(_1071628, _1071630)
   Unify: (14) [lmcache] lmcache:called_startup_goal(before_boot, logicmoo_startup:at_current_Y(cuz('/var/lib/jenkins/.local/share/swi-prolog/pack/logicmoo_base/prolog/logicmoo_clif.pl':54), baseKB:(\+user:file_search_path(..., ...)->asserta(user:file_search_path(..., ...));true)))
   Exit: (14) [lmcache] lmcache:called_startup_goal(before_boot, logicmoo_startup:at_current_Y(cuz('/var/lib/jenkins/.local/share/swi-prolog/pack/logicmoo_base/prolog/logicmoo_clif.pl':54), baseKB:(\+user:file_search_path(..., ...)->asserta(user:file_search_path(..., ...));true)))
   Call: (14) [system] logicmoo_startup:at_current_Y(cuz('/var/lib/jenkins/.local/share/swi-prolog/pack/logicmoo_base/prolog/logicmoo_clif.pl':54), baseKB:(\+user:file_search_path(library, '/var/lib/jenkins/.local/share/swi-prolog/pack/logicmoo_base/prolog')->asserta(user:file_search_path(library, '/var/lib/jenkins/.local/share/swi-prolog/pack/logicmoo_base/prolog'));true))=@=logicmoo_startup:at_current_Y(cuz('/var/lib/jenkins/.local/share/swi-prolog/pack/logicmoo_base/prolog/logicmoo/plarkc/logicmoo_u_cyc_kb_tinykb.pl':319), baseKB:dmsg("Dont forget to ?- logicmoo_i_cyc_xform."))
   Fail: (14) [system] logicmoo_startup:at_current_Y(cuz('/var/lib/jenkins/.local/share/swi-prolog/pack/logicmoo_base/prolog/logicmoo_clif.pl':54), baseKB:(\+user:file_search_path(library, '/var/lib/jenkins/.local/share/swi-prolog/pack/logicmoo_base/prolog')->asserta(user:file_search_path(library, '/var/lib/jenkins/.local/share/swi-prolog/pack/logicmoo_base/prolog'));true))=@=logicmoo_startup:at_current_Y(cuz('/var/lib/jenkins/.local/share/swi-prolog/pack/logicmoo_base/prolog/logicmoo/plarkc/logicmoo_u_cyc_kb_tinykb.pl':319), baseKB:dmsg("Dont forget to ?- logicmoo_i_cyc_xform."))
   Redo: (14) [lmcache] lmcache:called_startup_goal(_1071628, _1071630)
   Unify: (14) [lmcache] lmcache:called_startup_goal(during_boot, logicmoo_startup:at_current_Y(cuz('/var/lib/jenkins/.local/share/swi-prolog/pack/logicmoo_utils/prolog/logicmoo_packs.pl':49), logicmoo_packages:rescan_pack_autoload_packages))
   Exit: (14) [lmcache] lmcache:called_startup_goal(during_boot, logicmoo_startup:at_current_Y(cuz('/var/lib/jenkins/.local/share/swi-prolog/pack/logicmoo_utils/prolog/logicmoo_packs.pl':49), logicmoo_packages:rescan_pack_autoload_packages))
   Call: (14) [system] logicmoo_startup:at_current_Y(cuz('/var/lib/jenkins/.local/share/swi-prolog/pack/logicmoo_utils/prolog/logicmoo_packs.pl':49), logicmoo_packages:rescan_pack_autoload_packages)=@=logicmoo_startup:at_current_Y(cuz('/var/lib/jenkins/.local/share/swi-prolog/pack/logicmoo_base/prolog/logicmoo/plarkc/logicmoo_u_cyc_kb_tinykb.pl':319), baseKB:dmsg("Dont forget to ?- logicmoo_i_cyc_xform."))
   Fail: (14) [system] logicmoo_startup:at_current_Y(cuz('/var/lib/jenkins/.local/share/swi-prolog/pack/logicmoo_utils/prolog/logicmoo_packs.pl':49), logicmoo_packages:rescan_pack_autoload_packages)=@=logicmoo_startup:at_current_Y(cuz('/var/lib/jenkins/.local/share/swi-prolog/pack/logicmoo_base/prolog/logicmoo/plarkc/logicmoo_u_cyc_kb_tinykb.pl':319), baseKB:dmsg("Dont forget to ?- logicmoo_i_cyc_xform."))
   Redo: (14) [lmcache] lmcache:called_startup_goal(_1071628, _1071630)
   Unify: (14) [lmcache] lmcache:called_startup_goal(during_boot, logicmoo_startup:at_current_Y(cuz('/var/lib/jenkins/.local/share/swi-prolog/pack/logicmoo_base/prolog/logicmoo/typesystem/mpred_type_constraints.pl':284), mpred_type_constraints:add_history((_1106782=(loves(..., ...), ~ ...), must(args_enforce_bound(..., ...)), writeq(_1106826)))))
   Exit: (14) [lmcache] lmcache:called_startup_goal(during_boot, logicmoo_startup:at_current_Y(cuz('/var/lib/jenkins/.local/share/swi-prolog/pack/logicmoo_base/prolog/logicmoo/typesystem/mpred_type_constraints.pl':284), mpred_type_constraints:add_history((_1106782=(loves(..., ...), ~ ...), must(args_enforce_bound(..., ...)), writeq(_1106826)))))
   Call: (14) [system] logicmoo_startup:at_current_Y(cuz('/var/lib/jenkins/.local/share/swi-prolog/pack/logicmoo_base/prolog/logicmoo/typesystem/mpred_type_constraints.pl':284), mpred_type_constraints:add_history((_1106782=(loves(_1106794, _1106796), ~knows(..., ...)), must(args_enforce_bound(_1106782, _1106826)), writeq(_1106826))))=@=logicmoo_startup:at_current_Y(cuz('/var/lib/jenkins/.local/share/swi-prolog/pack/logicmoo_base/prolog/logicmoo/plarkc/logicmoo_u_cyc_kb_tinykb.pl':319), baseKB:dmsg("Dont forget to ?- logicmoo_i_cyc_xform."))
   Fail: (14) [system] logicmoo_startup:at_current_Y(cuz('/var/lib/jenkins/.local/share/swi-prolog/pack/logicmoo_base/prolog/logicmoo/typesystem/mpred_type_constraints.pl':284), mpred_type_constraints:add_history((_1106782=(loves(_1106794, _1106796), ~knows(..., ...)), must(args_enforce_bound(_1106782, _1106826)), writeq(_1106826))))=@=logicmoo_startup:at_current_Y(cuz('/var/lib/jenkins/.local/share/swi-prolog/pack/logicmoo_base/prolog/logicmoo/plarkc/logicmoo_u_cyc_kb_tinykb.pl':319), baseKB:dmsg("Dont forget to ?- logicmoo_i_cyc_xform."))
   Redo: (14) [lmcache] lmcache:called_startup_goal(_1071628, _1071630)
   Unify: (14) [lmcache] lmcache:called_startup_goal(during_boot, logicmoo_startup:at_current_Y(cuz('/var/lib/jenkins/.local/share/swi-prolog/pack/logicmoo_base/prolog/logicmoo/typesystem/mpred_type_constraints.pl':306), mpred_type_constraints:add_history((_1109962=(loves(..., ...), ~ ...), must(args_constrain(..., ...)), writeq(_1110006)))))
   Exit: (14) [lmcache] lmcache:called_startup_goal(during_boot, logicmoo_startup:at_current_Y(cuz('/var/lib/jenkins/.local/share/swi-prolog/pack/logicmoo_base/prolog/logicmoo/typesystem/mpred_type_constraints.pl':306), mpred_type_constraints:add_history((_1109962=(loves(..., ...), ~ ...), must(args_constrain(..., ...)), writeq(_1110006)))))
   Call: (14) [system] logicmoo_startup:at_current_Y(cuz('/var/lib/jenkins/.local/share/swi-prolog/pack/logicmoo_base/prolog/logicmoo/typesystem/mpred_type_constraints.pl':306), mpred_type_constraints:add_history((_1109962=(loves(_1109974, _1109976), ~knows(..., ...)), must(args_constrain(_1109962, _1110006)), writeq(_1110006))))=@=logicmoo_startup:at_current_Y(cuz('/var/lib/jenkins/.local/share/swi-prolog/pack/logicmoo_base/prolog/logicmoo/plarkc/logicmoo_u_cyc_kb_tinykb.pl':319), baseKB:dmsg("Dont forget to ?- logicmoo_i_cyc_xform."))
   Fail: (14) [system] logicmoo_startup:at_current_Y(cuz('/var/lib/jenkins/.local/share/swi-prolog/pack/logicmoo_base/prolog/logicmoo/typesystem/mpred_type_constraints.pl':306), mpred_type_constraints:add_history((_1109962=(loves(_1109974, _1109976), ~knows(..., ...)), must(args_constrain(_1109962, _1110006)), writeq(_1110006))))=@=logicmoo_startup:at_current_Y(cuz('/var/lib/jenkins/.local/share/swi-prolog/pack/logicmoo_base/prolog/logicmoo/plarkc/logicmoo_u_cyc_kb_tinykb.pl':319), baseKB:dmsg("Dont forget to ?- logicmoo_i_cyc_xform."))
   Redo: (14) [lmcache] lmcache:called_startup_goal(_1071628, _1071630)
   Unify: (14) [lmcache] lmcache:called_startup_goal(during_boot, logicmoo_startup:at_current_Y(cuz('/var/lib/jenkins/.local/share/swi-prolog/pack/logicmoo_base/prolog/logicmoo/typesystem/mpred_type_constraints.pl':330), mpred_type_constraints:add_history((_1113142=(loves(..., ...), ~ ...), must(args_enforce(..., ...)), writeq(_1113186)))))
   Exit: (14) [lmcache] lmcache:called_startup_goal(during_boot, logicmoo_startup:at_current_Y(cuz('/var/lib/jenkins/.local/share/swi-prolog/pack/logicmoo_base/prolog/logicmoo/typesystem/mpred_type_constraints.pl':330), mpred_type_constraints:add_history((_1113142=(loves(..., ...), ~ ...), must(args_enforce(..., ...)), writeq(_1113186)))))
   Call: (14) [system] logicmoo_startup:at_current_Y(cuz('/var/lib/jenkins/.local/share/swi-prolog/pack/logicmoo_base/prolog/logicmoo/typesystem/mpred_type_constraints.pl':330), mpred_type_constraints:add_history((_1113142=(loves(_1113154, _1113156), ~knows(..., ...)), must(args_enforce(_1113142, _1113186)), writeq(_1113186))))=@=logicmoo_startup:at_current_Y(cuz('/var/lib/jenkins/.local/share/swi-prolog/pack/logicmoo_base/prolog/logicmoo/plarkc/logicmoo_u_cyc_kb_tinykb.pl':319), baseKB:dmsg("Dont forget to ?- logicmoo_i_cyc_xform."))
   Fail: (14) [system] logicmoo_startup:at_current_Y(cuz('/var/lib/jenkins/.local/share/swi-prolog/pack/logicmoo_base/prolog/logicmoo/typesystem/mpred_type_constraints.pl':330), mpred_type_constraints:add_history((_1113142=(loves(_1113154, _1113156), ~knows(..., ...)), must(args_enforce(_1113142, _1113186)), writeq(_1113186))))=@=logicmoo_startup:at_current_Y(cuz('/var/lib/jenkins/.local/share/swi-prolog/pack/logicmoo_base/prolog/logicmoo/plarkc/logicmoo_u_cyc_kb_tinykb.pl':319), baseKB:dmsg("Dont forget to ?- logicmoo_i_cyc_xform."))
   Redo: (14) [lmcache] lmcache:called_startup_goal(_1071628, _1071630)
   Unify: (14) [lmcache] lmcache:called_startup_goal(during_boot, logicmoo_startup:at_current_Y(cuz('/var/lib/jenkins/.local/share/swi-prolog/pack/logicmoo_base/prolog/logicmoo/typesystem/mpred_type_constraints.pl':351), mpred_type_constraints:add_history((_1116322=(loves(..., ...), ~ ...), args_enforce(_1116322, _1116362), writeq(...), ..., ...))))
   Exit: (14) [lmcache] lmcache:called_startup_goal(during_boot, logicmoo_startup:at_current_Y(cuz('/var/lib/jenkins/.local/share/swi-prolog/pack/logicmoo_base/prolog/logicmoo/typesystem/mpred_type_constraints.pl':351), mpred_type_constraints:add_history((_1116322=(loves(..., ...), ~ ...), args_enforce(_1116322, _1116362), writeq(...), ..., ...))))
   Call: (14) [system] logicmoo_startup:at_current_Y(cuz('/var/lib/jenkins/.local/share/swi-prolog/pack/logicmoo_base/prolog/logicmoo/typesystem/mpred_type_constraints.pl':351), mpred_type_constraints:add_history((_1116322=(loves(_1116334, _1116336), ~knows(..., ...)), args_enforce(_1116322, _1116362), writeq(_1116362), args_remove_constraints(..., ...), writeq(...))))=@=logicmoo_startup:at_current_Y(cuz('/var/lib/jenkins/.local/share/swi-prolog/pack/logicmoo_base/prolog/logicmoo/plarkc/logicmoo_u_cyc_kb_tinykb.pl':319), baseKB:dmsg("Dont forget to ?- logicmoo_i_cyc_xform."))
   Fail: (14) [system] logicmoo_startup:at_current_Y(cuz('/var/lib/jenkins/.local/share/swi-prolog/pack/logicmoo_base/prolog/logicmoo/typesystem/mpred_type_constraints.pl':351), mpred_type_constraints:add_history((_1116322=(loves(_1116334, _1116336), ~knows(..., ...)), args_enforce(_1116322, _1116362), writeq(_1116362), args_remove_constraints(..., ...), writeq(...))))=@=logicmoo_startup:at_current_Y(cuz('/var/lib/jenkins/.local/share/swi-prolog/pack/logicmoo_base/prolog/logicmoo/plarkc/logicmoo_u_cyc_kb_tinykb.pl':319), baseKB:dmsg("Dont forget to ?- logicmoo_i_cyc_xform."))
   Redo: (14) [lmcache] lmcache:called_startup_goal(_1071628, _1071630)
   Unify: (14) [lmcache] lmcache:called_startup_goal(during_boot, logicmoo_startup:at_current_Y(cuz('/var/lib/jenkins/.local/share/swi-prolog/pack/logicmoo_utils/prolog/logicmoo_lib.pl':321), logicmoo_lib:set_prolog_flag(do_renames, restore)))
   Exit: (14) [lmcache] lmcache:called_startup_goal(during_boot, logicmoo_startup:at_current_Y(cuz('/var/lib/jenkins/.local/share/swi-prolog/pack/logicmoo_utils/prolog/logicmoo_lib.pl':321), logicmoo_lib:set_prolog_flag(do_renames, restore)))
   Call: (14) [system] logicmoo_startup:at_current_Y(cuz('/var/lib/jenkins/.local/share/swi-prolog/pack/logicmoo_utils/prolog/logicmoo_lib.pl':321), logicmoo_lib:set_prolog_flag(do_renames, restore))=@=logicmoo_startup:at_current_Y(cuz('/var/lib/jenkins/.local/share/swi-prolog/pack/logicmoo_base/prolog/logicmoo/plarkc/logicmoo_u_cyc_kb_tinykb.pl':319), baseKB:dmsg("Dont forget to ?- logicmoo_i_cyc_xform."))
   Fail: (14) [system] logicmoo_startup:at_current_Y(cuz('/var/lib/jenkins/.local/share/swi-prolog/pack/logicmoo_utils/prolog/logicmoo_lib.pl':321), logicmoo_lib:set_prolog_flag(do_renames, restore))=@=logicmoo_startup:at_current_Y(cuz('/var/lib/jenkins/.local/share/swi-prolog/pack/logicmoo_base/prolog/logicmoo/plarkc/logicmoo_u_cyc_kb_tinykb.pl':319), baseKB:dmsg("Dont forget to ?- logicmoo_i_cyc_xform."))
   Redo: (14) [lmcache] lmcache:called_startup_goal(_1071628, _1071630)
   Unify: (14) [lmcache] lmcache:called_startup_goal(after_boot, logicmoo_startup:at_current_Y(cuz('/var/lib/jenkins/.local/share/swi-prolog/pack/logicmoo_base/prolog/logicmoo_typesystem.pl':125), baseKB:(dmsg(after_boot), hook_database:call(asserta_new,  (ereq(...):- ..., ...)))))
   Exit: (14) [lmcache] lmcache:called_startup_goal(after_boot, logicmoo_startup:at_current_Y(cuz('/var/lib/jenkins/.local/share/swi-prolog/pack/logicmoo_base/prolog/logicmoo_typesystem.pl':125), baseKB:(dmsg(after_boot), hook_database:call(asserta_new,  (ereq(...):- ..., ...)))))
   Call: (14) [system] logicmoo_startup:at_current_Y(cuz('/var/lib/jenkins/.local/share/swi-prolog/pack/logicmoo_base/prolog/logicmoo_typesystem.pl':125), baseKB:(dmsg(after_boot), hook_database:call(asserta_new,  (ereq(_1122662):-!, call_u(...)))))=@=logicmoo_startup:at_current_Y(cuz('/var/lib/jenkins/.local/share/swi-prolog/pack/logicmoo_base/prolog/logicmoo/plarkc/logicmoo_u_cyc_kb_tinykb.pl':319), baseKB:dmsg("Dont forget to ?- logicmoo_i_cyc_xform."))
   Fail: (14) [system] logicmoo_startup:at_current_Y(cuz('/var/lib/jenkins/.local/share/swi-prolog/pack/logicmoo_base/prolog/logicmoo_typesystem.pl':125), baseKB:(dmsg(after_boot), hook_database:call(asserta_new,  (ereq(_1122662):-!, call_u(...)))))=@=logicmoo_startup:at_current_Y(cuz('/var/lib/jenkins/.local/share/swi-prolog/pack/logicmoo_base/prolog/logicmoo/plarkc/logicmoo_u_cyc_kb_tinykb.pl':319), baseKB:dmsg("Dont forget to ?- logicmoo_i_cyc_xform."))
^  Fail: (13) [logicmoo_startup] logicmoo_startup:has_ran_once(_1125202, logicmoo_startup:at_current_Y(cuz('/var/lib/jenkins/.local/share/swi-prolog/pack/logicmoo_base/prolog/logicmoo/plarkc/logicmoo_u_cyc_kb_tinykb.pl':319), baseKB:dmsg("Dont forget to ?- logicmoo_i_cyc_xform.")))
^  Redo: (12) [logicmoo_startup] try_pending_init(after_boot, logicmoo_startup:at_current_Y(cuz('/var/lib/jenkins/.local/share/swi-prolog/pack/logicmoo_base/prolog/logicmoo/plarkc/logicmoo_u_cyc_kb_tinykb.pl':319), baseKB:dmsg("Dont forget to ?- logicmoo_i_cyc_xform.")))
^  Unify: (12) [logicmoo_startup] try_pending_init(after_boot, logicmoo_startup:at_current_Y(cuz('/var/lib/jenkins/.local/share/swi-prolog/pack/logicmoo_base/prolog/logicmoo/plarkc/logicmoo_u_cyc_kb_tinykb.pl':319), baseKB:dmsg("Dont forget to ?- logicmoo_i_cyc_xform.")))
^  Call: (13) [logicmoo_startup] assertz(lmcache:called_startup_goal(after_boot, logicmoo_startup:at_current_Y(cuz('/var/lib/jenkins/.local/share/swi-prolog/pack/logicmoo_base/prolog/logicmoo/plarkc/logicmoo_u_cyc_kb_tinykb.pl':319), baseKB:dmsg("Dont forget to ?- logicmoo_i_cyc_xform."))))
^  Exit: (13) [logicmoo_startup] assertz(lmcache:called_startup_goal(after_boot, logicmoo_startup:at_current_Y(cuz('/var/lib/jenkins/.local/share/swi-prolog/pack/logicmoo_base/prolog/logicmoo/plarkc/logicmoo_u_cyc_kb_tinykb.pl':319), baseKB:dmsg("Dont forget to ?- logicmoo_i_cyc_xform."))))
^  Call: (13) [logicmoo_startup] maybe_notrace(logicmoo_startup:at_current_Y(cuz('/var/lib/jenkins/.local/share/swi-prolog/pack/logicmoo_base/prolog/logicmoo/plarkc/logicmoo_u_cyc_kb_tinykb.pl':319), baseKB:dmsg("Dont forget to ?- logicmoo_i_cyc_xform.")))
^  Unify: (13) [logicmoo_startup] maybe_notrace(logicmoo_startup:at_current_Y(cuz('/var/lib/jenkins/.local/share/swi-prolog/pack/logicmoo_base/prolog/logicmoo/plarkc/logicmoo_u_cyc_kb_tinykb.pl':319), baseKB:dmsg("Dont forget to ?- logicmoo_i_cyc_xform.")))
   Call: (14) [edinburgh] edinburgh:debug
   Unify: (14) [edinburgh] edinburgh:debug
   Call: (15) [system] set_prolog_flag(debug, true)
   Exit: (15) [system] set_prolog_flag(debug, true)
   Exit: (14) [edinburgh] edinburgh:debug
^  Call: (14) [logicmoo_startup] maybe_one(quietly(logicmoo_startup:at_current_Y(cuz('/var/lib/jenkins/.local/share/swi-prolog/pack/logicmoo_base/prolog/logicmoo/plarkc/logicmoo_u_cyc_kb_tinykb.pl':319), baseKB:dmsg("Dont forget to ?- logicmoo_i_cyc_xform."))), ftrace(logicmoo_startup:at_current_Y(cuz('/var/lib/jenkins/.local/share/swi-prolog/pack/logicmoo_base/prolog/logicmoo/plarkc/logicmoo_u_cyc_kb_tinykb.pl':319), baseKB:dmsg("Dont forget to ?- logicmoo_i_cyc_xform."))))
^  Unify: (14) [logicmoo_startup] maybe_one(logicmoo_startup:quietly(logicmoo_startup:at_current_Y(cuz('/var/lib/jenkins/.local/share/swi-prolog/pack/logicmoo_base/prolog/logicmoo/plarkc/logicmoo_u_cyc_kb_tinykb.pl':319), baseKB:dmsg("Dont forget to ?- logicmoo_i_cyc_xform."))), logicmoo_startup:ftrace(logicmoo_startup:at_current_Y(cuz('/var/lib/jenkins/.local/share/swi-prolog/pack/logicmoo_base/prolog/logicmoo/plarkc/logicmoo_u_cyc_kb_tinykb.pl':319), baseKB:dmsg("Dont forget to ?- logicmoo_i_cyc_xform."))))
^  Call: (16) [logicmoo_startup] call(logicmoo_startup:quietly(logicmoo_startup:at_current_Y(cuz('/var/lib/jenkins/.local/share/swi-prolog/pack/logicmoo_base/prolog/logicmoo/plarkc/logicmoo_u_cyc_kb_tinykb.pl':319), baseKB:dmsg("Dont forget to ?- logicmoo_i_cyc_xform."))))
^  Unify: (16) [system] call(logicmoo_startup:quietly(logicmoo_startup:at_current_Y(cuz('/var/lib/jenkins/.local/share/swi-prolog/pack/logicmoo_base/prolog/logicmoo/plarkc/logicmoo_u_cyc_kb_tinykb.pl':319), baseKB:dmsg("Dont forget to ?- logicmoo_i_cyc_xform."))))
^  Call: (17) [logicmoo_startup] quietly(logicmoo_startup:at_current_Y(cuz('/var/lib/jenkins/.local/share/swi-prolog/pack/logicmoo_base/prolog/logicmoo/plarkc/logicmoo_u_cyc_kb_tinykb.pl':319), baseKB:dmsg("Dont forget to ?- logicmoo_i_cyc_xform.")))
^  Unify: (17) [rtrace] quietly(logicmoo_startup:at_current_Y(cuz('/var/lib/jenkins/.local/share/swi-prolog/pack/logicmoo_base/prolog/logicmoo/plarkc/logicmoo_u_cyc_kb_tinykb.pl':319), baseKB:dmsg("Dont forget to ?- logicmoo_i_cyc_xform.")))
   Call: (19) [system] _1136816=mquietly_if(true, rtrace:tAt_rtrace)
   Exit: (19) [system] mquietly_if(true, rtrace:tAt_rtrace)=mquietly_if(true, rtrace:tAt_rtrace)
^  Call: (19) [must_sanity] setup_call_cleanup(rtrace:notrace(visible(-all)),  ((logicmoo_startup:at_current_Y(cuz('/var/lib/jenkins/.local/share/swi-prolog/pack/logicmoo_base/prolog/logicmoo/plarkc/logicmoo_u_cyc_kb_tinykb.pl':319), baseKB:dmsg("Dont forget to ?- logicmoo_i_cyc_xform.")), deterministic(_1138074)), (notrace(_1138074==true)->!;rtrace:tAt_rtrace, notrace(nb_setarg(1, mquietly_if(true, rtrace:tAt_rtrace), false));rtrace:notrace(visible(-all)), notrace(nb_setarg(1, mquietly_if(true, ... : ...), true)), notrace(fail))), mquietly_if(true, rtrace:tAt_rtrace))
^  Unify: (19) [system] setup_call_cleanup(rtrace:notrace(visible(-all)), must_sanity:((logicmoo_startup:at_current_Y(cuz('/var/lib/jenkins/.local/share/swi-prolog/pack/logicmoo_base/prolog/logicmoo/plarkc/logicmoo_u_cyc_kb_tinykb.pl':319), baseKB:dmsg("Dont forget to ?- logicmoo_i_cyc_xform.")), deterministic(_1138074)), (notrace(_1138074==true)->!;rtrace:tAt_rtrace, notrace(nb_setarg(1, mquietly_if(true, ... : ...), false));rtrace:notrace(visible(- ...)), notrace(nb_setarg(1, mquietly_if(..., ...), true)), notrace(fail))), must_sanity:mquietly_if(true, rtrace:tAt_rtrace))
^  Call: (20) [system] setup_call_catcher_cleanup(rtrace:notrace(visible(-all)), must_sanity:((logicmoo_startup:at_current_Y(cuz('/var/lib/jenkins/.local/share/swi-prolog/pack/logicmoo_base/prolog/logicmoo/plarkc/logicmoo_u_cyc_kb_tinykb.pl':319), baseKB:dmsg("Dont forget to ?- logicmoo_i_cyc_xform.")), deterministic(_1138074)), (notrace(_1138074==true)->!;rtrace:tAt_rtrace, notrace(nb_setarg(1, mquietly_if(true, ... : ...), false));rtrace:notrace(visible(- ...)), notrace(nb_setarg(1, mquietly_if(..., ...), true)), notrace(fail))), _1139478, must_sanity:mquietly_if(true, rtrace:tAt_rtrace))
^  Unify: (20) [system] setup_call_catcher_cleanup(rtrace:notrace(visible(-all)), must_sanity:((logicmoo_startup:at_current_Y(cuz('/var/lib/jenkins/.local/share/swi-prolog/pack/logicmoo_base/prolog/logicmoo/plarkc/logicmoo_u_cyc_kb_tinykb.pl':319), baseKB:dmsg("Dont forget to ?- logicmoo_i_cyc_xform.")), deterministic(_1138074)), (notrace(_1138074==true)->!;rtrace:tAt_rtrace, notrace(nb_setarg(1, mquietly_if(true, ... : ...), false));rtrace:notrace(visible(- ...)), notrace(nb_setarg(1, mquietly_if(..., ...), true)), notrace(fail))), _1140110, must_sanity:mquietly_if(true, rtrace:tAt_rtrace))
%~ Dont forget to ?- logicmoo_i_cyc_xform.
^  Exit: (22) [must_sanity] must_sanity:mquietly_if(true, rtrace:tAt_rtrace)
^  Exit: (20) [system] setup_call_catcher_cleanup(rtrace:notrace(visible(-all)), must_sanity:((logicmoo_startup:at_current_Y(cuz('/var/lib/jenkins/.local/share/swi-prolog/pack/logicmoo_base/prolog/logicmoo/plarkc/logicmoo_u_cyc_kb_tinykb.pl':319), baseKB:dmsg("Dont forget to ?- logicmoo_i_cyc_xform.")), deterministic(true)), (notrace(true==true)->!;rtrace:tAt_rtrace, notrace(nb_setarg(1, mquietly_if(true, ... : ...), false));rtrace:notrace(visible(- ...)), notrace(nb_setarg(1, mquietly_if(..., ...), true)), notrace(fail))), exit, must_sanity:mquietly_if(true, rtrace:tAt_rtrace))
^  Exit: (19) [system] setup_call_cleanup(rtrace:notrace(visible(-all)), must_sanity:((logicmoo_startup:at_current_Y(cuz('/var/lib/jenkins/.local/share/swi-prolog/pack/logicmoo_base/prolog/logicmoo/plarkc/logicmoo_u_cyc_kb_tinykb.pl':319), baseKB:dmsg("Dont forget to ?- logicmoo_i_cyc_xform.")), deterministic(true)), (notrace(true==true)->!;rtrace:tAt_rtrace, notrace(nb_setarg(1, mquietly_if(true, ... : ...), false));rtrace:notrace(visible(- ...)), notrace(nb_setarg(1, mquietly_if(..., ...), true)), notrace(fail))), must_sanity:mquietly_if(true, rtrace:tAt_rtrace))
^  Exit: (17) [rtrace] quietly(logicmoo_startup:at_current_Y(cuz('/var/lib/jenkins/.local/share/swi-prolog/pack/logicmoo_base/prolog/logicmoo/plarkc/logicmoo_u_cyc_kb_tinykb.pl':319), baseKB:dmsg("Dont forget to ?- logicmoo_i_cyc_xform.")))
^  Exit: (16) [system] call(logicmoo_startup:quietly(logicmoo_startup:at_current_Y(cuz('/var/lib/jenkins/.local/share/swi-prolog/pack/logicmoo_base/prolog/logicmoo/plarkc/logicmoo_u_cyc_kb_tinykb.pl':319), baseKB:dmsg("Dont forget to ?- logicmoo_i_cyc_xform."))))
   Call: (15) [system] true
   Exit: (15) [system] true
^  Exit: (14) [logicmoo_startup] maybe_one(logicmoo_startup:quietly(logicmoo_startup:at_current_Y(cuz('/var/lib/jenkins/.local/share/swi-prolog/pack/logicmoo_base/prolog/logicmoo/plarkc/logicmoo_u_cyc_kb_tinykb.pl':319), baseKB:dmsg("Dont forget to ?- logicmoo_i_cyc_xform."))), logicmoo_startup:ftrace(logicmoo_startup:at_current_Y(cuz('/var/lib/jenkins/.local/share/swi-prolog/pack/logicmoo_base/prolog/logicmoo/plarkc/logicmoo_u_cyc_kb_tinykb.pl':319), baseKB:dmsg("Dont forget to ?- logicmoo_i_cyc_xform."))))
^  Exit: (13) [logicmoo_startup] maybe_notrace(logicmoo_startup:at_current_Y(cuz('/var/lib/jenkins/.local/share/swi-prolog/pack/logicmoo_base/prolog/logicmoo/plarkc/logicmoo_u_cyc_kb_tinykb.pl':319), baseKB:dmsg("Dont forget to ?- logicmoo_i_cyc_xform.")))
   Call: (13) [system] true
   Exit: (13) [system] true
^  Exit: (12) [logicmoo_startup] try_pending_init(after_boot, logicmoo_startup:at_current_Y(cuz('/var/lib/jenkins/.local/share/swi-prolog/pack/logicmoo_base/prolog/logicmoo/plarkc/logicmoo_u_cyc_kb_tinykb.pl':319), baseKB:dmsg("Dont forget to ?- logicmoo_i_cyc_xform.")))
^  Redo: (13) [logicmoo_startup] logicmoo_startup:number_phase(_63160, _63162)
^  Unify: (13) [logicmoo_startup] logicmoo_startup:number_phase(5, runtime)
^  Exit: (13) [logicmoo_startup] logicmoo_startup:number_phase(5, runtime)
   Call: (13) [lmconf] lmconf:at_restore_goal(runtime, _63180)
   Fail: (13) [lmconf] lmconf:at_restore_goal(runtime, _63180)
^  Redo: (11) [$apply] forall(logicmoo_startup:(number_phase(_63160, _63162), lmconf:at_restore_goal(_63162, _63180), _63160=<4), logicmoo_startup:try_pending_init(_63162, _63180))
^  Exit: (11) [$apply] forall(logicmoo_startup:(number_phase(_63160, _63162), lmconf:at_restore_goal(_63162, _63180), _63160=<4), logicmoo_startup:try_pending_init(_63162, _63180))
^  Exit: (10) [logicmoo_startup] logicmoo_startup:run_pending_inits(after_boot)
^  Exit: (9) [logicmoo_startup] logicmoo_startup:init_why(after_boot, program)
^  Exit: (7) [system] catch_with_backtrace(logicmoo_startup:init_why(after_boot, program), _39686, '$toplevel':true)
   Call: (7) [system] var(_39686)
   Exit: (7) [system] var(_39686)
   Call: (7) [system] true
   Exit: (7) [system] true
   Exit: (6) [$toplevel] run_init_goal(logicmoo_startup:init_why(after_boot, program), @(logicmoo_startup:init_why(after_boot, program), '/var/lib/jenkins/.local/share/swi-prolog/pack/logicmoo_utils/prolog/logicmoo_startup.pl':1694))
^  Redo: (5) [$apply] forall('$toplevel':'$init_goal'(when(program), _20964, _20966), '$toplevel':run_init_goal(_20964, @(_20964, _20966)))
^  Exit: (5) [$apply] forall('$toplevel':'$init_goal'(when(program), _20964, _20966), '$toplevel':run_init_goal(_20964, @(_20964, _20966)))
   Exit: (4) [$toplevel] run_program_init
   Call: (4) [$toplevel] run_main_init
   Unify: (4) [$toplevel] run_main_init
^  Call: (5) [$toplevel] findall(_1165512-_1165514, '$init_goal'(when(main), _1165512, _1165514), _1165528)
^  Unify: (5) [$bags] findall(_1165512-_1165514, '$toplevel':'$init_goal'(when(main), _1165512, _1165514), _1165528)
^  Call: (6) [$bags] findall(_1165512-_1165514, '$toplevel':'$init_goal'(when(main), _1165512, _1165514), _1165528, [])
^  Unify: (6) [$bags] findall(_1165512-_1165514, '$toplevel':'$init_goal'(when(main), _1165512, _1165514), _1165528, [])
^  Call: (7) [$bags] setup_call_cleanup('$new_findall_bag', findall_loop(_1165512-_1165514, '$toplevel':'$init_goal'(when(main), _1165512, _1165514), _1165528, []), '$destroy_findall_bag')
^  Unify: (7) [system] setup_call_cleanup('$bags':'$new_findall_bag', '$bags':findall_loop(_1165512-_1165514, '$toplevel':'$init_goal'(when(main), _1165512, _1165514), _1165528, []), '$bags':'$destroy_findall_bag')
^  Call: (8) [system] setup_call_catcher_cleanup('$bags':'$new_findall_bag', '$bags':findall_loop(_1165512-_1165514, '$toplevel':'$init_goal'(when(main), _1165512, _1165514), _1165528, []), _1169400, '$bags':'$destroy_findall_bag')
^  Unify: (8) [system] setup_call_catcher_cleanup('$bags':'$new_findall_bag', '$bags':findall_loop(_1165512-_1165514, '$toplevel':'$init_goal'(when(main), _1165512, _1165514), _1165528, []), _1170032, '$bags':'$destroy_findall_bag')
   Call: (9) [$bags] findall_loop(_1165512-_1165514, '$toplevel':'$init_goal'(when(main), _1165512, _1165514), _1165528, [])
   Unify: (9) [$bags] findall_loop(_1165512-_1165514, '$toplevel':'$init_goal'(when(main), _1165512, _1165514), _1165528, [])
   Redo: (9) [$bags] findall_loop(_1165512-_1165514, '$toplevel':'$init_goal'(when(main), _1165512, _1165514), _1165528, [])
   Exit: (9) [$bags] findall_loop(_1165512-_1165514, '$toplevel':'$init_goal'(when(main), _1165512, _1165514), [(in1t:lisp_repl)-'/var/lib/jenkins/.local/share/swi-prolog/pack/wam_common_lisp/prolog/wam_cl/repl.pl':264], [])
^  Exit: (8) [system] setup_call_catcher_cleanup('$bags':'$new_findall_bag', '$bags':findall_loop(_1165512-_1165514, '$toplevel':'$init_goal'(when(main), _1165512, _1165514), [(in1t:lisp_repl)-'/var/lib/jenkins/.local/share/swi-prolog/pack/wam_common_lisp/prolog/wam_cl/repl.pl':264], []), exit, '$bags':'$destroy_findall_bag')
^  Exit: (7) [system] setup_call_cleanup('$bags':'$new_findall_bag', '$bags':findall_loop(_1165512-_1165514, '$toplevel':'$init_goal'(when(main), _1165512, _1165514), [(in1t:lisp_repl)-'/var/lib/jenkins/.local/share/swi-prolog/pack/wam_common_lisp/prolog/wam_cl/repl.pl':264], []), '$bags':'$destroy_findall_bag')
^  Exit: (6) [$bags] findall(_1165512-_1165514, '$toplevel':'$init_goal'(when(main), _1165512, _1165514), [(in1t:lisp_repl)-'/var/lib/jenkins/.local/share/swi-prolog/pack/wam_common_lisp/prolog/wam_cl/repl.pl':264], [])
^  Exit: (5) [$bags] findall(_1165512-_1165514, '$toplevel':'$init_goal'(when(main), _1165512, _1165514), [(in1t:lisp_repl)-'/var/lib/jenkins/.local/share/swi-prolog/pack/wam_common_lisp/prolog/wam_cl/repl.pl':264])
   Call: (5) [system] current_prolog_flag(toplevel_goal, default)
   Redo: (4) [$toplevel] run_main_init
   Call: (5) [system] true
   Exit: (5) [system] true
   Call: (5) [$toplevel] run_init_goal(in1t:lisp_repl, @(in1t:lisp_repl, '/var/lib/jenkins/.local/share/swi-prolog/pack/wam_common_lisp/prolog/wam_cl/repl.pl':264))
   Unify: (5) [$toplevel] run_init_goal(in1t:lisp_repl, @(in1t:lisp_repl, '/var/lib/jenkins/.local/share/swi-prolog/pack/wam_common_lisp/prolog/wam_cl/repl.pl':264))
^  Call: (6) [$toplevel] catch_with_backtrace(user:in1t:lisp_repl, _1179342, true)
^  Unify: (6) [system] catch_with_backtrace(in1t:lisp_repl, _1179342, '$toplevel':true)
^  Call: (8) [in1t] in1t:lisp_repl
^  Unify: (8) [in1t] in1t:lisp_repl
^  Call: (9) [in1t] must(do_wamcl_inits)
^  Unify: (9) [must_sanity] must(in1t:do_wamcl_inits)
^  Call: (10) [in1t] in1t:do_wamcl_inits
^  Unify: (10) [in1t] in1t:do_wamcl_inits
   Call: (11) [system] current_prolog_flag(wamcl_init_level, _1184356)
   Exit: (11) [system] current_prolog_flag(wamcl_init_level, 7)
   Call: (11) [system] 7>5
   Exit: (11) [system] 7>5
^  Exit: (10) [in1t] in1t:do_wamcl_inits
   Call: (10) [system] true
   Exit: (10) [system] true
^  Exit: (9) [must_sanity] must(in1t:do_wamcl_inits)
^  Call: (9) [in1t] must(lisp_goal)
^  Unify: (9) [must_sanity] must(in1t:lisp_goal)
^  Call: (10) [in1t] in1t:lisp_goal
^  Unify: (10) [in1t] in1t:lisp_goal
^  Call: (11) [in1t] in1t:is_using_lisp_main
^  Unify: (11) [in1t] in1t:is_using_lisp_main
   Call: (12) [system] current_prolog_flag(lisp_main, _1193052)
   Exit: (12) [system] current_prolog_flag(lisp_main, [])
   Call: (12) [system] []\==[]
   Fail: (12) [system] []\==[]
^  Fail: (11) [in1t] in1t:is_using_lisp_main
^  Redo: (10) [in1t] in1t:lisp_goal
^  Unify: (10) [in1t] in1t:lisp_goal
^  Call: (11) [in1t] in1t:is_making_lisp_exe
^  Unify: (11) [in1t] in1t:is_making_lisp_exe
   Call: (12) [system] current_prolog_flag(lisp_exe, _1198586)
   Exit: (12) [system] current_prolog_flag(lisp_exe, [])
   Call: (12) [system] []\==[]
   Fail: (12) [system] []\==[]
^  Fail: (11) [in1t] in1t:is_making_lisp_exe
^  Redo: (10) [in1t] in1t:lisp_goal
^  Unify: (10) [in1t] in1t:lisp_goal
^  Call: (11) [in1t] in1t:lisp_goal_pt1
^  Unify: (11) [in1t] in1t:lisp_goal_pt1
   Call: (12) [system] current_prolog_flag(lisp_pre_goal, _1204120)
   Exit: (12) [system] current_prolog_flag(lisp_pre_goal, true)
   Call: (12) [system] true\==[]
   Exit: (12) [system] true\==[]
   Call: (12) [system] true
   Exit: (12) [system] true
^  Exit: (11) [in1t] in1t:lisp_goal_pt1
^  Call: (11) [in1t] in1t:lisp_goal_pt2
^  Unify: (11) [in1t] in1t:lisp_goal_pt2
   Call: (12) [system] current_prolog_flag(lisp_repl_goal, _1209642)
   Exit: (12) [system] current_prolog_flag(lisp_repl_goal, true)
   Call: (12) [system] true\==[]
   Exit: (12) [system] true\==[]
   Call: (12) [system] true
   Exit: (12) [system] true
^  Exit: (11) [in1t] in1t:lisp_goal_pt2
^  Exit: (10) [in1t] in1t:lisp_goal
   Call: (10) [system] true
   Exit: (10) [system] true
^  Exit: (9) [must_sanity] must(in1t:lisp_goal)
^  Exit: (8) [in1t] in1t:lisp_repl
^  Exit: (6) [system] catch_with_backtrace(in1t:lisp_repl, _1179342, '$toplevel':true)
   Call: (6) [system] var(_1179342)
   Exit: (6) [system] var(_1179342)
   Call: (6) [system] true
   Exit: (6) [system] true
   Exit: (5) [$toplevel] run_init_goal(in1t:lisp_repl, @(in1t:lisp_repl, '/var/lib/jenkins/.local/share/swi-prolog/pack/wam_common_lisp/prolog/wam_cl/repl.pl':264))
   Exit: (4) [$toplevel] run_main_init
   Exit: (3) [$toplevel] initialise_prolog

% halt]]></system-err>


</testcase>

<!-- FAILED: /var/lib/jenkins/workspace/logicmoo_workspace@2/bin/lmoo=junit=minor =k min_fail_01.pl (returned 0)  -->

<!-- FileTestCase=logicmoo.pfc.test.sanity_base.DF_01@Test_9999_Line_9999__Exitcode_7  -->

<!-- CMD=timeout ==foreground ==preserve=status =s SIGKILL =k 10s 10s lmoo=clif df_01.pfc  -->

<!--  (cd /var/lib/jenkins/workspace/logicmoo_workspace@2/packs_sys/pfc/t/sanity_base ; timeout ==foreground ==preserve=status =s SIGKILL =k 10s 10s lmoo=clif df_01.pfc)  -->

<!--  (cd /var/lib/jenkins/workspace/logicmoo_workspace@2/packs_sys/pfc/t/sanity_base ; timeout ==foreground ==preserve=status =s SIGKILL =k 10s 10s lmoo=clif df_01.pfc)  -->

<testcase name="logicmoo.pfc.test.sanity_base.DF_01@Test_9999_Line_9999__Exitcode_7" classname='logicmoo.pfc.test.sanity_base.DF_01' time='1'>

<system-out><![CDATA[%
running('/var/lib/jenkins/workspace/logicmoo_workspace@2/packs_sys/pfc/t/sanity_base/df_01.pfc'),
%~ this_test_might_need( :-( use_module( library(logicmoo_plarkc))))


:- expects_dialect(pfc).



:- show_call(defaultAssertMt(_)).
%~ debugm(baseKB,show_success(baseKB,baseKB:defaultAssertMt(baseKB)))

:- show_call(fileAssertMt(_)).

%~ debugm(baseKB,show_success(baseKB,baseKB:fileAssertMt(baseKB)))


:- dynamic(meta_argtypes/1).

%
%  PFC is a language extension for prolog.. there is so much that can be done in this language extension to Prolog
%
% Dec 13, 2035
% Douglas Miles
%  cls ; kill -9 %1 ; fg ; swipl -g "ensure_loaded(pack(logicmoo_base/t/examples/base/'sanity_abc.pfc'))."
 


%
%  PFC is a language extension for prolog.. there is so much that can be done in this language extension to Prolog
%
% Dec 13, 2035
% Douglas Miles
%  cls ; kill -9 %1 ; fg ; swipl -g "ensure_loaded(pack(logicmoo_base/t/examples/base/'sanity_abc.pfc'))."
 
:- dynamic(most/1).



:- expects_dialect(pfc).



meta_argtypes(most(ftAssertable)).

% BWD chaining


% BWD chaining
most((Q <- P))/mpred_literal(Q) ==> (Q <-(P, \+ ~(Q))).

% FWD chaining


% FWD chaining
most(P==>Q)/nonvar(Q) ==> (((P ==> most(Q)))).

% NEG chaining


% NEG chaining
most(~Q)/mpred_positive_literal(Q)  ==>  (( \+ Q ) ==> ~ Q ).

% POS chaining 1


% POS chaining 1
most(Q)/(mpred_positive_literal(Q),if_missing_mask(Q,R,Test)) ==> (  ( ( \+R /Test , (\+ ~ Q)) ==> Q )).

% POS chaining 2


% POS chaining 2
most(Q)/(mpred_positive_literal(Q),if_missing_mask(Q,R,Test)) ==> ( ((R/( \+(R=Q), Test)) ==> (\+ Q))).

% POS chaining 1+2
% most(Q)/(mpred_positive_literal(Q),if_missing_mask(Q,R,Test)) ==> (  ( ( \+R /Test ) ==> Q ) ,((R/( \+(R=Q), Test)) ==> (\+ Q))).

% most(Q) ==> if_missing(Q,Q).

%(most(P=>Q)/(mpred_literal_nv(Q),if_missing_mask(Q,R,Test)))  ==> ((P, \+ R/Test) => Q).
%(most(P=>Q)/nonvar(Q)) ==> (P => most(Q)).




% POS chaining 1+2
% most(Q)/(mpred_positive_literal(Q),if_missing_mask(Q,R,Test)) ==> (  ( ( \+R /Test ) ==> Q ) ,((R/( \+(R=Q), Test)) ==> (\+ Q))).

% most(Q) ==> if_missing(Q,Q).

%(most(P=>Q)/(mpred_literal_nv(Q),if_missing_mask(Q,R,Test)))  ==> ((P, \+ R/Test) => Q).
%(most(P=>Q)/nonvar(Q)) ==> (P => most(Q)).


:- dynamic((a/1,b/1,c/1)).



a(X) ==> c(X).

most(c(X) ==> b(X)) .

a(1).



:- listing([a/1,b/1,c/1,(==>)/2,most/1,'$pt','$nt','$bt']).

%~ skipped( listing( [ a/1, b/1,c/1,(==>)/2,most/1,'$pt',
%~                     '$nt','$bt']))


:- mpred_test(b(1)).

%~ mpred_test("Test_0001_Line_0000__b_1",baseKB:b(1))
/*~
%~ mpred_test("Test_0001_Line_0000__b_1",baseKB:b(1))
passed=info(why_was_true(baseKB:b(1)))
no_proof_for(b(1)).

no_proof_for(b(1)).

no_proof_for(b(1)).

	name	='logicmoo.pfc.test.sanity_base.DF_01-Test_0001_Line_0000__b_1'.
	JUNIT_CLASSNAME	='logicmoo.pfc.test.sanity_base.DF_01'.
	JUNIT_CMD	='timeout --foreground --preserve-status -s SIGKILL -k 10s 10s lmoo-clif df_01.pfc'.
% saving_junit: /var/lib/jenkins/workspace/logicmoo_workspace@2/test_results/jenkins/Report-logicmoo-junit-test-sanity_base-vSTARvfvSTARv_01vDOTvpvSTARv-Units-logicmoo.pfc.test.sanity_base.DF_01-Test_0001_Line_0000__b_1-junit.xml
~*/


:- mpred_why(b(1)).

% Justifications for b(1):
%     1.1 \+ ~(b(1))
%     1.2 ==>(\+ ~(b(1)),b(1))


/*~
no_proof_for(b(1)).

no_proof_for(b(1)).

no_proof_for(b(1)).

~*/


% Justifications for b(1):
%     1.1 \+ ~(b(1))
%     1.2 ==>(\+ ~(b(1)),b(1))


~b(1).



:- mpred_test(\+ b(1)).

%~ mpred_test("Test_0002_Line_0000__naf_b_1",baseKB:(\+b(1)))
/*~
%~ mpred_test("Test_0002_Line_0000__naf_b_1",baseKB:(\+b(1)))
^  Call: (68) [baseKB] baseKB:b(1)
^  Unify: (68) [baseKB] baseKB:b(1)
^  Exit: (68) [baseKB] baseKB:b(1)
^  Call: (68) [must_sanity] must_sanity:mquietly_if(true, rtrace:tAt_normal)
^  Unify: (68) [must_sanity] must_sanity:mquietly_if(true, rtrace:tAt_normal)
failure=info((why_was_true(baseKB:b(1)),rtrace(baseKB:(\+b(1)))))
no_proof_for(b(1)).

no_proof_for(b(1)).

no_proof_for(b(1)).

	name	='logicmoo.pfc.test.sanity_base.DF_01-Test_0002_Line_0000__naf_b_1'.
	JUNIT_CLASSNAME	='logicmoo.pfc.test.sanity_base.DF_01'.
	JUNIT_CMD	='timeout --foreground --preserve-status -s SIGKILL -k 10s 10s lmoo-clif df_01.pfc'.
% saving_junit: /var/lib/jenkins/workspace/logicmoo_workspace@2/test_results/jenkins/Report-logicmoo-junit-test-sanity_base-vSTARvfvSTARv_01vDOTvpvSTARv-Units-logicmoo.pfc.test.sanity_base.DF_01-Test_0002_Line_0000__naf_b_1-junit.xml
~*/
%~ unused(save_junit_results)
%~ test_completed_exit(7)]]></system-out>


</testcase>

<!-- SUCCESS: /var/lib/jenkins/workspace/logicmoo_workspace@2/bin/lmoo=junit=minor =k df_01.pfc (returned 7)  -->

<!-- FileTestCase=logicmoo.pfc.test.sanity_base.IF_MISSING_01@Test_9999_Line_9999__Exitcode_7  -->

<!-- CMD=timeout ==foreground ==preserve=status =s SIGKILL =k 10s 10s lmoo=clif if_missing_01.pfc  -->

<!--  (cd /var/lib/jenkins/workspace/logicmoo_workspace@2/packs_sys/pfc/t/sanity_base ; timeout ==foreground ==preserve=status =s SIGKILL =k 10s 10s lmoo=clif if_missing_01.pfc)  -->

<!--  (cd /var/lib/jenkins/workspace/logicmoo_workspace@2/packs_sys/pfc/t/sanity_base ; timeout ==foreground ==preserve=status =s SIGKILL =k 10s 10s lmoo=clif if_missing_01.pfc)  -->

<testcase name="logicmoo.pfc.test.sanity_base.IF_MISSING_01@Test_9999_Line_9999__Exitcode_7" classname='logicmoo.pfc.test.sanity_base.IF_MISSING_01' time='1'>

<system-out><![CDATA[%
running('/var/lib/jenkins/workspace/logicmoo_workspace@2/packs_sys/pfc/t/sanity_base/if_missing_01.pfc'),
%~ this_test_might_need( :-( use_module( library(logicmoo_plarkc))))


:- dynamic(foob/1).





:- debug_logicmoo(logicmoo(_)).
 % :- mpred_trace_exec.


 % :- mpred_trace_exec.

:- expects_dialect(pfc).

% this should have been ok
% (if_missing(Missing,Create) ==> ((\+ Missing/(Missing\==Create), \+ Create , \+ ~(Create)) ==> Create)).



% this should have been ok
% (if_missing(Missing,Create) ==> ((\+ Missing/(Missing\==Create), \+ Create , \+ ~(Create)) ==> Create)).

if_missing(Missing,Create) ==>  
   ( ( \+ Missing/(
                  %  nonvar(Missing),nonvar(Create),
  Missing\=@=Create))
 ==> Create).

   % prevents segfaults


   % prevents segfaults
:- set_prolog_flag(gc,true).

% :- rtrace.


% :- rtrace.
if_missing(foob(_),foob(a)).

:- nortrace.





:- mpred_test(foob(a)).

%~ mpred_test("Test_0001_Line_0000__A",baseKB:foob(a))
/*~
%~ mpred_test("Test_0001_Line_0000__A",baseKB:foob(a))
passed=info(why_was_true(baseKB:foob(a)))
no_proof_for(foob(a)).

no_proof_for(foob(a)).

no_proof_for(foob(a)).

	name	='logicmoo.pfc.test.sanity_base.IF_MISSING_01-Test_0001_Line_0000__A'.
	JUNIT_CLASSNAME	='logicmoo.pfc.test.sanity_base.IF_MISSING_01'.
	JUNIT_CMD	='timeout --foreground --preserve-status -s SIGKILL -k 10s 10s lmoo-clif if_missing_01.pfc'.
% saving_junit: /var/lib/jenkins/workspace/logicmoo_workspace@2/test_results/jenkins/Report-logicmoo-junit-test-sanity_base-vSTARvfvSTARv_01vDOTvpvSTARv-Units-logicmoo.pfc.test.sanity_base.IF_MISSING_01-Test_0001_Line_0000__A-junit.xml
~*/


:- set_prolog_flag(gc,false).



:- ain(foob(b)).



:- mpred_test(\+foob(a)).

%~ mpred_test("Test_0002_Line_0000__naf_A",baseKB:(\+foob(a)))
/*~
%~ mpred_test("Test_0002_Line_0000__naf_A",baseKB:(\+foob(a)))
passed=info(why_was_true(baseKB:(\+foob(a))))
no_proof_for(\+foob(a)).

no_proof_for(\+foob(a)).

no_proof_for(\+foob(a)).

	name	='logicmoo.pfc.test.sanity_base.IF_MISSING_01-Test_0002_Line_0000__naf_A'.
	JUNIT_CLASSNAME	='logicmoo.pfc.test.sanity_base.IF_MISSING_01'.
	JUNIT_CMD	='timeout --foreground --preserve-status -s SIGKILL -k 10s 10s lmoo-clif if_missing_01.pfc'.
% saving_junit: /var/lib/jenkins/workspace/logicmoo_workspace@2/test_results/jenkins/Report-logicmoo-junit-test-sanity_base-vSTARvfvSTARv_01vDOTvpvSTARv-Units-logicmoo.pfc.test.sanity_base.IF_MISSING_01-Test_0002_Line_0000__naf_A-junit.xml
~*/


:- mpred_test(foob(b)).

%~ /var/lib/jenkins/workspace/logicmoo_workspace@2/packs_sys/pfc/t/sanity_base/if_missing_01.pfc:45 
%~ mpred_test("Test_0003_Line_0000__B",baseKB:foob(b))
%~ FIlE: * https://logicmoo.org:2082/gitlab/logicmoo/logicmoo_workspace/-/blob/master@2/packs_sys/pfc/t/sanity_base/if_missing_01.pfc#L45  
/*~
%~ mpred_test("Test_0003_Line_0000__B",baseKB:foob(b))
passed=info(why_was_true(baseKB:foob(b)))

Justifications for foob(b):
    1.1 mfl4(_,baseKB,'* https://logicmoo.org:2082/gitlab/logicmoo/logicmoo_workspace/-/blob/master@2/packs_sys/pfc/t/sanity_base/if_missing_01.pfc#L41 ',41) 
	name	='logicmoo.pfc.test.sanity_base.IF_MISSING_01-Test_0003_Line_0000__B'.
	JUNIT_CLASSNAME	='logicmoo.pfc.test.sanity_base.IF_MISSING_01'.
	JUNIT_CMD	='timeout --foreground --preserve-status -s SIGKILL -k 10s 10s lmoo-clif if_missing_01.pfc'.
% saving_junit: /var/lib/jenkins/workspace/logicmoo_workspace@2/test_results/jenkins/Report-logicmoo-junit-test-sanity_base-vSTARvfvSTARv_01vDOTvpvSTARv-Units-logicmoo.pfc.test.sanity_base.IF_MISSING_01-Test_0003_Line_0000__B-junit.xml
~*/


:- ain(~foob(b)).



:- mpred_test(\+foob(b)).

%~ mpred_test("Test_0004_Line_0000__naf_B",baseKB:(\+foob(b)))
%~ FIlE: * https://logicmoo.org:2082/gitlab/logicmoo/logicmoo_workspace/-/blob/master@2/packs_sys/pfc/t/sanity_base/if_missing_01.pfc#L49  
/*~
%~ mpred_test("Test_0004_Line_0000__naf_B",baseKB:(\+foob(b)))
passed=info(why_was_true(baseKB:(\+foob(b))))

Justifications for ~foob(b):
    1.1 mfl4(_,baseKB,'* https://logicmoo.org:2082/gitlab/logicmoo/logicmoo_workspace/-/blob/master@2/packs_sys/pfc/t/sanity_base/if_missing_01.pfc#L47 ',47) 
	name	='logicmoo.pfc.test.sanity_base.IF_MISSING_01-Test_0004_Line_0000__naf_B'.
	JUNIT_CLASSNAME	='logicmoo.pfc.test.sanity_base.IF_MISSING_01'.
	JUNIT_CMD	='timeout --foreground --preserve-status -s SIGKILL -k 10s 10s lmoo-clif if_missing_01.pfc'.
% saving_junit: /var/lib/jenkins/workspace/logicmoo_workspace@2/test_results/jenkins/Report-logicmoo-junit-test-sanity_base-vSTARvfvSTARv_01vDOTvpvSTARv-Units-logicmoo.pfc.test.sanity_base.IF_MISSING_01-Test_0004_Line_0000__naf_B-junit.xml
~*/


:- mpred_test(foob(a)).

%~ mpred_test("Test_0005_Line_0000__A",baseKB:foob(a))
/*~
%~ mpred_test("Test_0005_Line_0000__A",baseKB:foob(a))
passed=info(why_was_true(baseKB:foob(a)))
no_proof_for(foob(a)).

no_proof_for(foob(a)).

no_proof_for(foob(a)).

	name	='logicmoo.pfc.test.sanity_base.IF_MISSING_01-Test_0005_Line_0000__A'.
	JUNIT_CLASSNAME	='logicmoo.pfc.test.sanity_base.IF_MISSING_01'.
	JUNIT_CMD	='timeout --foreground --preserve-status -s SIGKILL -k 10s 10s lmoo-clif if_missing_01.pfc'.
% saving_junit: /var/lib/jenkins/workspace/logicmoo_workspace@2/test_results/jenkins/Report-logicmoo-junit-test-sanity_base-vSTARvfvSTARv_01vDOTvpvSTARv-Units-logicmoo.pfc.test.sanity_base.IF_MISSING_01-Test_0005_Line_0000__A-junit.xml
~*/


if_missing(fooc(_),fooc(a)).



:- mpred_test(fooc(a)).

%~ mpred_test("Test_0006_Line_0000__A",baseKB:fooc(a))
/*~
%~ mpred_test("Test_0006_Line_0000__A",baseKB:fooc(a))
passed=info(why_was_true(baseKB:fooc(a)))
no_proof_for(fooc(a)).

no_proof_for(fooc(a)).

no_proof_for(fooc(a)).

	name	='logicmoo.pfc.test.sanity_base.IF_MISSING_01-Test_0006_Line_0000__A'.
	JUNIT_CLASSNAME	='logicmoo.pfc.test.sanity_base.IF_MISSING_01'.
	JUNIT_CMD	='timeout --foreground --preserve-status -s SIGKILL -k 10s 10s lmoo-clif if_missing_01.pfc'.
% saving_junit: /var/lib/jenkins/workspace/logicmoo_workspace@2/test_results/jenkins/Report-logicmoo-junit-test-sanity_base-vSTARvfvSTARv_01vDOTvpvSTARv-Units-logicmoo.pfc.test.sanity_base.IF_MISSING_01-Test_0006_Line_0000__A-junit.xml
~*/
%~ unused(save_junit_results)
%~ test_completed_exit(7)]]></system-out>


</testcase>

<!-- SUCCESS: /var/lib/jenkins/workspace/logicmoo_workspace@2/bin/lmoo=junit=minor =k if_missing_01.pfc (returned 7)  -->


</testsuite>





</testsuites>



